2025-07-08 17:00:55,739 - INFO - CREATE TABLE Query for monthly_flight_hours:

    CREATE TABLE IF NOT EXISTS default.monthly_flight_hours (
        `monthly_flight_hours` Nullable(Float64)
    ) ENGINE = MergeTree()
    ORDER BY tuple()
    
2025-07-08 17:00:55,748 - INFO - Таблица monthly_flight_hours создана или уже существует.
2025-07-08 17:00:55,748 - INFO - CREATE TABLE Query for flight_hours:

    CREATE TABLE IF NOT EXISTS default.flight_hours (
        `monthly_flight_hours` Nullable(Float64), `daily_flight_hours` Nullable(Float64)
    ) ENGINE = MergeTree()
    ORDER BY tuple()
    
2025-07-08 17:00:55,755 - INFO - Таблица flight_hours создана или уже существует.
2025-07-08 17:00:55,756 - INFO - CREATE MATERIALIZED VIEW Query:

    CREATE MATERIALIZED VIEW IF NOT EXISTS default.flight_hours_mv TO default.flight_hours AS
    SELECT
        monthly_flight_hours,
        round((monthly_flight_hours * 12) / 365, 2) AS daily_flight_hours
    FROM default.monthly_flight_hours
    
2025-07-08 17:00:55,759 - INFO - Материализованное представление flight_hours_mv создано или уже существует.
2025-07-08 17:00:55,760 - INFO - Начинаю обработку файла: ./Программа/Program.xlsx
2025-07-08 17:00:55,846 - INFO - Файл ./Программа/Program.xlsx успешно прочитан.
2025-07-08 17:00:55,856 - INFO - Месячный налёт из файла Program.xlsx успешно загружен в таблицу monthly_flight_hours.
2025-07-08 17:00:55,867 - INFO - Начинаю обработку файла: ./Программа/Program.xlsx
2025-07-08 17:00:55,873 - INFO - Файл ./Программа/Program.xlsx успешно прочитан.
2025-07-08 17:00:55,874 - INFO - CREATE TABLE Query:

        CREATE TABLE IF NOT EXISTS default.fleet (
            `month` String, `mi8t_count` Nullable(Float64), `mi17_count` Nullable(Float64)
        ) ENGINE = MergeTree()
        ORDER BY tuple()
        
2025-07-08 17:00:55,882 - INFO - Таблица fleet создана или уже существует.
2025-07-08 17:00:55,937 - INFO - Данные из файла Program.xlsx успешно загружены в таблицу fleet в ClickHouse.
2025-07-08 17:01:56,630 - INFO - Начинаю обработку файла: ./Агрегат/Агрегат.xlsx
2025-07-08 17:01:56,677 - INFO - Файл ./Агрегат/Агрегат.xlsx успешно прочитан.
2025-07-08 17:01:56,678 - INFO - CREATE TABLE Query:

        CREATE TABLE IF NOT EXISTS default.Agregat (
            `ComponentNumber` Nullable(String), `UnloadDate` Nullable(Date), `NR_Mi8T` Nullable(Float64), `MRR_Mi8T` Nullable(Float64), `NR_Mi17` Nullable(Float64), `MRR_Mi17` Nullable(Float64), `MRR_2_Mi8T` Nullable(Float64), `MRR_2_Mi17` Nullable(Float64), `RepairTime` Nullable(Float64), `PurchasePrice` Nullable(Float64), `RepairPrice` Nullable(Float64), `BR_Mi8T` Nullable(Float64), `BR_Mi17` Nullable(Float64), `items_per_ac` Nullable(Float64)
        ) ENGINE = MergeTree()
        ORDER BY tuple()
        
2025-07-08 17:01:56,687 - INFO - Таблица Agregat создана или уже существует.
2025-07-08 17:01:56,694 - INFO - Данные из файла Агрегат.xlsx успешно загружены в таблицу Agregat в ClickHouse.
2025-07-15 20:50:13,117 - INFO - CREATE TABLE Query for monthly_flight_hours:

    CREATE TABLE IF NOT EXISTS default.monthly_flight_hours (
        `monthly_flight_hours` Nullable(Float64)
    ) ENGINE = MergeTree()
    ORDER BY tuple()
    
2025-07-15 20:50:13,248 - INFO - Таблица monthly_flight_hours создана или уже существует.
2025-07-15 20:50:13,249 - INFO - CREATE TABLE Query for flight_hours:

    CREATE TABLE IF NOT EXISTS default.flight_hours (
        `monthly_flight_hours` Nullable(Float64), `daily_flight_hours` Nullable(Float64)
    ) ENGINE = MergeTree()
    ORDER BY tuple()
    
2025-07-15 20:50:13,331 - INFO - Таблица flight_hours создана или уже существует.
2025-07-15 20:50:13,332 - INFO - CREATE MATERIALIZED VIEW Query:

    CREATE MATERIALIZED VIEW IF NOT EXISTS default.flight_hours_mv TO default.flight_hours AS
    SELECT
        monthly_flight_hours,
        round((monthly_flight_hours * 12) / 365, 2) AS daily_flight_hours
    FROM default.monthly_flight_hours
    
2025-07-15 20:50:13,423 - INFO - Материализованное представление flight_hours_mv создано или уже существует.
2025-07-15 20:50:13,423 - INFO - Начинаю обработку файла: ./Программа/Program.xlsx
2025-07-15 20:50:13,682 - INFO - Файл ./Программа/Program.xlsx успешно прочитан.
2025-07-15 20:50:13,863 - INFO - Месячный налёт из файла Program.xlsx успешно загружен в таблицу monthly_flight_hours.
2025-07-15 20:50:13,878 - INFO - Начинаю обработку файла: ./Программа/Program.xlsx
2025-07-15 20:50:13,889 - INFO - Файл ./Программа/Program.xlsx успешно прочитан.
2025-07-15 20:50:13,890 - INFO - CREATE TABLE Query:

        CREATE TABLE IF NOT EXISTS default.fleet (
            `month` String, `mi8t_count` Nullable(Float64), `mi17_count` Nullable(Float64)
        ) ENGINE = MergeTree()
        ORDER BY tuple()
        
2025-07-15 20:50:14,018 - INFO - Таблица fleet создана или уже существует.
2025-07-15 20:50:15,978 - INFO - Данные из файла Program.xlsx успешно загружены в таблицу fleet в ClickHouse.
