2025-02-09 17:44:07,261 - INFO - Первая дата в OlapCube_VNV: 2024-11-25
2025-02-09 17:44:07,353 - INFO - balance_total на первую дату: 6.0
2025-02-09 17:44:07,525 - INFO - Извлечено 420 записей на первую дату.
2025-02-09 17:44:07,527 - INFO - Начальное количество 'Эксплуатация': 162
2025-02-09 17:44:07,529 - INFO - Начальное количество 'Исправен': 9
2025-02-09 17:44:07,531 - INFO - Начальное количество 'Неактивно': 235
2025-02-09 17:44:08,082 - INFO - Изменено 6 записей: 'Эксплуатация' -> 'Исправен'. Serialno: 038159, 038189, 0828С46, 0828С47, 0918С36, 0938С112
2025-02-09 17:44:08,181 - INFO - Оставшиеся значения скопированы из Status_P в Status.
2025-02-09 18:24:57,540 - INFO - Первая дата в OlapCube_VNV: 2024-11-25
2025-02-09 18:24:57,637 - INFO - balance_total на первую дату: 6.0
2025-02-09 18:24:57,807 - INFO - Извлечено 420 записей на первую дату.
2025-02-09 18:24:57,810 - INFO - Начальное количество 'Эксплуатация': 162
2025-02-09 18:24:57,811 - INFO - Начальное количество 'Исправен': 9
2025-02-09 18:24:57,813 - INFO - Начальное количество 'Неактивно': 235
2025-02-09 18:24:58,365 - INFO - Изменено 6 записей: 'Эксплуатация' -> 'Исправен'. Serialno: 038159, 038189, 0828С46, 0828С47, 0918С36, 0938С112
2025-02-09 18:24:58,464 - INFO - Оставшиеся значения скопированы из Status_P в Status.
2025-02-09 18:30:41,813 - INFO - Первая дата в OlapCube_VNV: 2024-11-25
2025-02-09 18:30:41,907 - INFO - balance_total на первую дату: 6.0
2025-02-09 18:30:42,076 - INFO - Извлечено 420 записей на первую дату.
2025-02-09 18:30:42,078 - INFO - Начальное количество 'Эксплуатация': 162
2025-02-09 18:30:42,081 - INFO - Начальное количество 'Исправен': 9
2025-02-09 18:30:42,083 - INFO - Начальное количество 'Неактивно': 235
2025-02-09 18:30:42,647 - INFO - Изменено 6 записей: 'Эксплуатация' -> 'Исправен'. Serialno: 038159, 038189, 0828С46, 0828С47, 0918С36, 0938С112
2025-02-09 18:30:42,739 - INFO - Оставшиеся значения скопированы из Status_P в Status.
2025-02-09 19:02:23,336 - INFO - Первая дата в OlapCube_VNV: 2024-11-25
2025-02-09 19:02:23,435 - INFO - balance_total на первую дату: 6.0
2025-02-09 19:02:23,597 - INFO - Извлечено 420 записей на первую дату.
2025-02-09 19:02:23,598 - INFO - Начальное количество 'Эксплуатация': 162
2025-02-09 19:02:23,599 - INFO - Начальное количество 'Исправен': 9
2025-02-09 19:02:23,600 - INFO - Начальное количество 'Неактивно': 235
2025-02-09 19:02:24,459 - INFO - Изменено 6 записей: 'Эксплуатация' -> 'Исправен'. Serialno: 038159, 038189, 0828С46, 0828С47, 0918С36, 0938С112
2025-02-09 19:02:24,551 - INFO - Оставшиеся значения скопированы из Status_P в Status.
2025-02-09 19:39:43,480 - INFO - Первая дата в OlapCube_VNV: 2024-11-25
2025-02-09 19:39:43,629 - INFO - balance_total на первую дату: 6.0
2025-02-09 19:39:43,844 - INFO - Извлечено 420 записей на первую дату.
2025-02-09 19:39:43,845 - INFO - Начальное количество 'Эксплуатация': 162
2025-02-09 19:39:43,846 - INFO - Начальное количество 'Исправен': 9
2025-02-09 19:39:43,847 - INFO - Начальное количество 'Неактивно': 235
2025-02-09 19:39:44,443 - INFO - Изменено 6 записей: 'Эксплуатация' -> 'Исправен'. Serialno: 038159, 038189, 0828С46, 0828С47, 0918С36, 0938С112
2025-02-09 19:39:44,557 - INFO - Оставшиеся значения скопированы из Status_P в Status.
2025-02-09 20:15:39,950 - INFO - Первая дата в OlapCube_VNV: 2024-11-25
2025-02-09 20:15:40,043 - INFO - balance_total на первую дату: 6.0
2025-02-09 20:15:40,204 - INFO - Извлечено 420 записей на первую дату.
2025-02-09 20:15:40,205 - INFO - Начальное количество 'Эксплуатация': 162
2025-02-09 20:15:40,205 - INFO - Начальное количество 'Исправен': 9
2025-02-09 20:15:40,206 - INFO - Начальное количество 'Неактивно': 235
2025-02-09 20:15:40,786 - INFO - Изменено 6 записей: 'Эксплуатация' -> 'Исправен'. Serialno: 038159, 038189, 0828С46, 0828С47, 0918С36, 0938С112
2025-02-09 20:15:40,876 - INFO - Оставшиеся значения скопированы из Status_P в Status.
2025-02-09 20:36:51,863 - INFO - Первая дата в OlapCube_VNV: 2024-11-25
2025-02-09 20:36:51,958 - INFO - balance_total на первую дату: 6.0
2025-02-09 20:36:52,127 - INFO - Извлечено 420 записей на первую дату.
2025-02-09 20:36:52,128 - INFO - Начальное количество 'Эксплуатация': 162
2025-02-09 20:36:52,130 - INFO - Начальное количество 'Исправен': 9
2025-02-09 20:36:52,131 - INFO - Начальное количество 'Неактивно': 235
2025-02-09 20:36:52,682 - INFO - Изменено 6 записей: 'Эксплуатация' -> 'Исправен'. Serialno: 038159, 038189, 0828С46, 0828С47, 0918С36, 0938С112
2025-02-09 20:36:52,771 - INFO - Оставшиеся значения скопированы из Status_P в Status.
2025-02-09 21:00:05,681 - INFO - Первая дата в OlapCube_VNV: 2024-11-25
2025-02-09 21:00:05,788 - INFO - balance_total на первую дату: 6.0
2025-02-09 21:00:05,974 - INFO - Извлечено 420 записей на первую дату.
2025-02-09 21:00:05,975 - INFO - Начальное количество 'Эксплуатация': 162
2025-02-09 21:00:05,976 - INFO - Начальное количество 'Исправен': 9
2025-02-09 21:00:05,976 - INFO - Начальное количество 'Неактивно': 235
2025-02-09 21:00:06,541 - INFO - Изменено 6 записей: 'Эксплуатация' -> 'Исправен'. Serialno: 038159, 038189, 0828С46, 0828С47, 0918С36, 0938С112
2025-02-09 21:00:06,630 - INFO - Оставшиеся значения скопированы из Status_P в Status.
2025-02-09 21:35:38,942 - INFO - Первая дата в OlapCube_VNV: 2024-11-25
2025-02-09 21:35:39,037 - INFO - balance_total на первую дату: 6.0
2025-02-09 21:35:39,206 - INFO - Извлечено 420 записей на первую дату.
2025-02-09 21:35:39,207 - INFO - Начальное количество 'Эксплуатация': 162
2025-02-09 21:35:39,208 - INFO - Начальное количество 'Исправен': 9
2025-02-09 21:35:39,208 - INFO - Начальное количество 'Неактивно': 235
2025-02-09 21:35:39,773 - INFO - Изменено 6 записей: 'Эксплуатация' -> 'Исправен'. Serialno: 038159, 038189, 0828С46, 0828С47, 0918С36, 0938С112
2025-02-09 21:35:39,862 - INFO - Оставшиеся значения скопированы из Status_P в Status.
2025-02-09 21:45:40,991 - INFO - Первая дата в OlapCube_VNV: 2024-11-25
2025-02-09 21:45:41,089 - INFO - balance_total на первую дату: 6.0
2025-02-09 21:45:41,253 - INFO - Извлечено 420 записей на первую дату.
2025-02-09 21:45:41,253 - INFO - Начальное количество 'Эксплуатация': 162
2025-02-09 21:45:41,254 - INFO - Начальное количество 'Исправен': 9
2025-02-09 21:45:41,254 - INFO - Начальное количество 'Неактивно': 235
2025-02-09 21:45:41,811 - INFO - Изменено 6 записей: 'Эксплуатация' -> 'Исправен'. Serialno: 038159, 038189, 0828С46, 0828С47, 0918С36, 0938С112
2025-02-09 21:45:41,903 - INFO - Оставшиеся значения скопированы из Status_P в Status.
2025-02-09 22:13:25,450 - INFO - Первая дата в OlapCube_VNV: 2024-11-25
2025-02-09 22:13:25,549 - INFO - balance_total на первую дату: 6.0
2025-02-09 22:13:25,703 - INFO - Извлечено 420 записей на первую дату.
2025-02-09 22:13:25,705 - INFO - Начальное количество 'Эксплуатация': 162
2025-02-09 22:13:25,706 - INFO - Начальное количество 'Исправен': 9
2025-02-09 22:13:25,708 - INFO - Начальное количество 'Неактивно': 235
2025-02-09 22:13:26,262 - INFO - Изменено 6 записей: 'Эксплуатация' -> 'Исправен'. Serialno: 038159, 038189, 0828С46, 0828С47, 0918С36, 0938С112
2025-02-09 22:13:26,360 - INFO - Оставшиеся значения скопированы из Status_P в Status.
2025-02-10 14:33:16,138 - INFO - Первая дата в OlapCube_VNV: 2024-11-25
2025-02-10 14:33:16,151 - INFO - balance_total на первую дату: 6.0
2025-02-10 14:33:16,186 - INFO - Извлечено 420 записей на первую дату.
2025-02-10 14:33:16,188 - INFO - Начальное количество 'Эксплуатация': 162
2025-02-10 14:33:16,190 - INFO - Начальное количество 'Исправен': 9
2025-02-10 14:33:16,191 - INFO - Начальное количество 'Неактивно': 235
2025-02-10 14:33:16,265 - INFO - Изменено 6 записей: 'Эксплуатация' -> 'Исправен'. Serialno: 038159, 038189, 0828С46, 0828С47, 0918С36, 0938С112
2025-02-10 14:33:16,279 - INFO - Оставшиеся значения скопированы из Status_P в Status.
2025-02-12 15:03:36,943 - INFO - Первая дата в OlapCube_VNV: 2024-11-25
2025-02-12 15:03:36,956 - INFO - balance_total на первую дату: 6.0
2025-02-12 15:03:36,992 - INFO - Извлечено 420 записей на первую дату.
2025-02-12 15:03:36,993 - INFO - Начальное количество 'Эксплуатация': 162
2025-02-12 15:03:36,995 - INFO - Начальное количество 'Исправен': 9
2025-02-12 15:03:36,996 - INFO - Начальное количество 'Неактивно': 235
2025-02-12 15:03:37,076 - INFO - Изменено 6 записей: 'Эксплуатация' -> 'Исправен'. Serialno: 038159, 038189, 0828С46, 0828С47, 0918С36, 0938С112
2025-02-12 15:03:37,090 - INFO - Оставшиеся значения скопированы из Status_P в Status.
2025-02-12 16:25:34,216 - INFO - Первая дата в OlapCube_VNV: 2024-11-25
2025-02-12 16:25:34,230 - INFO - balance_total на первую дату: 6.0
2025-02-12 16:25:34,240 - INFO - Извлечено 185 записей на первую дату.
2025-02-12 16:25:34,241 - INFO - Начальное количество 'Эксплуатация': 162
2025-02-12 16:25:34,242 - INFO - Начальное количество 'Исправен': 9
2025-02-12 16:25:34,243 - INFO - Начальное количество 'Неактивно': 0
2025-02-12 16:25:34,366 - INFO - Изменено 6 записей: 'Эксплуатация' -> 'Исправен'. Serialno: 038159, 038189, 0828С46, 0828С47, 0918С36, 0938С112
2025-02-12 16:25:34,385 - INFO - Оставшиеся значения скопированы из Status_P в Status.
2025-02-12 16:35:21,660 - INFO - Первая дата в OlapCube_VNV: 2024-11-25
2025-02-12 16:35:21,670 - INFO - balance_total на первую дату: 6.0
2025-02-12 16:35:21,681 - INFO - Извлечено 420 записей на первую дату.
2025-02-12 16:35:21,682 - INFO - Начальное количество 'Эксплуатация': 162
2025-02-12 16:35:21,684 - INFO - Начальное количество 'Исправен': 9
2025-02-12 16:35:21,685 - INFO - Начальное количество 'Неактивно': 235
2025-02-12 16:35:21,809 - INFO - Изменено 6 записей: 'Эксплуатация' -> 'Исправен'. Serialno: 038159, 038189, 0828С46, 0828С47, 0918С36, 0938С112
2025-02-12 16:35:21,829 - INFO - Оставшиеся значения скопированы из Status_P в Status.
2025-02-12 18:31:41,066 - INFO - Первая дата в OlapCube_VNV: 2024-11-25
2025-02-12 18:31:41,078 - INFO - balance_total на первую дату: 6.0
2025-02-12 18:31:41,112 - INFO - Извлечено 420 записей на первую дату.
2025-02-12 18:31:41,114 - INFO - Начальное количество 'Эксплуатация': 162
2025-02-12 18:31:41,115 - INFO - Начальное количество 'Исправен': 9
2025-02-12 18:31:41,116 - INFO - Начальное количество 'Неактивно': 235
2025-02-12 18:31:41,192 - INFO - Изменено 6 записей: 'Эксплуатация' -> 'Исправен'. Serialno: 038159, 038189, 0828С46, 0828С47, 0918С36, 0938С112
2025-02-12 18:31:41,203 - INFO - Оставшиеся значения скопированы из Status_P в Status.
2025-02-12 19:04:02,641 - INFO - Первая дата в OlapCube_VNV: 2024-11-25
2025-02-12 19:04:02,654 - INFO - balance_total на первую дату: 6.0
2025-02-12 19:04:02,692 - INFO - Извлечено 420 записей на первую дату.
2025-02-12 19:04:02,693 - INFO - Начальное количество 'Эксплуатация': 162
2025-02-12 19:04:02,694 - INFO - Начальное количество 'Исправен': 9
2025-02-12 19:04:02,695 - INFO - Начальное количество 'Неактивно': 235
2025-02-12 19:04:02,783 - INFO - Изменено 6 записей: 'Эксплуатация' -> 'Исправен'. Serialno: 038159, 038189, 0828С46, 0828С47, 0918С36, 0938С112
2025-02-12 19:04:02,802 - INFO - Оставшиеся значения скопированы из Status_P в Status.
2025-02-13 15:44:01,437 - INFO - Первая дата в OlapCube_VNV: 2024-11-25
2025-02-13 15:44:01,451 - INFO - balance_total на первую дату: 6.0
2025-02-13 15:44:01,488 - INFO - Извлечено 420 записей на первую дату.
2025-02-13 15:44:01,490 - INFO - Начальное количество 'Эксплуатация': 162
2025-02-13 15:44:01,491 - INFO - Начальное количество 'Исправен': 9
2025-02-13 15:44:01,492 - INFO - Начальное количество 'Неактивно': 235
2025-02-13 15:44:01,567 - INFO - Изменено 6 записей: 'Эксплуатация' -> 'Исправен'. Serialno: 038159, 038189, 0828С46, 0828С47, 0918С36, 0938С112
2025-02-13 15:44:01,585 - INFO - Оставшиеся значения скопированы из Status_P в Status.
2025-02-13 19:13:38,658 - INFO - Первая дата в OlapCube_VNV: 2024-11-25
2025-02-13 19:13:38,672 - INFO - balance_total на первую дату: 6.0
2025-02-13 19:13:38,711 - INFO - Извлечено 420 записей на первую дату.
2025-02-13 19:13:38,714 - INFO - Начальное количество 'Эксплуатация': 162
2025-02-13 19:13:38,715 - INFO - Начальное количество 'Исправен': 9
2025-02-13 19:13:38,717 - INFO - Начальное количество 'Неактивно': 235
2025-02-13 19:13:38,796 - INFO - Изменено 6 записей: 'Эксплуатация' -> 'Исправен'. Serialno: 038159, 038189, 0828С46, 0828С47, 0918С36, 0938С112
2025-02-13 19:13:38,814 - INFO - Оставшиеся значения скопированы из Status_P в Status.
2025-02-13 19:23:16,290 - INFO - Первая дата в OlapCube_VNV: 2024-11-25
2025-02-13 19:23:16,303 - INFO - balance_total на первую дату: 6.0
2025-02-13 19:23:16,346 - INFO - Извлечено 420 записей на первую дату.
2025-02-13 19:23:16,349 - INFO - Начальное количество 'Эксплуатация': 162
2025-02-13 19:23:16,350 - INFO - Начальное количество 'Исправен': 9
2025-02-13 19:23:16,352 - INFO - Начальное количество 'Неактивно': 235
2025-02-13 19:23:16,445 - INFO - Изменено 6 записей: 'Эксплуатация' -> 'Исправен'. Serialno: 038159, 038189, 0828С46, 0828С47, 0918С36, 0938С112
2025-02-13 19:23:16,459 - INFO - Оставшиеся значения скопированы из Status_P в Status.
2025-02-13 19:31:56,365 - INFO - Первая дата в OlapCube_VNV: 2024-11-25
2025-02-13 19:31:56,377 - INFO - balance_total на первую дату: 6.0
2025-02-13 19:31:56,407 - INFO - Извлечено 420 записей на первую дату.
2025-02-13 19:31:56,409 - INFO - Начальное количество 'Эксплуатация': 162
2025-02-13 19:31:56,411 - INFO - Начальное количество 'Исправен': 9
2025-02-13 19:31:56,412 - INFO - Начальное количество 'Неактивно': 235
2025-02-13 19:31:56,511 - INFO - Изменено 6 записей: 'Эксплуатация' -> 'Исправен'. Serialno: 038159, 038189, 0828С46, 0828С47, 0918С36, 0938С112
2025-02-13 19:31:56,524 - INFO - Оставшиеся значения скопированы из Status_P в Status.
