2024-12-09 14:21:06,880 - INFO - Начинаю вычисление aggregate_count.
2024-12-09 14:21:06,899 - INFO - Сумма mi17_count: 777.0, сумма mi8t_count: 1006.0
2024-12-09 14:21:06,908 - INFO - items_per_ac: 1.0, NR_Mi17: 6000.0
2024-12-09 14:21:06,918 - INFO - monthly_flight_hours: 48.0
2024-12-09 14:21:06,920 - INFO - Вычисленный aggregate_count: 235
2024-12-09 14:21:06,921 - INFO - aggregate_count рассчитан: 235
2024-12-09 14:21:06,922 - INFO - Получаю значения из таблицы Agregat.
2024-12-09 14:21:06,934 - INFO - Получены значения из таблицы Agregat.
2024-12-09 14:21:06,935 - INFO - Получаю daily_flight_hours из flight_hours.
2024-12-09 14:21:06,945 - INFO - Получено daily_flight_hours: 1.58
2024-12-09 14:21:06,948 - INFO - Начинаю вставку данных в OlapCube_VNV.
2024-12-09 14:21:06,963 - INFO - Получено 4001 уникальных дат.
2024-12-09 14:21:06,964 - INFO - Сгенерировано 235 серийных номеров.
2024-12-09 14:21:19,067 - INFO - Успешно вставлено 940235 записей в OlapCube_VNV.
2024-12-09 14:21:19,151 - INFO - Подключение к ClickHouse успешно установлено
2024-12-09 14:21:19,163 - INFO - Схема таблицы 'OlapCube_VNV':
CREATE TABLE default.OlapCube_VNV
(
    `serialno` String,
    `Dates` Date,
    `Status_P` Nullable(String),
    `repair_days` Nullable(Float64),
    `sne` Nullable(Float64),
    `ppr` Nullable(Float64),
    `Status` Nullable(String),
    `daily_flight_hours` Nullable(Float64),
    `daily_flight_hours_f` Nullable(Float64),
    `BR` Nullable(Float64),
    `ll` Nullable(Float64),
    `oh` Nullable(Float64),
    `threshold` Nullable(Float64),
    `Effectivity` Nullable(String),
    `mi8t_count` Nullable(Float64),
    `mi17_count` Nullable(Float64),
    `balance_mi8t` Float64,
    `balance_mi17` Float64,
    `balance_total` Float64,
    `stock_mi8t` Float64,
    `stock_mi17` Float64,
    `stock_total` Float64,
    `balance_empty` Float64,
    `stock_empty` Float64,
    `location` String,
    `ac_typ` String
)
ENGINE = ReplacingMergeTree
ORDER BY (serialno, Dates)
SETTINGS index_granularity = 8192
2024-12-09 14:21:19,185 - INFO - Столбец 'RepairTime' успешно добавлен в таблицу 'OlapCube_VNV'
2024-12-09 14:21:19,194 - INFO - Получено значение RepairTime: 120.0
2024-12-09 14:21:19,207 - INFO - Столбец 'RepairTime' успешно обновлён в таблице 'OlapCube_VNV'
2024-12-09 14:21:26,049 - INFO - Подключение к ClickHouse успешно установлено
2024-12-09 14:21:26,064 - INFO - Получено данных из fleet: 12 месяцев
2024-12-09 14:21:26,065 - INFO - Начинается обновление полей mi8t_count и mi17_count в OlapCube_VNV
2024-12-09 14:21:26,079 - INFO - Поля mi8t_count и mi17_count успешно обновлены в OlapCube_VNV
2024-12-09 14:21:26,081 - INFO - Данные mi8t_count и mi17_count успешно обновлены на основании Dates в OlapCube_VNV
2024-12-09 14:21:35,382 - INFO - Подключение к ClickHouse успешно установлено
2024-12-09 14:21:35,398 - INFO - Получено значение daily_flight_hours: 1.58
2024-12-09 14:21:35,408 - INFO - Поле daily_flight_hours успешно обновлено в OlapCube_VNV
2024-12-09 14:21:35,410 - INFO - Поле daily_flight_hours успешно обновлено в OLAP кубе
2024-12-09 14:21:40,679 - INFO - Поле trigger_type успешно добавлено в таблицу OlapCube_VNV.
2024-12-09 14:21:40,689 - INFO - Извлечено 1 записей из таблицы Agregat.
2024-12-09 14:21:40,690 - INFO - Определено 0 записей с trigger_type=1.
2024-12-09 14:21:40,691 - INFO - Определено 1 записей с trigger_type=0.
2024-12-09 14:21:40,693 - INFO - Нет записей для обновления trigger_type=1.
2024-12-09 14:21:40,705 - INFO - Обновлено trigger_type=0 для 1 записей (батч 1).
2024-12-09 14:21:40,706 - INFO - Поле trigger_type успешно добавлено и заполнено в таблице OlapCube_VNV.
2024-12-09 16:38:25,810 - INFO - Начинаю вычисление aggregate_count.
2024-12-09 16:38:25,824 - INFO - Сумма mi17_count: 777.0, сумма mi8t_count: 1006.0
2024-12-09 16:38:25,833 - INFO - items_per_ac: 1.0, NR_Mi17: 6000.0
2024-12-09 16:38:25,840 - INFO - monthly_flight_hours: 48.0
2024-12-09 16:38:25,842 - INFO - Вычисленный aggregate_count: 235
2024-12-09 16:38:25,843 - INFO - aggregate_count рассчитан: 235
2024-12-09 16:38:25,844 - INFO - Получаю значения из таблицы Agregat.
2024-12-09 16:38:25,854 - INFO - Получены значения из таблицы Agregat.
2024-12-09 16:38:25,855 - INFO - Получаю daily_flight_hours из flight_hours.
2024-12-09 16:38:25,864 - INFO - Получено daily_flight_hours: 1.58
2024-12-09 16:38:25,865 - INFO - Начинаю вставку данных в OlapCube_VNV.
2024-12-09 16:38:25,880 - INFO - Получено 4001 уникальных дат.
2024-12-09 16:38:25,881 - INFO - Сгенерировано 235 серийных номеров.
2024-12-09 16:38:37,814 - INFO - Успешно вставлено 940235 записей в OlapCube_VNV.
2024-12-09 16:38:37,903 - INFO - Подключение к ClickHouse успешно установлено
2024-12-09 16:38:37,915 - INFO - Схема таблицы 'OlapCube_VNV':
CREATE TABLE default.OlapCube_VNV
(
    `serialno` String,
    `Dates` Date,
    `Status_P` Nullable(String),
    `repair_days` Nullable(Float64),
    `sne` Nullable(Float64),
    `ppr` Nullable(Float64),
    `Status` Nullable(String),
    `daily_flight_hours` Nullable(Float64),
    `daily_flight_hours_f` Nullable(Float64),
    `BR` Nullable(Float64),
    `ll` Nullable(Float64),
    `oh` Nullable(Float64),
    `threshold` Nullable(Float64),
    `Effectivity` Nullable(String),
    `mi8t_count` Nullable(Float64),
    `mi17_count` Nullable(Float64),
    `balance_mi8t` Float64,
    `balance_mi17` Float64,
    `balance_total` Float64,
    `stock_mi8t` Float64,
    `stock_mi17` Float64,
    `stock_total` Float64,
    `balance_empty` Float64,
    `stock_empty` Float64,
    `location` String,
    `ac_typ` String
)
ENGINE = ReplacingMergeTree
ORDER BY (serialno, Dates)
SETTINGS index_granularity = 8192
2024-12-09 16:38:37,938 - INFO - Столбец 'RepairTime' успешно добавлен в таблицу 'OlapCube_VNV'
2024-12-09 16:38:37,946 - INFO - Получено значение RepairTime: 120.0
2024-12-09 16:38:37,956 - INFO - Столбец 'RepairTime' успешно обновлён в таблице 'OlapCube_VNV'
2024-12-09 16:38:40,053 - INFO - Подключение к ClickHouse успешно установлено
2024-12-09 16:38:40,065 - INFO - Схема таблицы 'OlapCube_VNV':
CREATE TABLE default.OlapCube_VNV
(
    `serialno` String,
    `Dates` Date,
    `Status_P` Nullable(String),
    `repair_days` Nullable(Float64),
    `sne` Nullable(Float64),
    `ppr` Nullable(Float64),
    `Status` Nullable(String),
    `daily_flight_hours` Nullable(Float64),
    `daily_flight_hours_f` Nullable(Float64),
    `BR` Nullable(Float64),
    `ll` Nullable(Float64),
    `oh` Nullable(Float64),
    `threshold` Nullable(Float64),
    `Effectivity` Nullable(String),
    `mi8t_count` Nullable(Float64),
    `mi17_count` Nullable(Float64),
    `balance_mi8t` Float64,
    `balance_mi17` Float64,
    `balance_total` Float64,
    `stock_mi8t` Float64,
    `stock_mi17` Float64,
    `stock_total` Float64,
    `balance_empty` Float64,
    `stock_empty` Float64,
    `location` String,
    `ac_typ` String,
    `RepairTime` Nullable(Float64)
)
ENGINE = ReplacingMergeTree
ORDER BY (serialno, Dates)
SETTINGS index_granularity = 8192
2024-12-09 16:38:40,074 - INFO - Столбец 'RepairTime' уже существует в таблице 'OlapCube_VNV'
2024-12-09 16:38:40,082 - INFO - Получено значение RepairTime: 120.0
2024-12-09 16:38:40,092 - INFO - Столбец 'RepairTime' успешно обновлён в таблице 'OlapCube_VNV'
2024-12-09 16:38:55,846 - INFO - Подключение к ClickHouse успешно установлено
2024-12-09 16:38:55,861 - INFO - Получено данных из fleet: 12 месяцев
2024-12-09 16:38:55,863 - INFO - Начинается обновление полей mi8t_count и mi17_count в OlapCube_VNV
2024-12-09 16:38:55,875 - INFO - Поля mi8t_count и mi17_count успешно обновлены в OlapCube_VNV
2024-12-09 16:38:55,877 - INFO - Данные mi8t_count и mi17_count успешно обновлены на основании Dates в OlapCube_VNV
2024-12-09 16:39:09,155 - INFO - Подключение к ClickHouse успешно установлено
2024-12-09 16:39:09,178 - INFO - Получено значение daily_flight_hours: 1.58
2024-12-09 16:39:09,191 - INFO - Поле daily_flight_hours успешно обновлено в OlapCube_VNV
2024-12-09 16:39:09,192 - INFO - Поле daily_flight_hours успешно обновлено в OLAP кубе
2024-12-09 16:39:20,494 - INFO - Поле trigger_type успешно добавлено в таблицу OlapCube_VNV.
2024-12-09 16:39:20,504 - INFO - Извлечено 1 записей из таблицы Agregat.
2024-12-09 16:39:20,506 - INFO - Определено 0 записей с trigger_type=1.
2024-12-09 16:39:20,507 - INFO - Определено 1 записей с trigger_type=0.
2024-12-09 16:39:20,508 - INFO - Нет записей для обновления trigger_type=1.
2024-12-09 16:39:20,517 - INFO - Обновлено trigger_type=0 для 1 записей (батч 1).
2024-12-09 16:39:20,519 - INFO - Поле trigger_type успешно добавлено и заполнено в таблице OlapCube_VNV.
2024-12-09 16:39:36,176 - INFO - Поле trigger_type успешно добавлено в таблицу OlapCube_VNV.
2024-12-09 16:39:36,187 - INFO - Извлечено 1 записей из таблицы Agregat.
2024-12-09 16:39:36,188 - INFO - Определено 0 записей с trigger_type=1.
2024-12-09 16:39:36,190 - INFO - Определено 1 записей с trigger_type=0.
2024-12-09 16:39:36,191 - INFO - Нет записей для обновления trigger_type=1.
2024-12-09 16:39:36,200 - INFO - Обновлено trigger_type=0 для 1 записей (батч 1).
2024-12-09 16:39:36,201 - INFO - Поле trigger_type успешно добавлено и заполнено в таблице OlapCube_VNV.
2024-12-09 16:46:32,633 - INFO - Начинаю вычисление aggregate_count.
2024-12-09 16:46:32,648 - INFO - Сумма mi17_count: 777.0, сумма mi8t_count: 1006.0
2024-12-09 16:46:32,657 - INFO - items_per_ac: 1.0, NR_Mi17: 6000.0
2024-12-09 16:46:32,665 - INFO - monthly_flight_hours: 48.0
2024-12-09 16:46:32,666 - INFO - Вычисленный aggregate_count: 235
2024-12-09 16:46:32,667 - INFO - aggregate_count рассчитан: 235
2024-12-09 16:46:32,667 - INFO - Получаю значения из таблицы Agregat.
2024-12-09 16:46:32,676 - INFO - Получены значения из таблицы Agregat.
2024-12-09 16:46:32,678 - INFO - Получаю daily_flight_hours из flight_hours.
2024-12-09 16:46:32,686 - INFO - Получено daily_flight_hours: 1.58
2024-12-09 16:46:32,687 - INFO - Начинаю вставку данных в OlapCube_VNV.
2024-12-09 16:46:32,701 - INFO - Получено 4001 уникальных дат.
2024-12-09 16:46:32,702 - INFO - Сгенерировано 235 серийных номеров.
2024-12-09 16:46:45,024 - INFO - Успешно вставлено 940235 записей в OlapCube_VNV.
2024-12-09 16:46:45,133 - INFO - Подключение к ClickHouse успешно установлено
2024-12-09 16:46:45,145 - INFO - Схема таблицы 'OlapCube_VNV':
CREATE TABLE default.OlapCube_VNV
(
    `serialno` String,
    `Dates` Date,
    `Status_P` Nullable(String),
    `repair_days` Nullable(Float64),
    `sne` Nullable(Float64),
    `ppr` Nullable(Float64),
    `Status` Nullable(String),
    `daily_flight_hours` Nullable(Float64),
    `daily_flight_hours_f` Nullable(Float64),
    `BR` Nullable(Float64),
    `ll` Nullable(Float64),
    `oh` Nullable(Float64),
    `threshold` Nullable(Float64),
    `Effectivity` Nullable(String),
    `mi8t_count` Nullable(Float64),
    `mi17_count` Nullable(Float64),
    `balance_mi8t` Float64,
    `balance_mi17` Float64,
    `balance_total` Float64,
    `stock_mi8t` Float64,
    `stock_mi17` Float64,
    `stock_total` Float64,
    `balance_empty` Float64,
    `stock_empty` Float64,
    `location` String,
    `ac_typ` String
)
ENGINE = ReplacingMergeTree
ORDER BY (serialno, Dates)
SETTINGS index_granularity = 8192
2024-12-09 16:46:45,167 - INFO - Столбец 'RepairTime' успешно добавлен в таблицу 'OlapCube_VNV'
2024-12-09 16:46:45,174 - INFO - Получено значение RepairTime: 120.0
2024-12-09 16:46:45,184 - INFO - Столбец 'RepairTime' успешно обновлён в таблице 'OlapCube_VNV'
2024-12-09 16:46:51,982 - INFO - Подключение к ClickHouse успешно установлено
2024-12-09 16:46:51,996 - INFO - Получено данных из fleet: 12 месяцев
2024-12-09 16:46:51,997 - INFO - Начинается обновление полей mi8t_count и mi17_count в OlapCube_VNV
2024-12-09 16:46:52,010 - INFO - Поля mi8t_count и mi17_count успешно обновлены в OlapCube_VNV
2024-12-09 16:46:52,011 - INFO - Данные mi8t_count и mi17_count успешно обновлены на основании Dates в OlapCube_VNV
2024-12-09 16:46:58,883 - INFO - Подключение к ClickHouse успешно установлено
2024-12-09 16:46:58,898 - INFO - Получено значение daily_flight_hours: 1.58
2024-12-09 16:46:58,911 - INFO - Поле daily_flight_hours успешно обновлено в OlapCube_VNV
2024-12-09 16:46:58,912 - INFO - Поле daily_flight_hours успешно обновлено в OLAP кубе
2024-12-09 16:47:03,848 - INFO - Поле trigger_type успешно добавлено в таблицу OlapCube_VNV.
2024-12-09 16:47:03,857 - INFO - Извлечено 1 записей из таблицы Agregat.
2024-12-09 16:47:03,859 - INFO - Определено 0 записей с trigger_type=1.
2024-12-09 16:47:03,861 - INFO - Определено 1 записей с trigger_type=0.
2024-12-09 16:47:03,862 - INFO - Нет записей для обновления trigger_type=1.
2024-12-09 16:47:03,872 - INFO - Обновлено trigger_type=0 для 1 записей (батч 1).
2024-12-09 16:47:03,874 - INFO - Поле trigger_type успешно добавлено и заполнено в таблице OlapCube_VNV.
2024-12-09 18:43:54,480 - INFO - Начинаю вычисление aggregate_count.
2024-12-09 18:43:54,500 - INFO - Сумма mi17_count: 777.0, сумма mi8t_count: 1006.0
2024-12-09 18:43:54,511 - INFO - items_per_ac: 1.0, NR_Mi17: 6000.0
2024-12-09 18:43:54,520 - INFO - monthly_flight_hours: 48.0
2024-12-09 18:43:54,522 - INFO - Вычисленный aggregate_count: 235
2024-12-09 18:43:54,523 - INFO - aggregate_count рассчитан: 235
2024-12-09 18:43:54,524 - INFO - Получаю значения из таблицы Agregat.
2024-12-09 18:43:54,533 - INFO - Получены значения из таблицы Agregat.
2024-12-09 18:43:54,534 - INFO - Получаю daily_flight_hours из flight_hours.
2024-12-09 18:43:54,542 - INFO - Получено daily_flight_hours: 1.58
2024-12-09 18:43:54,543 - INFO - Начинаю вставку данных в OlapCube_VNV.
2024-12-09 18:43:54,561 - INFO - Получено 4001 уникальных дат.
2024-12-09 18:43:54,562 - INFO - Сгенерировано 235 серийных номеров.
2024-12-09 18:44:06,620 - INFO - Успешно вставлено 940235 записей в OlapCube_VNV.
2024-12-09 18:44:09,488 - INFO - Подключение к ClickHouse успешно установлено
2024-12-09 18:44:09,500 - INFO - Схема таблицы 'OlapCube_VNV':
CREATE TABLE default.OlapCube_VNV
(
    `serialno` String,
    `Dates` Date,
    `Status_P` Nullable(String),
    `repair_days` Nullable(Float64),
    `sne` Nullable(Float64),
    `ppr` Nullable(Float64),
    `Status` Nullable(String),
    `daily_flight_hours` Nullable(Float64),
    `daily_flight_hours_f` Nullable(Float64),
    `BR` Nullable(Float64),
    `ll` Nullable(Float64),
    `oh` Nullable(Float64),
    `threshold` Nullable(Float64),
    `Effectivity` Nullable(String),
    `mi8t_count` Nullable(Float64),
    `mi17_count` Nullable(Float64),
    `balance_mi8t` Float64,
    `balance_mi17` Float64,
    `balance_total` Float64,
    `stock_mi8t` Float64,
    `stock_mi17` Float64,
    `stock_total` Float64,
    `balance_empty` Float64,
    `stock_empty` Float64,
    `location` String,
    `ac_typ` String
)
ENGINE = ReplacingMergeTree
ORDER BY (serialno, Dates)
SETTINGS index_granularity = 8192
2024-12-09 18:44:09,523 - INFO - Столбец 'RepairTime' успешно добавлен в таблицу 'OlapCube_VNV'
2024-12-09 18:44:09,531 - INFO - Получено значение RepairTime: 120.0
2024-12-09 18:44:09,542 - INFO - Столбец 'RepairTime' успешно обновлён в таблице 'OlapCube_VNV'
2024-12-09 18:44:26,061 - INFO - Подключение к ClickHouse успешно установлено
2024-12-09 18:44:26,076 - INFO - Получено данных из fleet: 12 месяцев
2024-12-09 18:44:26,078 - INFO - Начинается обновление полей mi8t_count и mi17_count в OlapCube_VNV
2024-12-09 18:44:26,091 - INFO - Поля mi8t_count и mi17_count успешно обновлены в OlapCube_VNV
2024-12-09 18:44:26,092 - INFO - Данные mi8t_count и mi17_count успешно обновлены на основании Dates в OlapCube_VNV
2024-12-09 18:44:33,506 - INFO - Подключение к ClickHouse успешно установлено
2024-12-09 18:44:33,520 - INFO - Получено значение daily_flight_hours: 1.58
2024-12-09 18:44:33,531 - INFO - Поле daily_flight_hours успешно обновлено в OlapCube_VNV
2024-12-09 18:44:33,533 - INFO - Поле daily_flight_hours успешно обновлено в OLAP кубе
2024-12-09 18:44:40,126 - INFO - Поле trigger_type успешно добавлено в таблицу OlapCube_VNV.
2024-12-09 18:44:40,136 - INFO - Извлечено 1 записей из таблицы Agregat.
2024-12-09 18:44:40,137 - INFO - Определено 0 записей с trigger_type=1.
2024-12-09 18:44:40,138 - INFO - Определено 1 записей с trigger_type=0.
2024-12-09 18:44:40,139 - INFO - Нет записей для обновления trigger_type=1.
2024-12-09 18:44:40,152 - INFO - Обновлено trigger_type=0 для 1 записей (батч 1).
2024-12-09 18:44:40,154 - INFO - Поле trigger_type успешно добавлено и заполнено в таблице OlapCube_VNV.
2024-12-09 18:50:23,742 - INFO - Начинаю вычисление aggregate_count.
2024-12-09 18:50:23,758 - INFO - Сумма mi17_count: 777.0, сумма mi8t_count: 1006.0
2024-12-09 18:50:23,766 - INFO - items_per_ac: 1.0, NR_Mi17: 6000.0
2024-12-09 18:50:23,774 - INFO - monthly_flight_hours: 48.0
2024-12-09 18:50:23,775 - INFO - Вычисленный aggregate_count: 235
2024-12-09 18:50:23,776 - INFO - aggregate_count рассчитан: 235
2024-12-09 18:50:23,777 - INFO - Получаю значения из таблицы Agregat.
2024-12-09 18:50:23,786 - INFO - Получены значения из таблицы Agregat.
2024-12-09 18:50:23,788 - INFO - Получаю daily_flight_hours из flight_hours.
2024-12-09 18:50:23,795 - INFO - Получено daily_flight_hours: 1.58
2024-12-09 18:50:23,796 - INFO - Начинаю вставку данных в OlapCube_VNV.
2024-12-09 18:50:23,811 - INFO - Получено 4001 уникальных дат.
2024-12-09 18:50:23,812 - INFO - Сгенерировано 235 серийных номеров.
2024-12-09 18:50:35,989 - INFO - Успешно вставлено 940235 записей в OlapCube_VNV.
2024-12-09 18:50:38,786 - INFO - Подключение к ClickHouse успешно установлено
2024-12-09 18:50:38,800 - INFO - Схема таблицы 'OlapCube_VNV':
CREATE TABLE default.OlapCube_VNV
(
    `serialno` String,
    `Dates` Date,
    `Status_P` Nullable(String),
    `repair_days` Nullable(Float64),
    `sne` Nullable(Float64),
    `ppr` Nullable(Float64),
    `Status` Nullable(String),
    `daily_flight_hours` Nullable(Float64),
    `daily_flight_hours_f` Nullable(Float64),
    `BR` Nullable(Float64),
    `ll` Nullable(Float64),
    `oh` Nullable(Float64),
    `threshold` Nullable(Float64),
    `Effectivity` Nullable(String),
    `mi8t_count` Nullable(Float64),
    `mi17_count` Nullable(Float64),
    `balance_mi8t` Float64,
    `balance_mi17` Float64,
    `balance_total` Float64,
    `stock_mi8t` Float64,
    `stock_mi17` Float64,
    `stock_total` Float64,
    `balance_empty` Float64,
    `stock_empty` Float64,
    `location` String,
    `ac_typ` String
)
ENGINE = ReplacingMergeTree
ORDER BY (serialno, Dates)
SETTINGS index_granularity = 8192
2024-12-09 18:50:38,820 - INFO - Столбец 'RepairTime' успешно добавлен в таблицу 'OlapCube_VNV'
2024-12-09 18:50:38,829 - INFO - Получено значение RepairTime: 120.0
2024-12-09 18:50:38,840 - INFO - Столбец 'RepairTime' успешно обновлён в таблице 'OlapCube_VNV'
2024-12-09 18:50:50,325 - INFO - Подключение к ClickHouse успешно установлено
2024-12-09 18:50:50,340 - INFO - Получено данных из fleet: 12 месяцев
2024-12-09 18:50:50,341 - INFO - Начинается обновление полей mi8t_count и mi17_count в OlapCube_VNV
2024-12-09 18:50:50,354 - INFO - Поля mi8t_count и mi17_count успешно обновлены в OlapCube_VNV
2024-12-09 18:50:50,355 - INFO - Данные mi8t_count и mi17_count успешно обновлены на основании Dates в OlapCube_VNV
2024-12-09 18:50:58,482 - INFO - Подключение к ClickHouse успешно установлено
2024-12-09 18:50:58,497 - INFO - Получено значение daily_flight_hours: 1.58
2024-12-09 18:50:58,507 - INFO - Поле daily_flight_hours успешно обновлено в OlapCube_VNV
2024-12-09 18:50:58,508 - INFO - Поле daily_flight_hours успешно обновлено в OLAP кубе
2024-12-09 18:51:04,141 - INFO - Поле trigger_type успешно добавлено в таблицу OlapCube_VNV.
2024-12-09 18:51:04,152 - INFO - Извлечено 1 записей из таблицы Agregat.
2024-12-09 18:51:04,153 - INFO - Определено 0 записей с trigger_type=1.
2024-12-09 18:51:04,156 - INFO - Определено 1 записей с trigger_type=0.
2024-12-09 18:51:04,159 - INFO - Нет записей для обновления trigger_type=1.
2024-12-09 18:51:04,170 - INFO - Обновлено trigger_type=0 для 1 записей (батч 1).
2024-12-09 18:51:04,171 - INFO - Поле trigger_type успешно добавлено и заполнено в таблице OlapCube_VNV.
2024-12-09 19:10:11,491 - INFO - Начинаю вычисление aggregate_count.
2024-12-09 19:10:11,505 - INFO - Сумма mi17_count: 777.0, сумма mi8t_count: 1006.0
2024-12-09 19:10:11,513 - INFO - items_per_ac: 1.0, NR_Mi17: 6000.0
2024-12-09 19:10:11,520 - INFO - monthly_flight_hours: 48.0
2024-12-09 19:10:11,521 - INFO - Вычисленный aggregate_count: 235
2024-12-09 19:10:11,522 - INFO - aggregate_count рассчитан: 235
2024-12-09 19:10:11,523 - INFO - Получаю значения из таблицы Agregat.
2024-12-09 19:10:11,532 - INFO - Получены значения из таблицы Agregat.
2024-12-09 19:10:11,533 - INFO - Получаю daily_flight_hours из flight_hours.
2024-12-09 19:10:11,540 - INFO - Получено daily_flight_hours: 1.58
2024-12-09 19:10:11,541 - INFO - Начинаю вставку данных в OlapCube_VNV.
2024-12-09 19:10:11,556 - INFO - Получено 4001 уникальных дат.
2024-12-09 19:10:11,557 - INFO - Сгенерировано 235 серийных номеров.
2024-12-09 19:10:23,361 - INFO - Успешно вставлено 940235 записей в OlapCube_VNV.
2024-12-09 19:10:25,911 - INFO - Подключение к ClickHouse успешно установлено
2024-12-09 19:10:25,922 - INFO - Схема таблицы 'OlapCube_VNV':
CREATE TABLE default.OlapCube_VNV
(
    `serialno` String,
    `Dates` Date,
    `Status_P` Nullable(String),
    `repair_days` Nullable(Float64),
    `sne` Nullable(Float64),
    `ppr` Nullable(Float64),
    `Status` Nullable(String),
    `daily_flight_hours` Nullable(Float64),
    `daily_flight_hours_f` Nullable(Float64),
    `BR` Nullable(Float64),
    `ll` Nullable(Float64),
    `oh` Nullable(Float64),
    `threshold` Nullable(Float64),
    `Effectivity` Nullable(String),
    `mi8t_count` Nullable(Float64),
    `mi17_count` Nullable(Float64),
    `balance_mi8t` Float64,
    `balance_mi17` Float64,
    `balance_total` Float64,
    `stock_mi8t` Float64,
    `stock_mi17` Float64,
    `stock_total` Float64,
    `balance_empty` Float64,
    `stock_empty` Float64,
    `location` String,
    `ac_typ` String
)
ENGINE = ReplacingMergeTree
ORDER BY (serialno, Dates)
SETTINGS index_granularity = 8192
2024-12-09 19:10:25,942 - INFO - Столбец 'RepairTime' успешно добавлен в таблицу 'OlapCube_VNV'
2024-12-09 19:10:25,950 - INFO - Получено значение RepairTime: 120.0
2024-12-09 19:10:25,960 - INFO - Столбец 'RepairTime' успешно обновлён в таблице 'OlapCube_VNV'
2024-12-09 19:10:35,780 - INFO - Подключение к ClickHouse успешно установлено
2024-12-09 19:10:35,794 - INFO - Получено данных из fleet: 12 месяцев
2024-12-09 19:10:35,795 - INFO - Начинается обновление полей mi8t_count и mi17_count в OlapCube_VNV
2024-12-09 19:10:35,807 - INFO - Поля mi8t_count и mi17_count успешно обновлены в OlapCube_VNV
2024-12-09 19:10:35,810 - INFO - Данные mi8t_count и mi17_count успешно обновлены на основании Dates в OlapCube_VNV
2024-12-09 19:10:49,445 - INFO - Подключение к ClickHouse успешно установлено
2024-12-09 19:10:49,458 - INFO - Получено значение daily_flight_hours: 1.58
2024-12-09 19:10:49,470 - INFO - Поле daily_flight_hours успешно обновлено в OlapCube_VNV
2024-12-09 19:10:49,472 - INFO - Поле daily_flight_hours успешно обновлено в OLAP кубе
2024-12-09 19:10:58,154 - INFO - Поле trigger_type успешно добавлено в таблицу OlapCube_VNV.
2024-12-09 19:10:58,164 - INFO - Извлечено 1 записей из таблицы Agregat.
2024-12-09 19:10:58,166 - INFO - Определено 0 записей с trigger_type=1.
2024-12-09 19:10:58,167 - INFO - Определено 1 записей с trigger_type=0.
2024-12-09 19:10:58,168 - INFO - Нет записей для обновления trigger_type=1.
2024-12-09 19:10:58,178 - INFO - Обновлено trigger_type=0 для 1 записей (батч 1).
2024-12-09 19:10:58,180 - INFO - Поле trigger_type успешно добавлено и заполнено в таблице OlapCube_VNV.
2024-12-10 16:04:03,713 - INFO - Начинаю вычисление aggregate_count.
2024-12-10 16:04:03,730 - INFO - Сумма mi17_count: 777.0, сумма mi8t_count: 1006.0
2024-12-10 16:04:03,738 - INFO - items_per_ac: 1.0, NR_Mi17: 6000.0
2024-12-10 16:04:03,747 - INFO - monthly_flight_hours: 48.0
2024-12-10 16:04:03,748 - INFO - Вычисленный aggregate_count: 235
2024-12-10 16:04:03,750 - INFO - aggregate_count рассчитан: 235
2024-12-10 16:04:03,751 - INFO - Получаю значения из таблицы Agregat.
2024-12-10 16:04:03,760 - INFO - Получены значения из таблицы Agregat.
2024-12-10 16:04:03,761 - INFO - Получаю daily_flight_hours из flight_hours.
2024-12-10 16:04:03,770 - INFO - Получено daily_flight_hours: 1.58
2024-12-10 16:04:03,771 - INFO - Начинаю вставку данных в OlapCube_VNV.
2024-12-10 16:04:03,793 - INFO - Получено 4001 уникальных дат.
2024-12-10 16:04:03,794 - INFO - Сгенерировано 235 серийных номеров.
2024-12-10 16:04:15,806 - INFO - Успешно вставлено 940235 записей в OlapCube_VNV.
2024-12-10 16:04:18,166 - INFO - Подключение к ClickHouse успешно установлено
2024-12-10 16:04:18,179 - INFO - Схема таблицы 'OlapCube_VNV':
CREATE TABLE default.OlapCube_VNV
(
    `serialno` String,
    `Dates` Date,
    `Status_P` Nullable(String),
    `repair_days` Nullable(Float64),
    `sne` Nullable(Float64),
    `ppr` Nullable(Float64),
    `Status` Nullable(String),
    `daily_flight_hours` Nullable(Float64),
    `daily_flight_hours_f` Nullable(Float64),
    `BR` Nullable(Float64),
    `ll` Nullable(Float64),
    `oh` Nullable(Float64),
    `threshold` Nullable(Float64),
    `Effectivity` Nullable(String),
    `mi8t_count` Nullable(Float64),
    `mi17_count` Nullable(Float64),
    `balance_mi8t` Float64,
    `balance_mi17` Float64,
    `balance_total` Float64,
    `stock_mi8t` Float64,
    `stock_mi17` Float64,
    `stock_total` Float64,
    `balance_empty` Float64,
    `stock_empty` Float64,
    `location` String,
    `ac_typ` String
)
ENGINE = ReplacingMergeTree
ORDER BY (serialno, Dates)
SETTINGS index_granularity = 8192
2024-12-10 16:04:18,199 - INFO - Столбец 'RepairTime' успешно добавлен в таблицу 'OlapCube_VNV'
2024-12-10 16:04:18,208 - INFO - Получено значение RepairTime: 120.0
2024-12-10 16:04:18,218 - INFO - Столбец 'RepairTime' успешно обновлён в таблице 'OlapCube_VNV'
2024-12-10 16:04:33,291 - INFO - Подключение к ClickHouse успешно установлено
2024-12-10 16:04:33,305 - INFO - Получено данных из fleet: 12 месяцев
2024-12-10 16:04:33,306 - INFO - Начинается обновление полей mi8t_count и mi17_count в OlapCube_VNV
2024-12-10 16:04:33,319 - INFO - Поля mi8t_count и mi17_count успешно обновлены в OlapCube_VNV
2024-12-10 16:04:33,320 - INFO - Данные mi8t_count и mi17_count успешно обновлены на основании Dates в OlapCube_VNV
2024-12-10 16:04:40,478 - INFO - Подключение к ClickHouse успешно установлено
2024-12-10 16:04:40,494 - INFO - Получено значение daily_flight_hours: 1.58
2024-12-10 16:04:40,504 - INFO - Поле daily_flight_hours успешно обновлено в OlapCube_VNV
2024-12-10 16:04:40,506 - INFO - Поле daily_flight_hours успешно обновлено в OLAP кубе
2024-12-10 16:04:46,640 - INFO - Поле trigger_type успешно добавлено в таблицу OlapCube_VNV.
2024-12-10 16:04:46,649 - INFO - Извлечено 1 записей из таблицы Agregat.
2024-12-10 16:04:46,650 - INFO - Определено 0 записей с trigger_type=1.
2024-12-10 16:04:46,651 - INFO - Определено 1 записей с trigger_type=0.
2024-12-10 16:04:46,652 - INFO - Нет записей для обновления trigger_type=1.
2024-12-10 16:04:46,664 - INFO - Обновлено trigger_type=0 для 1 записей (батч 1).
2024-12-10 16:04:46,666 - INFO - Поле trigger_type успешно добавлено и заполнено в таблице OlapCube_VNV.
2024-12-10 16:34:43,634 - INFO - Начинаю вычисление aggregate_count.
2024-12-10 16:34:43,650 - INFO - Сумма mi17_count: 777.0, сумма mi8t_count: 1006.0
2024-12-10 16:34:43,658 - INFO - items_per_ac: 1.0, NR_Mi17: 6000.0
2024-12-10 16:34:43,665 - INFO - monthly_flight_hours: 48.0
2024-12-10 16:34:43,667 - INFO - Вычисленный aggregate_count: 235
2024-12-10 16:34:43,668 - INFO - aggregate_count рассчитан: 235
2024-12-10 16:34:43,671 - INFO - Получаю значения из таблицы Agregat.
2024-12-10 16:34:43,681 - INFO - Получены значения из таблицы Agregat.
2024-12-10 16:34:43,682 - INFO - Получаю daily_flight_hours из flight_hours.
2024-12-10 16:34:43,690 - INFO - Получено daily_flight_hours: 1.58
2024-12-10 16:34:43,691 - INFO - Начинаю вставку данных в OlapCube_VNV.
2024-12-10 16:34:43,707 - INFO - Получено 4001 уникальных дат.
2024-12-10 16:34:43,708 - INFO - Сгенерировано 235 серийных номеров.
2024-12-10 16:34:56,101 - INFO - Успешно вставлено 940235 записей в OlapCube_VNV.
2024-12-10 16:34:58,608 - INFO - Подключение к ClickHouse успешно установлено
2024-12-10 16:34:58,617 - INFO - Схема таблицы 'OlapCube_VNV':
CREATE TABLE default.OlapCube_VNV
(
    `serialno` String,
    `Dates` Date,
    `Status_P` Nullable(String),
    `repair_days` Nullable(Float64),
    `sne` Nullable(Float64),
    `ppr` Nullable(Float64),
    `Status` Nullable(String),
    `daily_flight_hours` Nullable(Float64),
    `daily_flight_hours_f` Nullable(Float64),
    `BR` Nullable(Float64),
    `ll` Nullable(Float64),
    `oh` Nullable(Float64),
    `threshold` Nullable(Float64),
    `Effectivity` Nullable(String),
    `mi8t_count` Nullable(Float64),
    `mi17_count` Nullable(Float64),
    `balance_mi8t` Float64,
    `balance_mi17` Float64,
    `balance_total` Float64,
    `stock_mi8t` Float64,
    `stock_mi17` Float64,
    `stock_total` Float64,
    `balance_empty` Float64,
    `stock_empty` Float64,
    `location` String,
    `ac_typ` String
)
ENGINE = ReplacingMergeTree
ORDER BY (serialno, Dates)
SETTINGS index_granularity = 8192
2024-12-10 16:34:58,639 - INFO - Столбец 'RepairTime' успешно добавлен в таблицу 'OlapCube_VNV'
2024-12-10 16:34:58,647 - INFO - Получено значение RepairTime: 120.0
2024-12-10 16:34:58,656 - INFO - Столбец 'RepairTime' успешно обновлён в таблице 'OlapCube_VNV'
2024-12-10 16:35:10,669 - INFO - Подключение к ClickHouse успешно установлено
2024-12-10 16:35:10,686 - INFO - Получено данных из fleet: 12 месяцев
2024-12-10 16:35:10,688 - INFO - Начинается обновление полей mi8t_count и mi17_count в OlapCube_VNV
2024-12-10 16:35:10,704 - INFO - Поля mi8t_count и mi17_count успешно обновлены в OlapCube_VNV
2024-12-10 16:35:10,706 - INFO - Данные mi8t_count и mi17_count успешно обновлены на основании Dates в OlapCube_VNV
2024-12-10 16:35:18,446 - INFO - Подключение к ClickHouse успешно установлено
2024-12-10 16:35:18,460 - INFO - Получено значение daily_flight_hours: 1.58
2024-12-10 16:35:18,471 - INFO - Поле daily_flight_hours успешно обновлено в OlapCube_VNV
2024-12-10 16:35:18,472 - INFO - Поле daily_flight_hours успешно обновлено в OLAP кубе
2024-12-10 16:35:21,935 - INFO - Подключение к ClickHouse успешно установлено
2024-12-10 16:35:21,946 - INFO - Получено значение daily_flight_hours: 1.58
2024-12-10 16:35:21,957 - INFO - Поле daily_flight_hours успешно обновлено в OlapCube_VNV
2024-12-10 16:35:21,958 - INFO - Поле daily_flight_hours успешно обновлено в OLAP кубе
2024-12-10 16:35:27,301 - INFO - Поле trigger_type успешно добавлено в таблицу OlapCube_VNV.
2024-12-10 16:35:27,311 - INFO - Извлечено 1 записей из таблицы Agregat.
2024-12-10 16:35:27,312 - INFO - Определено 0 записей с trigger_type=1.
2024-12-10 16:35:27,313 - INFO - Определено 1 записей с trigger_type=0.
2024-12-10 16:35:27,315 - INFO - Нет записей для обновления trigger_type=1.
2024-12-10 16:35:27,326 - INFO - Обновлено trigger_type=0 для 1 записей (батч 1).
2024-12-10 16:35:27,327 - INFO - Поле trigger_type успешно добавлено и заполнено в таблице OlapCube_VNV.
2024-12-10 17:13:46,885 - INFO - Начинаю вычисление aggregate_count.
2024-12-10 17:13:46,900 - INFO - Сумма mi17_count: 777.0, сумма mi8t_count: 1006.0
2024-12-10 17:13:46,908 - INFO - items_per_ac: 1.0, NR_Mi17: 6000.0
2024-12-10 17:13:46,915 - INFO - monthly_flight_hours: 48.0
2024-12-10 17:13:46,917 - INFO - Вычисленный aggregate_count: 235
2024-12-10 17:13:46,918 - INFO - aggregate_count рассчитан: 235
2024-12-10 17:13:46,920 - INFO - Получаю значения из таблицы Agregat.
2024-12-10 17:13:46,929 - INFO - Получены значения из таблицы Agregat.
2024-12-10 17:13:46,931 - INFO - Получаю daily_flight_hours из flight_hours.
2024-12-10 17:13:46,940 - INFO - Получено daily_flight_hours: 1.58
2024-12-10 17:13:46,941 - INFO - Начинаю вставку данных в OlapCube_VNV.
2024-12-10 17:13:46,955 - INFO - Получено 4001 уникальных дат.
2024-12-10 17:13:46,957 - INFO - Сгенерировано 235 серийных номеров.
2024-12-10 17:13:59,022 - INFO - Успешно вставлено 940235 записей в OlapCube_VNV.
2024-12-10 17:14:02,020 - INFO - Подключение к ClickHouse успешно установлено
2024-12-10 17:14:02,033 - INFO - Схема таблицы 'OlapCube_VNV':
CREATE TABLE default.OlapCube_VNV
(
    `serialno` String,
    `Dates` Date,
    `Status_P` Nullable(String),
    `repair_days` Nullable(Float64),
    `sne` Nullable(Float64),
    `ppr` Nullable(Float64),
    `Status` Nullable(String),
    `daily_flight_hours` Nullable(Float64),
    `daily_flight_hours_f` Nullable(Float64),
    `BR` Nullable(Float64),
    `ll` Nullable(Float64),
    `oh` Nullable(Float64),
    `threshold` Nullable(Float64),
    `Effectivity` Nullable(String),
    `mi8t_count` Nullable(Float64),
    `mi17_count` Nullable(Float64),
    `balance_mi8t` Float64,
    `balance_mi17` Float64,
    `balance_total` Float64,
    `stock_mi8t` Float64,
    `stock_mi17` Float64,
    `stock_total` Float64,
    `balance_empty` Float64,
    `stock_empty` Float64,
    `location` String,
    `ac_typ` String
)
ENGINE = ReplacingMergeTree
ORDER BY (serialno, Dates)
SETTINGS index_granularity = 8192
2024-12-10 17:14:02,054 - INFO - Столбец 'RepairTime' успешно добавлен в таблицу 'OlapCube_VNV'
2024-12-10 17:14:02,063 - INFO - Получено значение RepairTime: 120.0
2024-12-10 17:14:02,073 - INFO - Столбец 'RepairTime' успешно обновлён в таблице 'OlapCube_VNV'
2024-12-10 17:14:13,383 - INFO - Подключение к ClickHouse успешно установлено
2024-12-10 17:14:13,397 - INFO - Получено данных из fleet: 12 месяцев
2024-12-10 17:14:13,399 - INFO - Начинается обновление полей mi8t_count и mi17_count в OlapCube_VNV
2024-12-10 17:14:13,411 - INFO - Поля mi8t_count и mi17_count успешно обновлены в OlapCube_VNV
2024-12-10 17:14:13,413 - INFO - Данные mi8t_count и mi17_count успешно обновлены на основании Dates в OlapCube_VNV
2024-12-10 17:14:18,987 - INFO - Подключение к ClickHouse успешно установлено
2024-12-10 17:14:19,002 - INFO - Получено значение daily_flight_hours: 1.58
2024-12-10 17:14:19,013 - INFO - Поле daily_flight_hours успешно обновлено в OlapCube_VNV
2024-12-10 17:14:19,014 - INFO - Поле daily_flight_hours успешно обновлено в OLAP кубе
2024-12-10 17:14:23,472 - INFO - Поле trigger_type успешно добавлено в таблицу OlapCube_VNV.
2024-12-10 17:14:23,482 - INFO - Извлечено 1 записей из таблицы Agregat.
2024-12-10 17:14:23,484 - INFO - Определено 0 записей с trigger_type=1.
2024-12-10 17:14:23,487 - INFO - Определено 1 записей с trigger_type=0.
2024-12-10 17:14:23,488 - INFO - Нет записей для обновления trigger_type=1.
2024-12-10 17:14:23,499 - INFO - Обновлено trigger_type=0 для 1 записей (батч 1).
2024-12-10 17:14:23,501 - INFO - Поле trigger_type успешно добавлено и заполнено в таблице OlapCube_VNV.
2024-12-10 17:31:22,083 - INFO - Начинаю вычисление aggregate_count.
2024-12-10 17:31:22,098 - INFO - Сумма mi17_count: 777.0, сумма mi8t_count: 1006.0
2024-12-10 17:31:22,105 - INFO - items_per_ac: 1.0, NR_Mi17: 6000.0
2024-12-10 17:31:22,113 - INFO - monthly_flight_hours: 48.0
2024-12-10 17:31:22,115 - INFO - Вычисленный aggregate_count: 235
2024-12-10 17:31:22,116 - INFO - aggregate_count рассчитан: 235
2024-12-10 17:31:22,116 - INFO - Получаю значения из таблицы Agregat.
2024-12-10 17:31:22,125 - INFO - Получены значения из таблицы Agregat.
2024-12-10 17:31:22,126 - INFO - Получаю daily_flight_hours из flight_hours.
2024-12-10 17:31:22,133 - INFO - Получено daily_flight_hours: 1.58
2024-12-10 17:31:22,135 - INFO - Начинаю вставку данных в OlapCube_VNV.
2024-12-10 17:31:22,148 - INFO - Получено 4001 уникальных дат.
2024-12-10 17:31:22,150 - INFO - Сгенерировано 235 серийных номеров.
2024-12-10 17:31:33,930 - INFO - Успешно вставлено 940235 записей в OlapCube_VNV.
2024-12-10 17:31:34,012 - INFO - Подключение к ClickHouse успешно установлено
2024-12-10 17:31:34,024 - INFO - Схема таблицы 'OlapCube_VNV':
CREATE TABLE default.OlapCube_VNV
(
    `serialno` String,
    `Dates` Date,
    `Status_P` Nullable(String),
    `repair_days` Nullable(Float64),
    `sne` Nullable(Float64),
    `ppr` Nullable(Float64),
    `Status` Nullable(String),
    `daily_flight_hours` Nullable(Float64),
    `daily_flight_hours_f` Nullable(Float64),
    `BR` Nullable(Float64),
    `ll` Nullable(Float64),
    `oh` Nullable(Float64),
    `threshold` Nullable(Float64),
    `Effectivity` Nullable(String),
    `mi8t_count` Nullable(Float64),
    `mi17_count` Nullable(Float64),
    `balance_mi8t` Float64,
    `balance_mi17` Float64,
    `balance_total` Float64,
    `stock_mi8t` Float64,
    `stock_mi17` Float64,
    `stock_total` Float64,
    `balance_empty` Float64,
    `stock_empty` Float64,
    `location` String,
    `ac_typ` String
)
ENGINE = ReplacingMergeTree
ORDER BY (serialno, Dates)
SETTINGS index_granularity = 8192
2024-12-10 17:31:34,043 - INFO - Столбец 'RepairTime' успешно добавлен в таблицу 'OlapCube_VNV'
2024-12-10 17:31:34,052 - INFO - Получено значение RepairTime: 120.0
2024-12-10 17:31:34,062 - INFO - Столбец 'RepairTime' успешно обновлён в таблице 'OlapCube_VNV'
2024-12-10 17:31:34,090 - INFO - Подключение к ClickHouse успешно установлено
2024-12-10 17:31:34,106 - INFO - Получено данных из fleet: 12 месяцев
2024-12-10 17:31:34,107 - INFO - Начинается обновление полей mi8t_count и mi17_count в OlapCube_VNV
2024-12-10 17:31:34,120 - INFO - Поля mi8t_count и mi17_count успешно обновлены в OlapCube_VNV
2024-12-10 17:31:34,121 - INFO - Данные mi8t_count и mi17_count успешно обновлены на основании Dates в OlapCube_VNV
2024-12-10 17:31:34,145 - INFO - Подключение к ClickHouse успешно установлено
2024-12-10 17:31:34,159 - INFO - Получено значение daily_flight_hours: 1.58
2024-12-10 17:31:34,169 - INFO - Поле daily_flight_hours успешно обновлено в OlapCube_VNV
2024-12-10 17:31:34,171 - INFO - Поле daily_flight_hours успешно обновлено в OLAP кубе
2024-12-10 17:31:34,216 - INFO - Поле trigger_type успешно добавлено в таблицу OlapCube_VNV.
2024-12-10 17:31:34,226 - INFO - Извлечено 1 записей из таблицы Agregat.
2024-12-10 17:31:34,227 - INFO - Определено 0 записей с trigger_type=1.
2024-12-10 17:31:34,228 - INFO - Определено 1 записей с trigger_type=0.
2024-12-10 17:31:34,229 - INFO - Нет записей для обновления trigger_type=1.
2024-12-10 17:31:34,251 - INFO - Обновлено trigger_type=0 для 1 записей (батч 1).
2024-12-10 17:31:34,253 - INFO - Поле trigger_type успешно добавлено и заполнено в таблице OlapCube_VNV.
2024-12-10 17:53:17,657 - INFO - Начинаю вычисление aggregate_count.
2024-12-10 17:53:17,672 - INFO - Сумма mi17_count: 777.0, сумма mi8t_count: 1006.0
2024-12-10 17:53:17,679 - INFO - items_per_ac: 1.0, NR_Mi17: 6000.0
2024-12-10 17:53:17,689 - INFO - monthly_flight_hours: 48.0
2024-12-10 17:53:17,690 - INFO - Вычисленный aggregate_count: 235
2024-12-10 17:53:17,691 - INFO - aggregate_count рассчитан: 235
2024-12-10 17:53:17,692 - INFO - Получаю значения из таблицы Agregat.
2024-12-10 17:53:17,702 - INFO - Получены значения из таблицы Agregat.
2024-12-10 17:53:17,703 - INFO - Получаю daily_flight_hours из flight_hours.
2024-12-10 17:53:17,710 - INFO - Получено daily_flight_hours: 1.58
2024-12-10 17:53:17,711 - INFO - Начинаю вставку данных в OlapCube_VNV.
2024-12-10 17:53:17,725 - INFO - Получено 4001 уникальных дат.
2024-12-10 17:53:17,727 - INFO - Сгенерировано 235 серийных номеров.
2024-12-10 17:53:29,219 - INFO - Успешно вставлено 940235 записей в OlapCube_VNV.
2024-12-10 17:53:29,301 - INFO - Подключение к ClickHouse успешно установлено
2024-12-10 17:53:29,311 - INFO - Схема таблицы 'OlapCube_VNV':
CREATE TABLE default.OlapCube_VNV
(
    `serialno` String,
    `Dates` Date,
    `Status_P` Nullable(String),
    `repair_days` Nullable(Float64),
    `sne` Nullable(Float64),
    `ppr` Nullable(Float64),
    `Status` Nullable(String),
    `daily_flight_hours` Nullable(Float64),
    `daily_flight_hours_f` Nullable(Float64),
    `BR` Nullable(Float64),
    `ll` Nullable(Float64),
    `oh` Nullable(Float64),
    `threshold` Nullable(Float64),
    `Effectivity` Nullable(String),
    `mi8t_count` Nullable(Float64),
    `mi17_count` Nullable(Float64),
    `balance_mi8t` Float64,
    `balance_mi17` Float64,
    `balance_total` Float64,
    `stock_mi8t` Float64,
    `stock_mi17` Float64,
    `stock_total` Float64,
    `balance_empty` Float64,
    `stock_empty` Float64,
    `location` String,
    `ac_typ` String
)
ENGINE = ReplacingMergeTree
ORDER BY (serialno, Dates)
SETTINGS index_granularity = 8192
2024-12-10 17:53:29,330 - INFO - Столбец 'RepairTime' успешно добавлен в таблицу 'OlapCube_VNV'
2024-12-10 17:53:29,337 - INFO - Получено значение RepairTime: 120.0
2024-12-10 17:53:29,346 - INFO - Столбец 'RepairTime' успешно обновлён в таблице 'OlapCube_VNV'
2024-12-10 17:53:29,376 - INFO - Подключение к ClickHouse успешно установлено
2024-12-10 17:53:29,391 - INFO - Получено данных из fleet: 12 месяцев
2024-12-10 17:53:29,392 - INFO - Начинается обновление полей mi8t_count и mi17_count в OlapCube_VNV
2024-12-10 17:53:29,406 - INFO - Поля mi8t_count и mi17_count успешно обновлены в OlapCube_VNV
2024-12-10 17:53:29,407 - INFO - Данные mi8t_count и mi17_count успешно обновлены на основании Dates в OlapCube_VNV
2024-12-10 17:53:29,425 - INFO - Подключение к ClickHouse успешно установлено
2024-12-10 17:53:29,438 - INFO - Получено значение daily_flight_hours: 1.58
2024-12-10 17:53:29,451 - INFO - Поле daily_flight_hours успешно обновлено в OlapCube_VNV
2024-12-10 17:53:29,452 - INFO - Поле daily_flight_hours успешно обновлено в OLAP кубе
2024-12-10 17:53:29,496 - INFO - Поле trigger_type успешно добавлено в таблицу OlapCube_VNV.
2024-12-10 17:53:29,506 - INFO - Извлечено 1 записей из таблицы Agregat.
2024-12-10 17:53:29,507 - INFO - Определено 0 записей с trigger_type=1.
2024-12-10 17:53:29,508 - INFO - Определено 1 записей с trigger_type=0.
2024-12-10 17:53:29,510 - INFO - Нет записей для обновления trigger_type=1.
2024-12-10 17:53:29,519 - INFO - Обновлено trigger_type=0 для 1 записей (батч 1).
2024-12-10 17:53:29,520 - INFO - Поле trigger_type успешно добавлено и заполнено в таблице OlapCube_VNV.
2024-12-10 18:07:19,986 - INFO - Начинаю вычисление aggregate_count.
2024-12-10 18:07:20,001 - INFO - Сумма mi17_count: 777.0, сумма mi8t_count: 1006.0
2024-12-10 18:07:20,009 - INFO - items_per_ac: 1.0, NR_Mi17: 6000.0
2024-12-10 18:07:20,016 - INFO - monthly_flight_hours: 48.0
2024-12-10 18:07:20,018 - INFO - Вычисленный aggregate_count: 235
2024-12-10 18:07:20,019 - INFO - aggregate_count рассчитан: 235
2024-12-10 18:07:20,020 - INFO - Получаю значения из таблицы Agregat.
2024-12-10 18:07:20,031 - INFO - Получены значения из таблицы Agregat.
2024-12-10 18:07:20,032 - INFO - Получаю daily_flight_hours из flight_hours.
2024-12-10 18:07:20,039 - INFO - Получено daily_flight_hours: 1.58
2024-12-10 18:07:20,040 - INFO - Начинаю вставку данных в OlapCube_VNV.
2024-12-10 18:07:20,054 - INFO - Получено 4001 уникальных дат.
2024-12-10 18:07:20,055 - INFO - Сгенерировано 235 серийных номеров.
2024-12-10 18:07:31,798 - INFO - Успешно вставлено 940235 записей в OlapCube_VNV.
2024-12-10 18:07:31,881 - INFO - Подключение к ClickHouse успешно установлено
2024-12-10 18:07:31,891 - INFO - Схема таблицы 'OlapCube_VNV':
CREATE TABLE default.OlapCube_VNV
(
    `serialno` String,
    `Dates` Date,
    `Status_P` Nullable(String),
    `repair_days` Nullable(Float64),
    `sne` Nullable(Float64),
    `ppr` Nullable(Float64),
    `Status` Nullable(String),
    `daily_flight_hours` Nullable(Float64),
    `daily_flight_hours_f` Nullable(Float64),
    `BR` Nullable(Float64),
    `ll` Nullable(Float64),
    `oh` Nullable(Float64),
    `threshold` Nullable(Float64),
    `Effectivity` Nullable(String),
    `mi8t_count` Nullable(Float64),
    `mi17_count` Nullable(Float64),
    `balance_mi8t` Float64,
    `balance_mi17` Float64,
    `balance_total` Float64,
    `stock_mi8t` Float64,
    `stock_mi17` Float64,
    `stock_total` Float64,
    `balance_empty` Float64,
    `stock_empty` Float64,
    `location` String,
    `ac_typ` String
)
ENGINE = ReplacingMergeTree
ORDER BY (serialno, Dates)
SETTINGS index_granularity = 8192
2024-12-10 18:07:31,914 - INFO - Столбец 'RepairTime' успешно добавлен в таблицу 'OlapCube_VNV'
2024-12-10 18:07:31,923 - INFO - Получено значение RepairTime: 120.0
2024-12-10 18:07:31,935 - INFO - Столбец 'RepairTime' успешно обновлён в таблице 'OlapCube_VNV'
2024-12-10 18:07:31,966 - INFO - Подключение к ClickHouse успешно установлено
2024-12-10 18:07:32,001 - INFO - Получено данных из fleet: 12 месяцев
2024-12-10 18:07:32,003 - INFO - Начинается обновление полей mi8t_count и mi17_count в OlapCube_VNV
2024-12-10 18:07:32,039 - INFO - Поля mi8t_count и mi17_count успешно обновлены в OlapCube_VNV
2024-12-10 18:07:32,041 - INFO - Данные mi8t_count и mi17_count успешно обновлены на основании Dates в OlapCube_VNV
2024-12-10 18:07:32,060 - INFO - Подключение к ClickHouse успешно установлено
2024-12-10 18:07:32,073 - INFO - Получено значение daily_flight_hours: 1.58
2024-12-10 18:07:32,103 - INFO - Поле daily_flight_hours успешно обновлено в OlapCube_VNV
2024-12-10 18:07:32,104 - INFO - Поле daily_flight_hours успешно обновлено в OLAP кубе
2024-12-10 18:07:32,150 - INFO - Поле trigger_type успешно добавлено в таблицу OlapCube_VNV.
2024-12-10 18:07:32,160 - INFO - Извлечено 1 записей из таблицы Agregat.
2024-12-10 18:07:32,161 - INFO - Определено 0 записей с trigger_type=1.
2024-12-10 18:07:32,163 - INFO - Определено 1 записей с trigger_type=0.
2024-12-10 18:07:32,164 - INFO - Нет записей для обновления trigger_type=1.
2024-12-10 18:07:32,175 - INFO - Обновлено trigger_type=0 для 1 записей (батч 1).
2024-12-10 18:07:32,177 - INFO - Поле trigger_type успешно добавлено и заполнено в таблице OlapCube_VNV.
2024-12-10 18:34:34,662 - INFO - Начинаю вычисление aggregate_count.
2024-12-10 18:34:34,676 - INFO - Сумма mi17_count: 777.0, сумма mi8t_count: 1006.0
2024-12-10 18:34:34,686 - INFO - items_per_ac: 1.0, NR_Mi17: 6000.0
2024-12-10 18:34:34,695 - INFO - monthly_flight_hours: 48.0
2024-12-10 18:34:34,696 - INFO - Вычисленный aggregate_count: 235
2024-12-10 18:34:34,697 - INFO - aggregate_count рассчитан: 235
2024-12-10 18:34:34,698 - INFO - Получаю значения из таблицы Agregat.
2024-12-10 18:34:34,709 - INFO - Получены значения из таблицы Agregat.
2024-12-10 18:34:34,710 - INFO - Получаю daily_flight_hours из flight_hours.
2024-12-10 18:34:34,719 - INFO - Получено daily_flight_hours: 1.58
2024-12-10 18:34:34,720 - INFO - Начинаю вставку данных в OlapCube_VNV.
2024-12-10 18:34:34,735 - INFO - Получено 4001 уникальных дат.
2024-12-10 18:34:34,737 - INFO - Сгенерировано 235 серийных номеров.
2024-12-10 18:34:46,226 - INFO - Успешно вставлено 940235 записей в OlapCube_VNV.
2024-12-10 18:34:46,308 - INFO - Подключение к ClickHouse успешно установлено
2024-12-10 18:34:46,322 - INFO - Схема таблицы 'OlapCube_VNV':
CREATE TABLE default.OlapCube_VNV
(
    `serialno` String,
    `Dates` Date,
    `Status_P` Nullable(String),
    `repair_days` Nullable(Float64),
    `sne` Nullable(Float64),
    `ppr` Nullable(Float64),
    `Status` Nullable(String),
    `daily_flight_hours` Nullable(Float64),
    `daily_flight_hours_f` Nullable(Float64),
    `BR` Nullable(Float64),
    `ll` Nullable(Float64),
    `oh` Nullable(Float64),
    `threshold` Nullable(Float64),
    `Effectivity` Nullable(String),
    `mi8t_count` Nullable(Float64),
    `mi17_count` Nullable(Float64),
    `balance_mi8t` Float64,
    `balance_mi17` Float64,
    `balance_total` Float64,
    `stock_mi8t` Float64,
    `stock_mi17` Float64,
    `stock_total` Float64,
    `balance_empty` Float64,
    `stock_empty` Float64,
    `location` String,
    `ac_typ` String
)
ENGINE = ReplacingMergeTree
ORDER BY (serialno, Dates)
SETTINGS index_granularity = 8192
2024-12-10 18:34:46,341 - INFO - Столбец 'RepairTime' успешно добавлен в таблицу 'OlapCube_VNV'
2024-12-10 18:34:46,349 - INFO - Получено значение RepairTime: 120.0
2024-12-10 18:34:46,359 - INFO - Столбец 'RepairTime' успешно обновлён в таблице 'OlapCube_VNV'
2024-12-10 18:34:46,386 - INFO - Подключение к ClickHouse успешно установлено
2024-12-10 18:34:46,403 - INFO - Получено данных из fleet: 12 месяцев
2024-12-10 18:34:46,404 - INFO - Начинается обновление полей mi8t_count и mi17_count в OlapCube_VNV
2024-12-10 18:34:46,417 - INFO - Поля mi8t_count и mi17_count успешно обновлены в OlapCube_VNV
2024-12-10 18:34:46,418 - INFO - Данные mi8t_count и mi17_count успешно обновлены на основании Dates в OlapCube_VNV
2024-12-10 18:34:46,437 - INFO - Подключение к ClickHouse успешно установлено
2024-12-10 18:34:46,449 - INFO - Получено значение daily_flight_hours: 1.58
2024-12-10 18:34:46,461 - INFO - Поле daily_flight_hours успешно обновлено в OlapCube_VNV
2024-12-10 18:34:46,463 - INFO - Поле daily_flight_hours успешно обновлено в OLAP кубе
2024-12-10 18:34:46,505 - INFO - Поле trigger_type успешно добавлено в таблицу OlapCube_VNV.
2024-12-10 18:34:46,515 - INFO - Извлечено 1 записей из таблицы Agregat.
2024-12-10 18:34:46,517 - INFO - Определено 0 записей с trigger_type=1.
2024-12-10 18:34:46,518 - INFO - Определено 1 записей с trigger_type=0.
2024-12-10 18:34:46,519 - INFO - Нет записей для обновления trigger_type=1.
2024-12-10 18:34:46,529 - INFO - Обновлено trigger_type=0 для 1 записей (батч 1).
2024-12-10 18:34:46,530 - INFO - Поле trigger_type успешно добавлено и заполнено в таблице OlapCube_VNV.
2024-12-10 18:40:00,856 - INFO - Начинаю вычисление aggregate_count.
2024-12-10 18:40:00,871 - INFO - Сумма mi17_count: 777.0, сумма mi8t_count: 1006.0
2024-12-10 18:40:00,878 - INFO - items_per_ac: 1.0, NR_Mi17: 6000.0
2024-12-10 18:40:00,888 - INFO - monthly_flight_hours: 48.0
2024-12-10 18:40:00,890 - INFO - Вычисленный aggregate_count: 235
2024-12-10 18:40:00,891 - INFO - aggregate_count рассчитан: 235
2024-12-10 18:40:00,893 - INFO - Получаю значения из таблицы Agregat.
2024-12-10 18:40:00,902 - INFO - Получены значения из таблицы Agregat.
2024-12-10 18:40:00,904 - INFO - Получаю daily_flight_hours из flight_hours.
2024-12-10 18:40:00,912 - INFO - Получено daily_flight_hours: 1.58
2024-12-10 18:40:00,913 - INFO - Начинаю вставку данных в OlapCube_VNV.
2024-12-10 18:40:00,931 - INFO - Получено 4001 уникальных дат.
2024-12-10 18:40:00,933 - INFO - Сгенерировано 235 серийных номеров.
2024-12-10 18:40:12,646 - INFO - Успешно вставлено 940235 записей в OlapCube_VNV.
2024-12-10 18:40:12,728 - INFO - Подключение к ClickHouse успешно установлено
2024-12-10 18:40:12,740 - INFO - Схема таблицы 'OlapCube_VNV':
CREATE TABLE default.OlapCube_VNV
(
    `serialno` String,
    `Dates` Date,
    `Status_P` Nullable(String),
    `repair_days` Nullable(Float64),
    `sne` Nullable(Float64),
    `ppr` Nullable(Float64),
    `Status` Nullable(String),
    `daily_flight_hours` Nullable(Float64),
    `daily_flight_hours_f` Nullable(Float64),
    `BR` Nullable(Float64),
    `ll` Nullable(Float64),
    `oh` Nullable(Float64),
    `threshold` Nullable(Float64),
    `Effectivity` Nullable(String),
    `mi8t_count` Nullable(Float64),
    `mi17_count` Nullable(Float64),
    `balance_mi8t` Float64,
    `balance_mi17` Float64,
    `balance_total` Float64,
    `stock_mi8t` Float64,
    `stock_mi17` Float64,
    `stock_total` Float64,
    `balance_empty` Float64,
    `stock_empty` Float64,
    `location` String,
    `ac_typ` String
)
ENGINE = ReplacingMergeTree
ORDER BY (serialno, Dates)
SETTINGS index_granularity = 8192
2024-12-10 18:40:12,760 - INFO - Столбец 'RepairTime' успешно добавлен в таблицу 'OlapCube_VNV'
2024-12-10 18:40:12,768 - INFO - Получено значение RepairTime: 120.0
2024-12-10 18:40:12,778 - INFO - Столбец 'RepairTime' успешно обновлён в таблице 'OlapCube_VNV'
2024-12-10 18:40:12,807 - INFO - Подключение к ClickHouse успешно установлено
2024-12-10 18:40:12,822 - INFO - Получено данных из fleet: 12 месяцев
2024-12-10 18:40:12,824 - INFO - Начинается обновление полей mi8t_count и mi17_count в OlapCube_VNV
2024-12-10 18:40:12,837 - INFO - Поля mi8t_count и mi17_count успешно обновлены в OlapCube_VNV
2024-12-10 18:40:12,838 - INFO - Данные mi8t_count и mi17_count успешно обновлены на основании Dates в OlapCube_VNV
2024-12-10 18:40:12,858 - INFO - Подключение к ClickHouse успешно установлено
2024-12-10 18:40:12,871 - INFO - Получено значение daily_flight_hours: 1.58
2024-12-10 18:40:12,881 - INFO - Поле daily_flight_hours успешно обновлено в OlapCube_VNV
2024-12-10 18:40:12,883 - INFO - Поле daily_flight_hours успешно обновлено в OLAP кубе
2024-12-10 18:40:12,924 - INFO - Поле trigger_type успешно добавлено в таблицу OlapCube_VNV.
2024-12-10 18:40:12,934 - INFO - Извлечено 1 записей из таблицы Agregat.
2024-12-10 18:40:12,936 - INFO - Определено 0 записей с trigger_type=1.
2024-12-10 18:40:12,937 - INFO - Определено 1 записей с trigger_type=0.
2024-12-10 18:40:12,938 - INFO - Нет записей для обновления trigger_type=1.
2024-12-10 18:40:12,948 - INFO - Обновлено trigger_type=0 для 1 записей (батч 1).
2024-12-10 18:40:12,950 - INFO - Поле trigger_type успешно добавлено и заполнено в таблице OlapCube_VNV.
2025-01-23 09:10:39,529 - INFO - Начинаю вычисление aggregate_count.
2025-01-23 09:10:39,553 - INFO - Сумма mi17_count: 777.0, сумма mi8t_count: 1006.0
2025-01-23 09:10:39,560 - INFO - items_per_ac: 1.0, NR_Mi17: 6000.0
2025-01-23 09:10:39,565 - INFO - monthly_flight_hours: 48.0
2025-01-23 09:10:39,566 - INFO - Вычисленный aggregate_count: 235
2025-01-23 09:10:39,568 - INFO - aggregate_count рассчитан: 235
2025-01-23 09:10:39,569 - INFO - Получаю значения из таблицы Agregat.
2025-01-23 09:10:39,577 - INFO - Получены значения из таблицы Agregat.
2025-01-23 09:10:39,578 - INFO - Получаю daily_flight_hours из flight_hours.
2025-01-23 09:10:39,583 - INFO - Получено daily_flight_hours: 1.58
2025-01-23 09:10:39,584 - INFO - Начинаю вставку данных в OlapCube_VNV.
2025-01-23 09:10:39,595 - INFO - Получено 4001 уникальных дат.
2025-01-23 09:10:39,596 - INFO - Сгенерировано 235 серийных номеров.
2025-01-23 09:10:47,752 - INFO - Успешно вставлено 940235 записей в OlapCube_VNV.
2025-01-23 09:10:47,862 - INFO - Подключение к ClickHouse успешно установлено
2025-01-23 09:10:47,871 - INFO - Схема таблицы 'OlapCube_VNV':
CREATE TABLE default.OlapCube_VNV
(
    `serialno` String,
    `Dates` Date,
    `Status_P` Nullable(String),
    `repair_days` Nullable(Float64),
    `sne` Nullable(Float64),
    `ppr` Nullable(Float64),
    `Status` Nullable(String),
    `daily_flight_hours` Nullable(Float64),
    `daily_flight_hours_f` Nullable(Float64),
    `BR` Nullable(Float64),
    `ll` Nullable(Float64),
    `oh` Nullable(Float64),
    `threshold` Nullable(Float64),
    `Effectivity` Nullable(String),
    `mi8t_count` Nullable(Float64),
    `mi17_count` Nullable(Float64),
    `balance_mi8t` Float64,
    `balance_mi17` Float64,
    `balance_total` Float64,
    `stock_mi8t` Float64,
    `stock_mi17` Float64,
    `stock_total` Float64,
    `balance_empty` Float64,
    `stock_empty` Float64,
    `location` String,
    `ac_typ` String
)
ENGINE = ReplacingMergeTree
ORDER BY (serialno, Dates)
SETTINGS index_granularity = 8192
2025-01-23 09:10:47,888 - INFO - Столбец 'RepairTime' успешно добавлен в таблицу 'OlapCube_VNV'
2025-01-23 09:10:47,893 - INFO - Получено значение RepairTime: 120.0
2025-01-23 09:10:47,901 - INFO - Столбец 'RepairTime' успешно обновлён в таблице 'OlapCube_VNV'
2025-01-23 09:11:09,224 - INFO - Подключение к ClickHouse успешно установлено
2025-01-23 09:11:09,233 - INFO - Получено данных из fleet: 12 месяцев
2025-01-23 09:11:09,234 - INFO - Начинается обновление полей mi8t_count и mi17_count в OlapCube_VNV
2025-01-23 09:11:09,242 - INFO - Поля mi8t_count и mi17_count успешно обновлены в OlapCube_VNV
2025-01-23 09:11:09,243 - INFO - Данные mi8t_count и mi17_count успешно обновлены на основании Dates в OlapCube_VNV
2025-01-23 09:11:14,056 - INFO - Подключение к ClickHouse успешно установлено
2025-01-23 09:11:14,063 - INFO - Получено значение daily_flight_hours: 1.58
2025-01-23 09:11:14,069 - INFO - Поле daily_flight_hours успешно обновлено в OlapCube_VNV
2025-01-23 09:11:14,070 - INFO - Поле daily_flight_hours успешно обновлено в OLAP кубе
2025-01-23 09:11:19,119 - INFO - Поле trigger_type успешно добавлено в таблицу OlapCube_VNV.
2025-01-23 09:11:19,124 - INFO - Извлечено 1 записей из таблицы Agregat.
2025-01-23 09:11:19,125 - INFO - Определено 0 записей с trigger_type=1.
2025-01-23 09:11:19,126 - INFO - Определено 1 записей с trigger_type=0.
2025-01-23 09:11:19,127 - INFO - Нет записей для обновления trigger_type=1.
2025-01-23 09:11:19,134 - INFO - Обновлено trigger_type=0 для 1 записей (батч 1).
2025-01-23 09:11:19,135 - INFO - Поле trigger_type успешно добавлено и заполнено в таблице OlapCube_VNV.
2025-01-23 09:59:57,066 - INFO - Начинаю вычисление aggregate_count.
2025-01-23 09:59:57,074 - INFO - Сумма mi17_count: 777.0, сумма mi8t_count: 1006.0
2025-01-23 09:59:57,079 - INFO - items_per_ac: 1.0, NR_Mi17: 6000.0
2025-01-23 09:59:57,084 - INFO - monthly_flight_hours: 48.0
2025-01-23 09:59:57,085 - INFO - Вычисленный aggregate_count: 235
2025-01-23 09:59:57,086 - INFO - aggregate_count рассчитан: 235
2025-01-23 09:59:57,087 - INFO - Получаю значения из таблицы Agregat.
2025-01-23 09:59:57,093 - INFO - Получены значения из таблицы Agregat.
2025-01-23 09:59:57,094 - INFO - Получаю daily_flight_hours из flight_hours.
2025-01-23 09:59:57,098 - INFO - Получено daily_flight_hours: 1.58
2025-01-23 09:59:57,100 - INFO - Начинаю вставку данных в OlapCube_VNV.
2025-01-23 09:59:57,110 - INFO - Получено 4001 уникальных дат.
2025-01-23 09:59:57,111 - INFO - Сгенерировано 235 серийных номеров.
2025-01-23 10:00:04,996 - INFO - Успешно вставлено 940235 записей в OlapCube_VNV.
2025-01-23 10:00:05,111 - INFO - Подключение к ClickHouse успешно установлено
2025-01-23 10:00:05,122 - INFO - Схема таблицы 'OlapCube_VNV':
CREATE TABLE default.OlapCube_VNV
(
    `serialno` String,
    `Dates` Date,
    `Status_P` Nullable(String),
    `repair_days` Nullable(Float64),
    `sne` Nullable(Float64),
    `ppr` Nullable(Float64),
    `Status` Nullable(String),
    `daily_flight_hours` Nullable(Float64),
    `daily_flight_hours_f` Nullable(Float64),
    `BR` Nullable(Float64),
    `ll` Nullable(Float64),
    `oh` Nullable(Float64),
    `threshold` Nullable(Float64),
    `Effectivity` Nullable(String),
    `mi8t_count` Nullable(Float64),
    `mi17_count` Nullable(Float64),
    `balance_mi8t` Float64,
    `balance_mi17` Float64,
    `balance_total` Float64,
    `stock_mi8t` Float64,
    `stock_mi17` Float64,
    `stock_total` Float64,
    `balance_empty` Float64,
    `stock_empty` Float64,
    `location` String,
    `ac_typ` String
)
ENGINE = ReplacingMergeTree
ORDER BY (serialno, Dates)
SETTINGS index_granularity = 8192
2025-01-23 10:00:05,137 - INFO - Столбец 'RepairTime' успешно добавлен в таблицу 'OlapCube_VNV'
2025-01-23 10:00:05,144 - INFO - Получено значение RepairTime: 120.0
2025-01-23 10:00:05,152 - INFO - Столбец 'RepairTime' успешно обновлён в таблице 'OlapCube_VNV'
2025-01-23 10:00:10,584 - INFO - Подключение к ClickHouse успешно установлено
2025-01-23 10:00:10,592 - INFO - Получено данных из fleet: 12 месяцев
2025-01-23 10:00:10,594 - INFO - Начинается обновление полей mi8t_count и mi17_count в OlapCube_VNV
2025-01-23 10:00:10,601 - INFO - Поля mi8t_count и mi17_count успешно обновлены в OlapCube_VNV
2025-01-23 10:00:10,602 - INFO - Данные mi8t_count и mi17_count успешно обновлены на основании Dates в OlapCube_VNV
2025-01-23 10:00:21,719 - INFO - Подключение к ClickHouse успешно установлено
2025-01-23 10:00:21,725 - INFO - Получено значение daily_flight_hours: 1.58
2025-01-23 10:00:21,733 - INFO - Поле daily_flight_hours успешно обновлено в OlapCube_VNV
2025-01-23 10:00:21,734 - INFO - Поле daily_flight_hours успешно обновлено в OLAP кубе
2025-01-23 10:00:24,552 - INFO - Поле trigger_type успешно добавлено в таблицу OlapCube_VNV.
2025-01-23 10:00:24,558 - INFO - Извлечено 1 записей из таблицы Agregat.
2025-01-23 10:00:24,559 - INFO - Определено 0 записей с trigger_type=1.
2025-01-23 10:00:24,560 - INFO - Определено 1 записей с trigger_type=0.
2025-01-23 10:00:24,561 - INFO - Нет записей для обновления trigger_type=1.
2025-01-23 10:00:24,567 - INFO - Обновлено trigger_type=0 для 1 записей (батч 1).
2025-01-23 10:00:24,568 - INFO - Поле trigger_type успешно добавлено и заполнено в таблице OlapCube_VNV.
