2024-12-02 04:33:23,620 - INFO - Первая дата в OlapCube_VNV: 2024-11-25
2024-12-02 04:33:23,658 - INFO - balance_mi8t: -11.0
2024-12-02 04:33:23,689 - INFO - balance_mi17: 17.0
2024-12-02 04:33:23,690 - INFO - balance_total: 6.0
2024-12-02 04:33:23,707 - INFO - stock_mi8t: 3
2024-12-02 04:33:23,724 - INFO - stock_mi17: 5
2024-12-02 04:33:23,725 - INFO - stock_total: 8
2024-12-02 04:33:23,733 - INFO - Баланс и запасы успешно обновлены для первой даты.
2024-12-02 04:34:33,289 - INFO - Начальная дата в OlapCube_VNV: 2024-11-25
2024-12-02 04:34:33,290 - INFO - target_date: 2024-11-26
2024-12-02 04:34:33,291 - INFO - Используемые значения: mi8t_count = 10, mi17_count = 5
2024-12-02 04:34:33,326 - INFO - balance_mi8t: -10 (exploitation_count: 0 - mi8t_count: 10)
2024-12-02 04:34:33,353 - INFO - balance_mi17: -5 (exploitation_count: 0 - mi17_count: 5)
2024-12-02 04:34:33,354 - INFO - balance_total: -15 (balance_mi8t: -10 + balance_mi17: -5)
2024-12-02 04:34:33,373 - INFO - stock_mi8t: 3
2024-12-02 04:34:33,390 - INFO - stock_mi17: 2
2024-12-02 04:34:33,391 - INFO - stock_total: 5 (stock_mi8t: 3 + stock_mi17: 2)
2024-12-02 04:34:33,399 - INFO - Баланс и запасы обновлены для даты 2024-11-26.
2024-12-02 04:34:47,583 - INFO - Initial date in OlapCube_VNV: 2024-11-25
2024-12-02 04:34:47,584 - INFO - Target date: 2024-11-26
2024-12-02 04:34:47,622 - INFO - balance_mi8t: -86.0 (balance_mi8t_count: 0 - mi8t_count: 86.0)
2024-12-02 04:34:47,654 - INFO - balance_mi17: -70.0 (balance_mi17_count: 0 - mi17_count: 70.0)
2024-12-02 04:34:47,655 - INFO - balance_total: -156.0 (balance_mi8t: -86.0 + balance_mi17: -70.0)
2024-12-02 04:34:47,672 - INFO - stock_mi8t: 3
2024-12-02 04:34:47,690 - INFO - stock_mi17: 2
2024-12-02 04:34:47,691 - INFO - stock_total: 5 (stock_mi8t: 3 + stock_mi17: 2)
2024-12-02 04:34:47,699 - INFO - Баланс и запасы успешно обновлены для даты 2024-11-26.
2024-12-02 04:35:15,962 - INFO - Первая дата в OlapCube_VNV: 2024-11-25
2024-12-02 04:35:16,001 - INFO - balance_mi8t: -11.0
2024-12-02 04:35:16,037 - INFO - balance_mi17: 17.0
2024-12-02 04:35:16,038 - INFO - balance_total: 6.0
2024-12-02 04:35:16,055 - INFO - stock_mi8t: 3
2024-12-02 04:35:16,072 - INFO - stock_mi17: 5
2024-12-02 04:35:16,073 - INFO - stock_total: 8
2024-12-02 04:35:16,080 - INFO - Баланс и запасы успешно обновлены для первой даты.
2024-12-02 04:35:34,032 - INFO - Начальная дата в OlapCube_VNV: 2024-11-25
2024-12-02 04:35:34,033 - INFO - target_date: 2024-11-26
2024-12-02 04:35:34,034 - INFO - Используемые значения: mi8t_count = 10, mi17_count = 5
2024-12-02 04:35:34,067 - INFO - balance_mi8t: -10 (exploitation_count: 0 - mi8t_count: 10)
2024-12-02 04:35:34,093 - INFO - balance_mi17: -5 (exploitation_count: 0 - mi17_count: 5)
2024-12-02 04:35:34,094 - INFO - balance_total: -15 (balance_mi8t: -10 + balance_mi17: -5)
2024-12-02 04:35:34,112 - INFO - stock_mi8t: 3
2024-12-02 04:35:34,131 - INFO - stock_mi17: 2
2024-12-02 04:35:34,132 - INFO - stock_total: 5 (stock_mi8t: 3 + stock_mi17: 2)
2024-12-02 04:35:34,140 - INFO - Баланс и запасы обновлены для даты 2024-11-26.
