2024-12-01 14:58:20,790 - INFO - Initial date in OlapCube_VNV: 2024-11-25
2024-12-01 14:58:20,791 - INFO - Target date: 2024-11-26
2024-12-01 14:58:20,793 - INFO - Previous date: 2024-11-25
2024-12-01 14:58:20,862 - INFO - Извлечено 420 записей на target_date.
2024-12-01 14:58:20,908 - INFO - Извлечено 420 записей на предыдущую дату.
2024-12-01 14:58:22,133 - INFO - Обновлено 169 записей: sne, ppr и repair_days.
2024-12-01 14:58:22,135 - INFO - Serialnos: 2228С77, 2228С78, 2238С100, 2238С132, 2238С133, 2238С95, 2238С99, 2248С149, 2248С150, 2248С165, 2248С166, 2248С169, 2248С175, 2248С176, 2248С177, 2248С178, 2248С179, 2248С180, 2248С184, 2248С185, 2248С186, 228118, 2318С16, 2318С17, 2318С36, 2318С37, 2328С102, 2338С109, 2338С110, 2338С111, 2338С117, 2338С118, 2338С119, 0938С114, 0938С99, 0948С179, 0948С189, 0948С190, 1018С12, 1018С13, 1018С17, 1018С2, 1018С34, 1148С229, 118107, 11862, 1228С101, 128236, 1328С150, 1328С151, 1418С30, 1518С14, 1518С26, 1528С117, 1548С241, 2338С120, 2338С121, 2338С127, 2338С128, 1548С243, 1548С244, 1618С11, 1618С18, 2338С132, 2338С133, 2338С134, 2338С135, 1618С23, 1618С34, 1618С46, 1618С55, 2338С162, 2338С163, 2338С164, 2338С165, 1618С57, 1618С58, 1618С9, 1638С142, 2338С166, 2338С167, 1648С143, 1718С12, 1718С17, 1718С18, 1718С19, 1718С22, 2348С168, 2348С170, 2348С176, 2348С177, 2348С178, 2348С179, 2348С180, 23819, 1718С23, 1718С37, 1728С70, 1728С79, 23856, 23858, 2428С87, 2438C127, 1728С80, 1748С176, 1748С177, 1748С178, 1748С183, 2438С115, 24814, 32847, 1828С34, 1828С35, 1828С49, 33853, 91873, С1185793, С318789, 1838С79, 1838С80, 1838С81, 1838С85, С3281283, С4281457, С4381509, 1848С101, 1848С90, 1848С91, 1848С92, 1848С94, 1848С95, 1848С96, С498В1255, С5280753, С5381040, С6384678, С7387241, 1848С98, 1848С99, 2048С109, 2048С116, 2048С118, С8382220, СВ78В615, СВ98В875, СВ98В927, 2048С125, 2048С144, 2048С148, 2118С26, 2128С58, 2128С60, 2138С107, 2148С113, 2148С114, 2148С116, 2148С133, 2148С136, 21824, 2218С42, 2218С43, 2218С46, 2218С47, 2228С56, 2228С57, 2228С58, 2228С67, 2228С72, 2228С73
2024-12-01 15:09:28,306 - INFO - Initial date in OlapCube_VNV: 2024-11-25
2024-12-01 15:09:28,307 - INFO - Target date: 2024-11-26
2024-12-01 15:09:28,308 - INFO - Previous date: 2024-11-25
2024-12-01 15:09:28,378 - INFO - Извлечено 420 записей на target_date.
2024-12-01 15:09:28,427 - INFO - Извлечено 420 записей на предыдущую дату.
2024-12-01 15:09:28,428 - INFO - Обработано и обновлено 156 записей статуса 'Эксплуатация'.
2024-12-01 15:09:28,532 - INFO - Обработано и обновлено 20 записей статуса 'Исправен'.
2024-12-01 15:09:28,534 - INFO - Обработано и обновлено 8 записей статуса 'Ремонт'.
2024-12-01 15:09:28,535 - INFO - Статус 'Хранение': 1 записей. Обновление не требуется.
2024-12-01 15:09:28,538 - INFO - Статус 'Неактивно': 235 записей. Обновление не требуется.
2024-12-01 15:09:28,539 - INFO - Обновлено всего 15 записей: sne, ppr и repair_days.
2024-12-01 15:09:28,541 - INFO - Serialnos: 038159, 038189, 0828С46, 0828С47, 0918С36, 0938С112, 0948С191, 1528С120, 1828С33, 2348С169, 1848С110, 2048С140, 2138С87, 32890, С3281250
2024-12-01 15:22:14,171 - INFO - Initial date in OlapCube_VNV: 2024-11-25
2024-12-01 15:22:14,172 - INFO - Target date: 2024-11-26
2024-12-01 15:22:14,173 - INFO - Previous date: 2024-11-25
2024-12-01 15:22:14,246 - INFO - Извлечено 420 записей на target_date.
2024-12-01 15:22:14,295 - INFO - Извлечено 420 записей на предыдущую дату.
2024-12-01 15:22:14,297 - INFO - Обработано и обновлено 156 записей статуса 'Эксплуатация'.
2024-12-01 15:22:14,298 - INFO - Обработано и обновлено 20 записей статуса 'Исправен'.
2024-12-01 15:22:14,300 - INFO - Обработано и обновлено 8 записей статуса 'Ремонт'.
2024-12-01 15:22:15,855 - INFO - Обработано и обновлено записей статусов 'Хранение' и 'Неактивно'.
2024-12-01 15:22:15,856 - INFO - Обновлено всего 236 записей: sne, ppr и repair_days.
2024-12-01 15:22:15,858 - INFO - Serialnos: СП88В485, S1, S10, S100, S101, S102, S198, S199, S2, S20, S103, S104, S105, S106, S200, S201, S202, S203, S204, S205, S206, S207, S208, S209, S21, S210, S211, S212, S213, S214, S107, S108, S109, S11, S215, S216, S217, S218, S219, S110, S111, S112, S113, S114, S115, S116, S117, S118, S119, S12, S120, S22, S220, S221, S222, S223, S224, S225, S226, S121, S122, S123, S124, S227, S228, S229, S23, S125, S126, S127, S128, S230, S231, S232, S233, S129, S13, S130, S131, S234, S235, S24, S25, S132, S133, S134, S135, S26, S27, S28, S29, S136, S137, S138, S139, S14, S3, S30, S31, S32, S140, S141, S142, S143, S33, S34, S35, S36, S144, S145, S146, S147, S37, S38, S39, S4, S40, S41, S42, S43, S44, S45, S46, S47, S48, S49, S5, S50, S51, S52, S53, S54, S55, S56, S57, S58, S59, S6, S60, S61, S62, S63, S64, S65, S66, S148, S149, S15, S150, S67, S68, S69, S7, S151, S152, S153, S154, S70, S71, S72, S73, S155, S156, S157, S158, S159, S16, S160, S161, S162, S163, S164, S165, S166, S167, S168, S169, S17, S170, S171, S172, S173, S174, S175, S176, S177, S178, S179, S18, S180, S181, S182, S183, S184, S185, S186, S187, S188, S74, S75, S76, S77, S78, S79, S8, S80, S81, S82, S83, S84, S85, S86, S87, S88, S89, S9, S90, S91, S92, S93, S94, S95, S96, S189, S19, S190, S191, S97, S98, S99, S192, S193, S194, S195, S196, S197
