=== calculate_beyond_repair.py ===
Время выполнения: 0.418 секунд
Timestamp: 2025-07-04 10:22:27.910839

=== STDOUT ===
✅ Environment variables автоматически загружены из .env
✅ Конфигурация загружена: 10.95.19.132:9000
🔒 Пароль получен из environment variable: CLICKHOUSE_PASSWORD

=== STDERR ===
2025-07-04 10:22:27,722 - INFO - 🚀 Запуск расчета Beyond Repair для md_components
2025-07-04 10:22:27,740 - INFO - ✅ Подключение к ClickHouse успешно!
2025-07-04 10:22:27,740 - INFO - 🔧 Добавление колонки br в md_components...
2025-07-04 10:22:27,747 - INFO - ✅ Колонка br (UInt16) добавлена в md_components
2025-07-04 10:22:27,747 - INFO - 📊 Анализ данных компонентов...
2025-07-04 10:22:27,753 - INFO - 📋 Найдено 26 компонентов с полными данными
2025-07-04 10:22:27,753 - INFO - 📋 Примеры компонентов для расчета:
2025-07-04 10:22:27,753 - INFO -    246-1517-000: repair=346,712, purchase=2,924,167
2025-07-04 10:22:27,753 - INFO -    246-3904-000 СЕРИИ 01: repair=743,938, purchase=6,529,330
2025-07-04 10:22:27,753 - INFO -    8-1930-000 СЕР.02: repair=2,120,516, purchase=8,515,093
2025-07-04 10:22:27,753 - INFO - 🧮 Расчет Beyond Repair для компонентов...
2025-07-04 10:22:27,753 - INFO -    246-1517-000 (Ми-17): NR=8000h, MRR=2000h, ремонт=11.9% → BR=7300h
2025-07-04 10:22:27,753 - INFO -    246-3904-000 СЕРИИ 01 (Ми-17): NR=5000h, MRR=1000h, ремонт=11.4% → BR=4609h
2025-07-04 10:22:27,753 - INFO -    8-1930-000 СЕР.02 (Ми-17): NR=6000h, MRR=1500h, ремонт=24.9% → BR=5145h
2025-07-04 10:22:27,753 - INFO -    8-1950-000 (Ми-17): NR=6000h, MRR=2000h, ремонт=19.5% → BR=5159h
2025-07-04 10:22:27,753 - INFO -    8-1960-000 (Ми-17): NR=8000h, MRR=2000h, ремонт=29.5% → BR=6748h
2025-07-04 10:22:27,753 - INFO - ✅ Рассчитано BR для 26 компонентов
2025-07-04 10:22:27,753 - INFO - 💾 Обновление поля br в md_components...
2025-07-04 10:22:27,868 - INFO - ✅ Обновлено 26 записей с BR
2025-07-04 10:22:27,868 - INFO - 🔍 Проверка качества расчета BR...
2025-07-04 10:22:27,875 - INFO - 📊 Статистика BR:
2025-07-04 10:22:27,875 - INFO -    Всего компонентов с ценами: 33
2025-07-04 10:22:27,875 - INFO -    С рассчитанным BR: 24 (72.7%)
2025-07-04 10:22:27,875 - INFO -    Средний BR: 8157 часов
2025-07-04 10:22:27,875 - INFO -    Диапазон BR: 1529 - 16229 часов
2025-07-04 10:22:27,880 - INFO - 📋 Примеры рассчитанных BR:
2025-07-04 10:22:27,880 - INFO -    МИ-8АМТ: BR=16229h (ремонт 14.0%)
2025-07-04 10:22:27,880 - INFO -    МИ-8МТВ: BR=16229h (ремонт 14.0%)
2025-07-04 10:22:27,880 - INFO -    АИ-9В: BR=11390h (ремонт 7.9%)
2025-07-04 10:22:27,880 - INFO -    8А-6314-00: BR=10507h (ремонт 96.2%)
2025-07-04 10:22:27,880 - INFO -    8М-1515-000: BR=10055h (ремонт 31.5%)
2025-07-04 10:22:27,880 - INFO - 🎯 РАСЧЕТ BEYOND REPAIR ЗАВЕРШЕН!
2025-07-04 10:22:27,880 - INFO - 📊 Поле br добавлено в md_components
2025-07-04 10:22:27,880 - INFO - 🚀 Master data готова для Flame GPU environment
