=== dictionary_creator.py ===
Время выполнения: 0.407 секунд
Timestamp: 2025-07-04 10:22:25.862966

=== STDOUT ===
✅ Environment variables автоматически загружены из .env
✅ Конфигурация загружена: 10.95.19.132:9000
🔒 Пароль получен из environment variable: CLICKHOUSE_PASSWORD

=== STDERR ===
2025-07-04 10:22:25,717 - INFO - 🚀 Запуск создания словарей для Flame GPU
2025-07-04 10:22:25,737 - INFO - ✅ Подключение к ClickHouse успешно!
2025-07-04 10:22:25,737 - INFO - 🔍 Анализ данных в heli_pandas...
2025-07-04 10:22:25,741 - INFO - 📊 Анализируем 6,670 записей от 2025-06-23
2025-07-04 10:22:25,748 - INFO -   📋 partno: 37 уникальных значений
2025-07-04 10:22:25,763 - INFO -   📋 serialno: 6649 уникальных значений
2025-07-04 10:22:25,770 - INFO -   📋 ac_typ: 2 уникальных значений
2025-07-04 10:22:25,777 - INFO -   📋 owner: 8 уникальных значений
2025-07-04 10:22:25,777 - INFO - 🔢 Создание словарей маппинга...
2025-07-04 10:22:25,777 - INFO -   ✅ partno: 37 значений → UInt16
2025-07-04 10:22:25,777 - INFO -   ✅ ac_typ: 2 типов ВС → UInt8
2025-07-04 10:22:25,777 - INFO -   ✅ owner: 8 владельцев → UInt8
2025-07-04 10:22:25,777 - INFO -   ✅ serialno: 6649 серийных номеров → UInt16
2025-07-04 10:22:25,778 - INFO - 🏗️ Создание ClickHouse Dictionary таблиц для Direct Join...
2025-07-04 10:22:25,784 - INFO - ✅ Dictionary таблицы созданы для FLAT layout
2025-07-04 10:22:25,784 - INFO - 📊 Заполнение Dictionary таблиц данными...
2025-07-04 10:22:25,789 - INFO - ✅ Загружено 37 партномеров в Dictionary
2025-07-04 10:22:25,794 - INFO - ✅ Загружено 2 типов ВС в Dictionary
2025-07-04 10:22:25,800 - INFO - ✅ Загружено 8 владельцев в Dictionary
2025-07-04 10:22:25,813 - INFO - ✅ Загружено 6649 серийных номеров в Dictionary
2025-07-04 10:22:25,813 - INFO - 📚 Создание ClickHouse Dictionary объектов с FLAT layout...
2025-07-04 10:22:25,833 - INFO - ✅ ClickHouse Dictionary объекты созданы с FLAT layout
2025-07-04 10:22:25,833 - INFO - 🎯 СОЗДАНИЕ CLICKHOUSE DICTIONARY ЗАВЕРШЕНО!
2025-07-04 10:22:25,833 - INFO - 📊 Создано 4 Dictionary объектов для Direct Join
2025-07-04 10:22:25,833 - INFO - 🚀 Готово для интеграции с Flame GPU → ClickHouse → Superset BI
