=== dictionary_creator.py ===
Время выполнения: 0.436 секунд
Timestamp: 2025-07-04 17:13:38.851001

=== STDOUT ===
✅ Environment variables автоматически загружены из .env
✅ Конфигурация загружена: 10.95.19.132:9000
🔒 Пароль получен из environment variable: CLICKHOUSE_PASSWORD

=== STDERR ===
2025-07-04 17:13:38,686 - INFO - 🚀 Запуск создания словарей для Flame GPU
2025-07-04 17:13:38,707 - INFO - ✅ Подключение к ClickHouse успешно!
2025-07-04 17:13:38,707 - INFO - 🔍 Анализ данных в heli_pandas...
2025-07-04 17:13:38,713 - INFO - 📊 Анализируем 7,155 записей от 2025-07-04
2025-07-04 17:13:38,721 - INFO -   📋 partno: 37 уникальных значений
2025-07-04 17:13:38,740 - INFO -   📋 serialno: 7101 уникальных значений
2025-07-04 17:13:38,747 - INFO -   📋 ac_typ: 2 уникальных значений
2025-07-04 17:13:38,754 - INFO -   📋 owner: 8 уникальных значений
2025-07-04 17:13:38,754 - INFO - 🔢 Создание словарей маппинга...
2025-07-04 17:13:38,754 - INFO -   ✅ partno: 37 значений → UInt16
2025-07-04 17:13:38,754 - INFO -   ✅ ac_typ: 2 типов ВС → UInt8
2025-07-04 17:13:38,754 - INFO -   ✅ owner: 8 владельцев → UInt8
2025-07-04 17:13:38,755 - INFO -   ✅ serialno: 7101 серийных номеров → UInt16
2025-07-04 17:13:38,755 - INFO - 🏗️ Создание ClickHouse Dictionary таблиц для Direct Join...
2025-07-04 17:13:38,762 - INFO - ✅ Dictionary таблицы созданы для FLAT layout
2025-07-04 17:13:38,762 - INFO - 📊 Заполнение Dictionary таблиц данными...
2025-07-04 17:13:38,768 - INFO - ✅ Загружено 37 партномеров в Dictionary
2025-07-04 17:13:38,774 - INFO - ✅ Загружено 2 типов ВС в Dictionary
2025-07-04 17:13:38,780 - INFO - ✅ Загружено 8 владельцев в Dictionary
2025-07-04 17:13:38,794 - INFO - ✅ Загружено 7101 серийных номеров в Dictionary
2025-07-04 17:13:38,794 - INFO - 📚 Создание ClickHouse Dictionary объектов с FLAT layout...
2025-07-04 17:13:38,815 - INFO - ✅ ClickHouse Dictionary объекты созданы с FLAT layout
2025-07-04 17:13:38,816 - INFO - 🎯 СОЗДАНИЕ CLICKHOUSE DICTIONARY ЗАВЕРШЕНО!
2025-07-04 17:13:38,816 - INFO - 📊 Создано 4 Dictionary объектов для Direct Join
2025-07-04 17:13:38,816 - INFO - 🚀 Готово для интеграции с Flame GPU → ClickHouse → Superset BI
