=== dictionary_creator.py ===
Время выполнения: 0.379 секунд
Timestamp: 2025-07-03 13:07:05.049174

=== STDOUT ===
✅ Environment variables автоматически загружены из .env
✅ Конфигурация загружена: 10.95.19.132:9000
🔒 Пароль получен из environment variable: CLICKHOUSE_PASSWORD

=== STDERR ===
2025-07-03 13:07:04,939 - INFO - 🚀 Запуск создания словарей для Flame GPU
2025-07-03 13:07:04,962 - INFO - ✅ Подключение к ClickHouse успешно!
2025-07-03 13:07:04,962 - INFO - 🔍 Анализ данных в heli_pandas...
2025-07-03 13:07:04,967 - INFO - 📊 Анализируем 0 записей от 1970-01-01
2025-07-03 13:07:04,972 - INFO -   📋 partno: 0 уникальных значений
2025-07-03 13:07:04,976 - INFO -   📋 serialno: 0 уникальных значений
2025-07-03 13:07:04,980 - INFO -   📋 ac_typ: 0 уникальных значений
2025-07-03 13:07:04,984 - INFO -   📋 owner: 0 уникальных значений
2025-07-03 13:07:04,984 - INFO - 🔢 Создание словарей маппинга...
2025-07-03 13:07:04,985 - INFO -   ✅ partno: 0 значений → UInt16
2025-07-03 13:07:04,985 - INFO -   ✅ ac_typ: 0 типов ВС → UInt8
2025-07-03 13:07:04,985 - INFO -   ✅ owner: 0 владельцев → UInt8
2025-07-03 13:07:04,985 - INFO -   ✅ serialno: 0 серийных номеров → UInt16
2025-07-03 13:07:04,985 - INFO - 🏗️ Создание ClickHouse Dictionary таблиц для Direct Join...
2025-07-03 13:07:04,992 - INFO - ✅ Dictionary таблицы созданы для FLAT layout
2025-07-03 13:07:04,992 - INFO - 📊 Заполнение Dictionary таблиц данными...
2025-07-03 13:07:04,992 - INFO - 📚 Создание ClickHouse Dictionary объектов с FLAT layout...
2025-07-03 13:07:05,015 - INFO - ✅ ClickHouse Dictionary объекты созданы с FLAT layout
2025-07-03 13:07:05,015 - INFO - 🎯 СОЗДАНИЕ CLICKHOUSE DICTIONARY ЗАВЕРШЕНО!
2025-07-03 13:07:05,015 - INFO - 📊 Создано 4 Dictionary объектов для Direct Join
2025-07-03 13:07:05,015 - INFO - 🚀 Готово для интеграции с Flame GPU → ClickHouse → Superset BI
