=== dual_loader.py ===
Время выполнения: 9.619 секунд
Timestamp: 2025-07-04 10:22:25.015845

=== STDOUT ===
🚀 === ДВОЙНОЙ ЗАГРУЗЧИК STATUS_COMPONENTS ===
✅ Environment variables автоматически загружены из .env
✅ Конфигурация загружена: 10.95.19.132:9000
🔒 Пароль получен из environment variable: CLICKHOUSE_PASSWORD
✅ Таблицы heli_raw и heli_pandas готовы
📖 Загружаем data_input/source_data/Status_Components.xlsx...
📖 Загружен Excel файл
📊 Загружено: 109,053 записей
📅 Определение версии данных из Excel метаданных...
📅 Дата создания Excel: 2025-06-23 11:44:50
📋 Файл: Status_Components.xlsx
📏 Размер: 7,386,658 байт
🕐 Модификация ОС: 2025-07-04 10:11:12.153743
🎯 Источник версии: Excel created
🗓️ Версия данных: 2025-06-23
✅ Новая версия данных - продолжаем загрузку
📋 Загружаем список партномеров из таблицы md_components...
✅ Загружено 37 партномеров из таблицы md_components
📊 Статистика данных md_components:
   2025-06-26: 37 записей
📦 Используем фильтр ВСЕ компоненты: 37 партномеров из MD_Components
📋 Первые 10 партномеров: ['246-1517-000', '246-3904-000 СЕРИИ 01', '246-3925-00', '8-1930-000 СЕР.02', '8-1950-000', '8-1960-000', '8-3904-000 СЕРИЯ 06', '8-3922-00', '8А-1515-000', '8А-1516-000']
📋 ... и еще 27 партномеров

📦 Подготовка данных для загрузки...
⚠️  Отсутствующие колонки: ['lease_restricted', 'oh', 'oh_threshold', 'll']
✅ Используем колонки для heli_raw: ['partno', 'serialno', 'ac_typ', 'location', 'mfg_date', 'removal_date', 'target_date', 'condition', 'owner', 'sne', 'ppr']
🔧 Добавляем отсутствующие колонки с дефолтными значениями...
   ➕ lease_restricted: 0 (UInt8)
   ➕ oh: None (Nullable UInt32)
   ➕ oh_threshold: None (Nullable UInt32)
   ➕ ll: None (Nullable UInt32)
🔧 Обрабатываем ресурсное поле oh...
   oh: колонка пустая, заполняем нулями
   oh: 109053 валидных значений, 0 None
🔧 Обрабатываем ресурсное поле oh_threshold...
   oh_threshold: колонка пустая, заполняем нулями
   oh_threshold: 109053 валидных значений, 0 None
🔧 Обрабатываем ресурсное поле ll...
   ll: колонка пустая, заполняем нулями
   ll: 109053 валидных значений, 0 None
🔧 Обрабатываем ресурсное поле sne...
   sne: 109053 валидных значений, 0 None
🔧 Обрабатываем ресурсное поле ppr...
   ppr: 109053 валидных значений, 0 None
✅ Подготовлено 109,053 записей с 16 колонками
📋 Итоговые колонки: ['partno', 'serialno', 'ac_typ', 'location', 'mfg_date', 'removal_date', 'target_date', 'condition', 'owner', 'sne', 'ppr', 'lease_restricted', 'oh', 'oh_threshold', 'll', 'version_date']
✅ heli_raw: порядок колонок установлен (16 полей)
📊 После фильтрации: 6,670 из 109,053 записей
⚠️  Отсутствующие колонки: ['lease_restricted', 'oh', 'oh_threshold', 'll']
✅ Используем колонки для heli_pandas: ['partno', 'serialno', 'ac_typ', 'location', 'mfg_date', 'removal_date', 'target_date', 'condition', 'owner', 'sne', 'ppr']
🔧 Добавляем отсутствующие колонки с дефолтными значениями...
   ➕ lease_restricted: 0 (UInt8)
   ➕ oh: None (Nullable UInt32)
   ➕ oh_threshold: None (Nullable UInt32)
   ➕ ll: None (Nullable UInt32)
🔧 Обрабатываем ресурсное поле oh...
   oh: колонка пустая, заполняем нулями
   oh: 6670 валидных значений, 0 None
🔧 Обрабатываем ресурсное поле oh_threshold...
   oh_threshold: колонка пустая, заполняем нулями
   oh_threshold: 6670 валидных значений, 0 None
🔧 Обрабатываем ресурсное поле ll...
   ll: колонка пустая, заполняем нулями
   ll: 6670 валидных значений, 0 None
🔧 Обрабатываем ресурсное поле sne...
   sne: 6670 валидных значений, 0 None
🔧 Обрабатываем ресурсное поле ppr...
   ppr: 6670 валидных значений, 0 None
✅ Подготовлено 6,670 записей с 16 колонками
📋 Итоговые колонки: ['partno', 'serialno', 'ac_typ', 'location', 'mfg_date', 'removal_date', 'target_date', 'condition', 'owner', 'sne', 'ppr', 'lease_restricted', 'oh', 'oh_threshold', 'll', 'version_date']

🚀 === НАЧИНАЕМ ОПТИМИЗИРОВАННУЮ ЗАГРУЗКУ ===
🚀 Загружаем 109,053 записей в heli_raw (все данные)...
🔍 oh: примеры=[0, 0] типы=['int', 'int'] null=0
🔍 oh_threshold: примеры=[0, 0] типы=['int', 'int'] null=0
🔍 ll: примеры=[0, 0] типы=['int', 'int'] null=0
🔍 sne: примеры=[0, 0] типы=['int', 'int'] null=0
🔍 ppr: примеры=[0, 0] типы=['int', 'int'] null=0
✅ Загружено 109,053 записей в heli_raw
✅ heli_raw записана и освобождена из памяти

🔧 === ОБРАБОТКА PANDAS_DF В ПАМЯТИ ===
🚁 Добавление aircraft_number из поля location...
🔍 Извлечение номеров вертолетов из RA- значений...
✅ Извлечено 285 номеров вертолетов
✅ Обогащено 4026 записей номерами вертолетов
📊 Добавление status через систему процессоров...
🔧 Этап 1: Статусы капремонта...

🚀 === ОБРАБОТКА ПОЛЯ STATUS ===
📊 Обрабатываем 6,670 записей

🚁 Этап 1: Планеры ВС через status_overhaul
🚁 Обработка статусов планеров ВС (упрощенная логика)...
📋 Загружаем данные из status_overhaul...
✅ Загружено 7 записей активного капремонта ВС
📊 Статусы: {'В процессе': 6, 'Открыто': 1}
🔍 Примеры ВС в капремонте:
   RA-22215: В процессе
   RA-22427: В процессе
   RA-22481: В процессе
➕ Добавлена колонка 'status' со значением по умолчанию 0
📋 Создан словарь капремонтов для 7 ВС
🔍 Номера ВС в капремонте: ['22215', '22427', '22481', '22486', '22489', '22494', '22802']
✅ СОВПАДЕНИЕ: serialno=22215 - капремонт: В процессе
   ✅ status = 4 (Ремонт)
   ✅ removal_date = 2025-04-16
   ✅ target_date = 2025-09-05
✅ СОВПАДЕНИЕ: serialno=22481 - капремонт: В процессе
   ✅ status = 4 (Ремонт)
   ✅ removal_date = 2024-12-23
   ✅ target_date = 2025-05-30
✅ СОВПАДЕНИЕ: serialno=22486 - капремонт: В процессе
   ✅ status = 4 (Ремонт)
   ✅ removal_date = 2025-04-02
   ✅ target_date = 2025-06-17
✅ СОВПАДЕНИЕ: serialno=22489 - капремонт: В процессе
   ✅ status = 4 (Ремонт)
   ✅ removal_date = 2025-03-25
   ✅ target_date = 2025-06-29
✅ СОВПАДЕНИЕ: serialno=22494 - капремонт: В процессе
   ✅ status = 4 (Ремонт)
   ✅ removal_date = 2025-03-04
   ✅ target_date = 2025-06-25
✅ СОВПАДЕНИЕ: serialno=22802 - капремонт: Открыто
   ✅ status = 4 (Ремонт)
   ✅ removal_date = 2025-03-11
   ✅ target_date = 2025-07-11
✅ СОВПАДЕНИЕ: serialno=22427 - капремонт: В процессе
   ✅ status = 4 (Ремонт)
   ✅ removal_date = 2025-02-12
   ✅ target_date = 2025-06-04

📊 Результаты сопоставления:
   ВС в капремонте: 7
   Совпадений найдено: 7
   Статусов обновлено до 'Ремонт': 7
   Дат обновлено: 14

🔧 Этап 2: Остальные компоненты
🔧 Обработка статусов компонентов (заглушка для v1)...
🔧 Найдено 6670 компонентов (не планеров)
ℹ️ Компоненты получат статус по умолчанию 0 (обработка в следующих версиях)

📊 Итоговое распределение статусов:
   0 - Неизвестно(0): 6,663 записей
   4 - Ремонт: 7 записей

✅ Обработка статусов завершена
🔧 Этап 2: Статусы эксплуатации...

🚀 === ОБРАБОТКА СТАТУСОВ ЧЕРЕЗ PROGRAM_AC ===
📊 Обрабатываем 6,670 записей
📊 Начальное распределение статусов:
   0 - Неизвестно(0): 6,663 записей
   4 - Ремонт: 7 записей
🔧 Обработка статусов компонентов через program_ac...
📋 Загружаем данные из program_ac...
✅ Загружено 178 записей ВС в эксплуатации
📊 Типы ВС: {'МИ8': 68, 'МИ8МТВ': 54, 'МИ8АМТ': 28}
🔍 Примеры ВС в эксплуатации:
   RA-4043: 350B3 (ЮТ-ВУ)
   RA-4105: 355N (ЮТ-ВУ)
   RA-6012: МИ26Т (ЮТ-ВУ)
📋 Создан словарь эксплуатации для 178 ВС
🚁 Найдено 145 компонентов с serialno = ac_registr для обработки
🔍 Примеры компонентов для обработки:
   serialno=22171, current_status=0
   serialno=22172, current_status=0
   serialno=22179, current_status=0
✅ Компонент serialno=22171: статус 0 → 2 (Эксплуатация), ВС МИ8АМТ
✅ Компонент serialno=22172: статус 0 → 2 (Эксплуатация), ВС МИ8АМТ
✅ Компонент serialno=22179: статус 0 → 2 (Эксплуатация), ВС МИ8АМТ
✅ Компонент serialno=22210: статус 0 → 2 (Эксплуатация), ВС МИ8АМТ
✅ Компонент serialno=22211: статус 0 → 2 (Эксплуатация), ВС МИ8АМТ
⏭️ Компонент serialno=22215: статус уже установлен (4=Ремонт) - пропускаем
✅ Компонент serialno=22221: статус 0 → 2 (Эксплуатация), ВС МИ8АМТ
✅ Компонент serialno=22425: статус 0 → 2 (Эксплуатация), ВС МИ8АМТ
✅ Компонент serialno=22426: статус 0 → 2 (Эксплуатация), ВС МИ8АМТ
✅ Компонент serialno=22435: статус 0 → 2 (Эксплуатация), ВС МИ8АМТ
✅ Компонент serialno=22437: статус 0 → 2 (Эксплуатация), ВС МИ8АМТ
✅ Компонент serialno=22438: статус 0 → 2 (Эксплуатация), ВС МИ8АМТ
✅ Компонент serialno=22473: статус 0 → 2 (Эксплуатация), ВС МИ8АМТ
✅ Компонент serialno=22476: статус 0 → 2 (Эксплуатация), ВС МИ8АМТ
✅ Компонент serialno=22480: статус 0 → 2 (Эксплуатация), ВС МИ8АМТ
✅ Компонент serialno=22482: статус 0 → 2 (Эксплуатация), ВС МИ8АМТ
✅ Компонент serialno=22485: статус 0 → 2 (Эксплуатация), ВС МИ8АМТ
✅ Компонент serialno=22487: статус 0 → 2 (Эксплуатация), ВС МИ8АМТ
⏭️ Компонент serialno=22489: статус уже установлен (4=Ремонт) - пропускаем
✅ Компонент serialno=22491: статус 0 → 2 (Эксплуатация), ВС МИ8АМТ
✅ Компонент serialno=22492: статус 0 → 2 (Эксплуатация), ВС МИ8АМТ
⏭️ Компонент serialno=22494: статус уже установлен (4=Ремонт) - пропускаем
✅ Компонент serialno=22496: статус 0 → 2 (Эксплуатация), ВС МИ8АМТ
✅ Компонент serialno=22242: статус 0 → 2 (Эксплуатация), ВС МИ8МТВ
✅ Компонент serialno=22245: статус 0 → 2 (Эксплуатация), ВС МИ8МТВ
✅ Компонент serialno=22249: статус 0 → 2 (Эксплуатация), ВС МИ8МТВ
✅ Компонент serialno=22250: статус 0 → 2 (Эксплуатация), ВС МИ8МТВ
✅ Компонент serialno=22251: статус 0 → 2 (Эксплуатация), ВС МИ8МТВ
✅ Компонент serialno=22252: статус 0 → 2 (Эксплуатация), ВС МИ8МТВ
✅ Компонент serialno=22254: статус 0 → 2 (Эксплуатация), ВС МИ8МТВ
✅ Компонент serialno=22268: статус 0 → 2 (Эксплуатация), ВС МИ8МТВ
✅ Компонент serialno=22269: статус 0 → 2 (Эксплуатация), ВС МИ8МТВ
✅ Компонент serialno=22417: статус 0 → 2 (Эксплуатация), ВС МИ8МТВ
✅ Компонент serialno=22418: статус 0 → 2 (Эксплуатация), ВС МИ8МТВ
✅ Компонент serialno=22504: статус 0 → 2 (Эксплуатация), ВС МИ8МТВ
✅ Компонент serialno=22554: статус 0 → 2 (Эксплуатация), ВС МИ8МТВ
✅ Компонент serialno=22570: статус 0 → 2 (Эксплуатация), ВС МИ8МТВ
✅ Компонент serialno=22571: статус 0 → 2 (Эксплуатация), ВС МИ8МТВ
✅ Компонент serialno=22572: статус 0 → 2 (Эксплуатация), ВС МИ8МТВ
✅ Компонент serialno=22579: статус 0 → 2 (Эксплуатация), ВС МИ8МТВ
✅ Компонент serialno=22581: статус 0 → 2 (Эксплуатация), ВС МИ8МТВ
✅ Компонент serialno=22591: статус 0 → 2 (Эксплуатация), ВС МИ8МТВ
✅ Компонент serialno=22597: статус 0 → 2 (Эксплуатация), ВС МИ8МТВ
✅ Компонент serialno=22599: статус 0 → 2 (Эксплуатация), ВС МИ8МТВ
✅ Компонент serialno=22610: статус 0 → 2 (Эксплуатация), ВС МИ8МТВ
✅ Компонент serialno=22614: статус 0 → 2 (Эксплуатация), ВС МИ8МТВ
✅ Компонент serialno=22620: статус 0 → 2 (Эксплуатация), ВС МИ8МТВ
✅ Компонент serialno=22655: статус 0 → 2 (Эксплуатация), ВС МИ8МТВ
✅ Компонент serialno=22658: статус 0 → 2 (Эксплуатация), ВС МИ8МТВ
✅ Компонент serialno=22939: статус 0 → 2 (Эксплуатация), ВС МИ8МТВ
✅ Компонент serialno=22952: статус 0 → 2 (Эксплуатация), ВС МИ8МТВ
✅ Компонент serialno=22978: статус 0 → 2 (Эксплуатация), ВС МИ8МТВ
✅ Компонент serialno=22991: статус 0 → 2 (Эксплуатация), ВС МИ8МТВ
✅ Компонент serialno=25127: статус 0 → 2 (Эксплуатация), ВС МИ8МТВ
✅ Компонент serialno=25172: статус 0 → 2 (Эксплуатация), ВС МИ8МТВ
✅ Компонент serialno=25229: статус 0 → 2 (Эксплуатация), ВС МИ8МТВ
✅ Компонент serialno=25230: статус 0 → 2 (Эксплуатация), ВС МИ8МТВ
✅ Компонент serialno=25421: статус 0 → 2 (Эксплуатация), ВС МИ8МТВ
✅ Компонент serialno=25422: статус 0 → 2 (Эксплуатация), ВС МИ8МТВ
✅ Компонент serialno=25479: статус 0 → 2 (Эксплуатация), ВС МИ8МТВ
✅ Компонент serialno=25484: статус 0 → 2 (Эксплуатация), ВС МИ8МТВ
✅ Компонент serialno=25489: статус 0 → 2 (Эксплуатация), ВС МИ8МТВ
✅ Компонент serialno=25496: статус 0 → 2 (Эксплуатация), ВС МИ8МТВ
✅ Компонент serialno=25558: статус 0 → 2 (Эксплуатация), ВС МИ8МТВ
✅ Компонент serialno=25751: статус 0 → 2 (Эксплуатация), ВС МИ8МТВ
✅ Компонент serialno=25752: статус 0 → 2 (Эксплуатация), ВС МИ8МТВ
✅ Компонент serialno=25821: статус 0 → 2 (Эксплуатация), ВС МИ8МТВ
✅ Компонент serialno=25822: статус 0 → 2 (Эксплуатация), ВС МИ8МТВ
✅ Компонент serialno=27024: статус 0 → 2 (Эксплуатация), ВС МИ8МТВ
✅ Компонент serialno=27057: статус 0 → 2 (Эксплуатация), ВС МИ8МТВ
✅ Компонент serialno=27065: статус 0 → 2 (Эксплуатация), ВС МИ8МТВ
✅ Компонент serialno=27067: статус 0 → 2 (Эксплуатация), ВС МИ8МТВ
✅ Компонент serialno=27068: статус 0 → 2 (Эксплуатация), ВС МИ8МТВ
✅ Компонент serialno=27090: статус 0 → 2 (Эксплуатация), ВС МИ8МТВ
✅ Компонент serialno=27128: статус 0 → 2 (Эксплуатация), ВС МИ8МТВ
✅ Компонент serialno=27131: статус 0 → 2 (Эксплуатация), ВС МИ8МТВ
✅ Компонент serialno=27133: статус 0 → 2 (Эксплуатация), ВС МИ8МТВ
✅ Компонент serialno=25963: статус 0 → 2 (Эксплуатация), ВС МИ8
✅ Компонент serialno=22556: статус 0 → 2 (Эксплуатация), ВС МИ8
✅ Компонент serialno=22607: статус 0 → 2 (Эксплуатация), ВС МИ8
✅ Компонент serialno=22633: статус 0 → 2 (Эксплуатация), ВС МИ8
✅ Компонент serialno=22654: статус 0 → 2 (Эксплуатация), ВС МИ8
✅ Компонент serialno=22774: статус 0 → 2 (Эксплуатация), ВС МИ8
✅ Компонент serialno=22778: статус 0 → 2 (Эксплуатация), ВС МИ8
✅ Компонент serialno=22861: статус 0 → 2 (Эксплуатация), ВС МИ8
✅ Компонент serialno=22884: статус 0 → 2 (Эксплуатация), ВС МИ8
✅ Компонент serialno=22890: статус 0 → 2 (Эксплуатация), ВС МИ8
✅ Компонент serialno=22891: статус 0 → 2 (Эксплуатация), ВС МИ8
✅ Компонент serialno=22892: статус 0 → 2 (Эксплуатация), ВС МИ8
✅ Компонент serialno=22915: статус 0 → 2 (Эксплуатация), ВС МИ8
✅ Компонент serialno=22922: статус 0 → 2 (Эксплуатация), ВС МИ8
✅ Компонент serialno=24103: статус 0 → 2 (Эксплуатация), ВС МИ8
✅ Компонент serialno=24105: статус 0 → 2 (Эксплуатация), ВС МИ8
✅ Компонент serialno=24107: статус 0 → 2 (Эксплуатация), ВС МИ8
✅ Компонент serialno=24113: статус 0 → 2 (Эксплуатация), ВС МИ8
✅ Компонент serialno=24120: статус 0 → 2 (Эксплуатация), ВС МИ8
✅ Компонент serialno=24121: статус 0 → 2 (Эксплуатация), ВС МИ8
✅ Компонент serialno=24124: статус 0 → 2 (Эксплуатация), ВС МИ8
✅ Компонент serialno=24125: статус 0 → 2 (Эксплуатация), ВС МИ8
✅ Компонент serialno=24126: статус 0 → 2 (Эксплуатация), ВС МИ8
✅ Компонент serialno=24135: статус 0 → 2 (Эксплуатация), ВС МИ8
✅ Компонент serialno=24144: статус 0 → 2 (Эксплуатация), ВС МИ8
✅ Компонент serialno=24147: статус 0 → 2 (Эксплуатация), ВС МИ8
✅ Компонент serialno=24157: статус 0 → 2 (Эксплуатация), ВС МИ8
✅ Компонент serialno=24171: статус 0 → 2 (Эксплуатация), ВС МИ8
✅ Компонент serialno=24177: статус 0 → 2 (Эксплуатация), ВС МИ8
✅ Компонент serialno=24186: статус 0 → 2 (Эксплуатация), ВС МИ8
✅ Компонент serialno=24191: статус 0 → 2 (Эксплуатация), ВС МИ8
✅ Компонент serialno=24197: статус 0 → 2 (Эксплуатация), ВС МИ8
✅ Компонент serialno=24222: статус 0 → 2 (Эксплуатация), ВС МИ8
✅ Компонент serialno=24223: статус 0 → 2 (Эксплуатация), ВС МИ8
✅ Компонент serialno=24227: статус 0 → 2 (Эксплуатация), ВС МИ8
✅ Компонент serialno=24238: статус 0 → 2 (Эксплуатация), ВС МИ8
✅ Компонент serialno=24246: статус 0 → 2 (Эксплуатация), ВС МИ8
✅ Компонент serialno=24274: статус 0 → 2 (Эксплуатация), ВС МИ8
✅ Компонент serialno=24285: статус 0 → 2 (Эксплуатация), ВС МИ8
✅ Компонент serialno=24286: статус 0 → 2 (Эксплуатация), ВС МИ8
✅ Компонент serialno=24287: статус 0 → 2 (Эксплуатация), ВС МИ8
✅ Компонент serialno=24294: статус 0 → 2 (Эксплуатация), ВС МИ8
✅ Компонент serialno=24441: статус 0 → 2 (Эксплуатация), ВС МИ8
✅ Компонент serialno=24479: статус 0 → 2 (Эксплуатация), ВС МИ8
✅ Компонент serialno=24488: статус 0 → 2 (Эксплуатация), ВС МИ8
✅ Компонент serialno=24492: статус 0 → 2 (Эксплуатация), ВС МИ8
✅ Компонент serialno=24500: статус 0 → 2 (Эксплуатация), ВС МИ8
✅ Компонент serialno=24505: статус 0 → 2 (Эксплуатация), ВС МИ8
✅ Компонент serialno=24539: статус 0 → 2 (Эксплуатация), ВС МИ8
✅ Компонент serialno=24546: статус 0 → 2 (Эксплуатация), ВС МИ8
✅ Компонент serialno=24577: статус 0 → 2 (Эксплуатация), ВС МИ8
✅ Компонент serialno=24579: статус 0 → 2 (Эксплуатация), ВС МИ8
✅ Компонент serialno=24580: статус 0 → 2 (Эксплуатация), ВС МИ8
✅ Компонент serialno=24585: статус 0 → 2 (Эксплуатация), ВС МИ8
✅ Компонент serialno=24592: статус 0 → 2 (Эксплуатация), ВС МИ8
✅ Компонент serialno=24593: статус 0 → 2 (Эксплуатация), ВС МИ8
✅ Компонент serialno=24645: статус 0 → 2 (Эксплуатация), ВС МИ8
✅ Компонент serialno=24689: статус 0 → 2 (Эксплуатация), ВС МИ8
✅ Компонент serialno=24726: статус 0 → 2 (Эксплуатация), ВС МИ8
✅ Компонент serialno=25145: статус 0 → 2 (Эксплуатация), ВС МИ8
✅ Компонент serialno=25154: статус 0 → 2 (Эксплуатация), ВС МИ8
✅ Компонент serialno=25159: статус 0 → 2 (Эксплуатация), ВС МИ8
✅ Компонент serialno=25161: статус 0 → 2 (Эксплуатация), ВС МИ8
✅ Компонент serialno=25164: статус 0 → 2 (Эксплуатация), ВС МИ8
✅ Компонент serialno=25355: статус 0 → 2 (Эксплуатация), ВС МИ8
✅ Компонент serialno=25390: статус 0 → 2 (Эксплуатация), ВС МИ8
✅ Компонент serialno=25537: статус 0 → 2 (Эксплуатация), ВС МИ8
⏭️ Компонент serialno=22427: статус уже установлен (4=Ремонт) - пропускаем

📊 Результаты обработки компонентов через program_ac:
   Найдено компонентов ВС: 145
   Статусов обновлено до 'Эксплуатация': 141
   Пропущено (статус уже установлен): 4

📊 Итоговое распределение статусов:
   0 - Неизвестно(0): 6,522 записей (-141)
   2 - Эксплуатация: 141 записей (+141)
   4 - Ремонт: 7 записей

✅ Обработка статусов через program_ac завершена
🔧 Выравнивание порядка колонок согласно схеме таблицы...
✅ Порядок колонок выровнен: 18 полей
📋 Колонки: ['partno', 'serialno', 'ac_typ', 'location', 'mfg_date', 'removal_date', 'target_date', 'condition', 'owner', 'lease_restricted', 'oh', 'oh_threshold', 'll', 'sne', 'ppr', 'version_date', 'status', 'aircraft_number']
🚀 Загружаем 6,670 записей в heli_pandas (фильтрованные + обогащенные)...
🔍 oh: примеры=[0, 0] типы=['int', 'int'] null=0
🔍 oh_threshold: примеры=[0, 0] типы=['int', 'int'] null=0
🔍 ll: примеры=[0, 0] типы=['int', 'int'] null=0
🔍 sne: примеры=[797106, 692407] типы=['int', 'int'] null=0
🔍 ppr: примеры=[14346, 22547] типы=['int', 'int'] null=0
✅ Загружено 6,670 записей в heli_pandas

🎉 === ЗАГРУЗКА ЗАВЕРШЕНА УСПЕШНО ===

🔍 === ПРОВЕРКА КОЛИЧЕСТВА ЗАПИСЕЙ ===
📊 Исходный Excel файл: 109,053 записей
📊 heli_raw (все данные): 109,053 записей
📊 heli_pandas (фильтрованные): 6,670 записей
📦 Фильтр по 37 партномерам из MD_Components
📦 Уникальных партномеров в heli_pandas: 37

✅ Все проверки пройдены успешно!
✅ Покрытие партномеров: 37/37 (100.0%)
✅ Фильтрация: 6.1% записей прошли фильтр

🎯 === ИТОГОВАЯ СТАТИСТИКА ===
📅 Версия данных: 2025-06-23
📊 heli_raw: 109,053 записей (все данные)
📊 heli_pandas: 6,670 записей (фильтрованные)
⚡ Улучшенная версионность с проверкой года
🔍 Проверки качества: ✅ ПРОЙДЕНЫ

=== STDERR ===
/home/budnik_an/cube linux/cube/code/dual_loader.py:239: UserWarning: Could not infer format, so each element will be parsed individually, falling back to `dateutil`. To ensure parsing is consistent and as-expected, please specify a format.
  df[col] = pd.to_datetime(df[col], dayfirst=True, errors='coerce').dt.date
