=== dual_loader.py ===
Время выполнения: 5.495 секунд
Timestamp: 2025-07-03 13:07:04.188250

=== STDOUT ===
🚀 === ДВОЙНОЙ ЗАГРУЗЧИК STATUS_COMPONENTS ===
✅ Environment variables автоматически загружены из .env
✅ Конфигурация загружена: 10.95.19.132:9000
🔒 Пароль получен из environment variable: CLICKHOUSE_PASSWORD
✅ Таблицы heli_raw и heli_pandas готовы
📖 Загружаем data_input/source_data/Status_Components.xlsx...
📖 Загружен Excel файл
📊 Загружено: 109,053 записей
📅 Определение версии данных из Excel метаданных...
📅 Дата создания Excel: 2025-06-23 11:44:50
📋 Файл: Status_Components.xlsx
📏 Размер: 7,368,991 байт
🕐 Модификация ОС: 2025-07-03 10:38:55.406173
🎯 Источник версии: Excel created
🗓️ Версия данных: 2025-06-23
✅ Новая версия данных - продолжаем загрузку
📋 Загружаем список партномеров из таблицы md_components...
✅ Загружено 37 партномеров из таблицы md_components
📊 Статистика данных md_components:
   2025-06-26: 37 записей
📦 Используем фильтр ВСЕ компоненты: 37 партномеров из MD_Components
📋 Первые 10 партномеров: ['246-1517-000', '246-3904-000 СЕРИИ 01', '246-3925-00', '8-1930-000 СЕР.02', '8-1950-000', '8-1960-000', '8-3904-000 СЕРИЯ 06', '8-3922-00', '8А-1515-000', '8А-1516-000']
📋 ... и еще 27 партномеров

📦 Подготовка данных для загрузки...
⚠️  Отсутствующие колонки: ['lease_restricted', 'oh', 'oh_threshold', 'll']
✅ Используем колонки: ['partno', 'serialno', 'ac_typ', 'location', 'mfg_date', 'removal_date', 'target_date', 'condition', 'owner', 'sne', 'ppr']
📊 Подготовлено 109,053 записей с 12 колонками
📊 После фильтрации: 6,669 из 109,053 записей
⚠️  Отсутствующие колонки: ['lease_restricted', 'oh', 'oh_threshold', 'll']
✅ Используем колонки: ['partno', 'serialno', 'ac_typ', 'location', 'mfg_date', 'removal_date', 'target_date', 'condition', 'owner', 'sne', 'ppr']
📊 Подготовлено 6,669 записей с 12 колонками

🔧 === ОБРАБОТКА СТАТУСОВ ===
✅ Поле status добавлено в схему heli_pandas

🚀 === ОБРАБОТКА ПОЛЯ STATUS ===
📊 Обрабатываем 6,669 записей
🔧 Обработка статусов компонентов ВС через status_overhaul...
📋 Загружаем данные из status_overhaul...
✅ Загружено 7 записей активного капремонта ВС
📊 Статусы: {'В процессе': 6, 'Открыто': 1}
➕ Добавлена колонка 'status' со значением по умолчанию 0
📋 Ключи в status_dict: ['22215', '22427', '22481', '22486', '22489', '22494', '22802']
🚁 Найдено 6 компонентов с serialno = ac_registr для обработки
✅ Компонент serialno=22215: статус=В процессе → status=4 (Ремонт)
✅ Компонент serialno=22481: статус=В процессе → status=4 (Ремонт)
✅ Компонент serialno=22486: статус=В процессе → status=4 (Ремонт)
✅ Компонент serialno=22489: статус=В процессе → status=4 (Ремонт)
✅ Компонент serialno=22494: статус=В процессе → status=4 (Ремонт)
✅ Компонент serialno=22802: статус=Открыто → status=4 (Ремонт)

📊 Результаты обработки компонентов:
   Обработано компонентов: 6
   Статусов обновлено: 6
   Дат обновлено: 12
🔧 Исправляем типы дат после обновления...
🔧 Обработка статусов компонентов (заглушка)...
🔧 Найдено 6669 компонентов (не планеров) - статус по умолчанию

📊 Итоговое распределение статусов:
   0 - Неизвестно(0): 6,663 записей
   4 - Ремонт: 6 записей
✅ Обработка статусов завершена
✅ Статусы капремонта обработаны для планеров

🚀 === ОБРАБОТКА СТАТУСОВ ЧЕРЕЗ PROGRAM_AC ===
📊 Обрабатываем 6,669 записей
📊 Начальное распределение статусов:
   0 - Неизвестно(0): 6,663 записей
   4 - Ремонт: 6 записей
🔧 Обработка статусов компонентов ВС через program_ac...
📋 Загружаем данные из program_ac...
✅ Загружено 178 записей ВС в эксплуатации
📊 Типы ВС: {'МИ8': 68, 'МИ8МТВ': 54, 'МИ8АМТ': 28}
📋 Найдено 178 ВС в эксплуатации для обработки
🚁 Найдено 144 компонентов с serialno = ac_registr для обработки
✅ Компонент serialno=22171: статус 0 → 2 (Эксплуатация), ВС тип=МИ8АМТ
✅ Компонент serialno=22172: статус 0 → 2 (Эксплуатация), ВС тип=МИ8АМТ
✅ Компонент serialno=22179: статус 0 → 2 (Эксплуатация), ВС тип=МИ8АМТ
✅ Компонент serialno=22210: статус 0 → 2 (Эксплуатация), ВС тип=МИ8АМТ
✅ Компонент serialno=22211: статус 0 → 2 (Эксплуатация), ВС тип=МИ8АМТ
⏭️ Компонент serialno=22215: статус уже установлен (4) - пропускаем
✅ Компонент serialno=22221: статус 0 → 2 (Эксплуатация), ВС тип=МИ8АМТ
✅ Компонент serialno=22425: статус 0 → 2 (Эксплуатация), ВС тип=МИ8АМТ
✅ Компонент serialno=22426: статус 0 → 2 (Эксплуатация), ВС тип=МИ8АМТ
✅ Компонент serialno=22435: статус 0 → 2 (Эксплуатация), ВС тип=МИ8АМТ
✅ Компонент serialno=22437: статус 0 → 2 (Эксплуатация), ВС тип=МИ8АМТ
✅ Компонент serialno=22438: статус 0 → 2 (Эксплуатация), ВС тип=МИ8АМТ
✅ Компонент serialno=22473: статус 0 → 2 (Эксплуатация), ВС тип=МИ8АМТ
✅ Компонент serialno=22476: статус 0 → 2 (Эксплуатация), ВС тип=МИ8АМТ
✅ Компонент serialno=22480: статус 0 → 2 (Эксплуатация), ВС тип=МИ8АМТ
✅ Компонент serialno=22482: статус 0 → 2 (Эксплуатация), ВС тип=МИ8АМТ
✅ Компонент serialno=22485: статус 0 → 2 (Эксплуатация), ВС тип=МИ8АМТ
✅ Компонент serialno=22487: статус 0 → 2 (Эксплуатация), ВС тип=МИ8АМТ
⏭️ Компонент serialno=22489: статус уже установлен (4) - пропускаем
✅ Компонент serialno=22491: статус 0 → 2 (Эксплуатация), ВС тип=МИ8АМТ
✅ Компонент serialno=22492: статус 0 → 2 (Эксплуатация), ВС тип=МИ8АМТ
⏭️ Компонент serialno=22494: статус уже установлен (4) - пропускаем
✅ Компонент serialno=22496: статус 0 → 2 (Эксплуатация), ВС тип=МИ8АМТ
✅ Компонент serialno=22242: статус 0 → 2 (Эксплуатация), ВС тип=МИ8МТВ
✅ Компонент serialno=22245: статус 0 → 2 (Эксплуатация), ВС тип=МИ8МТВ
✅ Компонент serialno=22249: статус 0 → 2 (Эксплуатация), ВС тип=МИ8МТВ
✅ Компонент serialno=22250: статус 0 → 2 (Эксплуатация), ВС тип=МИ8МТВ
✅ Компонент serialno=22251: статус 0 → 2 (Эксплуатация), ВС тип=МИ8МТВ
✅ Компонент serialno=22252: статус 0 → 2 (Эксплуатация), ВС тип=МИ8МТВ
✅ Компонент serialno=22254: статус 0 → 2 (Эксплуатация), ВС тип=МИ8МТВ
✅ Компонент serialno=22268: статус 0 → 2 (Эксплуатация), ВС тип=МИ8МТВ
✅ Компонент serialno=22269: статус 0 → 2 (Эксплуатация), ВС тип=МИ8МТВ
✅ Компонент serialno=22417: статус 0 → 2 (Эксплуатация), ВС тип=МИ8МТВ
✅ Компонент serialno=22418: статус 0 → 2 (Эксплуатация), ВС тип=МИ8МТВ
✅ Компонент serialno=22504: статус 0 → 2 (Эксплуатация), ВС тип=МИ8МТВ
✅ Компонент serialno=22554: статус 0 → 2 (Эксплуатация), ВС тип=МИ8МТВ
✅ Компонент serialno=22570: статус 0 → 2 (Эксплуатация), ВС тип=МИ8МТВ
✅ Компонент serialno=22571: статус 0 → 2 (Эксплуатация), ВС тип=МИ8МТВ
✅ Компонент serialno=22572: статус 0 → 2 (Эксплуатация), ВС тип=МИ8МТВ
✅ Компонент serialno=22579: статус 0 → 2 (Эксплуатация), ВС тип=МИ8МТВ
✅ Компонент serialno=22581: статус 0 → 2 (Эксплуатация), ВС тип=МИ8МТВ
✅ Компонент serialno=22591: статус 0 → 2 (Эксплуатация), ВС тип=МИ8МТВ
✅ Компонент serialno=22597: статус 0 → 2 (Эксплуатация), ВС тип=МИ8МТВ
✅ Компонент serialno=22599: статус 0 → 2 (Эксплуатация), ВС тип=МИ8МТВ
✅ Компонент serialno=22610: статус 0 → 2 (Эксплуатация), ВС тип=МИ8МТВ
✅ Компонент serialno=22614: статус 0 → 2 (Эксплуатация), ВС тип=МИ8МТВ
✅ Компонент serialno=22620: статус 0 → 2 (Эксплуатация), ВС тип=МИ8МТВ
✅ Компонент serialno=22655: статус 0 → 2 (Эксплуатация), ВС тип=МИ8МТВ
✅ Компонент serialno=22658: статус 0 → 2 (Эксплуатация), ВС тип=МИ8МТВ
✅ Компонент serialno=22939: статус 0 → 2 (Эксплуатация), ВС тип=МИ8МТВ
✅ Компонент serialno=22952: статус 0 → 2 (Эксплуатация), ВС тип=МИ8МТВ
✅ Компонент serialno=22978: статус 0 → 2 (Эксплуатация), ВС тип=МИ8МТВ
✅ Компонент serialno=22991: статус 0 → 2 (Эксплуатация), ВС тип=МИ8МТВ
✅ Компонент serialno=25127: статус 0 → 2 (Эксплуатация), ВС тип=МИ8МТВ
✅ Компонент serialno=25172: статус 0 → 2 (Эксплуатация), ВС тип=МИ8МТВ
✅ Компонент serialno=25229: статус 0 → 2 (Эксплуатация), ВС тип=МИ8МТВ
✅ Компонент serialno=25230: статус 0 → 2 (Эксплуатация), ВС тип=МИ8МТВ
✅ Компонент serialno=25421: статус 0 → 2 (Эксплуатация), ВС тип=МИ8МТВ
✅ Компонент serialno=25422: статус 0 → 2 (Эксплуатация), ВС тип=МИ8МТВ
✅ Компонент serialno=25479: статус 0 → 2 (Эксплуатация), ВС тип=МИ8МТВ
✅ Компонент serialno=25484: статус 0 → 2 (Эксплуатация), ВС тип=МИ8МТВ
✅ Компонент serialno=25489: статус 0 → 2 (Эксплуатация), ВС тип=МИ8МТВ
✅ Компонент serialno=25496: статус 0 → 2 (Эксплуатация), ВС тип=МИ8МТВ
✅ Компонент serialno=25558: статус 0 → 2 (Эксплуатация), ВС тип=МИ8МТВ
✅ Компонент serialno=25751: статус 0 → 2 (Эксплуатация), ВС тип=МИ8МТВ
✅ Компонент serialno=25752: статус 0 → 2 (Эксплуатация), ВС тип=МИ8МТВ
✅ Компонент serialno=25821: статус 0 → 2 (Эксплуатация), ВС тип=МИ8МТВ
✅ Компонент serialno=25822: статус 0 → 2 (Эксплуатация), ВС тип=МИ8МТВ
✅ Компонент serialno=27024: статус 0 → 2 (Эксплуатация), ВС тип=МИ8МТВ
✅ Компонент serialno=27057: статус 0 → 2 (Эксплуатация), ВС тип=МИ8МТВ
✅ Компонент serialno=27065: статус 0 → 2 (Эксплуатация), ВС тип=МИ8МТВ
✅ Компонент serialno=27067: статус 0 → 2 (Эксплуатация), ВС тип=МИ8МТВ
✅ Компонент serialno=27068: статус 0 → 2 (Эксплуатация), ВС тип=МИ8МТВ
✅ Компонент serialno=27090: статус 0 → 2 (Эксплуатация), ВС тип=МИ8МТВ
✅ Компонент serialno=27128: статус 0 → 2 (Эксплуатация), ВС тип=МИ8МТВ
✅ Компонент serialno=27131: статус 0 → 2 (Эксплуатация), ВС тип=МИ8МТВ
✅ Компонент serialno=27133: статус 0 → 2 (Эксплуатация), ВС тип=МИ8МТВ
✅ Компонент serialno=25963: статус 0 → 2 (Эксплуатация), ВС тип=МИ8
✅ Компонент serialno=22556: статус 0 → 2 (Эксплуатация), ВС тип=МИ8
✅ Компонент serialno=22607: статус 0 → 2 (Эксплуатация), ВС тип=МИ8
✅ Компонент serialno=22633: статус 0 → 2 (Эксплуатация), ВС тип=МИ8
✅ Компонент serialno=22654: статус 0 → 2 (Эксплуатация), ВС тип=МИ8
✅ Компонент serialno=22774: статус 0 → 2 (Эксплуатация), ВС тип=МИ8
✅ Компонент serialno=22778: статус 0 → 2 (Эксплуатация), ВС тип=МИ8
✅ Компонент serialno=22861: статус 0 → 2 (Эксплуатация), ВС тип=МИ8
✅ Компонент serialno=22884: статус 0 → 2 (Эксплуатация), ВС тип=МИ8
✅ Компонент serialno=22890: статус 0 → 2 (Эксплуатация), ВС тип=МИ8
✅ Компонент serialno=22891: статус 0 → 2 (Эксплуатация), ВС тип=МИ8
✅ Компонент serialno=22892: статус 0 → 2 (Эксплуатация), ВС тип=МИ8
✅ Компонент serialno=22915: статус 0 → 2 (Эксплуатация), ВС тип=МИ8
✅ Компонент serialno=22922: статус 0 → 2 (Эксплуатация), ВС тип=МИ8
✅ Компонент serialno=24103: статус 0 → 2 (Эксплуатация), ВС тип=МИ8
✅ Компонент serialno=24105: статус 0 → 2 (Эксплуатация), ВС тип=МИ8
✅ Компонент serialno=24107: статус 0 → 2 (Эксплуатация), ВС тип=МИ8
✅ Компонент serialno=24113: статус 0 → 2 (Эксплуатация), ВС тип=МИ8
✅ Компонент serialno=24120: статус 0 → 2 (Эксплуатация), ВС тип=МИ8
✅ Компонент serialno=24121: статус 0 → 2 (Эксплуатация), ВС тип=МИ8
✅ Компонент serialno=24124: статус 0 → 2 (Эксплуатация), ВС тип=МИ8
✅ Компонент serialno=24125: статус 0 → 2 (Эксплуатация), ВС тип=МИ8
✅ Компонент serialno=24126: статус 0 → 2 (Эксплуатация), ВС тип=МИ8
✅ Компонент serialno=24135: статус 0 → 2 (Эксплуатация), ВС тип=МИ8
✅ Компонент serialno=24144: статус 0 → 2 (Эксплуатация), ВС тип=МИ8
✅ Компонент serialno=24147: статус 0 → 2 (Эксплуатация), ВС тип=МИ8
✅ Компонент serialno=24157: статус 0 → 2 (Эксплуатация), ВС тип=МИ8
✅ Компонент serialno=24171: статус 0 → 2 (Эксплуатация), ВС тип=МИ8
✅ Компонент serialno=24177: статус 0 → 2 (Эксплуатация), ВС тип=МИ8
✅ Компонент serialno=24186: статус 0 → 2 (Эксплуатация), ВС тип=МИ8
✅ Компонент serialno=24191: статус 0 → 2 (Эксплуатация), ВС тип=МИ8
✅ Компонент serialno=24197: статус 0 → 2 (Эксплуатация), ВС тип=МИ8
✅ Компонент serialno=24222: статус 0 → 2 (Эксплуатация), ВС тип=МИ8
✅ Компонент serialno=24223: статус 0 → 2 (Эксплуатация), ВС тип=МИ8
✅ Компонент serialno=24227: статус 0 → 2 (Эксплуатация), ВС тип=МИ8
✅ Компонент serialno=24238: статус 0 → 2 (Эксплуатация), ВС тип=МИ8
✅ Компонент serialno=24246: статус 0 → 2 (Эксплуатация), ВС тип=МИ8
✅ Компонент serialno=24274: статус 0 → 2 (Эксплуатация), ВС тип=МИ8
✅ Компонент serialno=24285: статус 0 → 2 (Эксплуатация), ВС тип=МИ8
✅ Компонент serialno=24286: статус 0 → 2 (Эксплуатация), ВС тип=МИ8
✅ Компонент serialno=24287: статус 0 → 2 (Эксплуатация), ВС тип=МИ8
✅ Компонент serialno=24294: статус 0 → 2 (Эксплуатация), ВС тип=МИ8
✅ Компонент serialno=24441: статус 0 → 2 (Эксплуатация), ВС тип=МИ8
✅ Компонент serialno=24479: статус 0 → 2 (Эксплуатация), ВС тип=МИ8
✅ Компонент serialno=24488: статус 0 → 2 (Эксплуатация), ВС тип=МИ8
✅ Компонент serialno=24492: статус 0 → 2 (Эксплуатация), ВС тип=МИ8
✅ Компонент serialno=24500: статус 0 → 2 (Эксплуатация), ВС тип=МИ8
✅ Компонент serialno=24505: статус 0 → 2 (Эксплуатация), ВС тип=МИ8
✅ Компонент serialno=24539: статус 0 → 2 (Эксплуатация), ВС тип=МИ8
✅ Компонент serialno=24546: статус 0 → 2 (Эксплуатация), ВС тип=МИ8
✅ Компонент serialno=24577: статус 0 → 2 (Эксплуатация), ВС тип=МИ8
✅ Компонент serialno=24579: статус 0 → 2 (Эксплуатация), ВС тип=МИ8
✅ Компонент serialno=24580: статус 0 → 2 (Эксплуатация), ВС тип=МИ8
✅ Компонент serialno=24585: статус 0 → 2 (Эксплуатация), ВС тип=МИ8
✅ Компонент serialno=24592: статус 0 → 2 (Эксплуатация), ВС тип=МИ8
✅ Компонент serialno=24593: статус 0 → 2 (Эксплуатация), ВС тип=МИ8
✅ Компонент serialno=24645: статус 0 → 2 (Эксплуатация), ВС тип=МИ8
✅ Компонент serialno=24689: статус 0 → 2 (Эксплуатация), ВС тип=МИ8
✅ Компонент serialno=24726: статус 0 → 2 (Эксплуатация), ВС тип=МИ8
✅ Компонент serialno=25145: статус 0 → 2 (Эксплуатация), ВС тип=МИ8
✅ Компонент serialno=25154: статус 0 → 2 (Эксплуатация), ВС тип=МИ8
✅ Компонент serialno=25159: статус 0 → 2 (Эксплуатация), ВС тип=МИ8
✅ Компонент serialno=25161: статус 0 → 2 (Эксплуатация), ВС тип=МИ8
✅ Компонент serialno=25164: статус 0 → 2 (Эксплуатация), ВС тип=МИ8
✅ Компонент serialno=25355: статус 0 → 2 (Эксплуатация), ВС тип=МИ8
✅ Компонент serialno=25390: статус 0 → 2 (Эксплуатация), ВС тип=МИ8
✅ Компонент serialno=25537: статус 0 → 2 (Эксплуатация), ВС тип=МИ8

📊 Результаты обработки компонентов program_ac:
   Найдено компонентов ВС: 144
   Статусов обновлено: 141
   Пропущено (статус уже установлен): 3

📊 Итоговое распределение статусов:
   0 - Неизвестно(0): 6,522 записей
   2 - Эксплуатация: 141 записей (+141)
   4 - Ремонт: 6 записей
✅ Обработка статусов через program_ac завершена
✅ Статусы эксплуатации обработаны для планеров
🔧 Повторная обработка типов после статусов...
✅ Типы данных исправлены после обработки статусов

🚀 === НАЧИНАЕМ ДВОЙНУЮ ЗАГРУЗКУ ===
🚀 Загружаем 109,053 записей в heli_raw (все данные)...
❌ Ошибка загрузки в heli_raw: Expected 16 columns, got 12
🚀 Загружаем 6,669 записей в heli_pandas (фильтрованные по MD_Components)...
❌ Ошибка загрузки в heli_pandas: Expected 17 columns, got 13
💥 Загрузка завершена с ошибками!

=== STDERR ===
/home/budnik_an/cube linux/cube/code/dual_loader.py:220: UserWarning: Could not infer format, so each element will be parsed individually, falling back to `dateutil`. To ensure parsing is consistent and as-expected, please specify a format.
  df[col] = pd.to_datetime(df[col], dayfirst=True, errors='coerce').dt.date
