=== enrich_heli_pandas.py ===
Время выполнения: 1.238 секунд
Timestamp: 2025-07-04 17:13:40.587614

=== STDOUT ===
✅ Environment variables автоматически загружены из .env
✅ Конфигурация загружена: 10.95.19.132:9000
🔒 Пароль получен из environment variable: CLICKHOUSE_PASSWORD

=== STDERR ===
2025-07-04 17:13:39,614 - INFO - 🚀 Запуск обогащения heli_pandas числовыми полями
2025-07-04 17:13:39,635 - INFO - ✅ Подключение к ClickHouse успешно!
2025-07-04 17:13:39,635 - INFO - 🔧 Добавление числовых колонок в heli_pandas...
2025-07-04 17:13:39,659 - INFO - ✅ Числовые колонки добавлены в heli_pandas
2025-07-04 17:13:39,659 - INFO - 📖 Загрузка маппингов из Dictionary таблиц...
2025-07-04 17:13:39,680 - INFO - ✅ Загружено маппингов:
2025-07-04 17:13:39,680 - INFO -   📋 partno: 37 значений
2025-07-04 17:13:39,680 - INFO -   📋 serialno: 7101 значений
2025-07-04 17:13:39,680 - INFO -   📋 ac_typ: 2 значений
2025-07-04 17:13:39,680 - INFO -   📋 owner: 8 значений
2025-07-04 17:13:39,680 - INFO - 🔢 Обогащение partno_id...
2025-07-04 17:13:39,848 - INFO - ✅ Обогащено 7109 записей партномерами
2025-07-04 17:13:39,848 - INFO - 🔢 Обогащение serialno_id...
2025-07-04 17:13:39,938 - INFO -   📊 Обработано 1000/7101 серийных номеров
2025-07-04 17:13:40,018 - INFO -   📊 Обработано 2000/7101 серийных номеров
2025-07-04 17:13:40,107 - INFO -   📊 Обработано 3000/7101 серийных номеров
2025-07-04 17:13:40,178 - INFO -   📊 Обработано 4000/7101 серийных номеров
2025-07-04 17:13:40,265 - INFO -   📊 Обработано 5000/7101 серийных номеров
2025-07-04 17:13:40,372 - INFO -   📊 Обработано 6000/7101 серийных номеров
2025-07-04 17:13:40,444 - INFO -   📊 Обработано 7000/7101 серийных номеров
2025-07-04 17:13:40,455 - INFO -   📊 Обработано 7101/7101 серийных номеров
2025-07-04 17:13:40,461 - INFO - ✅ Обогащено 1054 записей серийными номерами
2025-07-04 17:13:40,461 - INFO - 🔢 Обогащение ac_type_mask...
2025-07-04 17:13:40,478 - INFO - ✅ Обогащено 0 записей типами ВС
2025-07-04 17:13:40,478 - INFO - 🔢 Обогащение owner_id...
2025-07-04 17:13:40,522 - INFO - ✅ Обогащено 0 записей владельцами
2025-07-04 17:13:40,522 - INFO - 🔍 Проверка качества обогащения...
2025-07-04 17:13:40,549 - INFO - 📊 Статистика обогащения (всего записей: 7155):
2025-07-04 17:13:40,549 - INFO -   partno_id: 7155 записей (100.0%)
2025-07-04 17:13:40,549 - INFO -   serialno_id: 1054 записей (14.7%)
2025-07-04 17:13:40,549 - INFO -   ac_type_mask: 0 записей (0.0%)
2025-07-04 17:13:40,549 - INFO -   owner_id: 0 записей (0.0%)
2025-07-04 17:13:40,554 - INFO - 📋 Примеры обогащенных записей:
2025-07-04 17:13:40,554 - INFO -   partno: '246-1517-000' → 16, serialno: 'Л0204133' → 958
2025-07-04 17:13:40,554 - INFO -   ac_typ: 'Ми-17' → 0, owner: 'UTE' → 0
2025-07-04 17:13:40,554 - INFO -   partno: '246-1517-000' → 16, serialno: 'Л0408104' → 892
2025-07-04 17:13:40,555 - INFO -   ac_typ: 'Ми-8Т' → 0, owner: 'ЮТ-ВУ' → 0
2025-07-04 17:13:40,555 - INFO -   partno: '246-1517-000' → 16, serialno: 'Л20407043' → 306
2025-07-04 17:13:40,555 - INFO -   ac_typ: 'Ми-17' → 0, owner: 'UTE' → 0
2025-07-04 17:13:40,555 - INFO - 🎯 ОБОГАЩЕНИЕ HELI_PANDAS ЗАВЕРШЕНО!
2025-07-04 17:13:40,555 - INFO - 🚀 Готово для загрузки в Flame GPU с числовыми полями
