=== enrich_heli_pandas.py ===
Время выполнения: 1.145 секунд
Timestamp: 2025-07-04 10:22:27.466503

=== STDOUT ===
✅ Environment variables автоматически загружены из .env
✅ Конфигурация загружена: 10.95.19.132:9000
🔒 Пароль получен из environment variable: CLICKHOUSE_PASSWORD

=== STDERR ===
2025-07-04 10:22:26,546 - INFO - 🚀 Запуск обогащения heli_pandas числовыми полями
2025-07-04 10:22:26,565 - INFO - ✅ Подключение к ClickHouse успешно!
2025-07-04 10:22:26,565 - INFO - 🔧 Добавление числовых колонок в heli_pandas...
2025-07-04 10:22:26,588 - INFO - ✅ Числовые колонки добавлены в heli_pandas
2025-07-04 10:22:26,588 - INFO - 📖 Загрузка маппингов из Dictionary таблиц...
2025-07-04 10:22:26,605 - INFO - ✅ Загружено маппингов:
2025-07-04 10:22:26,605 - INFO -   📋 partno: 37 значений
2025-07-04 10:22:26,605 - INFO -   📋 serialno: 6649 значений
2025-07-04 10:22:26,605 - INFO -   📋 ac_typ: 2 значений
2025-07-04 10:22:26,605 - INFO -   📋 owner: 8 значений
2025-07-04 10:22:26,605 - INFO - 🔢 Обогащение partno_id...
2025-07-04 10:22:26,767 - INFO - ✅ Обогащено 6625 записей партномерами
2025-07-04 10:22:26,767 - INFO - 🔢 Обогащение serialno_id...
2025-07-04 10:22:26,852 - INFO -   📊 Обработано 1000/6649 серийных номеров
2025-07-04 10:22:26,924 - INFO -   📊 Обработано 2000/6649 серийных номеров
2025-07-04 10:22:26,996 - INFO -   📊 Обработано 3000/6649 серийных номеров
2025-07-04 10:22:27,069 - INFO -   📊 Обработано 4000/6649 серийных номеров
2025-07-04 10:22:27,155 - INFO -   📊 Обработано 5000/6649 серийных номеров
2025-07-04 10:22:27,278 - INFO -   📊 Обработано 6000/6649 серийных номеров
2025-07-04 10:22:27,347 - INFO -   📊 Обработано 6649/6649 серийных номеров
2025-07-04 10:22:27,352 - INFO - ✅ Обогащено 1021 записей серийными номерами
2025-07-04 10:22:27,353 - INFO - 🔢 Обогащение ac_type_mask...
2025-07-04 10:22:27,366 - INFO - ✅ Обогащено 0 записей типами ВС
2025-07-04 10:22:27,366 - INFO - 🔢 Обогащение owner_id...
2025-07-04 10:22:27,406 - INFO - ✅ Обогащено 0 записей владельцами
2025-07-04 10:22:27,406 - INFO - 🔍 Проверка качества обогащения...
2025-07-04 10:22:27,428 - INFO - 📊 Статистика обогащения (всего записей: 6670):
2025-07-04 10:22:27,429 - INFO -   partno_id: 6670 записей (100.0%)
2025-07-04 10:22:27,429 - INFO -   serialno_id: 1021 записей (15.3%)
2025-07-04 10:22:27,429 - INFO -   ac_type_mask: 0 записей (0.0%)
2025-07-04 10:22:27,429 - INFO -   owner_id: 0 записей (0.0%)
2025-07-04 10:22:27,434 - INFO - 📋 Примеры обогащенных записей:
2025-07-04 10:22:27,434 - INFO -   partno: '246-1517-000' → 20, serialno: 'Л20903034' → 5
2025-07-04 10:22:27,434 - INFO -   ac_typ: 'Ми-17' → 0, owner: 'ЮТ-ВУ' → 0
2025-07-04 10:22:27,434 - INFO -   partno: '246-1517-000' → 20, serialno: 'Л20912172' → 6
2025-07-04 10:22:27,434 - INFO -   ac_typ: 'Ми-8Т' → 0, owner: 'ЮТ-ВУ' → 0
2025-07-04 10:22:27,434 - INFO -   partno: '246-1517-000' → 20, serialno: 'Л21001005' → 1
2025-07-04 10:22:27,434 - INFO -   ac_typ: 'Ми-17' → 0, owner: 'ЮТ-ВУ' → 0
2025-07-04 10:22:27,434 - INFO - 🎯 ОБОГАЩЕНИЕ HELI_PANDAS ЗАВЕРШЕНО!
2025-07-04 10:22:27,434 - INFO - 🚀 Готово для загрузки в Flame GPU с числовыми полями
