=== md_components_loader.py ===
Время выполнения: 0.610 секунд
Timestamp: 2025-07-04 17:13:20.659050

=== STDOUT ===
🚀 === ЗАГРУЗЧИК MD_COMPONENTS ===
✅ Environment variables автоматически загружены из .env
✅ Конфигурация загружена: 10.95.19.132:9000
🔒 Пароль получен из environment variable: CLICKHOUSE_PASSWORD
✅ Таблица md_components готова
📖 Загружаем data_input/master_data/MD_Сomponents.xlsx...
📖 Загружен Excel файл
📊 Загружено: 37 записей с 20 колонками
📋 Колонки: ['partno', 'comp_number', 'group_by', 'ac_typ', 'type_restricted', 'common_restricted1', 'common_restricted2', 'trigger_interval', 'partout_time', 'assembly_time', 'repair_time', 'll_mi8', 'oh_mi8', 'oh_threshold_mi8', 'll_mi17', 'oh_mi17', 'repair_price', 'purchase_price', 'sne', 'ppr']
📅 Определение версии данных из Excel метаданных...
⚠️ Дата создания 2006-09-16 00:00:00 отличается от текущего года более чем на год
📅 Дата модификации Excel: 2025-06-26 05:17:39
📋 Файл: MD_Сomponents.xlsx
📏 Размер: 15,629 байт
🕐 Модификация ОС: 2025-06-26 10:17:39.394561
🎯 Источник версии: Excel modified
🗓️ Версия данных: 2025-06-26
✅ Новая версия данных - продолжаем загрузку
📦 Подготовка данных MD_Components...
📊 Подготовлено 37 записей с 21 колонками

🚀 === НАЧИНАЕМ ЗАГРУЗКУ MD_COMPONENTS ===
🚀 Загружаем 37 записей в md_components...
✅ Загружено 37 записей в md_components

🎉 === ЗАГРУЗКА MD_COMPONENTS ЗАВЕРШЕНА ===

🔍 === ПРОВЕРКА КАЧЕСТВА MD_COMPONENTS ===
📊 Исходный Excel файл: 37 записей
📊 md_components: 37 записей
📦 Уникальных партномеров: 37
📋 Заполненность ключевых полей:
   partno: 37/37 (100.0%)
   comp_number: 37/37 (100.0%)

✅ Все проверки пройдены успешно!
✅ Уникальных компонентов: 37
✅ Качество данных: высокое

🎯 === ИТОГОВАЯ СТАТИСТИКА ===
📅 Версия данных: 2025-06-26
📊 md_components: 37 записей
🔍 Проверки качества: ✅ ПРОЙДЕНЫ

=== STDERR ===
(пустой)
