=== process_location_field.py ===
Время выполнения: 0.413 секунд
Timestamp: 2025-07-04 10:22:26.299799

=== STDOUT ===
✅ Environment variables автоматически загружены из .env
✅ Конфигурация загружена: 10.95.19.132:9000
🔒 Пароль получен из environment variable: CLICKHOUSE_PASSWORD

=== STDERR ===
2025-07-04 10:22:26,132 - INFO - 🚀 Запуск обработки поля location
2025-07-04 10:22:26,150 - INFO - ✅ Подключение к ClickHouse успешно!
2025-07-04 10:22:26,150 - INFO - 🔧 Добавление колонки aircraft_number...
2025-07-04 10:22:26,156 - INFO - ✅ Колонка aircraft_number добавлена в heli_pandas
2025-07-04 10:22:26,156 - INFO - 🔍 Извлечение номеров вертолетов из RA- значений...
2025-07-04 10:22:26,160 - INFO - ✅ Извлечено 285 номеров вертолетов
2025-07-04 10:22:26,160 - INFO - 📋 Примеры извлеченных номеров:
2025-07-04 10:22:26,160 - INFO -    RA-22171 → 22171
2025-07-04 10:22:26,160 - INFO -    RA-22172 → 22172
2025-07-04 10:22:26,160 - INFO -    RA-22179 → 22179
2025-07-04 10:22:26,160 - INFO -    RA-22208 → 22208
2025-07-04 10:22:26,160 - INFO -    RA-22210 → 22210
2025-07-04 10:22:26,161 - INFO - 🔢 Обновление поля aircraft_number...
2025-07-04 10:22:26,173 - INFO -   📊 Обработано 50/285 значений
2025-07-04 10:22:26,180 - INFO -   📊 Обработано 100/285 значений
2025-07-04 10:22:26,187 - INFO -   📊 Обработано 150/285 значений
2025-07-04 10:22:26,194 - INFO -   📊 Обработано 200/285 значений
2025-07-04 10:22:26,201 - INFO -   📊 Обработано 250/285 значений
2025-07-04 10:22:26,208 - INFO -   📊 Обработано 285/285 значений
2025-07-04 10:22:26,219 - INFO - ✅ Обогащено 1388 записей номерами вертолетов
2025-07-04 10:22:26,219 - INFO - 🧹 Очистка location для не-вертолетов...
2025-07-04 10:22:26,235 - INFO - ✅ Очищено 0 записей не-вертолетов
2025-07-04 10:22:26,235 - INFO - 📊 Осталось 4026 записей с location (только RA- значения)
2025-07-04 10:22:26,235 - INFO - 🔍 Проверка качества обработки location...
2025-07-04 10:22:26,254 - INFO - 📊 Статистика обработки (всего записей: 6670):
2025-07-04 10:22:26,254 - INFO -    aircraft_number: 1388 записей (20.8%)
2025-07-04 10:22:26,254 - INFO -    location (RA- только): 4026 записей
2025-07-04 10:22:26,261 - INFO - ✅ Все записи согласованы
2025-07-04 10:22:26,264 - INFO - 📋 Примеры обработанных записей:
2025-07-04 10:22:26,264 - INFO -    location: 'RA-22171' → aircraft_number: 22171
2025-07-04 10:22:26,264 - INFO -    location: 'RA-22171' → aircraft_number: 22171
2025-07-04 10:22:26,264 - INFO -    location: 'RA-22171' → aircraft_number: 22171
2025-07-04 10:22:26,264 - INFO -    location: 'RA-22171' → aircraft_number: 22171
2025-07-04 10:22:26,264 - INFO -    location: 'RA-22171' → aircraft_number: 22171
2025-07-04 10:22:26,269 - INFO - 📈 Диапазон номеров: 22171 - 27133 (285 уникальных)
2025-07-04 10:22:26,269 - INFO - 🎯 ОБРАБОТКА ПОЛЯ LOCATION ЗАВЕРШЕНА!
2025-07-04 10:22:26,269 - INFO - 🚀 Создано поле aircraft_number с номерами вертолетов
2025-07-04 10:22:26,269 - INFO - ✅ Поле location очищено от не-вертолетных значений
