=== process_location_field.py ===
Время выполнения: 0.451 секунд
Timestamp: 2025-07-04 17:13:39.325621

=== STDOUT ===
✅ Environment variables автоматически загружены из .env
✅ Конфигурация загружена: 10.95.19.132:9000
🔒 Пароль получен из environment variable: CLICKHOUSE_PASSWORD

=== STDERR ===
2025-07-04 17:13:39,150 - INFO - 🚀 Запуск обработки поля location
2025-07-04 17:13:39,171 - INFO - ✅ Подключение к ClickHouse успешно!
2025-07-04 17:13:39,171 - INFO - 🔧 Добавление колонки aircraft_number...
2025-07-04 17:13:39,178 - INFO - ✅ Колонка aircraft_number добавлена в heli_pandas
2025-07-04 17:13:39,178 - INFO - 🔍 Извлечение номеров вертолетов из RA- значений...
2025-07-04 17:13:39,183 - INFO - ✅ Извлечено 284 номеров вертолетов
2025-07-04 17:13:39,183 - INFO - 📋 Примеры извлеченных номеров:
2025-07-04 17:13:39,183 - INFO -    RA-22171 → 22171
2025-07-04 17:13:39,183 - INFO -    RA-22172 → 22172
2025-07-04 17:13:39,183 - INFO -    RA-22179 → 22179
2025-07-04 17:13:39,183 - INFO -    RA-22208 → 22208
2025-07-04 17:13:39,183 - INFO -    RA-22210 → 22210
2025-07-04 17:13:39,183 - INFO - 🔢 Обновление поля aircraft_number...
2025-07-04 17:13:39,195 - INFO -   📊 Обработано 50/284 значений
2025-07-04 17:13:39,203 - INFO -   📊 Обработано 100/284 значений
2025-07-04 17:13:39,211 - INFO -   📊 Обработано 150/284 значений
2025-07-04 17:13:39,219 - INFO -   📊 Обработано 200/284 значений
2025-07-04 17:13:39,227 - INFO -   📊 Обработано 250/284 значений
2025-07-04 17:13:39,233 - INFO -   📊 Обработано 284/284 значений
2025-07-04 17:13:39,239 - INFO - ✅ Обогащено 1382 записей номерами вертолетов
2025-07-04 17:13:39,239 - INFO - 🧹 Очистка location для не-вертолетов...
2025-07-04 17:13:39,259 - INFO - ✅ Очищено 0 записей не-вертолетов
2025-07-04 17:13:39,259 - INFO - 📊 Осталось 4055 записей с location (только RA- значения)
2025-07-04 17:13:39,259 - INFO - 🔍 Проверка качества обработки location...
2025-07-04 17:13:39,274 - INFO - 📊 Статистика обработки (всего записей: 7155):
2025-07-04 17:13:39,274 - INFO -    aircraft_number: 1382 записей (19.3%)
2025-07-04 17:13:39,274 - INFO -    location (RA- только): 4055 записей
2025-07-04 17:13:39,281 - INFO - ✅ Все записи согласованы
2025-07-04 17:13:39,285 - INFO - 📋 Примеры обработанных записей:
2025-07-04 17:13:39,285 - INFO -    location: 'RA-22171' → aircraft_number: 22171
2025-07-04 17:13:39,285 - INFO -    location: 'RA-22171' → aircraft_number: 22171
2025-07-04 17:13:39,285 - INFO -    location: 'RA-22171' → aircraft_number: 22171
2025-07-04 17:13:39,285 - INFO -    location: 'RA-22171' → aircraft_number: 22171
2025-07-04 17:13:39,285 - INFO -    location: 'RA-22171' → aircraft_number: 22171
2025-07-04 17:13:39,291 - INFO - 📈 Диапазон номеров: 22171 - 22616 (100 уникальных)
2025-07-04 17:13:39,291 - INFO - 🎯 ОБРАБОТКА ПОЛЯ LOCATION ЗАВЕРШЕНА!
2025-07-04 17:13:39,291 - INFO - 🚀 Создано поле aircraft_number с номерами вертолетов
2025-07-04 17:13:39,291 - INFO - ✅ Поле location очищено от не-вертолетных значений
