=== status_overhaul_loader.py ===
Время выполнения: 0.419 секунд
Timestamp: 2025-07-03 13:06:58.672068

=== STDOUT ===
🚀 === ЗАГРУЗЧИК STATUS_OVERHAUL (СТАТУС КАПИТАЛЬНОГО РЕМОНТА) ===
✅ Environment variables автоматически загружены из .env
✅ Конфигурация загружена: 10.95.19.132:9000
🔒 Пароль получен из environment variable: CLICKHOUSE_PASSWORD
🔧 Создание таблицы status_overhaul...
✅ Таблица status_overhaul готова
📖 Загружаем data_input/source_data/Status_Overhaul.xlsx...
📖 Загружен Excel файл
📊 Загружено: 19 записей с 11 колонками
📋 Колонки: ['ac_registr', 'ac_typ', 'wpno', 'description', 'sched_start_date', 'sched_end_date', 'act_start_date', 'act_end_date', 'status', 'owner', 'operator']

📈 Анализ данных:
   Типы ВС: ['Ми-8Т' 'Ми-17']
   Статусы: ['Закрыто' 'В процессе' 'Открыто']
   Собственники: ['ЮТ-ВУ' 'ВТК-АВИА' 'РЕГ ЛИЗИНГ']
📅 Определение версии данных из Excel метаданных...
📅 Дата модификации Excel: 2025-07-01 13:18:32
📋 Файл: Status_Overhaul.xlsx
📏 Размер: 10,001 байт
🕐 Модификация ОС: 2025-07-01 18:18:32.673074
🎯 Источник версии: Excel created
🗓️ Версия данных: 2025-06-05
✅ Новая версия данных - продолжаем загрузку
📦 Подготовка данных о статусе капитального ремонта для ClickHouse...
📊 Подготовлено 19 записей с 12 колонками
🔍 Статистика None значений:
   sched_start_date: 0/19 None значений
   sched_end_date: 0/19 None значений
   act_start_date: 0/19 None значений
   act_end_date: 8/19 None значений

🚀 === НАЧИНАЕМ ЗАГРУЗКУ STATUS_OVERHAUL ===
🚀 Загружаем 19 записей в status_overhaul...
🔍 Проверка типов в кортеже:
   ac_registr: 22774 (<class 'int'>)
   ac_typ: Ми-8Т (<class 'str'>)
   sched_start_date: 2024-01-16 (<class 'datetime.date'>)
✅ Загружено 19 записей в status_overhaul

🎉 === ЗАГРУЗКА STATUS_OVERHAUL ЗАВЕРШЕНА ===

🔍 === ПРОВЕРКА КАЧЕСТВА STATUS_OVERHAUL ===
📊 Исходный Excel файл: 19 записей
📊 status_overhaul: 19 записей

📈 Анализ по типам ВС и статусам:
   Ми-17 - В процессе:
     📊 Записей: 6
     ✈️ ВС: 6
     📦 Рабочих пакетов: 6
     📅 Плановый период: 2024-12-02 - 2025-09-05
   Ми-17 - Закрыто:
     📊 Записей: 3
     ✈️ ВС: 3
     📦 Рабочих пакетов: 3
     📅 Плановый период: 2024-04-05 - 2024-12-30
   Ми-17 - Открыто:
     📊 Записей: 1
     ✈️ ВС: 1
     📦 Рабочих пакетов: 1
     📅 Плановый период: 2025-03-11 - 2025-07-11
   Ми-8Т - Закрыто:
     📊 Записей: 9
     ✈️ ВС: 8
     📦 Рабочих пакетов: 9
     📅 Плановый период: 2024-01-16 - 2025-05-12

📊 Статусы работ:
   Закрыто: 12 работ (91.7% с фактическим окончанием)
   В процессе: 6 работ (0.0% с фактическим окончанием)
   Открыто: 1 работ (0.0% с фактическим окончанием)

✅ Все проверки пройдены успешно!
✅ Загружено записей: 19/19

🎯 === ИТОГОВАЯ СТАТИСТИКА ===
📅 Версия данных: 2025-06-05
📊 status_overhaul: 19 записей
📈 Статус капитального ремонта загружен
🔍 Проверки качества: ✅ ПРОЙДЕНЫ

=== STDERR ===
(пустой)
