=== status_overhaul_loader.py ===
Время выполнения: 0.378 секунд
Timestamp: 2025-07-04 17:13:21.487648

=== STDOUT ===
🚀 === ЗАГРУЗЧИК STATUS_OVERHAUL (СТАТУС КАПИТАЛЬНОГО РЕМОНТА) ===
✅ Environment variables автоматически загружены из .env
✅ Конфигурация загружена: 10.95.19.132:9000
🔒 Пароль получен из environment variable: CLICKHOUSE_PASSWORD
🔧 Создание таблицы status_overhaul...
✅ Таблица status_overhaul готова
📖 Загружаем data_input/source_data/Status_Overhaul.xlsx...
📖 Загружен Excel файл
📊 Загружено: 19 записей с 12 колонками
📋 Колонки: ['ac_registr', 'ac_typ', 'wpno', 'description', 'sched_start_date', 'sched_end_date', 'act_start_date', 'act_end_date', 'status', 'owner', 'operator', 'Счет']

📈 Анализ данных:
   Типы ВС: ['Ми-8Т' 'Ми-17']
   Статусы: ['Закрыто' 'В процессе']
   Собственники: ['ЮТ-ВУ' 'ВТК-АВИА' 'РЕГ ЛИЗИНГ']
📅 Определение версии данных из Excel метаданных...
📅 Дата модификации Excel: 2025-07-04 11:15:07
📋 Файл: Status_Overhaul.xlsx
📏 Размер: 10,104 байт
🕐 Модификация ОС: 2025-07-04 16:15:07.956421
🎯 Источник версии: Excel created
🗓️ Версия данных: 2025-07-04
✅ Новая версия данных - продолжаем загрузку
📦 Подготовка данных о статусе капитального ремонта для ClickHouse...
   Обрабатываем даты в колонке sched_start_date...
   Обрабатываем даты в колонке sched_end_date...
   Обрабатываем даты в колонке act_start_date...
   Обрабатываем даты в колонке act_end_date...
📊 Подготовлено 19 записей с 13 колонками
🔍 Статистика None значений:
   sched_start_date: 0/19 None значений
   sched_end_date: 0/19 None значений
   act_start_date: 0/19 None значений
   act_end_date: 4/19 None значений

🚀 === НАЧИНАЕМ ЗАГРУЗКУ STATUS_OVERHAUL ===
🚀 Загружаем 19 записей в status_overhaul...
🔍 Проверка типов в кортеже:
   ac_registr: 24593 (<class 'int'>)
   ac_typ: Ми-8Т (<class 'str'>)
   sched_start_date: 2024-02-05 (<class 'datetime.date'>)
❌ Ошибка загрузки в status_overhaul: Expected 12 columns, got 13
💥 Загрузка завершена с ошибками!

=== STDERR ===
(пустой)
