nohup: ignoring input
/home/budnik_an/cube linux/cube/code/dual_loader.py:238: UserWarning: Could not infer format, so each element will be parsed individually, falling back to `dateutil`. To ensure parsing is consistent and as-expected, please specify a format.
  df[col] = pd.to_datetime(df[col], dayfirst=True, errors='coerce').dt.date
🚀 === ДВОЙНОЙ ЗАГРУЗЧИК STATUS_COMPONENTS ===
✅ Environment variables автоматически загружены из .env
✅ Конфигурация загружена: 10.95.19.132:9000
🔒 Пароль получен из environment variable: CLICKHOUSE_PASSWORD
✅ Таблицы heli_raw и heli_pandas готовы
📖 Загружаем data_input/source_data/Status_Components.xlsx...
📖 Загружен Excel файл
📊 Загружено: 109,053 записей
📅 Определение версии данных из Excel метаданных...
📅 Дата создания Excel: 2025-06-23 11:44:50
📋 Файл: Status_Components.xlsx
📏 Размер: 7,368,991 байт
🕐 Модификация ОС: 2025-07-03 10:38:55.406173
🎯 Источник версии: Excel created
🗓️ Версия данных: 2025-06-23
✅ Новая версия данных - продолжаем загрузку
📋 Загружаем список партномеров из таблицы md_components...
✅ Загружено 37 партномеров из таблицы md_components
📊 Статистика данных md_components:
   2025-06-26: 37 записей
📦 Используем фильтр ВСЕ компоненты: 37 партномеров из MD_Components
📋 Первые 10 партномеров: ['246-1517-000', '246-3904-000 СЕРИИ 01', '246-3925-00', '8-1930-000 СЕР.02', '8-1950-000', '8-1960-000', '8-3904-000 СЕРИЯ 06', '8-3922-00', '8А-1515-000', '8А-1516-000']
📋 ... и еще 27 партномеров

📦 Подготовка данных для загрузки...
⚠️  Отсутствующие колонки: ['lease_restricted', 'oh', 'oh_threshold', 'll']
✅ Используем колонки для heli_raw: ['partno', 'serialno', 'ac_typ', 'location', 'mfg_date', 'removal_date', 'target_date', 'condition', 'owner', 'sne', 'ppr']
🔧 Добавляем отсутствующие колонки с дефолтными значениями...
   ➕ lease_restricted: 0 (UInt8)
   ➕ oh: None (Nullable UInt32)
   ➕ oh_threshold: None (Nullable UInt32)
   ➕ ll: None (Nullable UInt32)
🔧 Обрабатываем ресурсное поле oh...
   oh: 0 валидных значений, 109053 None
🔧 Обрабатываем ресурсное поле oh_threshold...
   oh_threshold: 0 валидных значений, 109053 None
🔧 Обрабатываем ресурсное поле ll...
   ll: 0 валидных значений, 109053 None
🔧 Обрабатываем ресурсное поле sne...
   sne: 64375 валидных значений, 44678 None
🔧 Обрабатываем ресурсное поле ppr...
   ppr: 54603 валидных значений, 54450 None
📊 Подготовлено 109,053 записей с 16 колонками
📋 Итоговые колонки: ['partno', 'serialno', 'ac_typ', 'location', 'mfg_date', 'removal_date', 'target_date', 'condition', 'owner', 'sne', 'ppr', 'lease_restricted', 'oh', 'oh_threshold', 'll', 'version_date']
✅ heli_raw: порядок колонок установлен (16 полей)
📊 После фильтрации: 6,669 из 109,053 записей
⚠️  Отсутствующие колонки: ['lease_restricted', 'oh', 'oh_threshold', 'll']
✅ Используем колонки для heli_pandas: ['partno', 'serialno', 'ac_typ', 'location', 'mfg_date', 'removal_date', 'target_date', 'condition', 'owner', 'sne', 'ppr']
🔧 Добавляем отсутствующие колонки с дефолтными значениями...
   ➕ lease_restricted: 0 (UInt8)
   ➕ oh: None (Nullable UInt32)
   ➕ oh_threshold: None (Nullable UInt32)
   ➕ ll: None (Nullable UInt32)
🔧 Обрабатываем ресурсное поле oh...
   oh: 0 валидных значений, 6669 None
🔧 Обрабатываем ресурсное поле oh_threshold...
   oh_threshold: 0 валидных значений, 6669 None
🔧 Обрабатываем ресурсное поле ll...
   ll: 0 валидных значений, 6669 None
🔧 Обрабатываем ресурсное поле sne...
   sne: 6184 валидных значений, 485 None
🔧 Обрабатываем ресурсное поле ppr...
   ppr: 5036 валидных значений, 1633 None
📊 Подготовлено 6,669 записей с 16 колонками
📋 Итоговые колонки: ['partno', 'serialno', 'ac_typ', 'location', 'mfg_date', 'removal_date', 'target_date', 'condition', 'owner', 'sne', 'ppr', 'lease_restricted', 'oh', 'oh_threshold', 'll', 'version_date']

🚀 === НАЧИНАЕМ ОПТИМИЗИРОВАННУЮ ЗАГРУЗКУ ===
🚀 Загружаем 109,053 записей в heli_raw (все данные)...
🔍 Диагностика типов данных для heli_raw:
   partno: object | Примеры: ['0044920020', '0044920020', '0044920020'] | Null: 0
   serialno: object | Примеры: ['102', '104', '116'] | Null: 0
   ac_typ: object | Примеры: ['355NP', '355NP', '355NP'] | Null: 0
   location: object | Примеры: ['  TREE', 'РЕМФОНД ТЮМ U/S', 'РЕМФОНД ТЮМ U/S'] | Null: 0
   mfg_date: object | Примеры: [datetime.date(2018, 11, 1), datetime.date(2008, 4, 1), datetime.date(2008, 2, 4)] | Null: 10512
   removal_date: object | Примеры: [datetime.date(2024, 3, 11), datetime.date(2022, 5, 22), datetime.date(2023, 8, 25)] | Null: 90069
   target_date: object | Примеры: [datetime.date(2025, 8, 31), datetime.date(2025, 3, 31), datetime.date(2021, 9, 27)] | Null: 108747
   condition: object | Примеры: ['НЕИСПРАВНЫЙ', 'НЕИСПРАВНЫЙ', 'НЕИСПРАВНЫЙ'] | Null: 0
   owner: object | Примеры: ['UTE', 'ЮТ-ВУ', 'ЮТ-ВУ'] | Null: 0
   lease_restricted: int64 | Примеры: [0, 0, 0] | Null: 0
   oh: object | Примеры: [] | Null: 109053
   oh_threshold: object | Примеры: [] | Null: 109053
   ll: object | Примеры: [] | Null: 109053
   sne: float64 | Примеры: [0.0, 0.0, 0.0] | Null: 44678
   ⚠️ ПРОБЛЕМНЫЕ ЗНАЧЕНИЯ в sne: [(0, 0.0, <class 'float'>), (1, 0.0, <class 'float'>), (2, 0.0, <class 'float'>), (3, 0.0, <class 'float'>), (4, 0.0, <class 'float'>), (5, 0.0, <class 'float'>), (6, 0.0, <class 'float'>), (7, 0.0, <class 'float'>), (8, 0.0, <class 'float'>), (9, 0.0, <class 'float'>)]
   ppr: float64 | Примеры: [0.0, 0.0, 0.0] | Null: 54450
   ⚠️ ПРОБЛЕМНЫЕ ЗНАЧЕНИЯ в ppr: [(0, 0.0, <class 'float'>), (1, 0.0, <class 'float'>), (2, 0.0, <class 'float'>), (3, 0.0, <class 'float'>), (4, 0.0, <class 'float'>), (5, 0.0, <class 'float'>), (6, 0.0, <class 'float'>), (7, 0.0, <class 'float'>), (8, 0.0, <class 'float'>), (9, 0.0, <class 'float'>)]
   version_date: object | Примеры: [datetime.date(2025, 6, 23), datetime.date(2025, 6, 23), datetime.date(2025, 6, 23)] | Null: 0
🔍 Проверка первого кортежа:
   oh[10]: None (<class 'NoneType'>)
   oh_threshold[11]: None (<class 'NoneType'>)
   ll[12]: None (<class 'NoneType'>)
   sne[13]: nan (<class 'float'>)
   ppr[14]: nan (<class 'float'>)
❌ Ошибка загрузки в heli_raw: Code: 53. Type mismatch in VALUES section. Repeat query with types_check=True for detailed info. Column sne: required argument is not an integer
🔍 ДИАГНОСТИКА ОШИБКИ SNE - первые 5 записей:
   Запись 0: sne = nan (<class 'float'>)
   Запись 1: sne = nan (<class 'float'>)
   Запись 2: sne = nan (<class 'float'>)
   Запись 3: sne = nan (<class 'float'>)
   Запись 4: sne = nan (<class 'float'>)
✅ heli_raw записана и освобождена из памяти

🔧 === ОБРАБОТКА PANDAS_DF В ПАМЯТИ ===
🚁 Добавление aircraft_number из поля location...
🔍 Извлечение номеров вертолетов из RA- значений...
✅ Извлечено 285 номеров вертолетов
✅ Обогащено 4025 записей номерами вертолетов
📊 Добавление status через обработку статусов...
🚀 Обработка статусов в памяти...
🔧 Этап 1: Статусы капремонта...

🚀 === ОБРАБОТКА ПОЛЯ STATUS ===
📊 Обрабатываем 6,669 записей
🔧 Обработка статусов компонентов ВС через status_overhaul...
📋 Загружаем данные из status_overhaul...
✅ Загружено 7 записей активного капремонта ВС
📊 Статусы: {'В процессе': 6, 'Открыто': 1}
➕ Добавлена колонка 'status' со значением по умолчанию 0
📋 Ключи в status_dict: ['22215', '22427', '22481', '22486', '22489', '22494', '22802']
🚁 Найдено 6 компонентов с serialno = ac_registr для обработки
✅ Компонент serialno=22215: статус=В процессе → status=4 (Ремонт)
✅ Компонент serialno=22481: статус=В процессе → status=4 (Ремонт)
✅ Компонент serialno=22486: статус=В процессе → status=4 (Ремонт)
✅ Компонент serialno=22489: статус=В процессе → status=4 (Ремонт)
✅ Компонент serialno=22494: статус=В процессе → status=4 (Ремонт)
✅ Компонент serialno=22802: статус=Открыто → status=4 (Ремонт)

📊 Результаты обработки компонентов:
   Обработано компонентов: 6
   Статусов обновлено: 6
   Дат обновлено: 12
🔧 Исправляем типы дат после обновления...
🔧 Обработка статусов компонентов (заглушка)...
🔧 Найдено 6669 компонентов (не планеров) - статус по умолчанию

📊 Итоговое распределение статусов:
   0 - Неизвестно(0): 6,663 записей
   4 - Ремонт: 6 записей
✅ Обработка статусов завершена
🔧 Этап 2: Статусы эксплуатации...

🚀 === ОБРАБОТКА СТАТУСОВ ЧЕРЕЗ PROGRAM_AC ===
📊 Обрабатываем 6,669 записей
📊 Начальное распределение статусов:
   0 - Неизвестно(0): 6,663 записей
   4 - Ремонт: 6 записей
🔧 Обработка статусов компонентов ВС через program_ac...
📋 Загружаем данные из program_ac...
✅ Загружено 178 записей ВС в эксплуатации
📊 Типы ВС: {'МИ8': 68, 'МИ8МТВ': 54, 'МИ8АМТ': 28}
📋 Найдено 178 ВС в эксплуатации для обработки
🚁 Найдено 144 компонентов с serialno = ac_registr для обработки
✅ Компонент serialno=22171: статус 0 → 2 (Эксплуатация), ВС тип=МИ8АМТ
✅ Компонент serialno=22172: статус 0 → 2 (Эксплуатация), ВС тип=МИ8АМТ
✅ Компонент serialno=22179: статус 0 → 2 (Эксплуатация), ВС тип=МИ8АМТ
✅ Компонент serialno=22210: статус 0 → 2 (Эксплуатация), ВС тип=МИ8АМТ
✅ Компонент serialno=22211: статус 0 → 2 (Эксплуатация), ВС тип=МИ8АМТ
⏭️ Компонент serialno=22215: статус уже установлен (4) - пропускаем
✅ Компонент serialno=22221: статус 0 → 2 (Эксплуатация), ВС тип=МИ8АМТ
✅ Компонент serialno=22425: статус 0 → 2 (Эксплуатация), ВС тип=МИ8АМТ
✅ Компонент serialno=22426: статус 0 → 2 (Эксплуатация), ВС тип=МИ8АМТ
✅ Компонент serialno=22435: статус 0 → 2 (Эксплуатация), ВС тип=МИ8АМТ
✅ Компонент serialno=22437: статус 0 → 2 (Эксплуатация), ВС тип=МИ8АМТ
✅ Компонент serialno=22438: статус 0 → 2 (Эксплуатация), ВС тип=МИ8АМТ
✅ Компонент serialno=22473: статус 0 → 2 (Эксплуатация), ВС тип=МИ8АМТ
✅ Компонент serialno=22476: статус 0 → 2 (Эксплуатация), ВС тип=МИ8АМТ
✅ Компонент serialno=22480: статус 0 → 2 (Эксплуатация), ВС тип=МИ8АМТ
✅ Компонент serialno=22482: статус 0 → 2 (Эксплуатация), ВС тип=МИ8АМТ
✅ Компонент serialno=22485: статус 0 → 2 (Эксплуатация), ВС тип=МИ8АМТ
✅ Компонент serialno=22487: статус 0 → 2 (Эксплуатация), ВС тип=МИ8АМТ
⏭️ Компонент serialno=22489: статус уже установлен (4) - пропускаем
✅ Компонент serialno=22491: статус 0 → 2 (Эксплуатация), ВС тип=МИ8АМТ
✅ Компонент serialno=22492: статус 0 → 2 (Эксплуатация), ВС тип=МИ8АМТ
⏭️ Компонент serialno=22494: статус уже установлен (4) - пропускаем
✅ Компонент serialno=22496: статус 0 → 2 (Эксплуатация), ВС тип=МИ8АМТ
✅ Компонент serialno=22242: статус 0 → 2 (Эксплуатация), ВС тип=МИ8МТВ
✅ Компонент serialno=22245: статус 0 → 2 (Эксплуатация), ВС тип=МИ8МТВ
✅ Компонент serialno=22249: статус 0 → 2 (Эксплуатация), ВС тип=МИ8МТВ
✅ Компонент serialno=22250: статус 0 → 2 (Эксплуатация), ВС тип=МИ8МТВ
✅ Компонент serialno=22251: статус 0 → 2 (Эксплуатация), ВС тип=МИ8МТВ
✅ Компонент serialno=22252: статус 0 → 2 (Эксплуатация), ВС тип=МИ8МТВ
✅ Компонент serialno=22254: статус 0 → 2 (Эксплуатация), ВС тип=МИ8МТВ
✅ Компонент serialno=22268: статус 0 → 2 (Эксплуатация), ВС тип=МИ8МТВ
✅ Компонент serialno=22269: статус 0 → 2 (Эксплуатация), ВС тип=МИ8МТВ
✅ Компонент serialno=22417: статус 0 → 2 (Эксплуатация), ВС тип=МИ8МТВ
✅ Компонент serialno=22418: статус 0 → 2 (Эксплуатация), ВС тип=МИ8МТВ
✅ Компонент serialno=22504: статус 0 → 2 (Эксплуатация), ВС тип=МИ8МТВ
✅ Компонент serialno=22554: статус 0 → 2 (Эксплуатация), ВС тип=МИ8МТВ
✅ Компонент serialno=22570: статус 0 → 2 (Эксплуатация), ВС тип=МИ8МТВ
✅ Компонент serialno=22571: статус 0 → 2 (Эксплуатация), ВС тип=МИ8МТВ
✅ Компонент serialno=22572: статус 0 → 2 (Эксплуатация), ВС тип=МИ8МТВ
✅ Компонент serialno=22579: статус 0 → 2 (Эксплуатация), ВС тип=МИ8МТВ
✅ Компонент serialno=22581: статус 0 → 2 (Эксплуатация), ВС тип=МИ8МТВ
✅ Компонент serialno=22591: статус 0 → 2 (Эксплуатация), ВС тип=МИ8МТВ
✅ Компонент serialno=22597: статус 0 → 2 (Эксплуатация), ВС тип=МИ8МТВ
✅ Компонент serialno=22599: статус 0 → 2 (Эксплуатация), ВС тип=МИ8МТВ
✅ Компонент serialno=22610: статус 0 → 2 (Эксплуатация), ВС тип=МИ8МТВ
✅ Компонент serialno=22614: статус 0 → 2 (Эксплуатация), ВС тип=МИ8МТВ
✅ Компонент serialno=22620: статус 0 → 2 (Эксплуатация), ВС тип=МИ8МТВ
✅ Компонент serialno=22655: статус 0 → 2 (Эксплуатация), ВС тип=МИ8МТВ
✅ Компонент serialno=22658: статус 0 → 2 (Эксплуатация), ВС тип=МИ8МТВ
✅ Компонент serialno=22939: статус 0 → 2 (Эксплуатация), ВС тип=МИ8МТВ
✅ Компонент serialno=22952: статус 0 → 2 (Эксплуатация), ВС тип=МИ8МТВ
✅ Компонент serialno=22978: статус 0 → 2 (Эксплуатация), ВС тип=МИ8МТВ
✅ Компонент serialno=22991: статус 0 → 2 (Эксплуатация), ВС тип=МИ8МТВ
✅ Компонент serialno=25127: статус 0 → 2 (Эксплуатация), ВС тип=МИ8МТВ
✅ Компонент serialno=25172: статус 0 → 2 (Эксплуатация), ВС тип=МИ8МТВ
✅ Компонент serialno=25229: статус 0 → 2 (Эксплуатация), ВС тип=МИ8МТВ
✅ Компонент serialno=25230: статус 0 → 2 (Эксплуатация), ВС тип=МИ8МТВ
✅ Компонент serialno=25421: статус 0 → 2 (Эксплуатация), ВС тип=МИ8МТВ
✅ Компонент serialno=25422: статус 0 → 2 (Эксплуатация), ВС тип=МИ8МТВ
✅ Компонент serialno=25479: статус 0 → 2 (Эксплуатация), ВС тип=МИ8МТВ
✅ Компонент serialno=25484: статус 0 → 2 (Эксплуатация), ВС тип=МИ8МТВ
✅ Компонент serialno=25489: статус 0 → 2 (Эксплуатация), ВС тип=МИ8МТВ
✅ Компонент serialno=25496: статус 0 → 2 (Эксплуатация), ВС тип=МИ8МТВ
✅ Компонент serialno=25558: статус 0 → 2 (Эксплуатация), ВС тип=МИ8МТВ
✅ Компонент serialno=25751: статус 0 → 2 (Эксплуатация), ВС тип=МИ8МТВ
✅ Компонент serialno=25752: статус 0 → 2 (Эксплуатация), ВС тип=МИ8МТВ
✅ Компонент serialno=25821: статус 0 → 2 (Эксплуатация), ВС тип=МИ8МТВ
✅ Компонент serialno=25822: статус 0 → 2 (Эксплуатация), ВС тип=МИ8МТВ
✅ Компонент serialno=27024: статус 0 → 2 (Эксплуатация), ВС тип=МИ8МТВ
✅ Компонент serialno=27057: статус 0 → 2 (Эксплуатация), ВС тип=МИ8МТВ
✅ Компонент serialno=27065: статус 0 → 2 (Эксплуатация), ВС тип=МИ8МТВ
✅ Компонент serialno=27067: статус 0 → 2 (Эксплуатация), ВС тип=МИ8МТВ
✅ Компонент serialno=27068: статус 0 → 2 (Эксплуатация), ВС тип=МИ8МТВ
✅ Компонент serialno=27090: статус 0 → 2 (Эксплуатация), ВС тип=МИ8МТВ
✅ Компонент serialno=27128: статус 0 → 2 (Эксплуатация), ВС тип=МИ8МТВ
✅ Компонент serialno=27131: статус 0 → 2 (Эксплуатация), ВС тип=МИ8МТВ
✅ Компонент serialno=27133: статус 0 → 2 (Эксплуатация), ВС тип=МИ8МТВ
✅ Компонент serialno=25963: статус 0 → 2 (Эксплуатация), ВС тип=МИ8
✅ Компонент serialno=22556: статус 0 → 2 (Эксплуатация), ВС тип=МИ8
✅ Компонент serialno=22607: статус 0 → 2 (Эксплуатация), ВС тип=МИ8
✅ Компонент serialno=22633: статус 0 → 2 (Эксплуатация), ВС тип=МИ8
✅ Компонент serialno=22654: статус 0 → 2 (Эксплуатация), ВС тип=МИ8
✅ Компонент serialno=22774: статус 0 → 2 (Эксплуатация), ВС тип=МИ8
✅ Компонент serialno=22778: статус 0 → 2 (Эксплуатация), ВС тип=МИ8
✅ Компонент serialno=22861: статус 0 → 2 (Эксплуатация), ВС тип=МИ8
✅ Компонент serialno=22884: статус 0 → 2 (Эксплуатация), ВС тип=МИ8
✅ Компонент serialno=22890: статус 0 → 2 (Эксплуатация), ВС тип=МИ8
✅ Компонент serialno=22891: статус 0 → 2 (Эксплуатация), ВС тип=МИ8
✅ Компонент serialno=22892: статус 0 → 2 (Эксплуатация), ВС тип=МИ8
✅ Компонент serialno=22915: статус 0 → 2 (Эксплуатация), ВС тип=МИ8
✅ Компонент serialno=22922: статус 0 → 2 (Эксплуатация), ВС тип=МИ8
✅ Компонент serialno=24103: статус 0 → 2 (Эксплуатация), ВС тип=МИ8
✅ Компонент serialno=24105: статус 0 → 2 (Эксплуатация), ВС тип=МИ8
✅ Компонент serialno=24107: статус 0 → 2 (Эксплуатация), ВС тип=МИ8
✅ Компонент serialno=24113: статус 0 → 2 (Эксплуатация), ВС тип=МИ8
✅ Компонент serialno=24120: статус 0 → 2 (Эксплуатация), ВС тип=МИ8
✅ Компонент serialno=24121: статус 0 → 2 (Эксплуатация), ВС тип=МИ8
✅ Компонент serialno=24124: статус 0 → 2 (Эксплуатация), ВС тип=МИ8
✅ Компонент serialno=24125: статус 0 → 2 (Эксплуатация), ВС тип=МИ8
✅ Компонент serialno=24126: статус 0 → 2 (Эксплуатация), ВС тип=МИ8
✅ Компонент serialno=24135: статус 0 → 2 (Эксплуатация), ВС тип=МИ8
✅ Компонент serialno=24144: статус 0 → 2 (Эксплуатация), ВС тип=МИ8
✅ Компонент serialno=24147: статус 0 → 2 (Эксплуатация), ВС тип=МИ8
✅ Компонент serialno=24157: статус 0 → 2 (Эксплуатация), ВС тип=МИ8
✅ Компонент serialno=24171: статус 0 → 2 (Эксплуатация), ВС тип=МИ8
✅ Компонент serialno=24177: статус 0 → 2 (Эксплуатация), ВС тип=МИ8
✅ Компонент serialno=24186: статус 0 → 2 (Эксплуатация), ВС тип=МИ8
✅ Компонент serialno=24191: статус 0 → 2 (Эксплуатация), ВС тип=МИ8
✅ Компонент serialno=24197: статус 0 → 2 (Эксплуатация), ВС тип=МИ8
✅ Компонент serialno=24222: статус 0 → 2 (Эксплуатация), ВС тип=МИ8
✅ Компонент serialno=24223: статус 0 → 2 (Эксплуатация), ВС тип=МИ8
✅ Компонент serialno=24227: статус 0 → 2 (Эксплуатация), ВС тип=МИ8
✅ Компонент serialno=24238: статус 0 → 2 (Эксплуатация), ВС тип=МИ8
✅ Компонент serialno=24246: статус 0 → 2 (Эксплуатация), ВС тип=МИ8
✅ Компонент serialno=24274: статус 0 → 2 (Эксплуатация), ВС тип=МИ8
✅ Компонент serialno=24285: статус 0 → 2 (Эксплуатация), ВС тип=МИ8
✅ Компонент serialno=24286: статус 0 → 2 (Эксплуатация), ВС тип=МИ8
✅ Компонент serialno=24287: статус 0 → 2 (Эксплуатация), ВС тип=МИ8
✅ Компонент serialno=24294: статус 0 → 2 (Эксплуатация), ВС тип=МИ8
✅ Компонент serialno=24441: статус 0 → 2 (Эксплуатация), ВС тип=МИ8
✅ Компонент serialno=24479: статус 0 → 2 (Эксплуатация), ВС тип=МИ8
✅ Компонент serialno=24488: статус 0 → 2 (Эксплуатация), ВС тип=МИ8
✅ Компонент serialno=24492: статус 0 → 2 (Эксплуатация), ВС тип=МИ8
✅ Компонент serialno=24500: статус 0 → 2 (Эксплуатация), ВС тип=МИ8
✅ Компонент serialno=24505: статус 0 → 2 (Эксплуатация), ВС тип=МИ8
✅ Компонент serialno=24539: статус 0 → 2 (Эксплуатация), ВС тип=МИ8
✅ Компонент serialno=24546: статус 0 → 2 (Эксплуатация), ВС тип=МИ8
✅ Компонент serialno=24577: статус 0 → 2 (Эксплуатация), ВС тип=МИ8
✅ Компонент serialno=24579: статус 0 → 2 (Эксплуатация), ВС тип=МИ8
✅ Компонент serialno=24580: статус 0 → 2 (Эксплуатация), ВС тип=МИ8
✅ Компонент serialno=24585: статус 0 → 2 (Эксплуатация), ВС тип=МИ8
✅ Компонент serialno=24592: статус 0 → 2 (Эксплуатация), ВС тип=МИ8
✅ Компонент serialno=24593: статус 0 → 2 (Эксплуатация), ВС тип=МИ8
✅ Компонент serialno=24645: статус 0 → 2 (Эксплуатация), ВС тип=МИ8
✅ Компонент serialno=24689: статус 0 → 2 (Эксплуатация), ВС тип=МИ8
✅ Компонент serialno=24726: статус 0 → 2 (Эксплуатация), ВС тип=МИ8
✅ Компонент serialno=25145: статус 0 → 2 (Эксплуатация), ВС тип=МИ8
✅ Компонент serialno=25154: статус 0 → 2 (Эксплуатация), ВС тип=МИ8
✅ Компонент serialno=25159: статус 0 → 2 (Эксплуатация), ВС тип=МИ8
✅ Компонент serialno=25161: статус 0 → 2 (Эксплуатация), ВС тип=МИ8
✅ Компонент serialno=25164: статус 0 → 2 (Эксплуатация), ВС тип=МИ8
✅ Компонент serialno=25355: статус 0 → 2 (Эксплуатация), ВС тип=МИ8
✅ Компонент serialno=25390: статус 0 → 2 (Эксплуатация), ВС тип=МИ8
✅ Компонент serialno=25537: статус 0 → 2 (Эксплуатация), ВС тип=МИ8

📊 Результаты обработки компонентов program_ac:
   Найдено компонентов ВС: 144
   Статусов обновлено: 141
   Пропущено (статус уже установлен): 3

📊 Итоговое распределение статусов:
   0 - Неизвестно(0): 6,522 записей
   2 - Эксплуатация: 141 записей (+141)
   4 - Ремонт: 6 записей
✅ Обработка статусов через program_ac завершена
📊 Распределение статусов:
   0 - По умолчанию: 6,522 записей
   2 - Эксплуатация: 141 записей
   4 - Ремонт: 6 записей
✅ Обработка статусов завершена
🔧 Выравнивание порядка колонок согласно схеме таблицы...
✅ Порядок колонок выровнен: 18 полей
📋 Колонки: ['partno', 'serialno', 'ac_typ', 'location', 'mfg_date', 'removal_date', 'target_date', 'condition', 'owner', 'lease_restricted', 'oh', 'oh_threshold', 'll', 'sne', 'ppr', 'version_date', 'status', 'aircraft_number']
🚀 Загружаем 6,669 записей в heli_pandas (фильтрованные + обогащенные)...
🔍 Диагностика типов данных для heli_pandas:
   partno: object | Примеры: ['246-1517-000', '246-1517-000', '246-1517-000'] | Null: 0
   serialno: object | Примеры: ['Л0103126', 'Л0105223', 'Л0112497'] | Null: 0
   ac_typ: object | Примеры: ['Ми-8Т', 'Ми-8Т', 'Ми-8Т'] | Null: 0
   location: object | Примеры: ['RA-25537', 'RA-24488', 'RA-24580'] | Null: 0
   mfg_date: object | Примеры: [datetime.date(1991, 3, 31), datetime.date(1991, 5, 31), datetime.date(1991, 1, 1)] | Null: 34
   removal_date: object | Примеры: [datetime.date(2025, 1, 18), datetime.date(2025, 6, 12), datetime.date(2020, 6, 10)] | Null: 4655
   target_date: object | Примеры: [datetime.date(2025, 5, 31), datetime.date(2025, 7, 13), datetime.date(2023, 9, 29)] | Null: 6593
   condition: object | Примеры: ['ИСПРАВНЫЙ', 'ИСПРАВНЫЙ', 'ИСПРАВНЫЙ'] | Null: 0
   owner: object | Примеры: ['ЮТ-ВУ', 'ЮТ-ВУ', 'ЮТ-ВУ'] | Null: 0
   lease_restricted: int64 | Примеры: [0, 0, 0] | Null: 0
   oh: object | Примеры: [] | Null: 6669
   oh_threshold: object | Примеры: [] | Null: 6669
   ll: object | Примеры: [] | Null: 6669
   sne: float64 | Примеры: [797106.0, 692407.0, 818519.0] | Null: 485
   ⚠️ ПРОБЛЕМНЫЕ ЗНАЧЕНИЯ в sne: [(0, 797106.0, <class 'float'>), (1, 692407.0, <class 'float'>), (2, 818519.0, <class 'float'>), (3, 798770.0, <class 'float'>), (4, 693754.0, <class 'float'>), (5, 447625.0, <class 'float'>), (6, 340924.0, <class 'float'>), (7, 473889.0, <class 'float'>), (8, 445327.0, <class 'float'>), (9, 703545.0, <class 'float'>)]
   ppr: float64 | Примеры: [14346.0, 22547.0, 173519.0] | Null: 1633
   ⚠️ ПРОБЛЕМНЫЕ ЗНАЧЕНИЯ в ppr: [(0, 14346.0, <class 'float'>), (1, 22547.0, <class 'float'>), (2, 173519.0, <class 'float'>), (3, 112364.0, <class 'float'>), (4, 128314.0, <class 'float'>), (5, 28315.0, <class 'float'>), (6, 101344.0, <class 'float'>), (7, 115370.0, <class 'float'>), (8, 85.0, <class 'float'>), (9, 49268.0, <class 'float'>)]
   version_date: object | Примеры: [datetime.date(2025, 6, 23), datetime.date(2025, 6, 23), datetime.date(2025, 6, 23)] | Null: 0
   status: int64 | Примеры: [0, 0, 0] | Null: 0
   aircraft_number: int64 | Примеры: [25537, 24488, 24580] | Null: 0
🔍 Проверка первого кортежа:
   oh[10]: None (<class 'NoneType'>)
   oh_threshold[11]: None (<class 'NoneType'>)
   ll[12]: None (<class 'NoneType'>)
   sne[13]: 797106.0 (<class 'float'>)
   ppr[14]: 14346.0 (<class 'float'>)
❌ Ошибка загрузки в heli_pandas: Code: 53. Type mismatch in VALUES section. Repeat query with types_check=True for detailed info. Column sne: required argument is not an integer
🔍 ДИАГНОСТИКА ОШИБКИ SNE - первые 5 записей:
   Запись 0: sne = 797106.0 (<class 'float'>)
   Запись 1: sne = 692407.0 (<class 'float'>)
   Запись 2: sne = 818519.0 (<class 'float'>)
   Запись 3: sne = 798770.0 (<class 'float'>)
   Запись 4: sne = 693754.0 (<class 'float'>)
💥 Загрузка завершена с ошибками!
