2025-07-03 13:06:57,191 - INFO - 📝 Логирование настроено: logs/etl_pipeline_20250703_130657.log
2025-07-03 13:06:57,191 - INFO - ETL Pipeline запущен
2025-07-03 13:06:57,191 - INFO - Начало зачистки базы данных
2025-07-03 13:06:57,273 - INFO - Подключение к ClickHouse успешно
2025-07-03 13:06:57,278 - INFO - Удалена таблица: md_components
2025-07-03 13:06:57,280 - INFO - Удалена таблица: program_ac
2025-07-03 13:06:57,282 - INFO - Удалена таблица: status_overhaul
2025-07-03 13:06:57,284 - INFO - Удалена таблица: heli_raw
2025-07-03 13:06:57,286 - INFO - Удалена таблица: heli_pandas
2025-07-03 13:06:57,288 - INFO - Удалена таблица: flight_program
2025-07-03 13:06:57,288 - INFO - Проверка результата зачистки
2025-07-03 13:06:57,295 - INFO - 📊 Результат зачистки: 6/6 таблиц удалено
2025-07-03 13:06:57,295 - INFO - Зачистка базы данных завершена успешно
2025-07-03 13:06:57,295 - INFO - Начало выполнения ETL скриптов
2025-07-03 13:06:57,295 - INFO - Запуск скрипта: md_components_loader.py
2025-07-03 13:06:57,295 - INFO - Описание: Загрузка технических характеристик компонентов
2025-07-03 13:06:57,726 - INFO - Вывод md_components_loader.py сохранен в logs/script_outputs/md_components_loader.py_20250703_130657.log
2025-07-03 13:06:57,726 - INFO - md_components_loader.py выполнен успешно за 0.430 сек
2025-07-03 13:06:57,726 - INFO - Проверка состояния после md_components_loader.py
2025-07-03 13:06:57,730 - INFO - md_components: 37 записей
2025-07-03 13:06:57,745 - INFO - Запуск скрипта: program_ac_loader.py
2025-07-03 13:06:57,745 - INFO - Описание: Загрузка реестра вертолетов в эксплуатации
2025-07-03 13:06:58,231 - INFO - Вывод program_ac_loader.py сохранен в logs/script_outputs/program_ac_loader.py_20250703_130658.log
2025-07-03 13:06:58,232 - INFO - program_ac_loader.py выполнен успешно за 0.486 сек
2025-07-03 13:06:58,232 - INFO - Проверка состояния после program_ac_loader.py
2025-07-03 13:06:58,237 - INFO - md_components: 37 записей
2025-07-03 13:06:58,241 - INFO - program_ac: 178 записей
2025-07-03 13:06:58,253 - INFO - Запуск скрипта: status_overhaul_loader.py
2025-07-03 13:06:58,253 - INFO - Описание: Загрузка статуса капитального ремонта
2025-07-03 13:06:58,672 - INFO - Вывод status_overhaul_loader.py сохранен в logs/script_outputs/status_overhaul_loader.py_20250703_130658.log
2025-07-03 13:06:58,672 - INFO - status_overhaul_loader.py выполнен успешно за 0.419 сек
2025-07-03 13:06:58,672 - INFO - Проверка состояния после status_overhaul_loader.py
2025-07-03 13:06:58,677 - INFO - md_components: 37 записей
2025-07-03 13:06:58,681 - INFO - program_ac: 178 записей
2025-07-03 13:06:58,684 - INFO - status_overhaul: 19 записей
2025-07-03 13:06:58,693 - INFO - Запуск скрипта: dual_loader.py
2025-07-03 13:06:58,693 - INFO - Описание: Основной загрузчик компонентов (heli_raw + heli_pandas)
2025-07-03 13:07:04,188 - INFO - Вывод dual_loader.py сохранен в logs/script_outputs/dual_loader.py_20250703_130704.log
2025-07-03 13:07:04,188 - INFO - dual_loader.py выполнен успешно за 5.495 сек
2025-07-03 13:07:04,188 - INFO - Проверка состояния после dual_loader.py
2025-07-03 13:07:04,194 - INFO - md_components: 37 записей
2025-07-03 13:07:04,197 - INFO - program_ac: 178 записей
2025-07-03 13:07:04,202 - INFO - status_overhaul: 19 записей
2025-07-03 13:07:04,212 - INFO - Запуск скрипта: program_loader.py
2025-07-03 13:07:04,212 - INFO - Описание: Загрузка программы полетов
2025-07-03 13:07:04,642 - INFO - Вывод program_loader.py сохранен в logs/script_outputs/program_loader.py_20250703_130704.log
2025-07-03 13:07:04,642 - INFO - program_loader.py выполнен успешно за 0.429 сек
2025-07-03 13:07:04,642 - INFO - Проверка состояния после program_loader.py
2025-07-03 13:07:04,648 - INFO - md_components: 37 записей
2025-07-03 13:07:04,653 - INFO - program_ac: 178 записей
2025-07-03 13:07:04,657 - INFO - status_overhaul: 19 записей
2025-07-03 13:07:04,669 - INFO - flight_program: 96 записей
2025-07-03 13:07:04,669 - INFO - Запуск скрипта: dictionary_creator.py
2025-07-03 13:07:04,669 - INFO - Описание: Создание словарей для GPU оптимизации
2025-07-03 13:07:05,049 - INFO - Вывод dictionary_creator.py сохранен в logs/script_outputs/dictionary_creator.py_20250703_130705.log
2025-07-03 13:07:05,049 - INFO - dictionary_creator.py выполнен успешно за 0.379 сек
2025-07-03 13:07:05,049 - INFO - Проверка состояния после dictionary_creator.py
2025-07-03 13:07:05,054 - INFO - md_components: 37 записей
2025-07-03 13:07:05,059 - INFO - program_ac: 178 записей
2025-07-03 13:07:05,063 - INFO - status_overhaul: 19 записей
2025-07-03 13:07:05,076 - INFO - flight_program: 96 записей
2025-07-03 13:07:05,076 - INFO - Запуск скрипта: process_location_field.py
2025-07-03 13:07:05,076 - INFO - Описание: Обработка номеров вертолетов из location
2025-07-03 13:07:05,388 - INFO - Вывод process_location_field.py сохранен в logs/script_outputs/process_location_field.py_20250703_130705.log
2025-07-03 13:07:05,388 - ERROR - process_location_field.py завершился с ошибкой, код: 1
2025-07-03 13:07:05,388 - ERROR - Stderr: 2025-07-03 13:07:05,325 - INFO - 🚀 Запуск обработки поля location
2025-07-03 13:07:05,346 - INFO - ✅ Подключение к ClickHouse успешно!
2025-07-03 13:07:05,346 - INFO - 🔧 Добавление колонки aircraft_number...
2025-07-03 13:07:05,352 - INFO - ✅ Колонка aircraft_number добавлена в heli_pandas
2025-07-03 13:07:05,352 - INFO - 🔍 Извлечение номеров вертолетов из RA- значений...
2025-07-03 13:07:05,355 - INFO - ✅ Извлечено 0 номеров вертолетов
2025-07-03 13:07:05,355 - INFO - 📋 Примеры извлеченных номеров:
2025-07-03 13:07:05,355 - ERROR - ❌ Не удалось извлечь номера вертолетов

2025-07-03 13:07:05,388 - INFO - Проверка состояния после process_location_field.py
2025-07-03 13:07:05,394 - INFO - md_components: 37 записей
2025-07-03 13:07:05,398 - INFO - program_ac: 178 записей
2025-07-03 13:07:05,402 - INFO - status_overhaul: 19 записей
2025-07-03 13:07:05,414 - INFO - flight_program: 96 записей
2025-07-03 13:07:05,414 - ERROR - Прерывание пайплайна: process_location_field.py - FAILED
2025-07-03 13:07:05,414 - INFO - Начало проверки качества данных
2025-07-03 13:07:05,418 - INFO - md_components: 37 записей
2025-07-03 13:07:05,422 - INFO - program_ac: 178 записей
2025-07-03 13:07:05,426 - INFO - status_overhaul: 19 записей
2025-07-03 13:07:05,430 - INFO - heli_raw: 0 записей
2025-07-03 13:07:05,434 - INFO - heli_pandas: 0 записей
2025-07-03 13:07:05,439 - INFO - flight_program: 96 записей
2025-07-03 13:07:05,443 - INFO - Словарь dict_partno_flat: 0 записей
2025-07-03 13:07:05,447 - INFO - Словарь dict_serialno_flat: 0 записей
2025-07-03 13:07:05,450 - INFO - Словарь dict_ac_type_flat: 0 записей
2025-07-03 13:07:05,454 - INFO - Словарь dict_owner_flat: 0 записей
2025-07-03 13:07:05,454 - INFO - Результат md_components_loader.py: SUCCESS за 0.430s
2025-07-03 13:07:05,454 - INFO - Результат program_ac_loader.py: SUCCESS за 0.486s
2025-07-03 13:07:05,454 - INFO - Результат status_overhaul_loader.py: SUCCESS за 0.419s
2025-07-03 13:07:05,454 - INFO - Результат dual_loader.py: SUCCESS за 5.495s
2025-07-03 13:07:05,454 - INFO - Результат program_loader.py: SUCCESS за 0.429s
2025-07-03 13:07:05,454 - INFO - Результат dictionary_creator.py: SUCCESS за 0.379s
2025-07-03 13:07:05,454 - INFO - Результат process_location_field.py: FAILED за 0.312s
2025-07-03 13:07:05,454 - ERROR - Пайплайн завершен с проблемами: 1 ошибок скриптов, 0 проблем качества
2025-07-03 13:07:05,454 - INFO - Финальный результат пайплайна: ОШИБКА
