2025-07-20 18:23:58,112 - INFO - ✅ ETL Master инициализирован
2025-07-20 18:24:01,484 - INFO - 🧪 Выбран ТЕСТОВЫЙ режим - полная перезагрузка
2025-07-20 18:24:01,484 - INFO - 🧪 === РЕЖИМ ТЕСТ: ПОЛНАЯ ОЧИСТКА ===
2025-07-20 18:24:01,788 - INFO - ✅ Удален Dictionary: status_dict_flat
2025-07-20 18:24:01,951 - INFO - ✅ Удален Dictionary: partno_dict_flat
2025-07-20 18:24:02,116 - INFO - ✅ Удален Dictionary: serialno_dict_flat
2025-07-20 18:24:02,280 - INFO - ✅ Удален Dictionary: owner_dict_flat
2025-07-20 18:24:02,444 - INFO - ✅ Удален Dictionary: ac_type_dict_flat
2025-07-20 18:24:02,605 - INFO - ✅ Удален Dictionary: aircraft_number_dict_flat
2025-07-20 18:24:02,764 - INFO - ✅ Удалена таблица: heli_pandas
2025-07-20 18:24:02,920 - INFO - ✅ Удалена таблица: heli_raw
2025-07-20 18:24:03,079 - INFO - ✅ Удалена таблица: md_components
2025-07-20 18:24:03,235 - INFO - ✅ Удалена таблица: status_overhaul
2025-07-20 18:24:03,390 - INFO - ✅ Удалена таблица: program_ac
2025-07-20 18:24:03,548 - INFO - ✅ Удалена таблица: flight_program_fl
2025-07-20 18:24:03,711 - INFO - ✅ Удалена таблица: flight_program_ac
2025-07-20 18:24:03,872 - INFO - ✅ Удалена таблица: dict_status_flat
2025-07-20 18:24:03,873 - INFO - 📅 Извлечение единой version_date из Status_Components.xlsx...
2025-07-20 18:24:05,614 - INFO - 📅 Дата создания Excel: 2025-07-04 09:44:38
2025-07-20 18:24:05,614 - INFO - 📅 Дата модификации Excel: 2025-07-18 09:06:43
2025-07-20 18:24:05,614 - INFO - 📋 Файл: Status_Components.xlsx
2025-07-20 18:24:05,614 - INFO - 📏 Размер: 14,860,351 байт
2025-07-20 18:24:05,614 - INFO - 🕐 Модификация ОС: 2025-07-18 21:09:00.571872
2025-07-20 18:24:05,614 - INFO - 🎯 Источник версии: Excel created
2025-07-20 18:24:05,614 - INFO - ✅ Единая version_date для всех загрузчиков: 2025-07-04
2025-07-20 18:24:05,614 - INFO - ✅ Тестовый режим подготовлен: удалено 14 таблиц
2025-07-20 18:24:05,614 - INFO - 🎯 Единая версия для всех загрузчиков: 2025-07-04 (version_id=1)
2025-07-20 18:24:05,614 - INFO - 🚀 === ЗАПУСК ETL ПАЙПЛАЙНА ===
2025-07-20 18:24:05,614 - INFO - 
📋 ЭТАП 1/10: md_components_loader.py
2025-07-20 18:24:05,614 - INFO - 🚀 Запуск микросервиса: md_components_loader.py
2025-07-20 18:24:05,614 - INFO - 📋 Описание: MD Components - мастер-данные компонентов
2025-07-20 18:24:07,076 - INFO - ✅ Микросервис md_components_loader.py завершен успешно за 1.5с
2025-07-20 18:24:07,076 - INFO - 📊 Последние строки вывода:
2025-07-20 18:24:07,076 - INFO -    📅 Версия данных: 2025-07-04 (version_id=1)
2025-07-20 18:24:07,076 - INFO -    📊 md_components: 37 записей
2025-07-20 18:24:07,076 - INFO -    🔍 Проверки качества: ✅ ПРОЙДЕНЫ
2025-07-20 18:24:07,341 - INFO - ✅ ЭТАП 1 завершен: md_components: 37 записей (версия 1)
2025-07-20 18:24:07,341 - INFO - 
📋 ЭТАП 2/10: status_overhaul_loader.py
2025-07-20 18:24:07,341 - INFO - 🚀 Запуск микросервиса: status_overhaul_loader.py
2025-07-20 18:24:07,341 - INFO - 📋 Описание: Status & Overhaul - статусы и капремонт
2025-07-20 18:24:08,684 - INFO - ✅ Микросервис status_overhaul_loader.py завершен успешно за 1.3с
2025-07-20 18:24:08,684 - INFO - 📊 Последние строки вывода:
2025-07-20 18:24:08,684 - INFO -    📊 status_overhaul: 46 записей
2025-07-20 18:24:08,684 - INFO -    📈 Статус капитального ремонта загружен
2025-07-20 18:24:08,684 - INFO -    🔍 Проверки качества: ✅ ПРОЙДЕНЫ
2025-07-20 18:24:08,939 - INFO - ✅ ЭТАП 2 завершен: status_overhaul: 46 записей (версия 1)
2025-07-20 18:24:08,940 - INFO - 
📋 ЭТАП 3/10: program_ac_loader.py
2025-07-20 18:24:08,940 - INFO - 🚀 Запуск микросервиса: program_ac_loader.py
2025-07-20 18:24:08,940 - INFO - 📋 Описание: Program AC - связка программ и ВС
2025-07-20 18:24:10,385 - INFO - ✅ Микросервис program_ac_loader.py завершен успешно за 1.4с
2025-07-20 18:24:10,386 - INFO - 📊 Последние строки вывода:
2025-07-20 18:24:10,386 - INFO -    📊 program_ac: 189 записей
2025-07-20 18:24:10,386 - INFO -    📈 Реестр вертолетов в эксплуатации загружен
2025-07-20 18:24:10,386 - INFO -    🔍 Проверки качества: ✅ ПРОЙДЕНЫ
2025-07-20 18:24:10,649 - INFO - ✅ ЭТАП 3 завершен: program_ac: 189 записей (версия 1)
2025-07-20 18:24:10,649 - INFO - 
📋 ЭТАП 4/10: dual_loader.py
2025-07-20 18:24:11,143 - INFO - 🚀 Запуск микросервиса: dual_loader.py
2025-07-20 18:24:11,143 - INFO - 📋 Описание: Status Components - основные данные + процессинг
2025-07-20 18:24:32,404 - INFO - ✅ Микросервис dual_loader.py завершен успешно за 21.3с
2025-07-20 18:24:32,405 - INFO - 📊 Последние строки вывода:
2025-07-20 18:24:32,405 - INFO -    ⚡ Улучшенная версионность с проверкой года
2025-07-20 18:24:32,405 - INFO -    🔍 Проверки качества: ✅ ПРОЙДЕНЫ
2025-07-20 18:24:32,405 - INFO -    ⏱️ ОБЩЕЕ ВРЕМЯ ВЫПОЛНЕНИЯ: 20.86с
2025-07-20 18:24:32,730 - INFO - ✅ ЭТАП 4 завершен: heli_pandas: 7,113 записей (версия 1)
2025-07-20 18:24:32,730 - INFO - 
📋 ЭТАП 5/10: enrich_heli_pandas.py
2025-07-20 18:24:32,894 - INFO - 🚀 Запуск микросервиса: enrich_heli_pandas.py
2025-07-20 18:24:32,894 - INFO - 📋 Описание: Обогащение ac_type_mask
2025-07-20 18:24:36,784 - INFO - ✅ Микросервис enrich_heli_pandas.py завершен успешно за 3.9с
2025-07-20 18:24:36,785 - INFO - 📊 Последние строки вывода:
2025-07-20 18:24:36,785 - INFO -    ✅ ac_type_mask заполнен для multihot операций
2025-07-20 18:24:36,785 - INFO -    💡 Встроенные ID поля НЕ изменялись (уже из Excel)
2025-07-20 18:24:36,785 - INFO -    🚀 Flame GPU integration готов!
2025-07-20 18:24:37,039 - INFO - ✅ ЭТАП 5 завершен: heli_pandas: 7,113 записей (версия 1)
2025-07-20 18:24:37,039 - INFO - 
📋 ЭТАП 6/10: dictionary_creator.py
2025-07-20 18:24:37,207 - INFO - 🚀 Запуск микросервиса: dictionary_creator.py
2025-07-20 18:24:37,207 - INFO - 📋 Описание: Все справочники (статусы, партномера, серийники, владельцы, типы ВС, номера ВС)
2025-07-20 18:24:41,158 - INFO - ✅ Микросервис dictionary_creator.py завершен успешно за 4.0с
2025-07-20 18:24:41,158 - INFO - 📊 Последние строки вывода:
2025-07-20 18:24:41,158 - INFO -    ✅ Подключение: 10.95.19.132:9000
2025-07-20 18:24:41,158 - INFO -    🔒 Пароль получен из environment variable: CLICKHOUSE_PASSWORD
2025-07-20 18:24:41,158 - INFO -    🎯 Успешно!
2025-07-20 18:24:41,408 - INFO - ✅ ЭТАП 6 завершен: dict_status_flat: 6 записей (без версионирования)
2025-07-20 18:24:41,408 - INFO - 
📋 ЭТАП 7/10: calculate_beyond_repair.py
2025-07-20 18:24:41,569 - INFO - 🚀 Запуск микросервиса: calculate_beyond_repair.py
2025-07-20 18:24:41,569 - INFO - 📋 Описание: Расчет Beyond Repair (br)
2025-07-20 18:24:44,344 - INFO - ✅ Микросервис calculate_beyond_repair.py завершен успешно за 2.8с
2025-07-20 18:24:44,345 - INFO - 📊 Последние строки вывода:
2025-07-20 18:24:44,345 - INFO -    ✅ Конфигурация загружена из: /home/budnik_an/cube_linux/cube/config/database_config.yaml
2025-07-20 18:24:44,345 - INFO -    ✅ Подключение: 10.95.19.132:9000
2025-07-20 18:24:44,345 - INFO -    🔒 Пароль получен из environment variable: CLICKHOUSE_PASSWORD
2025-07-20 18:24:44,591 - INFO - ✅ ЭТАП 7 завершен: md_components: 37 записей (версия 1)
2025-07-20 18:24:44,591 - INFO - 
📋 ЭТАП 8/10: md_components_enricher.py
2025-07-20 18:24:44,917 - INFO - 🚀 Запуск микросервиса: md_components_enricher.py
2025-07-20 18:24:44,917 - INFO - 📋 Описание: Обогащение MD Components
2025-07-20 18:24:46,285 - INFO - ✅ Микросервис md_components_enricher.py завершен успешно за 1.4с
2025-07-20 18:24:46,285 - INFO - 📊 Последние строки вывода:
2025-07-20 18:24:46,286 - INFO -    ✅ Поле partno_comp добавлено в md_components
2025-07-20 18:24:46,286 - INFO -    📚 Использованы реальные ID из dict_partno_flat
2025-07-20 18:24:46,286 - INFO -    🚀 Готово для разных тензоров в Flame GPU!
2025-07-20 18:24:46,534 - INFO - ✅ ЭТАП 8 завершен: md_components: 37 записей (версия 1)
2025-07-20 18:24:46,534 - INFO - 
📋 ЭТАП 9/10: program_fl_direct_loader.py
2025-07-20 18:24:46,699 - INFO - 🚀 Запуск микросервиса: program_fl_direct_loader.py
2025-07-20 18:24:46,699 - INFO - 📋 Описание: Flight Program FL Direct - прямой тензор программ полетов на 4000 дней
2025-07-20 18:24:51,536 - INFO - ✅ Микросервис program_fl_direct_loader.py завершен успешно за 4.8с
2025-07-20 18:24:51,536 - INFO - 📊 Последние строки вывода:
2025-07-20 18:24:51,536 - INFO -    🔒 Пароль получен из environment variable: CLICKHOUSE_PASSWORD
2025-07-20 18:24:51,536 - INFO -    🗓️ Версия данных (из параметров): 2025-07-04, version_id: 1
2025-07-20 18:24:51,536 - INFO -    ✅ Прямой загрузчик завершен успешно!
2025-07-20 18:24:51,798 - INFO - ✅ ЭТАП 9 завершен: flight_program_fl: 1,116,000 записей (версия 1)
2025-07-20 18:24:51,798 - INFO - 
📋 ЭТАП 10/10: program_ac_direct_loader.py
2025-07-20 18:24:52,125 - INFO - 🚀 Запуск микросервиса: program_ac_direct_loader.py
2025-07-20 18:24:52,126 - INFO - 📋 Описание: Flight Program AC Direct - прямой тензор операций ВС на 4000 дней с постпроцессингом
2025-07-20 18:24:53,741 - INFO - ✅ Микросервис program_ac_direct_loader.py завершен успешно за 1.6с
2025-07-20 18:24:53,741 - INFO - 📊 Последние строки вывода:
2025-07-20 18:24:53,741 - INFO -    🔒 Пароль получен из environment variable: CLICKHOUSE_PASSWORD
2025-07-20 18:24:53,741 - INFO -    🗓️ Версия данных (из параметров): 2025-07-04, version_id: 1
2025-07-20 18:24:53,741 - INFO -    ✅ Прямой загрузчик AC завершен успешно!
2025-07-20 18:24:53,991 - INFO - ✅ ЭТАП 10 завершен: flight_program_ac: 4,000 записей (версия 1)
2025-07-20 18:24:53,991 - INFO - 
📊 === ИТОГИ ПАЙПЛАЙНА ===
2025-07-20 18:24:53,992 - INFO - ✅ Успешно: 10/10 этапов
2025-07-20 18:24:53,992 - INFO - 🎯 Версия данных: 2025-07-04 (version_id=1)
2025-07-20 18:24:53,992 - INFO - 🔧 Режим: TEST
2025-07-20 18:24:53,992 - INFO - 
🔍 === ФИНАЛЬНАЯ ВАЛИДАЦИЯ ===
2025-07-20 18:24:57,255 - INFO - ✅ heli_pandas: 7,113 записей всего, 7,113 для версии 1
2025-07-20 18:24:57,588 - INFO - ✅ md_components: 37 записей всего, 37 для версии 1
2025-07-20 18:24:57,926 - INFO - ✅ status_overhaul: 46 записей всего, 46 для версии 1
2025-07-20 18:24:58,008 - ERROR - ❌ Критическая таблица flight_program отсутствует
2025-07-20 18:24:58,009 - WARNING - 
⚠️ Система требует дополнительной настройки
2025-07-20 18:24:58,009 - INFO - 
⏱️ Общее время выполнения: 52.4 секунд
2025-07-20 18:24:58,009 - INFO - 🎉 ETL ПАЙПЛАЙН ЗАВЕРШЕН УСПЕШНО!
2025-07-20 18:44:14,588 - INFO - ✅ ETL Master инициализирован
2025-07-20 18:44:17,811 - INFO - 🧪 Выбран ТЕСТОВЫЙ режим - полная перезагрузка
2025-07-20 18:44:17,811 - INFO - 🧪 === РЕЖИМ ТЕСТ: ПОЛНАЯ ОЧИСТКА ===
2025-07-20 18:44:18,105 - INFO - ✅ Удален Dictionary: status_dict_flat
2025-07-20 18:44:18,269 - INFO - ✅ Удален Dictionary: partno_dict_flat
2025-07-20 18:44:18,437 - INFO - ✅ Удален Dictionary: serialno_dict_flat
2025-07-20 18:44:18,600 - INFO - ✅ Удален Dictionary: owner_dict_flat
2025-07-20 18:44:18,762 - INFO - ✅ Удален Dictionary: ac_type_dict_flat
2025-07-20 18:44:18,924 - INFO - ✅ Удален Dictionary: aircraft_number_dict_flat
2025-07-20 18:44:19,080 - INFO - ✅ Удалена таблица: heli_pandas
2025-07-20 18:44:19,235 - INFO - ✅ Удалена таблица: heli_raw
2025-07-20 18:44:19,400 - INFO - ✅ Удалена таблица: md_components
2025-07-20 18:44:19,559 - INFO - ✅ Удалена таблица: status_overhaul
2025-07-20 18:44:19,719 - INFO - ✅ Удалена таблица: program_ac
2025-07-20 18:44:19,874 - INFO - ✅ Удалена таблица: flight_program_fl
2025-07-20 18:44:20,030 - INFO - ✅ Удалена таблица: flight_program_ac
2025-07-20 18:44:20,185 - INFO - ✅ Удалена таблица: dict_status_flat
2025-07-20 18:44:20,185 - INFO - 📅 Извлечение единой version_date из Status_Components.xlsx...
2025-07-20 18:44:21,972 - INFO - 📅 Дата создания Excel: 2025-07-04 09:44:38
2025-07-20 18:44:21,973 - INFO - 📅 Дата модификации Excel: 2025-07-18 09:06:43
2025-07-20 18:44:21,973 - INFO - 📋 Файл: Status_Components.xlsx
2025-07-20 18:44:21,973 - INFO - 📏 Размер: 14,860,351 байт
2025-07-20 18:44:21,973 - INFO - 🕐 Модификация ОС: 2025-07-18 21:09:00.571872
2025-07-20 18:44:21,973 - INFO - 🎯 Источник версии: Excel created
2025-07-20 18:44:21,973 - INFO - ✅ Единая version_date для всех загрузчиков: 2025-07-04
2025-07-20 18:44:21,973 - INFO - ✅ Тестовый режим подготовлен: удалено 14 таблиц
2025-07-20 18:44:21,973 - INFO - 🎯 Единая версия для всех загрузчиков: 2025-07-04 (version_id=1)
2025-07-20 18:44:21,973 - INFO - 🚀 === ЗАПУСК ETL ПАЙПЛАЙНА ===
2025-07-20 18:44:21,973 - INFO - 
📋 ЭТАП 1/10: md_components_loader.py
2025-07-20 18:44:21,973 - INFO - 🚀 Запуск микросервиса: md_components_loader.py
2025-07-20 18:44:21,973 - INFO - 📋 Описание: MD Components - мастер-данные компонентов
2025-07-20 18:44:23,437 - INFO - ✅ Микросервис md_components_loader.py завершен успешно за 1.5с
2025-07-20 18:44:23,438 - INFO - 📊 Последние строки вывода:
2025-07-20 18:44:23,438 - INFO -    📅 Версия данных: 2025-07-04 (version_id=1)
2025-07-20 18:44:23,438 - INFO -    📊 md_components: 37 записей
2025-07-20 18:44:23,438 - INFO -    🔍 Проверки качества: ✅ ПРОЙДЕНЫ
2025-07-20 18:44:23,693 - INFO - ✅ ЭТАП 1 завершен: md_components: 37 записей (версия 1)
2025-07-20 18:44:23,693 - INFO - 
📋 ЭТАП 2/10: status_overhaul_loader.py
2025-07-20 18:44:23,694 - INFO - 🚀 Запуск микросервиса: status_overhaul_loader.py
2025-07-20 18:44:23,694 - INFO - 📋 Описание: Status & Overhaul - статусы и капремонт
2025-07-20 18:44:24,935 - INFO - ✅ Микросервис status_overhaul_loader.py завершен успешно за 1.2с
2025-07-20 18:44:24,935 - INFO - 📊 Последние строки вывода:
2025-07-20 18:44:24,935 - INFO -    📊 status_overhaul: 46 записей
2025-07-20 18:44:24,935 - INFO -    📈 Статус капитального ремонта загружен
2025-07-20 18:44:24,936 - INFO -    🔍 Проверки качества: ✅ ПРОЙДЕНЫ
2025-07-20 18:44:28,175 - INFO - ✅ ЭТАП 2 завершен: status_overhaul: 46 записей (версия 1)
2025-07-20 18:44:28,175 - INFO - 
📋 ЭТАП 3/10: program_ac_loader.py
2025-07-20 18:44:28,175 - INFO - 🚀 Запуск микросервиса: program_ac_loader.py
2025-07-20 18:44:28,175 - INFO - 📋 Описание: Program AC - связка программ и ВС
2025-07-20 18:44:29,557 - INFO - ✅ Микросервис program_ac_loader.py завершен успешно за 1.4с
2025-07-20 18:44:29,557 - INFO - 📊 Последние строки вывода:
2025-07-20 18:44:29,557 - INFO -    📊 program_ac: 189 записей
2025-07-20 18:44:29,557 - INFO -    📈 Реестр вертолетов в эксплуатации загружен
2025-07-20 18:44:29,557 - INFO -    🔍 Проверки качества: ✅ ПРОЙДЕНЫ
2025-07-20 18:44:29,812 - INFO - ✅ ЭТАП 3 завершен: program_ac: 189 записей (версия 1)
2025-07-20 18:44:29,812 - INFO - 
📋 ЭТАП 4/10: dual_loader.py
2025-07-20 18:44:30,301 - INFO - 🚀 Запуск микросервиса: dual_loader.py
2025-07-20 18:44:30,302 - INFO - 📋 Описание: Status Components - основные данные + процессинг
2025-07-20 18:44:46,718 - INFO - ✅ Микросервис dual_loader.py завершен успешно за 16.4с
2025-07-20 18:44:46,719 - INFO - 📊 Последние строки вывода:
2025-07-20 18:44:46,719 - INFO -    ⚡ Улучшенная версионность с проверкой года
2025-07-20 18:44:46,719 - INFO -    🔍 Проверки качества: ✅ ПРОЙДЕНЫ
2025-07-20 18:44:46,719 - INFO -    ⏱️ ОБЩЕЕ ВРЕМЯ ВЫПОЛНЕНИЯ: 16.02с
2025-07-20 18:44:46,977 - INFO - ✅ ЭТАП 4 завершен: heli_pandas: 7,113 записей (версия 1)
2025-07-20 18:44:46,977 - INFO - 
📋 ЭТАП 5/10: enrich_heli_pandas.py
2025-07-20 18:44:47,140 - INFO - 🚀 Запуск микросервиса: enrich_heli_pandas.py
2025-07-20 18:44:47,141 - INFO - 📋 Описание: Обогащение ac_type_mask
2025-07-20 18:44:51,030 - INFO - ✅ Микросервис enrich_heli_pandas.py завершен успешно за 3.9с
2025-07-20 18:44:51,031 - INFO - 📊 Последние строки вывода:
2025-07-20 18:44:51,031 - INFO -    ✅ ac_type_mask заполнен для multihot операций
2025-07-20 18:44:51,031 - INFO -    💡 Встроенные ID поля НЕ изменялись (уже из Excel)
2025-07-20 18:44:51,031 - INFO -    🚀 Flame GPU integration готов!
2025-07-20 18:44:51,280 - INFO - ✅ ЭТАП 5 завершен: heli_pandas: 7,113 записей (версия 1)
2025-07-20 18:44:51,280 - INFO - 
📋 ЭТАП 6/10: dictionary_creator.py
2025-07-20 18:44:51,444 - INFO - 🚀 Запуск микросервиса: dictionary_creator.py
2025-07-20 18:44:51,445 - INFO - 📋 Описание: Все справочники (статусы, партномера, серийники, владельцы, типы ВС, номера ВС)
2025-07-20 18:44:55,447 - INFO - ✅ Микросервис dictionary_creator.py завершен успешно за 4.0с
2025-07-20 18:44:55,447 - INFO - 📊 Последние строки вывода:
2025-07-20 18:44:55,447 - INFO -    ✅ Подключение: 10.95.19.132:9000
2025-07-20 18:44:55,447 - INFO -    🔒 Пароль получен из environment variable: CLICKHOUSE_PASSWORD
2025-07-20 18:44:55,447 - INFO -    🎯 Успешно!
2025-07-20 18:44:55,694 - INFO - ✅ ЭТАП 6 завершен: dict_status_flat: 6 записей (без версионирования)
2025-07-20 18:44:55,694 - INFO - 
📋 ЭТАП 7/10: calculate_beyond_repair.py
2025-07-20 18:44:55,858 - INFO - 🚀 Запуск микросервиса: calculate_beyond_repair.py
2025-07-20 18:44:55,859 - INFO - 📋 Описание: Расчет Beyond Repair (br)
2025-07-20 18:44:58,669 - INFO - ✅ Микросервис calculate_beyond_repair.py завершен успешно за 2.8с
2025-07-20 18:44:58,669 - INFO - 📊 Последние строки вывода:
2025-07-20 18:44:58,669 - INFO -    ✅ Конфигурация загружена из: /home/budnik_an/cube_linux/cube/config/database_config.yaml
2025-07-20 18:44:58,669 - INFO -    ✅ Подключение: 10.95.19.132:9000
2025-07-20 18:44:58,669 - INFO -    🔒 Пароль получен из environment variable: CLICKHOUSE_PASSWORD
2025-07-20 18:44:58,925 - INFO - ✅ ЭТАП 7 завершен: md_components: 37 записей (версия 1)
2025-07-20 18:44:58,925 - INFO - 
📋 ЭТАП 8/10: md_components_enricher.py
2025-07-20 18:44:59,264 - INFO - 🚀 Запуск микросервиса: md_components_enricher.py
2025-07-20 18:44:59,264 - INFO - 📋 Описание: Обогащение MD Components
2025-07-20 18:45:03,518 - INFO - ✅ Микросервис md_components_enricher.py завершен успешно за 4.3с
2025-07-20 18:45:03,518 - INFO - 📊 Последние строки вывода:
2025-07-20 18:45:03,518 - INFO -    ✅ Поле partno_comp добавлено в md_components
2025-07-20 18:45:03,518 - INFO -    📚 Использованы реальные ID из dict_partno_flat
2025-07-20 18:45:03,518 - INFO -    🚀 Готово для разных тензоров в Flame GPU!
2025-07-20 18:45:03,763 - INFO - ✅ ЭТАП 8 завершен: md_components: 37 записей (версия 1)
2025-07-20 18:45:03,763 - INFO - 
📋 ЭТАП 9/10: program_fl_direct_loader.py
2025-07-20 18:45:03,932 - INFO - 🚀 Запуск микросервиса: program_fl_direct_loader.py
2025-07-20 18:45:03,932 - INFO - 📋 Описание: Flight Program FL Direct - прямой тензор программ полетов на 4000 дней
2025-07-20 18:45:09,972 - INFO - ✅ Микросервис program_fl_direct_loader.py завершен успешно за 6.0с
2025-07-20 18:45:09,972 - INFO - 📊 Последние строки вывода:
2025-07-20 18:45:09,972 - INFO -    🔒 Пароль получен из environment variable: CLICKHOUSE_PASSWORD
2025-07-20 18:45:09,972 - INFO -    🗓️ Версия данных (из параметров): 2025-07-04, version_id: 1
2025-07-20 18:45:09,972 - INFO -    ✅ Прямой загрузчик завершен успешно!
2025-07-20 18:45:10,227 - INFO - ✅ ЭТАП 9 завершен: flight_program_fl: 1,116,000 записей (версия 1)
2025-07-20 18:45:10,227 - INFO - 
📋 ЭТАП 10/10: program_ac_direct_loader.py
2025-07-20 18:45:10,557 - INFO - 🚀 Запуск микросервиса: program_ac_direct_loader.py
2025-07-20 18:45:10,557 - INFO - 📋 Описание: Flight Program AC Direct - прямой тензор операций ВС на 4000 дней с постпроцессингом
2025-07-20 18:45:10,580 - ERROR - ❌ Микросервис program_ac_direct_loader.py завершился с ошибкой (код: 1)
2025-07-20 18:45:10,580 - ERROR - ❌ STDERR:
2025-07-20 18:45:10,580 - ERROR -    File "/home/budnik_an/cube_linux/cube/code/program_ac_direct_loader.py", line 533
2025-07-20 18:45:10,580 - ERROR -        insert_data.append([
2025-07-20 18:45:10,580 - ERROR -    IndentationError: unexpected indent
2025-07-20 18:45:10,580 - WARNING - ⚠️ НЕКРИТИЧЕСКИЙ ЭТАП 10 провален: program_ac_direct_loader.py, продолжаем
2025-07-20 18:45:10,580 - INFO - 
📊 === ИТОГИ ПАЙПЛАЙНА ===
2025-07-20 18:45:10,580 - INFO - ✅ Успешно: 9/10 этапов
2025-07-20 18:45:10,580 - INFO - 🎯 Версия данных: 2025-07-04 (version_id=1)
2025-07-20 18:45:10,580 - INFO - 🔧 Режим: TEST
2025-07-20 18:45:10,580 - WARNING - ⚠️ Проваленные этапы: program_ac_direct_loader.py
2025-07-20 18:45:10,580 - INFO - 
🔍 === ФИНАЛЬНАЯ ВАЛИДАЦИЯ ===
2025-07-20 18:45:10,915 - INFO - ✅ heli_pandas: 7,113 записей всего, 7,113 для версии 1
2025-07-20 18:45:11,252 - INFO - ✅ md_components: 37 записей всего, 37 для версии 1
2025-07-20 18:45:11,591 - INFO - ✅ status_overhaul: 46 записей всего, 46 для версии 1
2025-07-20 18:45:11,677 - ERROR - ❌ Критическая таблица flight_program отсутствует
2025-07-20 18:45:11,677 - WARNING - 
⚠️ Система требует дополнительной настройки
2025-07-20 18:45:11,677 - INFO - 
⏱️ Общее время выполнения: 49.7 секунд
2025-07-20 18:45:11,677 - WARNING - ⚠️ ETL ПАЙПЛАЙН ЗАВЕРШЕН С ОШИБКАМИ
2025-07-20 18:53:45,391 - INFO - ✅ ETL Master инициализирован
2025-07-20 18:53:51,768 - INFO - 🧪 Выбран ТЕСТОВЫЙ режим - полная перезагрузка
2025-07-20 18:53:51,769 - INFO - 🧪 === РЕЖИМ ТЕСТ: ПОЛНАЯ ОЧИСТКА ===
2025-07-20 18:53:52,082 - INFO - ✅ Удален Dictionary: status_dict_flat
2025-07-20 18:53:52,255 - INFO - ✅ Удален Dictionary: partno_dict_flat
2025-07-20 18:53:52,409 - INFO - ✅ Удален Dictionary: serialno_dict_flat
2025-07-20 18:53:52,576 - INFO - ✅ Удален Dictionary: owner_dict_flat
2025-07-20 18:53:52,752 - INFO - ✅ Удален Dictionary: ac_type_dict_flat
2025-07-20 18:53:52,912 - INFO - ✅ Удален Dictionary: aircraft_number_dict_flat
2025-07-20 18:53:53,064 - INFO - ✅ Удалена таблица: heli_pandas
2025-07-20 18:53:53,216 - INFO - ✅ Удалена таблица: heli_raw
2025-07-20 18:53:53,409 - INFO - ✅ Удалена таблица: md_components
2025-07-20 18:53:53,584 - INFO - ✅ Удалена таблица: status_overhaul
2025-07-20 18:53:53,748 - INFO - ✅ Удалена таблица: program_ac
2025-07-20 18:53:53,904 - INFO - ✅ Удалена таблица: flight_program_fl
2025-07-20 18:53:54,059 - INFO - ✅ Удалена таблица: flight_program_ac
2025-07-20 18:53:54,225 - INFO - ✅ Удалена таблица: dict_status_flat
2025-07-20 18:53:54,225 - INFO - 📅 Извлечение единой version_date из Status_Components.xlsx...
2025-07-20 18:53:55,965 - INFO - 📅 Дата создания Excel: 2025-07-04 09:44:38
2025-07-20 18:53:55,965 - INFO - 📅 Дата модификации Excel: 2025-07-18 09:06:43
2025-07-20 18:53:55,965 - INFO - 📋 Файл: Status_Components.xlsx
2025-07-20 18:53:55,965 - INFO - 📏 Размер: 14,860,351 байт
2025-07-20 18:53:55,965 - INFO - 🕐 Модификация ОС: 2025-07-18 21:09:00.571872
2025-07-20 18:53:55,966 - INFO - 🎯 Источник версии: Excel created
2025-07-20 18:53:55,966 - INFO - ✅ Единая version_date для всех загрузчиков: 2025-07-04
2025-07-20 18:53:55,966 - INFO - ✅ Тестовый режим подготовлен: удалено 14 таблиц
2025-07-20 18:53:55,966 - INFO - 🎯 Единая версия для всех загрузчиков: 2025-07-04 (version_id=1)
2025-07-20 18:53:55,966 - INFO - 🚀 === ЗАПУСК ETL ПАЙПЛАЙНА ===
2025-07-20 18:53:55,966 - INFO - 
📋 ЭТАП 1/10: md_components_loader.py
2025-07-20 18:53:55,966 - INFO - 🚀 Запуск микросервиса: md_components_loader.py
2025-07-20 18:53:55,966 - INFO - 📋 Описание: MD Components - мастер-данные компонентов
2025-07-20 18:53:57,106 - INFO - ✅ Микросервис md_components_loader.py завершен успешно за 1.1с
2025-07-20 18:53:57,106 - INFO - 📊 Последние строки вывода:
2025-07-20 18:53:57,106 - INFO -    📅 Версия данных: 2025-07-04 (version_id=1)
2025-07-20 18:53:57,106 - INFO -    📊 md_components: 37 записей
2025-07-20 18:53:57,106 - INFO -    🔍 Проверки качества: ✅ ПРОЙДЕНЫ
2025-07-20 18:53:57,370 - INFO - ✅ ЭТАП 1 завершен: md_components: 37 записей (версия 1)
2025-07-20 18:53:57,370 - INFO - 
📋 ЭТАП 2/10: status_overhaul_loader.py
2025-07-20 18:53:57,370 - INFO - 🚀 Запуск микросервиса: status_overhaul_loader.py
2025-07-20 18:53:57,370 - INFO - 📋 Описание: Status & Overhaul - статусы и капремонт
2025-07-20 18:53:58,599 - INFO - ✅ Микросервис status_overhaul_loader.py завершен успешно за 1.2с
2025-07-20 18:53:58,599 - INFO - 📊 Последние строки вывода:
2025-07-20 18:53:58,599 - INFO -    📊 status_overhaul: 46 записей
2025-07-20 18:53:58,599 - INFO -    📈 Статус капитального ремонта загружен
2025-07-20 18:53:58,599 - INFO -    🔍 Проверки качества: ✅ ПРОЙДЕНЫ
2025-07-20 18:53:58,851 - INFO - ✅ ЭТАП 2 завершен: status_overhaul: 46 записей (версия 1)
2025-07-20 18:53:58,851 - INFO - 
📋 ЭТАП 3/10: program_ac_loader.py
2025-07-20 18:53:58,852 - INFO - 🚀 Запуск микросервиса: program_ac_loader.py
2025-07-20 18:53:58,852 - INFO - 📋 Описание: Program AC - связка программ и ВС
2025-07-20 18:54:00,241 - INFO - ✅ Микросервис program_ac_loader.py завершен успешно за 1.4с
2025-07-20 18:54:00,241 - INFO - 📊 Последние строки вывода:
2025-07-20 18:54:00,241 - INFO -    📊 program_ac: 189 записей
2025-07-20 18:54:00,241 - INFO -    📈 Реестр вертолетов в эксплуатации загружен
2025-07-20 18:54:00,241 - INFO -    🔍 Проверки качества: ✅ ПРОЙДЕНЫ
2025-07-20 18:54:00,485 - INFO - ✅ ЭТАП 3 завершен: program_ac: 189 записей (версия 1)
2025-07-20 18:54:00,486 - INFO - 
📋 ЭТАП 4/10: dual_loader.py
2025-07-20 18:54:00,981 - INFO - 🚀 Запуск микросервиса: dual_loader.py
2025-07-20 18:54:00,981 - INFO - 📋 Описание: Status Components - основные данные + процессинг
2025-07-20 18:54:19,756 - INFO - ✅ Микросервис dual_loader.py завершен успешно за 18.8с
2025-07-20 18:54:19,756 - INFO - 📊 Последние строки вывода:
2025-07-20 18:54:19,756 - INFO -    ⚡ Улучшенная версионность с проверкой года
2025-07-20 18:54:19,756 - INFO -    🔍 Проверки качества: ✅ ПРОЙДЕНЫ
2025-07-20 18:54:19,756 - INFO -    ⏱️ ОБЩЕЕ ВРЕМЯ ВЫПОЛНЕНИЯ: 18.40с
2025-07-20 18:54:20,008 - INFO - ✅ ЭТАП 4 завершен: heli_pandas: 7,113 записей (версия 1)
2025-07-20 18:54:20,008 - INFO - 
📋 ЭТАП 5/10: enrich_heli_pandas.py
2025-07-20 18:54:20,169 - INFO - 🚀 Запуск микросервиса: enrich_heli_pandas.py
2025-07-20 18:54:20,170 - INFO - 📋 Описание: Обогащение ac_type_mask
2025-07-20 18:54:27,086 - INFO - ✅ Микросервис enrich_heli_pandas.py завершен успешно за 6.9с
2025-07-20 18:54:27,086 - INFO - 📊 Последние строки вывода:
2025-07-20 18:54:27,086 - INFO -    ✅ ac_type_mask заполнен для multihot операций
2025-07-20 18:54:27,086 - INFO -    💡 Встроенные ID поля НЕ изменялись (уже из Excel)
2025-07-20 18:54:27,086 - INFO -    🚀 Flame GPU integration готов!
2025-07-20 18:54:27,337 - INFO - ✅ ЭТАП 5 завершен: heli_pandas: 7,113 записей (версия 1)
2025-07-20 18:54:27,337 - INFO - 
📋 ЭТАП 6/10: dictionary_creator.py
2025-07-20 18:54:27,500 - INFO - 🚀 Запуск микросервиса: dictionary_creator.py
2025-07-20 18:54:27,500 - INFO - 📋 Описание: Все справочники (статусы, партномера, серийники, владельцы, типы ВС, номера ВС)
2025-07-20 18:54:31,387 - INFO - ✅ Микросервис dictionary_creator.py завершен успешно за 3.9с
2025-07-20 18:54:31,387 - INFO - 📊 Последние строки вывода:
2025-07-20 18:54:31,387 - INFO -    ✅ Подключение: 10.95.19.132:9000
2025-07-20 18:54:31,387 - INFO -    🔒 Пароль получен из environment variable: CLICKHOUSE_PASSWORD
2025-07-20 18:54:31,387 - INFO -    🎯 Успешно!
2025-07-20 18:54:31,636 - INFO - ✅ ЭТАП 6 завершен: dict_status_flat: 6 записей (без версионирования)
2025-07-20 18:54:31,636 - INFO - 
📋 ЭТАП 7/10: calculate_beyond_repair.py
2025-07-20 18:54:31,798 - INFO - 🚀 Запуск микросервиса: calculate_beyond_repair.py
2025-07-20 18:54:31,798 - INFO - 📋 Описание: Расчет Beyond Repair (br)
2025-07-20 18:54:34,592 - INFO - ✅ Микросервис calculate_beyond_repair.py завершен успешно за 2.8с
2025-07-20 18:54:34,592 - INFO - 📊 Последние строки вывода:
2025-07-20 18:54:34,592 - INFO -    ✅ Конфигурация загружена из: /home/budnik_an/cube_linux/cube/config/database_config.yaml
2025-07-20 18:54:34,592 - INFO -    ✅ Подключение: 10.95.19.132:9000
2025-07-20 18:54:34,592 - INFO -    🔒 Пароль получен из environment variable: CLICKHOUSE_PASSWORD
2025-07-20 18:54:34,839 - INFO - ✅ ЭТАП 7 завершен: md_components: 37 записей (версия 1)
2025-07-20 18:54:34,839 - INFO - 
📋 ЭТАП 8/10: md_components_enricher.py
2025-07-20 18:54:35,174 - INFO - 🚀 Запуск микросервиса: md_components_enricher.py
2025-07-20 18:54:35,175 - INFO - 📋 Описание: Обогащение MD Components
2025-07-20 18:54:36,622 - INFO - ✅ Микросервис md_components_enricher.py завершен успешно за 1.4с
2025-07-20 18:54:36,622 - INFO - 📊 Последние строки вывода:
2025-07-20 18:54:36,622 - INFO -    ✅ Поле partno_comp добавлено в md_components
2025-07-20 18:54:36,622 - INFO -    📚 Использованы реальные ID из dict_partno_flat
2025-07-20 18:54:36,622 - INFO -    🚀 Готово для разных тензоров в Flame GPU!
2025-07-20 18:54:36,863 - INFO - ✅ ЭТАП 8 завершен: md_components: 37 записей (версия 1)
2025-07-20 18:54:36,863 - INFO - 
📋 ЭТАП 9/10: program_fl_direct_loader.py
2025-07-20 18:54:37,028 - INFO - 🚀 Запуск микросервиса: program_fl_direct_loader.py
2025-07-20 18:54:37,028 - INFO - 📋 Описание: Flight Program FL Direct - прямой тензор программ полетов на 4000 дней
2025-07-20 18:54:45,590 - INFO - ✅ Микросервис program_fl_direct_loader.py завершен успешно за 8.6с
2025-07-20 18:54:45,590 - INFO - 📊 Последние строки вывода:
2025-07-20 18:54:45,590 - INFO -    🔒 Пароль получен из environment variable: CLICKHOUSE_PASSWORD
2025-07-20 18:54:45,590 - INFO -    🗓️ Версия данных (из параметров): 2025-07-04, version_id: 1
2025-07-20 18:54:45,590 - INFO -    ✅ Прямой загрузчик завершен успешно!
2025-07-20 18:54:45,862 - INFO - ✅ ЭТАП 9 завершен: flight_program_fl: 1,116,000 записей (версия 1)
2025-07-20 18:54:45,862 - INFO - 
📋 ЭТАП 10/10: program_ac_direct_loader.py
2025-07-20 18:54:46,215 - INFO - 🚀 Запуск микросервиса: program_ac_direct_loader.py
2025-07-20 18:54:46,216 - INFO - 📋 Описание: Flight Program AC Direct - прямой тензор операций ВС на 4000 дней с постпроцессингом
2025-07-20 18:54:49,030 - INFO - ✅ Микросервис program_ac_direct_loader.py завершен успешно за 2.8с
2025-07-20 18:54:49,030 - INFO - 📊 Последние строки вывода:
2025-07-20 18:54:49,030 - INFO -    🔒 Пароль получен из environment variable: CLICKHOUSE_PASSWORD
2025-07-20 18:54:49,030 - INFO -    🗓️ Версия данных (из параметров): 2025-07-04, version_id: 1
2025-07-20 18:54:49,030 - INFO -    ✅ Прямой загрузчик AC завершен успешно!
2025-07-20 18:54:49,281 - INFO - ✅ ЭТАП 10 завершен: flight_program_ac: 4,000 записей (версия 1)
2025-07-20 18:54:49,281 - INFO - 
📊 === ИТОГИ ПАЙПЛАЙНА ===
2025-07-20 18:54:49,281 - INFO - ✅ Успешно: 10/10 этапов
2025-07-20 18:54:49,281 - INFO - 🎯 Версия данных: 2025-07-04 (version_id=1)
2025-07-20 18:54:49,281 - INFO - 🔧 Режим: TEST
2025-07-20 18:54:49,281 - INFO - 
🔍 === ФИНАЛЬНАЯ ВАЛИДАЦИЯ ===
2025-07-20 18:54:49,627 - INFO - ✅ heli_pandas: 7,113 записей всего, 7,113 для версии 1
2025-07-20 18:54:49,973 - INFO - ✅ md_components: 37 записей всего, 37 для версии 1
2025-07-20 18:54:50,322 - INFO - ✅ status_overhaul: 46 записей всего, 46 для версии 1
2025-07-20 18:54:50,408 - ERROR - ❌ Критическая таблица flight_program отсутствует
2025-07-20 18:54:50,408 - WARNING - 
⚠️ Система требует дополнительной настройки
2025-07-20 18:54:50,409 - INFO - 
⏱️ Общее время выполнения: 54.4 секунд
2025-07-20 18:54:50,409 - INFO - 🎉 ETL ПАЙПЛАЙН ЗАВЕРШЕН УСПЕШНО!
2025-07-20 21:21:20,266 - INFO - ✅ ETL Master инициализирован
2025-07-20 21:21:23,378 - INFO - 🧪 Выбран ТЕСТОВЫЙ режим - полная перезагрузка
2025-07-20 21:21:23,378 - INFO - 🧪 === РЕЖИМ ТЕСТ: ПОЛНАЯ ОЧИСТКА ===
2025-07-20 21:21:23,659 - INFO - ✅ Удален Dictionary: status_dict_flat
2025-07-20 21:21:23,820 - INFO - ✅ Удален Dictionary: partno_dict_flat
2025-07-20 21:21:23,985 - INFO - ✅ Удален Dictionary: serialno_dict_flat
2025-07-20 21:21:24,146 - INFO - ✅ Удален Dictionary: owner_dict_flat
2025-07-20 21:21:24,300 - INFO - ✅ Удален Dictionary: ac_type_dict_flat
2025-07-20 21:21:24,462 - INFO - ✅ Удален Dictionary: aircraft_number_dict_flat
2025-07-20 21:21:24,618 - WARNING - ⚠️ Ошибка удаления digital_values_dict_flat: Code: 520.
DB::Exception: Cannot drop/detach dictionary default.digital_values_dict_flat as table, use DROP DICTIONARY or DETACH DICTIONARY query instead. Stack trace:

0. DB::Exception::Exception(DB::Exception::MessageMasked&&, int, bool) @ 0x000000000cf720fb
1. DB::Exception::Exception(PreformattedMessage&&, int) @ 0x0000000007ea888c
2. DB::Exception::Exception<String const&>(int, FormatStringHelperImpl<std::type_identity<String const&>::type>, String const&) @ 0x0000000007ec3c8b
3. DB::StorageDictionary::checkTableCanBeDropped(std::shared_ptr<DB::Context const>) const @ 0x0000000011c70765
4. DB::InterpreterDropQuery::executeToTableImpl(std::shared_ptr<DB::Context const> const&, DB::ASTDropQuery&, std::shared_ptr<DB::IDatabase>&, StrongTypedef<wide::integer<128ul, unsigned int>, DB::UUIDTag>&) @ 0x000000001116e57a
5. DB::InterpreterDropQuery::execute() @ 0x0000000011168a71
6. DB::executeQueryImpl(char const*, char const*, std::shared_ptr<DB::Context>, DB::QueryFlags, DB::QueryProcessingStage::Enum, DB::ReadBuffer*) @ 0x0000000011727123
7. DB::executeQuery(String const&, std::shared_ptr<DB::Context>, DB::QueryFlags, DB::QueryProcessingStage::Enum) @ 0x0000000011722f5a
8. DB::TCPHandler::runImpl() @ 0x0000000012913354
9. DB::TCPHandler::run() @ 0x000000001292e7b8
10. Poco::Net::TCPServerConnection::start() @ 0x00000000157fc747
11. Poco::Net::TCPServerDispatcher::run() @ 0x00000000157fcbd9
12. Poco::PooledThread::run() @ 0x00000000157c9741
13. Poco::ThreadImpl::runnableEntry(void*) @ 0x00000000157c7cfd
14. ? @ 0x00007fcf0187d609
15. ? @ 0x00007fcf017a2353

2025-07-20 21:21:24,840 - INFO - ✅ Удалена таблица: heli_pandas
2025-07-20 21:21:24,998 - INFO - ✅ Удалена таблица: heli_raw
2025-07-20 21:21:25,172 - INFO - ✅ Удалена таблица: md_components
2025-07-20 21:21:25,329 - INFO - ✅ Удалена таблица: status_overhaul
2025-07-20 21:21:25,504 - INFO - ✅ Удалена таблица: program_ac
2025-07-20 21:21:25,684 - INFO - ✅ Удалена таблица: flight_program_fl
2025-07-20 21:21:25,838 - INFO - ✅ Удалена таблица: flight_program_ac
2025-07-20 21:21:25,985 - INFO - ✅ Удалена таблица: dict_status_flat
2025-07-20 21:21:25,986 - INFO - 📅 Извлечение единой version_date из Status_Components.xlsx...
2025-07-20 21:21:27,849 - INFO - 📅 Дата создания Excel: 2025-07-04 09:44:38
2025-07-20 21:21:27,850 - INFO - 📅 Дата модификации Excel: 2025-07-18 09:06:43
2025-07-20 21:21:27,850 - INFO - 📋 Файл: Status_Components.xlsx
2025-07-20 21:21:27,850 - INFO - 📏 Размер: 14,860,351 байт
2025-07-20 21:21:27,850 - INFO - 🕐 Модификация ОС: 2025-07-18 21:09:00.571872
2025-07-20 21:21:27,850 - INFO - 🎯 Источник версии: Excel created
2025-07-20 21:21:27,850 - INFO - ✅ Единая version_date для всех загрузчиков: 2025-07-04
2025-07-20 21:21:27,850 - INFO - ✅ Тестовый режим подготовлен: удалено 14 таблиц
2025-07-20 21:21:27,850 - INFO - 🎯 Единая версия для всех загрузчиков: 2025-07-04 (version_id=1)
2025-07-20 21:21:27,850 - INFO - 🚀 === ЗАПУСК ETL ПАЙПЛАЙНА ===
2025-07-20 21:21:27,850 - INFO - 
📋 ЭТАП 1/11: md_components_loader.py
2025-07-20 21:21:27,850 - INFO - 🚀 Запуск микросервиса: md_components_loader.py
2025-07-20 21:21:27,850 - INFO - 📋 Описание: MD Components - мастер-данные компонентов
2025-07-20 21:21:29,048 - INFO - ✅ Микросервис md_components_loader.py завершен успешно за 1.2с
2025-07-20 21:21:29,048 - INFO - 📊 Последние строки вывода:
2025-07-20 21:21:29,048 - INFO -    🚀 Загружаем 37 записей в md_components...
2025-07-20 21:21:29,048 - INFO -    ❌ Ошибка загрузки в md_components: Code: 53. Type mismatch in VALUES section. Repeat query with types_check=True for detailed info. Column partout_time: required argument is not an integer
2025-07-20 21:21:29,048 - INFO -    💥 Загрузка завершена с ошибками!
2025-07-20 21:21:29,283 - WARNING - ⚠️ ЭТАП 1 завершен с предупреждениями: Нет данных в md_components для версии 2025-07-04v1
2025-07-20 21:21:29,283 - INFO - 
📋 ЭТАП 2/11: status_overhaul_loader.py
2025-07-20 21:21:29,283 - INFO - 🚀 Запуск микросервиса: status_overhaul_loader.py
2025-07-20 21:21:29,284 - INFO - 📋 Описание: Status & Overhaul - статусы и капремонт
2025-07-20 21:21:30,452 - INFO - ✅ Микросервис status_overhaul_loader.py завершен успешно за 1.2с
2025-07-20 21:21:30,453 - INFO - 📊 Последние строки вывода:
2025-07-20 21:21:30,453 - INFO -    📊 status_overhaul: 46 записей
2025-07-20 21:21:30,453 - INFO -    📈 Статус капитального ремонта загружен
2025-07-20 21:21:30,453 - INFO -    🔍 Проверки качества: ✅ ПРОЙДЕНЫ
2025-07-20 21:21:30,688 - INFO - ✅ ЭТАП 2 завершен: status_overhaul: 46 записей (версия 1)
2025-07-20 21:21:30,688 - INFO - 
📋 ЭТАП 3/11: program_ac_loader.py
2025-07-20 21:21:30,688 - INFO - 🚀 Запуск микросервиса: program_ac_loader.py
2025-07-20 21:21:30,688 - INFO - 📋 Описание: Program AC - связка программ и ВС
2025-07-20 21:21:32,012 - INFO - ✅ Микросервис program_ac_loader.py завершен успешно за 1.3с
2025-07-20 21:21:32,013 - INFO - 📊 Последние строки вывода:
2025-07-20 21:21:32,013 - INFO -    📊 program_ac: 189 записей
2025-07-20 21:21:32,013 - INFO -    📈 Реестр вертолетов в эксплуатации загружен
2025-07-20 21:21:32,013 - INFO -    🔍 Проверки качества: ✅ ПРОЙДЕНЫ
2025-07-20 21:21:32,247 - INFO - ✅ ЭТАП 3 завершен: program_ac: 189 записей (версия 1)
2025-07-20 21:21:32,247 - INFO - 
📋 ЭТАП 4/11: dual_loader.py
2025-07-20 21:21:32,709 - INFO - 🚀 Запуск микросервиса: dual_loader.py
2025-07-20 21:21:32,709 - INFO - 📋 Описание: Status Components - основные данные + процессинг
2025-07-20 21:22:15,861 - INFO - ✅ Микросервис dual_loader.py завершен успешно за 43.2с
2025-07-20 21:22:15,861 - INFO - 📊 Последние строки вывода:
2025-07-20 21:22:15,861 - INFO -    
2025-07-20 21:22:15,861 - INFO -    ⚠️ Загрузка завершена, но обнаружены проблемы качества
2025-07-20 21:22:15,861 - INFO -    ⏱️ ОБЩЕЕ ВРЕМЯ ВЫПОЛНЕНИЯ: 42.73с
2025-07-20 21:22:16,103 - INFO - ✅ ЭТАП 4 завершен: heli_pandas: 166,571 записей (версия 1)
2025-07-20 21:22:16,103 - INFO - 
📋 ЭТАП 5/11: enrich_heli_pandas.py
2025-07-20 21:22:16,269 - INFO - 🚀 Запуск микросервиса: enrich_heli_pandas.py
2025-07-20 21:22:16,269 - INFO - 📋 Описание: Обогащение ac_type_mask
2025-07-20 21:22:20,090 - INFO - ✅ Микросервис enrich_heli_pandas.py завершен успешно за 3.8с
2025-07-20 21:22:20,090 - INFO - 📊 Последние строки вывода:
2025-07-20 21:22:20,090 - INFO -    ✅ ac_type_mask заполнен для multihot операций
2025-07-20 21:22:20,090 - INFO -    💡 Встроенные ID поля НЕ изменялись (уже из Excel)
2025-07-20 21:22:20,090 - INFO -    🚀 Flame GPU integration готов!
2025-07-20 21:22:20,327 - INFO - ✅ ЭТАП 5 завершен: heli_pandas: 166,571 записей (версия 1)
2025-07-20 21:22:20,327 - INFO - 
📋 ЭТАП 6/11: dictionary_creator.py
2025-07-20 21:22:20,501 - INFO - 🚀 Запуск микросервиса: dictionary_creator.py
2025-07-20 21:22:20,501 - INFO - 📋 Описание: Все справочники (статусы, партномера, серийники, владельцы, типы ВС, номера ВС)
2025-07-20 21:22:29,819 - INFO - ✅ Микросервис dictionary_creator.py завершен успешно за 9.3с
2025-07-20 21:22:29,819 - INFO - 📊 Последние строки вывода:
2025-07-20 21:22:29,819 - INFO -    ✅ Подключение: 10.95.19.132:9000
2025-07-20 21:22:29,819 - INFO -    🔒 Пароль получен из environment variable: CLICKHOUSE_PASSWORD
2025-07-20 21:22:29,819 - INFO -    🎯 Успешно!
2025-07-20 21:22:30,057 - INFO - ✅ ЭТАП 6 завершен: dict_status_flat: 6 записей (без версионирования)
2025-07-20 21:22:30,057 - INFO - 
📋 ЭТАП 7/11: calculate_beyond_repair.py
2025-07-20 21:22:30,221 - INFO - 🚀 Запуск микросервиса: calculate_beyond_repair.py
2025-07-20 21:22:30,221 - INFO - 📋 Описание: Расчет Beyond Repair (br)
2025-07-20 21:22:30,629 - ERROR - ❌ Микросервис calculate_beyond_repair.py завершился с ошибкой (код: 1)
2025-07-20 21:22:30,630 - ERROR - ❌ STDERR:
2025-07-20 21:22:30,630 - ERROR -    2025-07-20 21:22:30,250 - INFO - 🚀 Запуск расчета Beyond Repair для md_components
2025-07-20 21:22:30,630 - ERROR -    2025-07-20 21:22:30,458 - INFO - ✅ Подключение к ClickHouse успешно!
2025-07-20 21:22:30,630 - ERROR -    2025-07-20 21:22:30,458 - INFO - 🔧 Добавление колонки br в md_components...
2025-07-20 21:22:30,630 - ERROR -    2025-07-20 21:22:30,541 - INFO - ✅ Колонка br (UInt16) добавлена в md_components
2025-07-20 21:22:30,630 - ERROR -    2025-07-20 21:22:30,541 - INFO - 📊 Анализ данных компонентов...
2025-07-20 21:22:30,630 - ERROR -    2025-07-20 21:22:30,616 - INFO - 📋 Найдено 0 компонентов с полными данными
2025-07-20 21:22:30,630 - ERROR -    2025-07-20 21:22:30,616 - INFO - 📋 Примеры компонентов для расчета:
2025-07-20 21:22:30,630 - ERROR -    2025-07-20 21:22:30,616 - ERROR - ❌ Нет данных для расчета BR
2025-07-20 21:22:30,630 - ERROR - ❌ STDOUT:
2025-07-20 21:22:30,630 - ERROR -    ✅ Environment variables автоматически загружены из /home/budnik_an/cube_linux/cube/.env
2025-07-20 21:22:30,630 - ERROR -    ✅ Конфигурация загружена из: /home/budnik_an/cube_linux/cube/config/database_config.yaml
2025-07-20 21:22:30,630 - ERROR -    ✅ Подключение: 10.95.19.132:9000
2025-07-20 21:22:30,630 - ERROR -    🔒 Пароль получен из environment variable: CLICKHOUSE_PASSWORD
2025-07-20 21:22:30,630 - WARNING - ⚠️ НЕКРИТИЧЕСКИЙ ЭТАП 7 провален: calculate_beyond_repair.py, продолжаем
2025-07-20 21:22:30,630 - INFO - 
📋 ЭТАП 8/11: md_components_enricher.py
2025-07-20 21:22:30,946 - INFO - 🚀 Запуск микросервиса: md_components_enricher.py
2025-07-20 21:22:30,946 - INFO - 📋 Описание: Обогащение MD Components
2025-07-20 21:22:31,723 - ERROR - ❌ Микросервис md_components_enricher.py завершился с ошибкой (код: 1)
2025-07-20 21:22:31,723 - ERROR - ❌ STDERR:
2025-07-20 21:22:31,724 - ERROR -    2025-07-20 21:22:31,232 - INFO - 🚀 Запуск обогащения md_components полем partno_comp
2025-07-20 21:22:31,724 - ERROR -    2025-07-20 21:22:31,232 - INFO - 📚 Используем словарь dict_partno_flat с реальными ID из AMOS
2025-07-20 21:22:31,724 - ERROR -    2025-07-20 21:22:31,232 - INFO - 🎯 Цель: разные тензоры в Flame GPU (partseqno_i vs partno_comp)
2025-07-20 21:22:31,724 - ERROR -    2025-07-20 21:22:31,501 - INFO - ✅ Подключение к ClickHouse успешно!
2025-07-20 21:22:31,724 - ERROR -    2025-07-20 21:22:31,501 - INFO - 🔍 Проверка предварительных условий...
2025-07-20 21:22:31,724 - ERROR -    2025-07-20 21:22:31,563 - INFO - ✅ Основная таблица md_components найдена
2025-07-20 21:22:31,724 - ERROR -    2025-07-20 21:22:31,615 - INFO - ✅ Словарная таблица dict_partno_flat найдена
2025-07-20 21:22:31,724 - ERROR -    2025-07-20 21:22:31,667 - ERROR - ❌ Нет данных в md_components
2025-07-20 21:22:31,724 - ERROR - ❌ STDOUT:
2025-07-20 21:22:31,724 - ERROR -    🚀 === ОБОГАТИТЕЛЬ MD_COMPONENTS v3.0 ===
2025-07-20 21:22:31,724 - ERROR -    📚 Добавляем partno_comp через словарь с реальными ID из AMOS
2025-07-20 21:22:31,724 - ERROR -    🎯 Цель: разные тензоры в Flame GPU (partseqno_i vs partno_comp)
2025-07-20 21:22:31,724 - ERROR -    ✅ Environment variables автоматически загружены из /home/budnik_an/cube_linux/cube/.env
2025-07-20 21:22:31,724 - ERROR -    ✅ Конфигурация загружена из: /home/budnik_an/cube_linux/cube/config/database_config.yaml
2025-07-20 21:22:31,724 - ERROR -    ✅ Подключение: 10.95.19.132:9000
2025-07-20 21:22:31,724 - ERROR -    🔒 Пароль получен из environment variable: CLICKHOUSE_PASSWORD
2025-07-20 21:22:31,724 - ERROR -    
2025-07-20 21:22:31,724 - ERROR -    ❌ === ОШИБКА ОБОГАЩЕНИЯ ===
2025-07-20 21:22:31,724 - WARNING - ⚠️ НЕКРИТИЧЕСКИЙ ЭТАП 8 провален: md_components_enricher.py, продолжаем
2025-07-20 21:22:31,724 - INFO - 
📋 ЭТАП 9/11: program_fl_direct_loader.py
2025-07-20 21:22:31,893 - INFO - 🚀 Запуск микросервиса: program_fl_direct_loader.py
2025-07-20 21:22:31,894 - INFO - 📋 Описание: Flight Program FL Direct - прямой тензор программ полетов на 4000 дней
2025-07-20 21:22:40,231 - INFO - ✅ Микросервис program_fl_direct_loader.py завершен успешно за 8.3с
2025-07-20 21:22:40,231 - INFO - 📊 Последние строки вывода:
2025-07-20 21:22:40,231 - INFO -    🔒 Пароль получен из environment variable: CLICKHOUSE_PASSWORD
2025-07-20 21:22:40,231 - INFO -    🗓️ Версия данных (из параметров): 2025-07-04, version_id: 1
2025-07-20 21:22:40,231 - INFO -    ✅ Прямой загрузчик завершен успешно!
2025-07-20 21:22:40,468 - INFO - ✅ ЭТАП 9 завершен: flight_program_fl: 1,116,000 записей (версия 1)
2025-07-20 21:22:40,468 - INFO - 
📋 ЭТАП 10/11: program_ac_direct_loader.py
2025-07-20 21:22:40,776 - INFO - 🚀 Запуск микросервиса: program_ac_direct_loader.py
2025-07-20 21:22:40,776 - INFO - 📋 Описание: Flight Program AC Direct - прямой тензор операций ВС на 4000 дней с постпроцессингом
2025-07-20 21:22:43,093 - INFO - ✅ Микросервис program_ac_direct_loader.py завершен успешно за 2.3с
2025-07-20 21:22:43,094 - INFO - 📊 Последние строки вывода:
2025-07-20 21:22:43,094 - INFO -    🔒 Пароль получен из environment variable: CLICKHOUSE_PASSWORD
2025-07-20 21:22:43,094 - INFO -    🗓️ Версия данных (из параметров): 2025-07-04, version_id: 1
2025-07-20 21:22:43,094 - INFO -    ✅ Прямой загрузчик AC завершен успешно!
2025-07-20 21:22:43,320 - INFO - ✅ ЭТАП 10 завершен: flight_program_ac: 4,000 записей (версия 1)
2025-07-20 21:22:43,320 - INFO - 
📋 ЭТАП 11/11: digital_values_dictionary_creator.py
2025-07-20 21:22:43,926 - INFO - 🚀 Запуск микросервиса: digital_values_dictionary_creator.py
2025-07-20 21:22:43,926 - INFO - 📋 Описание: Digital Values Dictionary - аддитивный словарь всех полей для Flame GPU macroproperty
2025-07-20 21:22:44,946 - INFO - ✅ Микросервис digital_values_dictionary_creator.py завершен успешно за 1.0с
2025-07-20 21:22:44,946 - INFO - 📊 Последние строки вывода:
2025-07-20 21:22:44,946 - INFO -    ✅ Подключение: 10.95.19.132:9000
2025-07-20 21:22:44,946 - INFO -    🔒 Пароль получен из environment variable: CLICKHOUSE_PASSWORD
2025-07-20 21:22:44,946 - INFO -    ✅ Словарь цифровых значений создан успешно!
2025-07-20 21:22:45,173 - INFO - ✅ ЭТАП 11 завершен: dict_digital_values_flat: 69 записей (без версионирования)
2025-07-20 21:22:45,174 - INFO - 
📊 === ИТОГИ ПАЙПЛАЙНА ===
2025-07-20 21:22:45,174 - INFO - ✅ Успешно: 9/11 этапов
2025-07-20 21:22:45,174 - INFO - 🎯 Версия данных: 2025-07-04 (version_id=1)
2025-07-20 21:22:45,174 - INFO - 🔧 Режим: TEST
2025-07-20 21:22:45,174 - WARNING - ⚠️ Проваленные этапы: calculate_beyond_repair.py, md_components_enricher.py
2025-07-20 21:22:45,174 - INFO - 
🔍 === ФИНАЛЬНАЯ ВАЛИДАЦИЯ ===
2025-07-20 21:22:45,500 - INFO - ✅ heli_pandas: 166,571 записей всего, 166,571 для версии 1
2025-07-20 21:22:45,832 - INFO - ✅ md_components: 0 записей всего, 0 для версии 1
2025-07-20 21:22:46,162 - INFO - ✅ status_overhaul: 46 записей всего, 46 для версии 1
2025-07-20 21:22:46,236 - ERROR - ❌ Критическая таблица flight_program отсутствует
2025-07-20 21:22:46,237 - WARNING - 
⚠️ Система требует дополнительной настройки
2025-07-20 21:22:46,237 - INFO - 
⏱️ Общее время выполнения: 78.4 секунд
2025-07-20 21:22:46,237 - WARNING - ⚠️ ETL ПАЙПЛАЙН ЗАВЕРШЕН С ОШИБКАМИ
2025-07-20 21:24:35,877 - INFO - ✅ ETL Master инициализирован
2025-07-20 21:24:38,624 - INFO - 🧪 Выбран ТЕСТОВЫЙ режим - полная перезагрузка
2025-07-20 21:24:38,624 - INFO - 🧪 === РЕЖИМ ТЕСТ: ПОЛНАЯ ОЧИСТКА ===
2025-07-20 21:24:38,923 - INFO - ✅ Удален Dictionary: status_dict_flat
2025-07-20 21:24:39,087 - INFO - ✅ Удален Dictionary: partno_dict_flat
2025-07-20 21:24:39,250 - INFO - ✅ Удален Dictionary: serialno_dict_flat
2025-07-20 21:24:39,415 - INFO - ✅ Удален Dictionary: owner_dict_flat
2025-07-20 21:24:39,590 - INFO - ✅ Удален Dictionary: ac_type_dict_flat
2025-07-20 21:24:39,752 - INFO - ✅ Удален Dictionary: aircraft_number_dict_flat
2025-07-20 21:24:39,925 - INFO - ✅ Удален Dictionary: digital_values_dict_flat
2025-07-20 21:24:40,088 - INFO - ✅ Удалена таблица: heli_pandas
2025-07-20 21:24:40,255 - INFO - ✅ Удалена таблица: heli_raw
2025-07-20 21:24:40,418 - INFO - ✅ Удалена таблица: md_components
2025-07-20 21:24:40,579 - INFO - ✅ Удалена таблица: status_overhaul
2025-07-20 21:24:40,745 - INFO - ✅ Удалена таблица: program_ac
2025-07-20 21:24:40,909 - INFO - ✅ Удалена таблица: flight_program_fl
2025-07-20 21:24:41,072 - INFO - ✅ Удалена таблица: flight_program_ac
2025-07-20 21:24:41,237 - INFO - ✅ Удалена таблица: dict_status_flat
2025-07-20 21:24:41,237 - INFO - 📅 Извлечение единой version_date из Status_Components.xlsx...
2025-07-20 21:24:42,983 - INFO - 📅 Дата создания Excel: 2025-07-04 09:44:38
2025-07-20 21:24:42,983 - INFO - 📅 Дата модификации Excel: 2025-07-18 09:06:43
2025-07-20 21:24:42,983 - INFO - 📋 Файл: Status_Components.xlsx
2025-07-20 21:24:42,983 - INFO - 📏 Размер: 14,860,351 байт
2025-07-20 21:24:42,983 - INFO - 🕐 Модификация ОС: 2025-07-18 21:09:00.571872
2025-07-20 21:24:42,984 - INFO - 🎯 Источник версии: Excel created
2025-07-20 21:24:42,984 - INFO - ✅ Единая version_date для всех загрузчиков: 2025-07-04
2025-07-20 21:24:42,984 - INFO - ✅ Тестовый режим подготовлен: удалено 15 таблиц
2025-07-20 21:24:42,984 - INFO - 🎯 Единая версия для всех загрузчиков: 2025-07-04 (version_id=1)
2025-07-20 21:24:42,984 - INFO - 🚀 === ЗАПУСК ETL ПАЙПЛАЙНА ===
2025-07-20 21:24:42,984 - INFO - 
📋 ЭТАП 1/11: md_components_loader.py
2025-07-20 21:24:42,984 - INFO - 🚀 Запуск микросервиса: md_components_loader.py
2025-07-20 21:24:42,984 - INFO - 📋 Описание: MD Components - мастер-данные компонентов
2025-07-20 21:24:44,125 - INFO - ✅ Микросервис md_components_loader.py завершен успешно за 1.1с
2025-07-20 21:24:44,125 - INFO - 📊 Последние строки вывода:
2025-07-20 21:24:44,125 - INFO -    🚀 Загружаем 37 записей в md_components...
2025-07-20 21:24:44,126 - INFO -    ❌ Ошибка загрузки в md_components: Code: 53. Type mismatch in VALUES section. Repeat query with types_check=True for detailed info. Column partout_time: required argument is not an integer
2025-07-20 21:24:44,126 - INFO -    💥 Загрузка завершена с ошибками!
2025-07-20 21:24:44,389 - WARNING - ⚠️ ЭТАП 1 завершен с предупреждениями: Нет данных в md_components для версии 2025-07-04v1
2025-07-20 21:24:44,389 - INFO - 
📋 ЭТАП 2/11: status_overhaul_loader.py
2025-07-20 21:24:44,389 - INFO - 🚀 Запуск микросервиса: status_overhaul_loader.py
2025-07-20 21:24:44,389 - INFO - 📋 Описание: Status & Overhaul - статусы и капремонт
2025-07-20 21:24:45,621 - INFO - ✅ Микросервис status_overhaul_loader.py завершен успешно за 1.2с
2025-07-20 21:24:45,621 - INFO - 📊 Последние строки вывода:
2025-07-20 21:24:45,622 - INFO -    📊 status_overhaul: 46 записей
2025-07-20 21:24:45,622 - INFO -    📈 Статус капитального ремонта загружен
2025-07-20 21:24:45,622 - INFO -    🔍 Проверки качества: ✅ ПРОЙДЕНЫ
2025-07-20 21:24:45,875 - INFO - ✅ ЭТАП 2 завершен: status_overhaul: 46 записей (версия 1)
2025-07-20 21:24:45,875 - INFO - 
📋 ЭТАП 3/11: program_ac_loader.py
2025-07-20 21:24:45,875 - INFO - 🚀 Запуск микросервиса: program_ac_loader.py
2025-07-20 21:24:45,875 - INFO - 📋 Описание: Program AC - связка программ и ВС
2025-07-20 21:24:50,291 - INFO - ✅ Микросервис program_ac_loader.py завершен успешно за 4.4с
2025-07-20 21:24:50,291 - INFO - 📊 Последние строки вывода:
2025-07-20 21:24:50,291 - INFO -    📊 program_ac: 189 записей
2025-07-20 21:24:50,291 - INFO -    📈 Реестр вертолетов в эксплуатации загружен
2025-07-20 21:24:50,291 - INFO -    🔍 Проверки качества: ✅ ПРОЙДЕНЫ
2025-07-20 21:24:50,550 - INFO - ✅ ЭТАП 3 завершен: program_ac: 189 записей (версия 1)
2025-07-20 21:24:50,551 - INFO - 
📋 ЭТАП 4/11: dual_loader.py
2025-07-20 21:24:51,049 - INFO - 🚀 Запуск микросервиса: dual_loader.py
2025-07-20 21:24:51,050 - INFO - 📋 Описание: Status Components - основные данные + процессинг
2025-07-20 21:25:35,093 - INFO - ✅ Микросервис dual_loader.py завершен успешно за 44.0с
2025-07-20 21:25:35,093 - INFO - 📊 Последние строки вывода:
2025-07-20 21:25:35,093 - INFO -    
2025-07-20 21:25:35,093 - INFO -    ⚠️ Загрузка завершена, но обнаружены проблемы качества
2025-07-20 21:25:35,093 - INFO -    ⏱️ ОБЩЕЕ ВРЕМЯ ВЫПОЛНЕНИЯ: 43.66с
2025-07-20 21:25:35,349 - INFO - ✅ ЭТАП 4 завершен: heli_pandas: 166,571 записей (версия 1)
2025-07-20 21:25:35,349 - INFO - 
📋 ЭТАП 5/11: enrich_heli_pandas.py
2025-07-20 21:25:35,516 - INFO - 🚀 Запуск микросервиса: enrich_heli_pandas.py
2025-07-20 21:25:35,516 - INFO - 📋 Описание: Обогащение ac_type_mask
2025-07-20 21:25:39,530 - INFO - ✅ Микросервис enrich_heli_pandas.py завершен успешно за 4.0с
2025-07-20 21:25:39,530 - INFO - 📊 Последние строки вывода:
2025-07-20 21:25:39,530 - INFO -    ✅ ac_type_mask заполнен для multihot операций
2025-07-20 21:25:39,531 - INFO -    💡 Встроенные ID поля НЕ изменялись (уже из Excel)
2025-07-20 21:25:39,531 - INFO -    🚀 Flame GPU integration готов!
2025-07-20 21:25:39,788 - INFO - ✅ ЭТАП 5 завершен: heli_pandas: 166,571 записей (версия 1)
2025-07-20 21:25:39,788 - INFO - 
📋 ЭТАП 6/11: dictionary_creator.py
2025-07-20 21:25:39,951 - INFO - 🚀 Запуск микросервиса: dictionary_creator.py
2025-07-20 21:25:39,951 - INFO - 📋 Описание: Все справочники (статусы, партномера, серийники, владельцы, типы ВС, номера ВС)
2025-07-20 21:25:44,836 - INFO - ✅ Микросервис dictionary_creator.py завершен успешно за 4.9с
2025-07-20 21:25:44,836 - INFO - 📊 Последние строки вывода:
2025-07-20 21:25:44,836 - INFO -    ✅ Подключение: 10.95.19.132:9000
2025-07-20 21:25:44,836 - INFO -    🔒 Пароль получен из environment variable: CLICKHOUSE_PASSWORD
2025-07-20 21:25:44,836 - INFO -    🎯 Успешно!
2025-07-20 21:25:45,088 - INFO - ✅ ЭТАП 6 завершен: dict_status_flat: 6 записей (без версионирования)
2025-07-20 21:25:45,089 - INFO - 
📋 ЭТАП 7/11: calculate_beyond_repair.py
2025-07-20 21:25:45,253 - INFO - 🚀 Запуск микросервиса: calculate_beyond_repair.py
2025-07-20 21:25:45,254 - INFO - 📋 Описание: Расчет Beyond Repair (br)
2025-07-20 21:25:45,657 - ERROR - ❌ Микросервис calculate_beyond_repair.py завершился с ошибкой (код: 1)
2025-07-20 21:25:45,657 - ERROR - ❌ STDERR:
2025-07-20 21:25:45,657 - ERROR -    2025-07-20 21:25:45,280 - INFO - 🚀 Запуск расчета Beyond Repair для md_components
2025-07-20 21:25:45,657 - ERROR -    2025-07-20 21:25:45,477 - INFO - ✅ Подключение к ClickHouse успешно!
2025-07-20 21:25:45,657 - ERROR -    2025-07-20 21:25:45,477 - INFO - 🔧 Добавление колонки br в md_components...
2025-07-20 21:25:45,657 - ERROR -    2025-07-20 21:25:45,559 - INFO - ✅ Колонка br (UInt16) добавлена в md_components
2025-07-20 21:25:45,657 - ERROR -    2025-07-20 21:25:45,559 - INFO - 📊 Анализ данных компонентов...
2025-07-20 21:25:45,657 - ERROR -    2025-07-20 21:25:45,645 - INFO - 📋 Найдено 0 компонентов с полными данными
2025-07-20 21:25:45,657 - ERROR -    2025-07-20 21:25:45,645 - INFO - 📋 Примеры компонентов для расчета:
2025-07-20 21:25:45,657 - ERROR -    2025-07-20 21:25:45,645 - ERROR - ❌ Нет данных для расчета BR
2025-07-20 21:25:45,657 - ERROR - ❌ STDOUT:
2025-07-20 21:25:45,657 - ERROR -    ✅ Environment variables автоматически загружены из /home/budnik_an/cube_linux/cube/.env
2025-07-20 21:25:45,657 - ERROR -    ✅ Конфигурация загружена из: /home/budnik_an/cube_linux/cube/config/database_config.yaml
2025-07-20 21:25:45,657 - ERROR -    ✅ Подключение: 10.95.19.132:9000
2025-07-20 21:25:45,657 - ERROR -    🔒 Пароль получен из environment variable: CLICKHOUSE_PASSWORD
2025-07-20 21:25:45,657 - WARNING - ⚠️ НЕКРИТИЧЕСКИЙ ЭТАП 7 провален: calculate_beyond_repair.py, продолжаем
2025-07-20 21:25:45,657 - INFO - 
📋 ЭТАП 8/11: md_components_enricher.py
2025-07-20 21:25:45,983 - INFO - 🚀 Запуск микросервиса: md_components_enricher.py
2025-07-20 21:25:45,983 - INFO - 📋 Описание: Обогащение MD Components
2025-07-20 21:25:46,851 - ERROR - ❌ Микросервис md_components_enricher.py завершился с ошибкой (код: 1)
2025-07-20 21:25:46,851 - ERROR - ❌ STDERR:
2025-07-20 21:25:46,851 - ERROR -    2025-07-20 21:25:46,277 - INFO - 🚀 Запуск обогащения md_components полем partno_comp
2025-07-20 21:25:46,851 - ERROR -    2025-07-20 21:25:46,277 - INFO - 📚 Используем словарь dict_partno_flat с реальными ID из AMOS
2025-07-20 21:25:46,851 - ERROR -    2025-07-20 21:25:46,277 - INFO - 🎯 Цель: разные тензоры в Flame GPU (partseqno_i vs partno_comp)
2025-07-20 21:25:46,852 - ERROR -    2025-07-20 21:25:46,582 - INFO - ✅ Подключение к ClickHouse успешно!
2025-07-20 21:25:46,852 - ERROR -    2025-07-20 21:25:46,582 - INFO - 🔍 Проверка предварительных условий...
2025-07-20 21:25:46,852 - ERROR -    2025-07-20 21:25:46,636 - INFO - ✅ Основная таблица md_components найдена
2025-07-20 21:25:46,852 - ERROR -    2025-07-20 21:25:46,745 - INFO - ✅ Словарная таблица dict_partno_flat найдена
2025-07-20 21:25:46,852 - ERROR -    2025-07-20 21:25:46,799 - ERROR - ❌ Нет данных в md_components
2025-07-20 21:25:46,852 - ERROR - ❌ STDOUT:
2025-07-20 21:25:46,852 - ERROR -    🚀 === ОБОГАТИТЕЛЬ MD_COMPONENTS v3.0 ===
2025-07-20 21:25:46,852 - ERROR -    📚 Добавляем partno_comp через словарь с реальными ID из AMOS
2025-07-20 21:25:46,852 - ERROR -    🎯 Цель: разные тензоры в Flame GPU (partseqno_i vs partno_comp)
2025-07-20 21:25:46,852 - ERROR -    ✅ Environment variables автоматически загружены из /home/budnik_an/cube_linux/cube/.env
2025-07-20 21:25:46,852 - ERROR -    ✅ Конфигурация загружена из: /home/budnik_an/cube_linux/cube/config/database_config.yaml
2025-07-20 21:25:46,852 - ERROR -    ✅ Подключение: 10.95.19.132:9000
2025-07-20 21:25:46,852 - ERROR -    🔒 Пароль получен из environment variable: CLICKHOUSE_PASSWORD
2025-07-20 21:25:46,852 - ERROR -    
2025-07-20 21:25:46,852 - ERROR -    ❌ === ОШИБКА ОБОГАЩЕНИЯ ===
2025-07-20 21:25:46,852 - WARNING - ⚠️ НЕКРИТИЧЕСКИЙ ЭТАП 8 провален: md_components_enricher.py, продолжаем
2025-07-20 21:25:46,852 - INFO - 
📋 ЭТАП 9/11: program_fl_direct_loader.py
2025-07-20 21:25:47,014 - INFO - 🚀 Запуск микросервиса: program_fl_direct_loader.py
2025-07-20 21:25:47,014 - INFO - 📋 Описание: Flight Program FL Direct - прямой тензор программ полетов на 4000 дней
2025-07-20 21:25:57,300 - INFO - ✅ Микросервис program_fl_direct_loader.py завершен успешно за 10.3с
2025-07-20 21:25:57,300 - INFO - 📊 Последние строки вывода:
2025-07-20 21:25:57,300 - INFO -    🔒 Пароль получен из environment variable: CLICKHOUSE_PASSWORD
2025-07-20 21:25:57,300 - INFO -    🗓️ Версия данных (из параметров): 2025-07-04, version_id: 1
2025-07-20 21:25:57,300 - INFO -    ✅ Прямой загрузчик завершен успешно!
2025-07-20 21:26:00,498 - INFO - ✅ ЭТАП 9 завершен: flight_program_fl: 1,116,000 записей (версия 1)
2025-07-20 21:26:00,499 - INFO - 
📋 ЭТАП 10/11: program_ac_direct_loader.py
2025-07-20 21:26:00,889 - INFO - 🚀 Запуск микросервиса: program_ac_direct_loader.py
2025-07-20 21:26:00,889 - INFO - 📋 Описание: Flight Program AC Direct - прямой тензор операций ВС на 4000 дней с постпроцессингом
2025-07-20 21:26:03,744 - INFO - ✅ Микросервис program_ac_direct_loader.py завершен успешно за 2.9с
2025-07-20 21:26:03,744 - INFO - 📊 Последние строки вывода:
2025-07-20 21:26:03,744 - INFO -    🔒 Пароль получен из environment variable: CLICKHOUSE_PASSWORD
2025-07-20 21:26:03,744 - INFO -    🗓️ Версия данных (из параметров): 2025-07-04, version_id: 1
2025-07-20 21:26:03,744 - INFO -    ✅ Прямой загрузчик AC завершен успешно!
2025-07-20 21:26:04,009 - INFO - ✅ ЭТАП 10 завершен: flight_program_ac: 4,000 записей (версия 1)
2025-07-20 21:26:04,009 - INFO - 
📋 ЭТАП 11/11: digital_values_dictionary_creator.py
2025-07-20 21:26:04,684 - INFO - 🚀 Запуск микросервиса: digital_values_dictionary_creator.py
2025-07-20 21:26:04,684 - INFO - 📋 Описание: Digital Values Dictionary - аддитивный словарь всех полей для Flame GPU macroproperty
2025-07-20 21:26:05,519 - INFO - ✅ Микросервис digital_values_dictionary_creator.py завершен успешно за 0.8с
2025-07-20 21:26:05,520 - INFO - 📊 Последние строки вывода:
2025-07-20 21:26:05,520 - INFO -    ✅ Подключение: 10.95.19.132:9000
2025-07-20 21:26:05,520 - INFO -    🔒 Пароль получен из environment variable: CLICKHOUSE_PASSWORD
2025-07-20 21:26:05,520 - INFO -    ✅ Словарь цифровых значений создан успешно!
2025-07-20 21:26:05,820 - INFO - ✅ ЭТАП 11 завершен: dict_digital_values_flat: 69 записей (без версионирования)
2025-07-20 21:26:05,820 - INFO - 
📊 === ИТОГИ ПАЙПЛАЙНА ===
2025-07-20 21:26:05,820 - INFO - ✅ Успешно: 9/11 этапов
2025-07-20 21:26:05,820 - INFO - 🎯 Версия данных: 2025-07-04 (version_id=1)
2025-07-20 21:26:05,821 - INFO - 🔧 Режим: TEST
2025-07-20 21:26:05,821 - WARNING - ⚠️ Проваленные этапы: calculate_beyond_repair.py, md_components_enricher.py
2025-07-20 21:26:05,821 - INFO - 
🔍 === ФИНАЛЬНАЯ ВАЛИДАЦИЯ ===
2025-07-20 21:26:06,317 - INFO - ✅ heli_pandas: 166,571 записей всего, 166,571 для версии 1
2025-07-20 21:26:07,029 - INFO - ✅ md_components: 0 записей всего, 0 для версии 1
2025-07-20 21:26:07,664 - INFO - ✅ status_overhaul: 46 записей всего, 46 для версии 1
2025-07-20 21:26:07,777 - ERROR - ❌ Критическая таблица flight_program отсутствует
2025-07-20 21:26:07,778 - WARNING - 
⚠️ Система требует дополнительной настройки
2025-07-20 21:26:07,778 - INFO - 
⏱️ Общее время выполнения: 84.8 секунд
2025-07-20 21:26:07,778 - WARNING - ⚠️ ETL ПАЙПЛАЙН ЗАВЕРШЕН С ОШИБКАМИ
2025-07-20 21:30:57,265 - INFO - ✅ ETL Master инициализирован
2025-07-20 21:31:02,448 - INFO - 🧪 Выбран ТЕСТОВЫЙ режим - полная перезагрузка
2025-07-20 21:31:02,448 - INFO - 🧪 === РЕЖИМ ТЕСТ: ПОЛНАЯ ОЧИСТКА ===
2025-07-20 21:31:02,753 - INFO - ✅ Удален Dictionary: status_dict_flat
2025-07-20 21:31:02,920 - INFO - ✅ Удален Dictionary: partno_dict_flat
2025-07-20 21:31:03,088 - INFO - ✅ Удален Dictionary: serialno_dict_flat
2025-07-20 21:31:03,251 - INFO - ✅ Удален Dictionary: owner_dict_flat
2025-07-20 21:31:03,418 - INFO - ✅ Удален Dictionary: ac_type_dict_flat
2025-07-20 21:31:03,584 - INFO - ✅ Удален Dictionary: aircraft_number_dict_flat
2025-07-20 21:31:03,756 - INFO - ✅ Удален Dictionary: digital_values_dict_flat
2025-07-20 21:31:03,958 - INFO - ✅ Удалена таблица: heli_pandas
2025-07-20 21:31:04,114 - INFO - ✅ Удалена таблица: heli_raw
2025-07-20 21:31:04,271 - INFO - ✅ Удалена таблица: md_components
2025-07-20 21:31:04,430 - INFO - ✅ Удалена таблица: status_overhaul
2025-07-20 21:31:04,586 - INFO - ✅ Удалена таблица: program_ac
2025-07-20 21:31:04,746 - INFO - ✅ Удалена таблица: flight_program_fl
2025-07-20 21:31:04,906 - INFO - ✅ Удалена таблица: flight_program_ac
2025-07-20 21:31:05,068 - INFO - ✅ Удалена таблица: dict_status_flat
2025-07-20 21:31:05,068 - INFO - 📅 Извлечение единой version_date из Status_Components.xlsx...
2025-07-20 21:31:06,812 - INFO - 📅 Дата создания Excel: 2025-07-04 09:44:38
2025-07-20 21:31:06,813 - INFO - 📅 Дата модификации Excel: 2025-07-18 09:06:43
2025-07-20 21:31:06,813 - INFO - 📋 Файл: Status_Components.xlsx
2025-07-20 21:31:06,813 - INFO - 📏 Размер: 14,860,351 байт
2025-07-20 21:31:06,813 - INFO - 🕐 Модификация ОС: 2025-07-18 21:09:00.571872
2025-07-20 21:31:06,813 - INFO - 🎯 Источник версии: Excel created
2025-07-20 21:31:06,813 - INFO - ✅ Единая version_date для всех загрузчиков: 2025-07-04
2025-07-20 21:31:06,813 - INFO - ✅ Тестовый режим подготовлен: удалено 15 таблиц
2025-07-20 21:31:06,813 - INFO - 🎯 Единая версия для всех загрузчиков: 2025-07-04 (version_id=1)
2025-07-20 21:31:06,813 - INFO - 🚀 === ЗАПУСК ETL ПАЙПЛАЙНА ===
2025-07-20 21:31:06,813 - INFO - 
📋 ЭТАП 1/11: md_components_loader.py
2025-07-20 21:31:06,813 - INFO - 🚀 Запуск микросервиса: md_components_loader.py
2025-07-20 21:31:06,813 - INFO - 📋 Описание: MD Components - мастер-данные компонентов
2025-07-20 21:31:08,218 - INFO - ✅ Микросервис md_components_loader.py завершен успешно за 1.4с
2025-07-20 21:31:08,219 - INFO - 📊 Последние строки вывода:
2025-07-20 21:31:08,219 - INFO -    📅 Версия данных: 2025-07-04 (version_id=1)
2025-07-20 21:31:08,219 - INFO -    📊 md_components: 37 записей
2025-07-20 21:31:08,219 - INFO -    🔍 Проверки качества: ✅ ПРОЙДЕНЫ
2025-07-20 21:31:08,474 - INFO - ✅ ЭТАП 1 завершен: md_components: 37 записей (версия 1)
2025-07-20 21:31:08,474 - INFO - 
📋 ЭТАП 2/11: status_overhaul_loader.py
2025-07-20 21:31:08,474 - INFO - 🚀 Запуск микросервиса: status_overhaul_loader.py
2025-07-20 21:31:08,474 - INFO - 📋 Описание: Status & Overhaul - статусы и капремонт
2025-07-20 21:31:09,715 - INFO - ✅ Микросервис status_overhaul_loader.py завершен успешно за 1.2с
2025-07-20 21:31:09,715 - INFO - 📊 Последние строки вывода:
2025-07-20 21:31:09,715 - INFO -    📊 status_overhaul: 46 записей
2025-07-20 21:31:09,715 - INFO -    📈 Статус капитального ремонта загружен
2025-07-20 21:31:09,715 - INFO -    🔍 Проверки качества: ✅ ПРОЙДЕНЫ
2025-07-20 21:31:09,972 - INFO - ✅ ЭТАП 2 завершен: status_overhaul: 46 записей (версия 1)
2025-07-20 21:31:09,972 - INFO - 
📋 ЭТАП 3/11: program_ac_loader.py
2025-07-20 21:31:09,972 - INFO - 🚀 Запуск микросервиса: program_ac_loader.py
2025-07-20 21:31:09,972 - INFO - 📋 Описание: Program AC - связка программ и ВС
2025-07-20 21:31:11,688 - INFO - ✅ Микросервис program_ac_loader.py завершен успешно за 1.7с
2025-07-20 21:31:11,688 - INFO - 📊 Последние строки вывода:
2025-07-20 21:31:11,688 - INFO -    📊 program_ac: 189 записей
2025-07-20 21:31:11,688 - INFO -    📈 Реестр вертолетов в эксплуатации загружен
2025-07-20 21:31:11,688 - INFO -    🔍 Проверки качества: ✅ ПРОЙДЕНЫ
2025-07-20 21:31:11,937 - INFO - ✅ ЭТАП 3 завершен: program_ac: 189 записей (версия 1)
2025-07-20 21:31:11,937 - INFO - 
📋 ЭТАП 4/11: dual_loader.py
2025-07-20 21:31:12,774 - INFO - 🚀 Запуск микросервиса: dual_loader.py
2025-07-20 21:31:12,774 - INFO - 📋 Описание: Status Components - основные данные + процессинг
2025-07-20 21:31:33,783 - INFO - ✅ Микросервис dual_loader.py завершен успешно за 21.0с
2025-07-20 21:31:33,783 - INFO - 📊 Последние строки вывода:
2025-07-20 21:31:33,783 - INFO -    ⚡ Улучшенная версионность с проверкой года
2025-07-20 21:31:33,783 - INFO -    🔍 Проверки качества: ✅ ПРОЙДЕНЫ
2025-07-20 21:31:33,783 - INFO -    ⏱️ ОБЩЕЕ ВРЕМЯ ВЫПОЛНЕНИЯ: 20.60с
2025-07-20 21:31:34,038 - INFO - ✅ ЭТАП 4 завершен: heli_pandas: 7,113 записей (версия 1)
2025-07-20 21:31:34,038 - INFO - 
📋 ЭТАП 5/11: enrich_heli_pandas.py
2025-07-20 21:31:34,219 - INFO - 🚀 Запуск микросервиса: enrich_heli_pandas.py
2025-07-20 21:31:34,219 - INFO - 📋 Описание: Обогащение ac_type_mask
2025-07-20 21:31:38,258 - INFO - ✅ Микросервис enrich_heli_pandas.py завершен успешно за 4.0с
2025-07-20 21:31:38,258 - INFO - 📊 Последние строки вывода:
2025-07-20 21:31:38,258 - INFO -    ✅ ac_type_mask заполнен для multihot операций
2025-07-20 21:31:38,258 - INFO -    💡 Встроенные ID поля НЕ изменялись (уже из Excel)
2025-07-20 21:31:38,258 - INFO -    🚀 Flame GPU integration готов!
2025-07-20 21:31:38,508 - INFO - ✅ ЭТАП 5 завершен: heli_pandas: 7,113 записей (версия 1)
2025-07-20 21:31:38,508 - INFO - 
📋 ЭТАП 6/11: dictionary_creator.py
2025-07-20 21:31:38,670 - INFO - 🚀 Запуск микросервиса: dictionary_creator.py
2025-07-20 21:31:38,670 - INFO - 📋 Описание: Все справочники (статусы, партномера, серийники, владельцы, типы ВС, номера ВС)
2025-07-20 21:31:42,783 - INFO - ✅ Микросервис dictionary_creator.py завершен успешно за 4.1с
2025-07-20 21:31:42,783 - INFO - 📊 Последние строки вывода:
2025-07-20 21:31:42,783 - INFO -    ✅ Подключение: 10.95.19.132:9000
2025-07-20 21:31:42,783 - INFO -    🔒 Пароль получен из environment variable: CLICKHOUSE_PASSWORD
2025-07-20 21:31:42,783 - INFO -    🎯 Успешно!
2025-07-20 21:31:43,027 - INFO - ✅ ЭТАП 6 завершен: dict_status_flat: 6 записей (без версионирования)
2025-07-20 21:31:43,027 - INFO - 
📋 ЭТАП 7/11: calculate_beyond_repair.py
2025-07-20 21:31:43,209 - INFO - 🚀 Запуск микросервиса: calculate_beyond_repair.py
2025-07-20 21:31:43,209 - INFO - 📋 Описание: Расчет Beyond Repair (br)
2025-07-20 21:31:46,051 - INFO - ✅ Микросервис calculate_beyond_repair.py завершен успешно за 2.8с
2025-07-20 21:31:46,051 - INFO - 📊 Последние строки вывода:
2025-07-20 21:31:46,051 - INFO -    ✅ Конфигурация загружена из: /home/budnik_an/cube_linux/cube/config/database_config.yaml
2025-07-20 21:31:46,051 - INFO -    ✅ Подключение: 10.95.19.132:9000
2025-07-20 21:31:46,051 - INFO -    🔒 Пароль получен из environment variable: CLICKHOUSE_PASSWORD
2025-07-20 21:31:46,309 - INFO - ✅ ЭТАП 7 завершен: md_components: 37 записей (версия 1)
2025-07-20 21:31:46,309 - INFO - 
📋 ЭТАП 8/11: md_components_enricher.py
2025-07-20 21:31:46,646 - INFO - 🚀 Запуск микросервиса: md_components_enricher.py
2025-07-20 21:31:46,646 - INFO - 📋 Описание: Обогащение MD Components
2025-07-20 21:31:48,048 - INFO - ✅ Микросервис md_components_enricher.py завершен успешно за 1.4с
2025-07-20 21:31:48,048 - INFO - 📊 Последние строки вывода:
2025-07-20 21:31:48,048 - INFO -    ✅ Поле partno_comp добавлено в md_components
2025-07-20 21:31:48,048 - INFO -    📚 Использованы реальные ID из dict_partno_flat
2025-07-20 21:31:48,048 - INFO -    🚀 Готово для разных тензоров в Flame GPU!
2025-07-20 21:31:48,301 - INFO - ✅ ЭТАП 8 завершен: md_components: 37 записей (версия 1)
2025-07-20 21:31:48,301 - INFO - 
📋 ЭТАП 9/11: program_fl_direct_loader.py
2025-07-20 21:31:48,482 - INFO - 🚀 Запуск микросервиса: program_fl_direct_loader.py
2025-07-20 21:31:48,482 - INFO - 📋 Описание: Flight Program FL Direct - прямой тензор программ полетов на 4000 дней
2025-07-20 21:31:58,107 - INFO - ✅ Микросервис program_fl_direct_loader.py завершен успешно за 9.6с
2025-07-20 21:31:58,107 - INFO - 📊 Последние строки вывода:
2025-07-20 21:31:58,107 - INFO -    🔒 Пароль получен из environment variable: CLICKHOUSE_PASSWORD
2025-07-20 21:31:58,107 - INFO -    🗓️ Версия данных (из параметров): 2025-07-04, version_id: 1
2025-07-20 21:31:58,107 - INFO -    ✅ Прямой загрузчик завершен успешно!
2025-07-20 21:31:58,362 - INFO - ✅ ЭТАП 9 завершен: flight_program_fl: 1,116,000 записей (версия 1)
2025-07-20 21:31:58,362 - INFO - 
📋 ЭТАП 10/11: program_ac_direct_loader.py
2025-07-20 21:31:58,709 - INFO - 🚀 Запуск микросервиса: program_ac_direct_loader.py
2025-07-20 21:31:58,709 - INFO - 📋 Описание: Flight Program AC Direct - прямой тензор операций ВС на 4000 дней с постпроцессингом
2025-07-20 21:32:01,821 - INFO - ✅ Микросервис program_ac_direct_loader.py завершен успешно за 3.1с
2025-07-20 21:32:01,821 - INFO - 📊 Последние строки вывода:
2025-07-20 21:32:01,821 - INFO -    🔒 Пароль получен из environment variable: CLICKHOUSE_PASSWORD
2025-07-20 21:32:01,821 - INFO -    🗓️ Версия данных (из параметров): 2025-07-04, version_id: 1
2025-07-20 21:32:01,821 - INFO -    ✅ Прямой загрузчик AC завершен успешно!
2025-07-20 21:32:02,085 - INFO - ✅ ЭТАП 10 завершен: flight_program_ac: 4,000 записей (версия 1)
2025-07-20 21:32:02,085 - INFO - 
📋 ЭТАП 11/11: digital_values_dictionary_creator.py
2025-07-20 21:32:02,758 - INFO - 🚀 Запуск микросервиса: digital_values_dictionary_creator.py
2025-07-20 21:32:02,758 - INFO - 📋 Описание: Digital Values Dictionary - аддитивный словарь всех полей для Flame GPU macroproperty
2025-07-20 21:32:03,611 - INFO - ✅ Микросервис digital_values_dictionary_creator.py завершен успешно за 0.9с
2025-07-20 21:32:03,611 - INFO - 📊 Последние строки вывода:
2025-07-20 21:32:03,611 - INFO -    ✅ Подключение: 10.95.19.132:9000
2025-07-20 21:32:03,611 - INFO -    🔒 Пароль получен из environment variable: CLICKHOUSE_PASSWORD
2025-07-20 21:32:03,611 - INFO -    ✅ Словарь цифровых значений создан успешно!
2025-07-20 21:32:03,862 - INFO - ✅ ЭТАП 11 завершен: dict_digital_values_flat: 69 записей (без версионирования)
2025-07-20 21:32:03,862 - INFO - 
📊 === ИТОГИ ПАЙПЛАЙНА ===
2025-07-20 21:32:03,862 - INFO - ✅ Успешно: 11/11 этапов
2025-07-20 21:32:03,862 - INFO - 🎯 Версия данных: 2025-07-04 (version_id=1)
2025-07-20 21:32:03,862 - INFO - 🔧 Режим: TEST
2025-07-20 21:32:03,862 - INFO - 
🔍 === ФИНАЛЬНАЯ ВАЛИДАЦИЯ ===
2025-07-20 21:32:04,212 - INFO - ✅ heli_pandas: 7,113 записей всего, 7,113 для версии 1
2025-07-20 21:32:04,567 - INFO - ✅ md_components: 37 записей всего, 37 для версии 1
2025-07-20 21:32:04,922 - INFO - ✅ status_overhaul: 46 записей всего, 46 для версии 1
2025-07-20 21:32:05,006 - ERROR - ❌ Критическая таблица flight_program отсутствует
2025-07-20 21:32:05,006 - WARNING - 
⚠️ Система требует дополнительной настройки
2025-07-20 21:32:05,007 - INFO - 
⏱️ Общее время выполнения: 58.2 секунд
2025-07-20 21:32:05,007 - INFO - 🎉 ETL ПАЙПЛАЙН ЗАВЕРШЕН УСПЕШНО!
2025-07-20 22:17:37,093 - INFO - ✅ ETL Master инициализирован
2025-07-20 22:17:43,884 - INFO - 🧪 Выбран ТЕСТОВЫЙ режим - полная перезагрузка
2025-07-20 22:17:43,885 - INFO - 🧪 === РЕЖИМ ТЕСТ: ПОЛНАЯ ОЧИСТКА ===
2025-07-20 22:17:44,171 - INFO - ✅ Удален Dictionary: status_dict_flat
2025-07-20 22:17:44,352 - INFO - ✅ Удален Dictionary: partno_dict_flat
2025-07-20 22:17:44,512 - INFO - ✅ Удален Dictionary: serialno_dict_flat
2025-07-20 22:17:44,676 - INFO - ✅ Удален Dictionary: owner_dict_flat
2025-07-20 22:17:44,835 - INFO - ✅ Удален Dictionary: ac_type_dict_flat
2025-07-20 22:17:44,994 - INFO - ✅ Удален Dictionary: aircraft_number_dict_flat
2025-07-20 22:17:48,953 - INFO - ✅ Удален Dictionary: digital_values_dict_flat
2025-07-20 22:17:49,117 - INFO - ✅ Удалена таблица: heli_pandas
2025-07-20 22:17:49,275 - INFO - ✅ Удалена таблица: heli_raw
2025-07-20 22:17:49,440 - INFO - ✅ Удалена таблица: md_components
2025-07-20 22:17:49,591 - INFO - ✅ Удалена таблица: status_overhaul
2025-07-20 22:17:49,747 - INFO - ✅ Удалена таблица: program_ac
2025-07-20 22:17:49,901 - INFO - ✅ Удалена таблица: flight_program_fl
2025-07-20 22:17:50,055 - INFO - ✅ Удалена таблица: flight_program_ac
2025-07-20 22:17:50,214 - INFO - ✅ Удалена таблица: dict_status_flat
2025-07-20 22:17:50,214 - INFO - 📅 Извлечение единой version_date из Status_Components.xlsx...
2025-07-20 22:17:51,854 - INFO - 📅 Дата создания Excel: 2025-07-04 09:44:38
2025-07-20 22:17:51,854 - INFO - 📅 Дата модификации Excel: 2025-07-18 09:06:43
2025-07-20 22:17:51,854 - INFO - 📋 Файл: Status_Components.xlsx
2025-07-20 22:17:51,854 - INFO - 📏 Размер: 14,860,351 байт
2025-07-20 22:17:51,854 - INFO - 🕐 Модификация ОС: 2025-07-18 21:09:00.571872
2025-07-20 22:17:51,854 - INFO - 🎯 Источник версии: Excel created
2025-07-20 22:17:51,854 - INFO - ✅ Единая version_date для всех загрузчиков: 2025-07-04
2025-07-20 22:17:51,854 - INFO - ✅ Тестовый режим подготовлен: удалено 15 таблиц
2025-07-20 22:17:51,854 - INFO - 🎯 Единая версия для всех загрузчиков: 2025-07-04 (version_id=1)
2025-07-20 22:17:51,855 - INFO - 🚀 === ЗАПУСК ETL ПАЙПЛАЙНА ===
2025-07-20 22:17:51,855 - INFO - 
📋 ЭТАП 1/11: md_components_loader.py
2025-07-20 22:17:51,855 - INFO - 🚀 Запуск микросервиса: md_components_loader.py
2025-07-20 22:17:51,855 - INFO - 📋 Описание: MD Components - мастер-данные компонентов
2025-07-20 22:17:53,240 - INFO - ✅ Микросервис md_components_loader.py завершен успешно за 1.4с
2025-07-20 22:17:53,240 - INFO - 📊 Последние строки вывода:
2025-07-20 22:17:53,240 - INFO -    📅 Версия данных: 2025-07-04 (version_id=1)
2025-07-20 22:17:53,241 - INFO -    📊 md_components: 37 записей
2025-07-20 22:17:53,241 - INFO -    🔍 Проверки качества: ✅ ПРОЙДЕНЫ
2025-07-20 22:17:53,483 - INFO - ✅ ЭТАП 1 завершен: md_components: 37 записей (версия 1)
2025-07-20 22:17:53,483 - INFO - 
📋 ЭТАП 2/11: status_overhaul_loader.py
2025-07-20 22:17:53,483 - INFO - 🚀 Запуск микросервиса: status_overhaul_loader.py
2025-07-20 22:17:53,483 - INFO - 📋 Описание: Status & Overhaul - статусы и капремонт
2025-07-20 22:17:54,978 - INFO - ✅ Микросервис status_overhaul_loader.py завершен успешно за 1.5с
2025-07-20 22:17:54,978 - INFO - 📊 Последние строки вывода:
2025-07-20 22:17:54,978 - INFO -    📊 status_overhaul: 46 записей
2025-07-20 22:17:54,978 - INFO -    📈 Статус капитального ремонта загружен
2025-07-20 22:17:54,978 - INFO -    🔍 Проверки качества: ✅ ПРОЙДЕНЫ
2025-07-20 22:17:55,276 - INFO - ✅ ЭТАП 2 завершен: status_overhaul: 46 записей (версия 1)
2025-07-20 22:17:55,277 - INFO - 
📋 ЭТАП 3/11: program_ac_loader.py
2025-07-20 22:17:55,277 - INFO - 🚀 Запуск микросервиса: program_ac_loader.py
2025-07-20 22:17:55,277 - INFO - 📋 Описание: Program AC - связка программ и ВС
2025-07-20 22:17:56,665 - INFO - ✅ Микросервис program_ac_loader.py завершен успешно за 1.4с
2025-07-20 22:17:56,665 - INFO - 📊 Последние строки вывода:
2025-07-20 22:17:56,665 - INFO -    📊 program_ac: 189 записей
2025-07-20 22:17:56,665 - INFO -    📈 Реестр вертолетов в эксплуатации загружен
2025-07-20 22:17:56,665 - INFO -    🔍 Проверки качества: ✅ ПРОЙДЕНЫ
2025-07-20 22:17:56,914 - INFO - ✅ ЭТАП 3 завершен: program_ac: 189 записей (версия 1)
2025-07-20 22:17:56,914 - INFO - 
📋 ЭТАП 4/11: dual_loader.py
2025-07-20 22:17:57,428 - INFO - 🚀 Запуск микросервиса: dual_loader.py
2025-07-20 22:17:57,428 - INFO - 📋 Описание: Status Components - основные данные + процессинг
2025-07-20 22:18:12,518 - INFO - ✅ Микросервис dual_loader.py завершен успешно за 15.1с
2025-07-20 22:18:12,518 - INFO - 📊 Последние строки вывода:
2025-07-20 22:18:12,518 - INFO -    ⚡ Улучшенная версионность с проверкой года
2025-07-20 22:18:12,518 - INFO -    🔍 Проверки качества: ✅ ПРОЙДЕНЫ
2025-07-20 22:18:12,518 - INFO -    ⏱️ ОБЩЕЕ ВРЕМЯ ВЫПОЛНЕНИЯ: 14.74с
2025-07-20 22:18:12,769 - INFO - ✅ ЭТАП 4 завершен: heli_pandas: 7,113 записей (версия 1)
2025-07-20 22:18:12,769 - INFO - 
📋 ЭТАП 5/11: enrich_heli_pandas.py
2025-07-20 22:18:12,926 - INFO - 🚀 Запуск микросервиса: enrich_heli_pandas.py
2025-07-20 22:18:12,926 - INFO - 📋 Описание: Обогащение ac_type_mask
2025-07-20 22:18:17,219 - INFO - ✅ Микросервис enrich_heli_pandas.py завершен успешно за 4.3с
2025-07-20 22:18:17,220 - INFO - 📊 Последние строки вывода:
2025-07-20 22:18:17,220 - INFO -    ✅ ac_type_mask заполнен для multihot операций
2025-07-20 22:18:17,220 - INFO -    💡 Встроенные ID поля НЕ изменялись (уже из Excel)
2025-07-20 22:18:17,220 - INFO -    🚀 Flame GPU integration готов!
2025-07-20 22:18:17,468 - INFO - ✅ ЭТАП 5 завершен: heli_pandas: 7,113 записей (версия 1)
2025-07-20 22:18:17,469 - INFO - 
📋 ЭТАП 6/11: dictionary_creator.py
2025-07-20 22:18:17,632 - INFO - 🚀 Запуск микросервиса: dictionary_creator.py
2025-07-20 22:18:17,632 - INFO - 📋 Описание: Все справочники (статусы, партномера, серийники, владельцы, типы ВС, номера ВС)
2025-07-20 22:18:39,977 - INFO - ✅ Микросервис dictionary_creator.py завершен успешно за 22.3с
2025-07-20 22:18:39,977 - INFO - 📊 Последние строки вывода:
2025-07-20 22:18:39,977 - INFO -    ✅ Подключение: 10.95.19.132:9000
2025-07-20 22:18:39,977 - INFO -    🔒 Пароль получен из environment variable: CLICKHOUSE_PASSWORD
2025-07-20 22:18:39,978 - INFO -    🎯 Успешно!
2025-07-20 22:18:40,221 - INFO - ✅ ЭТАП 6 завершен: dict_status_flat: 6 записей (без версионирования)
2025-07-20 22:18:40,221 - INFO - 
📋 ЭТАП 7/11: calculate_beyond_repair.py
2025-07-20 22:18:40,394 - INFO - 🚀 Запуск микросервиса: calculate_beyond_repair.py
2025-07-20 22:18:40,394 - INFO - 📋 Описание: Расчет Beyond Repair (br)
2025-07-20 22:18:43,136 - INFO - ✅ Микросервис calculate_beyond_repair.py завершен успешно за 2.7с
2025-07-20 22:18:43,136 - INFO - 📊 Последние строки вывода:
2025-07-20 22:18:43,136 - INFO -    ✅ Конфигурация загружена из: /home/budnik_an/cube_linux/cube/config/database_config.yaml
2025-07-20 22:18:43,136 - INFO -    ✅ Подключение: 10.95.19.132:9000
2025-07-20 22:18:43,136 - INFO -    🔒 Пароль получен из environment variable: CLICKHOUSE_PASSWORD
2025-07-20 22:18:43,387 - INFO - ✅ ЭТАП 7 завершен: md_components: 37 записей (версия 1)
2025-07-20 22:18:43,388 - INFO - 
📋 ЭТАП 8/11: md_components_enricher.py
2025-07-20 22:18:43,728 - INFO - 🚀 Запуск микросервиса: md_components_enricher.py
2025-07-20 22:18:43,728 - INFO - 📋 Описание: Обогащение MD Components
2025-07-20 22:18:45,030 - INFO - ✅ Микросервис md_components_enricher.py завершен успешно за 1.3с
2025-07-20 22:18:45,030 - INFO - 📊 Последние строки вывода:
2025-07-20 22:18:45,030 - INFO -    ✅ Поле partno_comp добавлено в md_components
2025-07-20 22:18:45,030 - INFO -    📚 Использованы реальные ID из dict_partno_flat
2025-07-20 22:18:45,030 - INFO -    🚀 Готово для разных тензоров в Flame GPU!
2025-07-20 22:18:45,279 - INFO - ✅ ЭТАП 8 завершен: md_components: 37 записей (версия 1)
2025-07-20 22:18:45,279 - INFO - 
📋 ЭТАП 9/11: program_fl_direct_loader.py
2025-07-20 22:18:45,451 - INFO - 🚀 Запуск микросервиса: program_fl_direct_loader.py
2025-07-20 22:18:45,451 - INFO - 📋 Описание: Flight Program FL Direct - прямой тензор программ полетов на 4000 дней
2025-07-20 22:18:54,851 - INFO - ✅ Микросервис program_fl_direct_loader.py завершен успешно за 9.4с
2025-07-20 22:18:54,851 - INFO - 📊 Последние строки вывода:
2025-07-20 22:18:54,851 - INFO -    🔒 Пароль получен из environment variable: CLICKHOUSE_PASSWORD
2025-07-20 22:18:54,851 - INFO -    🗓️ Версия данных (из параметров): 2025-07-04, version_id: 1
2025-07-20 22:18:54,851 - INFO -    ✅ Прямой загрузчик завершен успешно!
2025-07-20 22:18:55,099 - INFO - ✅ ЭТАП 9 завершен: flight_program_fl: 1,136,000 записей (версия 1)
2025-07-20 22:18:55,099 - INFO - 
📋 ЭТАП 10/11: program_ac_direct_loader.py
2025-07-20 22:18:55,431 - INFO - 🚀 Запуск микросервиса: program_ac_direct_loader.py
2025-07-20 22:18:55,431 - INFO - 📋 Описание: Flight Program AC Direct - прямой тензор операций ВС на 4000 дней с постпроцессингом
2025-07-20 22:19:01,652 - INFO - ✅ Микросервис program_ac_direct_loader.py завершен успешно за 6.2с
2025-07-20 22:19:01,653 - INFO - 📊 Последние строки вывода:
2025-07-20 22:19:01,653 - INFO -    🔒 Пароль получен из environment variable: CLICKHOUSE_PASSWORD
2025-07-20 22:19:01,653 - INFO -    🗓️ Версия данных (из параметров): 2025-07-04, version_id: 1
2025-07-20 22:19:01,653 - INFO -    ✅ Прямой загрузчик AC завершен успешно!
2025-07-20 22:19:01,898 - INFO - ✅ ЭТАП 10 завершен: flight_program_ac: 4,000 записей (версия 1)
2025-07-20 22:19:01,899 - INFO - 
📋 ЭТАП 11/11: digital_values_dictionary_creator.py
2025-07-20 22:19:02,569 - INFO - 🚀 Запуск микросервиса: digital_values_dictionary_creator.py
2025-07-20 22:19:02,569 - INFO - 📋 Описание: Digital Values Dictionary - аддитивный словарь всех полей для Flame GPU macroproperty
2025-07-20 22:19:04,358 - INFO - ✅ Микросервис digital_values_dictionary_creator.py завершен успешно за 1.8с
2025-07-20 22:19:04,358 - INFO - 📊 Последние строки вывода:
2025-07-20 22:19:04,358 - INFO -    ✅ Подключение: 10.95.19.132:9000
2025-07-20 22:19:04,358 - INFO -    🔒 Пароль получен из environment variable: CLICKHOUSE_PASSWORD
2025-07-20 22:19:04,358 - INFO -    ✅ Словарь цифровых значений создан успешно!
2025-07-20 22:19:04,923 - INFO - ✅ ЭТАП 11 завершен: dict_digital_values_flat: 70 записей (без версионирования)
2025-07-20 22:19:04,923 - INFO - 
📊 === ИТОГИ ПАЙПЛАЙНА ===
2025-07-20 22:19:04,923 - INFO - ✅ Успешно: 11/11 этапов
2025-07-20 22:19:04,923 - INFO - 🎯 Версия данных: 2025-07-04 (version_id=1)
2025-07-20 22:19:04,923 - INFO - 🔧 Режим: TEST
2025-07-20 22:19:04,923 - INFO - 
🔍 === ФИНАЛЬНАЯ ВАЛИДАЦИЯ ===
2025-07-20 22:19:05,254 - INFO - ✅ heli_pandas: 7,113 записей всего, 7,113 для версии 1
2025-07-20 22:19:05,596 - INFO - ✅ md_components: 37 записей всего, 37 для версии 1
2025-07-20 22:19:05,929 - INFO - ✅ status_overhaul: 46 записей всего, 46 для версии 1
2025-07-20 22:19:06,271 - INFO - ✅ program_ac: 189 записей всего, 189 для версии 1
2025-07-20 22:19:06,271 - INFO - 
🎉 СИСТЕМА ГОТОВА ДЛЯ FLAME GPU!
2025-07-20 22:19:06,271 - INFO - 📊 Общий объем данных: 7,385 записей
2025-07-20 22:19:06,271 - INFO - 🚀 Можно запускать Agent-Based моделирование
2025-07-20 22:19:06,271 - INFO - 
⏱️ Общее время выполнения: 74.4 секунд
2025-07-20 22:19:06,271 - INFO - 🎉 ETL ПАЙПЛАЙН ЗАВЕРШЕН УСПЕШНО!
2025-07-21 11:05:08,103 - INFO - ✅ ETL Master инициализирован
2025-07-21 11:05:10,798 - INFO - 🧪 Выбран ТЕСТОВЫЙ режим - полная перезагрузка
2025-07-21 11:05:10,799 - INFO - 🧪 === РЕЖИМ ТЕСТ: ПОЛНАЯ ОЧИСТКА ===
2025-07-21 11:05:10,816 - INFO - ✅ Удален Dictionary: status_dict_flat
2025-07-21 11:05:10,823 - INFO - ✅ Удален Dictionary: partno_dict_flat
2025-07-21 11:05:10,829 - INFO - ✅ Удален Dictionary: serialno_dict_flat
2025-07-21 11:05:10,835 - INFO - ✅ Удален Dictionary: owner_dict_flat
2025-07-21 11:05:10,842 - INFO - ✅ Удален Dictionary: ac_type_dict_flat
2025-07-21 11:05:10,848 - INFO - ✅ Удален Dictionary: aircraft_number_dict_flat
2025-07-21 11:05:10,853 - INFO - ✅ Удален Dictionary: digital_values_dict_flat
2025-07-21 11:05:10,858 - INFO - ✅ Удалена таблица: heli_pandas
2025-07-21 11:05:10,862 - INFO - ✅ Удалена таблица: heli_raw
2025-07-21 11:05:10,866 - INFO - ✅ Удалена таблица: md_components
2025-07-21 11:05:10,870 - INFO - ✅ Удалена таблица: status_overhaul
2025-07-21 11:05:10,874 - INFO - ✅ Удалена таблица: program_ac
2025-07-21 11:05:10,878 - INFO - ✅ Удалена таблица: flight_program_fl
2025-07-21 11:05:10,884 - INFO - ✅ Удалена таблица: flight_program_ac
2025-07-21 11:05:10,888 - INFO - ✅ Удалена таблица: dict_status_flat
2025-07-21 11:05:10,888 - INFO - 📅 Извлечение единой version_date из Status_Components.xlsx...
2025-07-21 11:05:12,360 - INFO - 📅 Дата создания Excel: 2025-07-04 09:44:38
2025-07-21 11:05:12,360 - INFO - 📅 Дата модификации Excel: 2025-07-18 09:06:43
2025-07-21 11:05:12,360 - INFO - 📋 Файл: Status_Components.xlsx
2025-07-21 11:05:12,360 - INFO - 📏 Размер: 14,860,351 байт
2025-07-21 11:05:12,360 - INFO - 🕐 Модификация ОС: 2025-07-18 14:06:43.405583
2025-07-21 11:05:12,360 - INFO - 🎯 Источник версии: Excel created
2025-07-21 11:05:12,360 - INFO - ✅ Единая version_date для всех загрузчиков: 2025-07-04
2025-07-21 11:05:12,360 - INFO - ✅ Тестовый режим подготовлен: удалено 15 таблиц
2025-07-21 11:05:12,360 - INFO - 🎯 Единая версия для всех загрузчиков: 2025-07-04 (version_id=1)
2025-07-21 11:05:12,360 - INFO - 🚀 === ЗАПУСК ETL ПАЙПЛАЙНА ===
2025-07-21 11:05:12,360 - INFO - 
📋 ЭТАП 1/11: md_components_loader.py
2025-07-21 11:05:12,360 - INFO - 🚀 Запуск микросервиса: md_components_loader.py
2025-07-21 11:05:12,360 - INFO - 📋 Описание: MD Components - мастер-данные компонентов
2025-07-21 11:05:12,877 - INFO - ✅ Микросервис md_components_loader.py завершен успешно за 0.5с
2025-07-21 11:05:12,877 - INFO - 📊 Последние строки вывода:
2025-07-21 11:05:12,877 - INFO -    📅 Версия данных: 2025-07-04 (version_id=1)
2025-07-21 11:05:12,877 - INFO -    📊 md_components: 37 записей
2025-07-21 11:05:12,877 - INFO -    🔍 Проверки качества: ✅ ПРОЙДЕНЫ
2025-07-21 11:05:12,888 - INFO - ✅ ЭТАП 1 завершен: md_components: 37 записей (версия 1)
2025-07-21 11:05:12,888 - INFO - 
📋 ЭТАП 2/11: status_overhaul_loader.py
2025-07-21 11:05:12,888 - INFO - 🚀 Запуск микросервиса: status_overhaul_loader.py
2025-07-21 11:05:12,888 - INFO - 📋 Описание: Status & Overhaul - статусы и капремонт
2025-07-21 11:05:13,280 - INFO - ✅ Микросервис status_overhaul_loader.py завершен успешно за 0.4с
2025-07-21 11:05:13,280 - INFO - 📊 Последние строки вывода:
2025-07-21 11:05:13,280 - INFO -    📊 status_overhaul: 46 записей
2025-07-21 11:05:13,280 - INFO -    📈 Статус капитального ремонта загружен
2025-07-21 11:05:13,280 - INFO -    🔍 Проверки качества: ✅ ПРОЙДЕНЫ
2025-07-21 11:05:13,291 - INFO - ✅ ЭТАП 2 завершен: status_overhaul: 46 записей (версия 1)
2025-07-21 11:05:13,291 - INFO - 
📋 ЭТАП 3/11: program_ac_loader.py
2025-07-21 11:05:13,291 - INFO - 🚀 Запуск микросервиса: program_ac_loader.py
2025-07-21 11:05:13,291 - INFO - 📋 Описание: Program AC - связка программ и ВС
2025-07-21 11:05:13,666 - INFO - ✅ Микросервис program_ac_loader.py завершен успешно за 0.4с
2025-07-21 11:05:13,666 - INFO - 📊 Последние строки вывода:
2025-07-21 11:05:13,666 - INFO -    📊 program_ac: 189 записей
2025-07-21 11:05:13,666 - INFO -    📈 Реестр вертолетов в эксплуатации загружен
2025-07-21 11:05:13,666 - INFO -    🔍 Проверки качества: ✅ ПРОЙДЕНЫ
2025-07-21 11:05:13,677 - INFO - ✅ ЭТАП 3 завершен: program_ac: 189 записей (версия 1)
2025-07-21 11:05:13,677 - INFO - 
📋 ЭТАП 4/11: dual_loader.py
2025-07-21 11:05:13,694 - INFO - 🚀 Запуск микросервиса: dual_loader.py
2025-07-21 11:05:13,694 - INFO - 📋 Описание: Status Components - основные данные + процессинг
2025-07-21 11:05:26,087 - INFO - ✅ Микросервис dual_loader.py завершен успешно за 12.4с
2025-07-21 11:05:26,087 - INFO - 📊 Последние строки вывода:
2025-07-21 11:05:26,088 - INFO -    ⚡ Улучшенная версионность с проверкой года
2025-07-21 11:05:26,088 - INFO -    🔍 Проверки качества: ✅ ПРОЙДЕНЫ
2025-07-21 11:05:26,088 - INFO -    ⏱️ ОБЩЕЕ ВРЕМЯ ВЫПОЛНЕНИЯ: 12.14с
2025-07-21 11:05:26,098 - INFO - ✅ ЭТАП 4 завершен: heli_pandas: 7,113 записей (версия 1)
2025-07-21 11:05:26,098 - INFO - 
📋 ЭТАП 5/11: enrich_heli_pandas.py
2025-07-21 11:05:26,104 - INFO - 🚀 Запуск микросервиса: enrich_heli_pandas.py
2025-07-21 11:05:26,104 - INFO - 📋 Описание: Обогащение ac_type_mask
2025-07-21 11:05:26,413 - INFO - ✅ Микросервис enrich_heli_pandas.py завершен успешно за 0.3с
2025-07-21 11:05:26,413 - INFO - 📊 Последние строки вывода:
2025-07-21 11:05:26,413 - INFO -    ✅ ac_type_mask заполнен для multihot операций
2025-07-21 11:05:26,413 - INFO -    💡 Встроенные ID поля НЕ изменялись (уже из Excel)
2025-07-21 11:05:26,413 - INFO -    🚀 Flame GPU integration готов!
2025-07-21 11:05:26,423 - INFO - ✅ ЭТАП 5 завершен: heli_pandas: 7,113 записей (версия 1)
2025-07-21 11:05:26,423 - INFO - 
📋 ЭТАП 6/11: dictionary_creator.py
2025-07-21 11:05:26,429 - INFO - 🚀 Запуск микросервиса: dictionary_creator.py
2025-07-21 11:05:26,430 - INFO - 📋 Описание: Все справочники (статусы, партномера, серийники, владельцы, типы ВС, номера ВС)
2025-07-21 11:05:28,315 - INFO - ✅ Микросервис dictionary_creator.py завершен успешно за 1.9с
2025-07-21 11:05:28,315 - INFO - 📊 Последние строки вывода:
2025-07-21 11:05:28,315 - INFO -    ✅ Подключение: 10.95.19.132:9000
2025-07-21 11:05:28,315 - INFO -    🔒 Пароль получен из environment variable: CLICKHOUSE_PASSWORD
2025-07-21 11:05:28,315 - INFO -    🎯 Успешно!
2025-07-21 11:05:28,324 - INFO - ✅ ЭТАП 6 завершен: dict_status_flat: 6 записей (без версионирования)
2025-07-21 11:05:28,324 - INFO - 
📋 ЭТАП 7/11: calculate_beyond_repair.py
2025-07-21 11:05:28,330 - INFO - 🚀 Запуск микросервиса: calculate_beyond_repair.py
2025-07-21 11:05:28,330 - INFO - 📋 Описание: Расчет Beyond Repair (br)
2025-07-21 11:05:28,612 - INFO - ✅ Микросервис calculate_beyond_repair.py завершен успешно за 0.3с
2025-07-21 11:05:28,612 - INFO - 📊 Последние строки вывода:
2025-07-21 11:05:28,612 - INFO -    ✅ Конфигурация загружена из: /home/budnik_an/cube linux/cube/config/database_config.yaml
2025-07-21 11:05:28,612 - INFO -    ✅ Подключение: 10.95.19.132:9000
2025-07-21 11:05:28,612 - INFO -    🔒 Пароль получен из environment variable: CLICKHOUSE_PASSWORD
2025-07-21 11:05:28,623 - INFO - ✅ ЭТАП 7 завершен: md_components: 37 записей (версия 1)
2025-07-21 11:05:28,623 - INFO - 
📋 ЭТАП 8/11: md_components_enricher.py
2025-07-21 11:05:28,633 - INFO - 🚀 Запуск микросервиса: md_components_enricher.py
2025-07-21 11:05:28,634 - INFO - 📋 Описание: Обогащение MD Components
2025-07-21 11:05:28,943 - INFO - ✅ Микросервис md_components_enricher.py завершен успешно за 0.3с
2025-07-21 11:05:28,943 - INFO - 📊 Последние строки вывода:
2025-07-21 11:05:28,943 - INFO -    ✅ Поле partno_comp добавлено в md_components
2025-07-21 11:05:28,943 - INFO -    📚 Использованы реальные ID из dict_partno_flat
2025-07-21 11:05:28,943 - INFO -    🚀 Готово для разных тензоров в Flame GPU!
2025-07-21 11:05:28,957 - INFO - ✅ ЭТАП 8 завершен: md_components: 37 записей (версия 1)
2025-07-21 11:05:28,957 - INFO - 
📋 ЭТАП 9/11: program_fl_direct_loader.py
2025-07-21 11:05:28,962 - INFO - 🚀 Запуск микросервиса: program_fl_direct_loader.py
2025-07-21 11:05:28,962 - INFO - 📋 Описание: Flight Program FL Direct - прямой тензор программ полетов на 4000 дней
2025-07-21 11:05:33,779 - INFO - ✅ Микросервис program_fl_direct_loader.py завершен успешно за 4.8с
2025-07-21 11:05:33,779 - INFO - 📊 Последние строки вывода:
2025-07-21 11:05:33,779 - INFO -    🔒 Пароль получен из environment variable: CLICKHOUSE_PASSWORD
2025-07-21 11:05:33,779 - INFO -    🗓️ Версия данных (из параметров): 2025-07-04, version_id: 1
2025-07-21 11:05:33,779 - INFO -    ✅ Прямой загрузчик завершен успешно!
2025-07-21 11:05:33,792 - INFO - ✅ ЭТАП 9 завершен: flight_program_fl: 1,136,000 записей (версия 1)
2025-07-21 11:05:33,792 - INFO - 
📋 ЭТАП 10/11: program_ac_direct_loader.py
2025-07-21 11:05:33,804 - INFO - 🚀 Запуск микросервиса: program_ac_direct_loader.py
2025-07-21 11:05:33,804 - INFO - 📋 Описание: Flight Program AC Direct - прямой тензор операций ВС на 4000 дней с постпроцессингом
2025-07-21 11:05:34,273 - INFO - ✅ Микросервис program_ac_direct_loader.py завершен успешно за 0.5с
2025-07-21 11:05:34,273 - INFO - 📊 Последние строки вывода:
2025-07-21 11:05:34,273 - INFO -    🔒 Пароль получен из environment variable: CLICKHOUSE_PASSWORD
2025-07-21 11:05:34,273 - INFO -    🗓️ Версия данных (из параметров): 2025-07-04, version_id: 1
2025-07-21 11:05:34,273 - INFO -    ✅ Прямой загрузчик AC завершен успешно!
2025-07-21 11:05:34,286 - INFO - ✅ ЭТАП 10 завершен: flight_program_ac: 4,000 записей (версия 1)
2025-07-21 11:05:34,286 - INFO - 
📋 ЭТАП 11/11: digital_values_dictionary_creator.py
2025-07-21 11:05:34,309 - INFO - 🚀 Запуск микросервиса: digital_values_dictionary_creator.py
2025-07-21 11:05:34,309 - INFO - 📋 Описание: Digital Values Dictionary - аддитивный словарь всех полей для Flame GPU macroproperty
2025-07-21 11:05:34,457 - INFO - ✅ Микросервис digital_values_dictionary_creator.py завершен успешно за 0.1с
2025-07-21 11:05:34,457 - INFO - 📊 Последние строки вывода:
2025-07-21 11:05:34,457 - INFO -    ✅ Подключение: 10.95.19.132:9000
2025-07-21 11:05:34,457 - INFO -    🔒 Пароль получен из environment variable: CLICKHOUSE_PASSWORD
2025-07-21 11:05:34,458 - INFO -    ✅ Словарь цифровых значений создан успешно!
2025-07-21 11:05:34,468 - INFO - ✅ ЭТАП 11 завершен: dict_digital_values_flat: 70 записей (без версионирования)
2025-07-21 11:05:34,468 - INFO - 
📊 === ИТОГИ ПАЙПЛАЙНА ===
2025-07-21 11:05:34,468 - INFO - ✅ Успешно: 11/11 этапов
2025-07-21 11:05:34,468 - INFO - 🎯 Версия данных: 2025-07-04 (version_id=1)
2025-07-21 11:05:34,468 - INFO - 🔧 Режим: TEST
2025-07-21 11:05:34,468 - INFO - 
🔍 === ФИНАЛЬНАЯ ВАЛИДАЦИЯ ===
2025-07-21 11:05:34,482 - INFO - ✅ heli_pandas: 7,113 записей всего, 7,113 для версии 1
2025-07-21 11:05:34,496 - INFO - ✅ md_components: 37 записей всего, 37 для версии 1
2025-07-21 11:05:34,510 - INFO - ✅ status_overhaul: 46 записей всего, 46 для версии 1
2025-07-21 11:05:34,524 - INFO - ✅ program_ac: 189 записей всего, 189 для версии 1
2025-07-21 11:05:34,524 - INFO - 
🎉 СИСТЕМА ГОТОВА ДЛЯ FLAME GPU!
2025-07-21 11:05:34,524 - INFO - 📊 Общий объем данных: 7,385 записей
2025-07-21 11:05:34,524 - INFO - 🚀 Можно запускать Agent-Based моделирование
2025-07-21 11:05:34,524 - INFO - 
⏱️ Общее время выполнения: 22.2 секунд
2025-07-21 11:05:34,524 - INFO - 🎉 ETL ПАЙПЛАЙН ЗАВЕРШЕН УСПЕШНО!
