2025-07-04 10:22:14,063 - INFO - 📝 Логирование настроено: logs/etl_pipeline_20250704_102214.log
2025-07-04 10:22:14,063 - INFO - ETL Pipeline запущен
2025-07-04 10:22:14,063 - INFO - Начало зачистки базы данных
2025-07-04 10:22:14,122 - INFO - Подключение к ClickHouse успешно
2025-07-04 10:22:14,125 - INFO - Удалена таблица: md_components
2025-07-04 10:22:14,127 - INFO - Удалена таблица: program_ac
2025-07-04 10:22:14,130 - INFO - Удалена таблица: status_overhaul
2025-07-04 10:22:14,132 - INFO - Удалена таблица: heli_raw
2025-07-04 10:22:14,134 - INFO - Удалена таблица: heli_pandas
2025-07-04 10:22:14,135 - INFO - Удалена таблица: flight_program
2025-07-04 10:22:14,135 - INFO - Проверка результата зачистки
2025-07-04 10:22:14,142 - INFO - 📊 Результат зачистки: 6/6 таблиц удалено
2025-07-04 10:22:14,142 - INFO - Зачистка базы данных завершена успешно
2025-07-04 10:22:14,142 - INFO - Начало выполнения ETL скриптов
2025-07-04 10:22:14,142 - INFO - Запуск скрипта: md_components_loader.py
2025-07-04 10:22:14,142 - INFO - Описание: Загрузка технических характеристик компонентов
2025-07-04 10:22:14,533 - INFO - Вывод md_components_loader.py сохранен в logs/script_outputs/md_components_loader.py_20250704_102214.log
2025-07-04 10:22:14,533 - INFO - md_components_loader.py выполнен успешно за 0.391 сек
2025-07-04 10:22:14,533 - INFO - Проверка состояния после md_components_loader.py
2025-07-04 10:22:14,537 - INFO - md_components: 37 записей
2025-07-04 10:22:14,550 - INFO - Запуск скрипта: program_ac_loader.py
2025-07-04 10:22:14,550 - INFO - Описание: Загрузка реестра вертолетов в эксплуатации
2025-07-04 10:22:14,981 - INFO - Вывод program_ac_loader.py сохранен в logs/script_outputs/program_ac_loader.py_20250704_102214.log
2025-07-04 10:22:14,981 - INFO - program_ac_loader.py выполнен успешно за 0.430 сек
2025-07-04 10:22:14,981 - INFO - Проверка состояния после program_ac_loader.py
2025-07-04 10:22:14,986 - INFO - md_components: 37 записей
2025-07-04 10:22:14,989 - INFO - program_ac: 178 записей
2025-07-04 10:22:14,998 - INFO - Запуск скрипта: status_overhaul_loader.py
2025-07-04 10:22:14,998 - INFO - Описание: Загрузка статуса капитального ремонта
2025-07-04 10:22:15,377 - INFO - Вывод status_overhaul_loader.py сохранен в logs/script_outputs/status_overhaul_loader.py_20250704_102215.log
2025-07-04 10:22:15,377 - INFO - status_overhaul_loader.py выполнен успешно за 0.378 сек
2025-07-04 10:22:15,377 - INFO - Проверка состояния после status_overhaul_loader.py
2025-07-04 10:22:15,382 - INFO - md_components: 37 записей
2025-07-04 10:22:15,385 - INFO - program_ac: 178 записей
2025-07-04 10:22:15,388 - INFO - status_overhaul: 19 записей
2025-07-04 10:22:15,396 - INFO - Запуск скрипта: dual_loader.py
2025-07-04 10:22:15,396 - INFO - Описание: Основной загрузчик компонентов (heli_raw + heli_pandas)
2025-07-04 10:22:25,015 - INFO - Вывод dual_loader.py сохранен в logs/script_outputs/dual_loader.py_20250704_102225.log
2025-07-04 10:22:25,016 - INFO - dual_loader.py выполнен успешно за 9.619 сек
2025-07-04 10:22:25,016 - INFO - Проверка состояния после dual_loader.py
2025-07-04 10:22:25,021 - INFO - md_components: 37 записей
2025-07-04 10:22:25,024 - INFO - program_ac: 178 записей
2025-07-04 10:22:25,028 - INFO - status_overhaul: 19 записей
2025-07-04 10:22:25,032 - INFO - heli_raw: 109053 записей
2025-07-04 10:22:25,035 - INFO - heli_pandas: 6670 записей
2025-07-04 10:22:25,038 - INFO - Запуск скрипта: program_loader.py
2025-07-04 10:22:25,038 - INFO - Описание: Загрузка программы полетов
2025-07-04 10:22:25,432 - INFO - Вывод program_loader.py сохранен в logs/script_outputs/program_loader.py_20250704_102225.log
2025-07-04 10:22:25,432 - INFO - program_loader.py выполнен успешно за 0.394 сек
2025-07-04 10:22:25,432 - INFO - Проверка состояния после program_loader.py
2025-07-04 10:22:25,437 - INFO - md_components: 37 записей
2025-07-04 10:22:25,441 - INFO - program_ac: 178 записей
2025-07-04 10:22:25,445 - INFO - status_overhaul: 19 записей
2025-07-04 10:22:25,448 - INFO - heli_raw: 109053 записей
2025-07-04 10:22:25,452 - INFO - heli_pandas: 6670 записей
2025-07-04 10:22:25,455 - INFO - flight_program: 96 записей
2025-07-04 10:22:25,455 - INFO - Запуск скрипта: dictionary_creator.py
2025-07-04 10:22:25,455 - INFO - Описание: Создание словарей для GPU оптимизации
2025-07-04 10:22:25,863 - INFO - Вывод dictionary_creator.py сохранен в logs/script_outputs/dictionary_creator.py_20250704_102225.log
2025-07-04 10:22:25,863 - INFO - dictionary_creator.py выполнен успешно за 0.407 сек
2025-07-04 10:22:25,863 - INFO - Проверка состояния после dictionary_creator.py
2025-07-04 10:22:25,867 - INFO - md_components: 37 записей
2025-07-04 10:22:25,872 - INFO - program_ac: 178 записей
2025-07-04 10:22:25,875 - INFO - status_overhaul: 19 записей
2025-07-04 10:22:25,879 - INFO - heli_raw: 109053 записей
2025-07-04 10:22:25,883 - INFO - heli_pandas: 6670 записей
2025-07-04 10:22:25,886 - INFO - flight_program: 96 записей
2025-07-04 10:22:25,886 - INFO - Запуск скрипта: process_location_field.py
2025-07-04 10:22:25,886 - INFO - Описание: Обработка номеров вертолетов из location
2025-07-04 10:22:26,299 - INFO - Вывод process_location_field.py сохранен в logs/script_outputs/process_location_field.py_20250704_102226.log
2025-07-04 10:22:26,299 - INFO - process_location_field.py выполнен успешно за 0.413 сек
2025-07-04 10:22:26,299 - INFO - Проверка состояния после process_location_field.py
2025-07-04 10:22:26,304 - INFO - md_components: 37 записей
2025-07-04 10:22:26,307 - INFO - program_ac: 178 записей
2025-07-04 10:22:26,311 - INFO - status_overhaul: 19 записей
2025-07-04 10:22:26,314 - INFO - heli_raw: 109053 записей
2025-07-04 10:22:26,317 - INFO - heli_pandas: 6670 записей
2025-07-04 10:22:26,321 - INFO - flight_program: 96 записей
2025-07-04 10:22:26,321 - INFO - Запуск скрипта: enrich_heli_pandas.py
2025-07-04 10:22:26,321 - INFO - Описание: Обогащение числовыми полями для GPU
2025-07-04 10:22:27,466 - INFO - Вывод enrich_heli_pandas.py сохранен в logs/script_outputs/enrich_heli_pandas.py_20250704_102227.log
2025-07-04 10:22:27,466 - INFO - enrich_heli_pandas.py выполнен успешно за 1.145 сек
2025-07-04 10:22:27,466 - INFO - Проверка состояния после enrich_heli_pandas.py
2025-07-04 10:22:27,471 - INFO - md_components: 37 записей
2025-07-04 10:22:27,475 - INFO - program_ac: 178 записей
2025-07-04 10:22:27,479 - INFO - status_overhaul: 19 записей
2025-07-04 10:22:27,483 - INFO - heli_raw: 109053 записей
2025-07-04 10:22:27,487 - INFO - heli_pandas: 6670 записей
2025-07-04 10:22:27,492 - INFO - flight_program: 96 записей
2025-07-04 10:22:27,492 - INFO - Запуск скрипта: calculate_beyond_repair.py
2025-07-04 10:22:27,492 - INFO - Описание: Расчет экономических порогов списания
2025-07-04 10:22:27,910 - INFO - Вывод calculate_beyond_repair.py сохранен в logs/script_outputs/calculate_beyond_repair.py_20250704_102227.log
2025-07-04 10:22:27,910 - INFO - calculate_beyond_repair.py выполнен успешно за 0.418 сек
2025-07-04 10:22:27,911 - INFO - Проверка состояния после calculate_beyond_repair.py
2025-07-04 10:22:27,914 - INFO - md_components: 37 записей
2025-07-04 10:22:27,918 - INFO - program_ac: 178 записей
2025-07-04 10:22:27,922 - INFO - status_overhaul: 19 записей
2025-07-04 10:22:27,926 - INFO - heli_raw: 109053 записей
2025-07-04 10:22:27,929 - INFO - heli_pandas: 6670 записей
2025-07-04 10:22:27,933 - INFO - flight_program: 96 записей
2025-07-04 10:22:27,933 - INFO - Начало проверки качества данных
2025-07-04 10:22:27,937 - INFO - md_components: 37 записей
2025-07-04 10:22:27,941 - INFO - program_ac: 178 записей
2025-07-04 10:22:27,946 - INFO - status_overhaul: 19 записей
2025-07-04 10:22:27,949 - INFO - heli_raw: 109053 записей
2025-07-04 10:22:27,953 - INFO - heli_pandas: 6670 записей
2025-07-04 10:22:27,957 - INFO - flight_program: 96 записей
2025-07-04 10:22:27,961 - INFO - Словарь dict_partno_flat: 37 записей
2025-07-04 10:22:27,964 - INFO - Словарь dict_serialno_flat: 6649 записей
2025-07-04 10:22:27,968 - INFO - Словарь dict_ac_type_flat: 2 записей
2025-07-04 10:22:27,971 - INFO - Словарь dict_owner_flat: 8 записей
2025-07-04 10:22:27,979 - INFO - GPU готовность: partno_id=6670, serialno_id=4021, ac_type_mask=0, owner_id=0, aircraft_number=4026
2025-07-04 10:22:27,979 - INFO - Результат md_components_loader.py: SUCCESS за 0.391s
2025-07-04 10:22:27,979 - INFO - Результат program_ac_loader.py: SUCCESS за 0.430s
2025-07-04 10:22:27,979 - INFO - Результат status_overhaul_loader.py: SUCCESS за 0.378s
2025-07-04 10:22:27,980 - INFO - Результат dual_loader.py: SUCCESS за 9.619s
2025-07-04 10:22:27,980 - INFO - Результат program_loader.py: SUCCESS за 0.394s
2025-07-04 10:22:27,980 - INFO - Результат dictionary_creator.py: SUCCESS за 0.407s
2025-07-04 10:22:27,980 - INFO - Результат process_location_field.py: SUCCESS за 0.413s
2025-07-04 10:22:27,980 - INFO - Результат enrich_heli_pandas.py: SUCCESS за 1.145s
2025-07-04 10:22:27,980 - INFO - Результат calculate_beyond_repair.py: SUCCESS за 0.418s
2025-07-04 10:22:27,980 - INFO - Пайплайн выполнен успешно
2025-07-04 10:22:27,980 - INFO - Финальный результат пайплайна: УСПЕХ
