2025-07-04 17:13:19,945 - INFO - 📝 Логирование настроено: logs/etl_pipeline_20250704_171319.log
2025-07-04 17:13:19,945 - INFO - ETL Pipeline запущен
2025-07-04 17:13:19,945 - INFO - Начало зачистки базы данных
2025-07-04 17:13:20,026 - INFO - Подключение к ClickHouse успешно
2025-07-04 17:13:20,031 - INFO - Удалена таблица: md_components
2025-07-04 17:13:20,032 - INFO - Удалена таблица: program_ac
2025-07-04 17:13:20,034 - INFO - Удалена таблица: status_overhaul
2025-07-04 17:13:20,036 - INFO - Удалена таблица: heli_raw
2025-07-04 17:13:20,038 - INFO - Удалена таблица: heli_pandas
2025-07-04 17:13:20,039 - INFO - Удалена таблица: flight_program
2025-07-04 17:13:20,039 - INFO - Проверка результата зачистки
2025-07-04 17:13:20,048 - INFO - 📊 Результат зачистки: 6/6 таблиц удалено
2025-07-04 17:13:20,048 - INFO - Зачистка базы данных завершена успешно
2025-07-04 17:13:20,048 - INFO - Начало выполнения ETL скриптов
2025-07-04 17:13:20,048 - INFO - Запуск скрипта: md_components_loader.py
2025-07-04 17:13:20,048 - INFO - Описание: Загрузка технических характеристик компонентов
2025-07-04 17:13:20,659 - INFO - Вывод md_components_loader.py сохранен в logs/script_outputs/md_components_loader.py_20250704_171320.log
2025-07-04 17:13:20,659 - INFO - md_components_loader.py выполнен успешно за 0.610 сек
2025-07-04 17:13:20,659 - INFO - Проверка состояния после md_components_loader.py
2025-07-04 17:13:20,663 - INFO - md_components: 37 записей
2025-07-04 17:13:20,680 - INFO - Запуск скрипта: program_ac_loader.py
2025-07-04 17:13:20,680 - INFO - Описание: Загрузка реестра вертолетов в эксплуатации
2025-07-04 17:13:21,090 - INFO - Вывод program_ac_loader.py сохранен в logs/script_outputs/program_ac_loader.py_20250704_171321.log
2025-07-04 17:13:21,091 - INFO - program_ac_loader.py выполнен успешно за 0.410 сек
2025-07-04 17:13:21,091 - INFO - Проверка состояния после program_ac_loader.py
2025-07-04 17:13:21,095 - INFO - md_components: 37 записей
2025-07-04 17:13:21,099 - INFO - program_ac: 189 записей
2025-07-04 17:13:21,109 - INFO - Запуск скрипта: status_overhaul_loader.py
2025-07-04 17:13:21,109 - INFO - Описание: Загрузка статуса капитального ремонта
2025-07-04 17:13:21,487 - INFO - Вывод status_overhaul_loader.py сохранен в logs/script_outputs/status_overhaul_loader.py_20250704_171321.log
2025-07-04 17:13:21,487 - INFO - status_overhaul_loader.py выполнен успешно за 0.378 сек
2025-07-04 17:13:21,487 - INFO - Проверка состояния после status_overhaul_loader.py
2025-07-04 17:13:21,492 - INFO - md_components: 37 записей
2025-07-04 17:13:21,495 - INFO - program_ac: 189 записей
2025-07-04 17:13:21,506 - INFO - Запуск скрипта: dual_loader.py
2025-07-04 17:13:21,506 - INFO - Описание: Основной загрузчик компонентов (heli_raw + heli_pandas)
2025-07-04 17:13:37,962 - INFO - Вывод dual_loader.py сохранен в logs/script_outputs/dual_loader.py_20250704_171337.log
2025-07-04 17:13:37,962 - INFO - dual_loader.py выполнен успешно за 16.455 сек
2025-07-04 17:13:37,962 - INFO - Проверка состояния после dual_loader.py
2025-07-04 17:13:37,967 - INFO - md_components: 37 записей
2025-07-04 17:13:37,970 - INFO - program_ac: 189 записей
2025-07-04 17:13:37,978 - INFO - heli_raw: 166637 записей
2025-07-04 17:13:37,982 - INFO - heli_pandas: 7155 записей
2025-07-04 17:13:37,984 - INFO - Запуск скрипта: program_loader.py
2025-07-04 17:13:37,984 - INFO - Описание: Загрузка программы полетов
2025-07-04 17:13:38,389 - INFO - Вывод program_loader.py сохранен в logs/script_outputs/program_loader.py_20250704_171338.log
2025-07-04 17:13:38,389 - INFO - program_loader.py выполнен успешно за 0.404 сек
2025-07-04 17:13:38,389 - INFO - Проверка состояния после program_loader.py
2025-07-04 17:13:38,394 - INFO - md_components: 37 записей
2025-07-04 17:13:38,398 - INFO - program_ac: 189 записей
2025-07-04 17:13:38,406 - INFO - heli_raw: 166637 записей
2025-07-04 17:13:38,410 - INFO - heli_pandas: 7155 записей
2025-07-04 17:13:38,414 - INFO - flight_program: 96 записей
2025-07-04 17:13:38,414 - INFO - Запуск скрипта: dictionary_creator.py
2025-07-04 17:13:38,415 - INFO - Описание: Создание словарей для GPU оптимизации
2025-07-04 17:13:38,851 - INFO - Вывод dictionary_creator.py сохранен в logs/script_outputs/dictionary_creator.py_20250704_171338.log
2025-07-04 17:13:38,851 - INFO - dictionary_creator.py выполнен успешно за 0.436 сек
2025-07-04 17:13:38,851 - INFO - Проверка состояния после dictionary_creator.py
2025-07-04 17:13:38,855 - INFO - md_components: 37 записей
2025-07-04 17:13:38,858 - INFO - program_ac: 189 записей
2025-07-04 17:13:38,866 - INFO - heli_raw: 166637 записей
2025-07-04 17:13:38,869 - INFO - heli_pandas: 7155 записей
2025-07-04 17:13:38,874 - INFO - flight_program: 96 записей
2025-07-04 17:13:38,874 - INFO - Запуск скрипта: process_location_field.py
2025-07-04 17:13:38,874 - INFO - Описание: Обработка номеров вертолетов из location
2025-07-04 17:13:39,325 - INFO - Вывод process_location_field.py сохранен в logs/script_outputs/process_location_field.py_20250704_171339.log
2025-07-04 17:13:39,325 - INFO - process_location_field.py выполнен успешно за 0.451 сек
2025-07-04 17:13:39,325 - INFO - Проверка состояния после process_location_field.py
2025-07-04 17:13:39,330 - INFO - md_components: 37 записей
2025-07-04 17:13:39,334 - INFO - program_ac: 189 записей
2025-07-04 17:13:39,341 - INFO - heli_raw: 166637 записей
2025-07-04 17:13:39,345 - INFO - heli_pandas: 7155 записей
2025-07-04 17:13:39,349 - INFO - flight_program: 96 записей
2025-07-04 17:13:39,349 - INFO - Запуск скрипта: enrich_heli_pandas.py
2025-07-04 17:13:39,349 - INFO - Описание: Обогащение числовыми полями для GPU
2025-07-04 17:13:40,587 - INFO - Вывод enrich_heli_pandas.py сохранен в logs/script_outputs/enrich_heli_pandas.py_20250704_171340.log
2025-07-04 17:13:40,587 - INFO - enrich_heli_pandas.py выполнен успешно за 1.238 сек
2025-07-04 17:13:40,587 - INFO - Проверка состояния после enrich_heli_pandas.py
2025-07-04 17:13:40,593 - INFO - md_components: 37 записей
2025-07-04 17:13:40,596 - INFO - program_ac: 189 записей
2025-07-04 17:13:40,605 - INFO - heli_raw: 166637 записей
2025-07-04 17:13:40,609 - INFO - heli_pandas: 7155 записей
2025-07-04 17:13:40,613 - INFO - flight_program: 96 записей
2025-07-04 17:13:40,613 - INFO - Запуск скрипта: calculate_beyond_repair.py
2025-07-04 17:13:40,613 - INFO - Описание: Расчет экономических порогов списания
2025-07-04 17:13:41,047 - INFO - Вывод calculate_beyond_repair.py сохранен в logs/script_outputs/calculate_beyond_repair.py_20250704_171341.log
2025-07-04 17:13:41,047 - INFO - calculate_beyond_repair.py выполнен успешно за 0.434 сек
2025-07-04 17:13:41,047 - INFO - Проверка состояния после calculate_beyond_repair.py
2025-07-04 17:13:41,051 - INFO - md_components: 37 записей
2025-07-04 17:13:41,055 - INFO - program_ac: 189 записей
2025-07-04 17:13:41,062 - INFO - heli_raw: 166637 записей
2025-07-04 17:13:41,065 - INFO - heli_pandas: 7155 записей
2025-07-04 17:13:41,069 - INFO - flight_program: 96 записей
2025-07-04 17:13:41,069 - INFO - Начало проверки качества данных
2025-07-04 17:13:41,073 - INFO - md_components: 37 записей
2025-07-04 17:13:41,077 - INFO - program_ac: 189 записей
2025-07-04 17:13:41,080 - INFO - status_overhaul: 0 записей
2025-07-04 17:13:41,084 - INFO - heli_raw: 166637 записей
2025-07-04 17:13:41,088 - INFO - heli_pandas: 7155 записей
2025-07-04 17:13:41,091 - INFO - flight_program: 96 записей
2025-07-04 17:13:41,095 - INFO - Словарь dict_partno_flat: 37 записей
2025-07-04 17:13:41,098 - INFO - Словарь dict_serialno_flat: 7101 записей
2025-07-04 17:13:41,101 - INFO - Словарь dict_ac_type_flat: 2 записей
2025-07-04 17:13:41,104 - INFO - Словарь dict_owner_flat: 8 записей
2025-07-04 17:13:41,138 - INFO - GPU готовность: partno_id=7155, serialno_id=4054, ac_type_mask=0, owner_id=0, aircraft_number=4055
2025-07-04 17:13:41,138 - INFO - Результат md_components_loader.py: SUCCESS за 0.610s
2025-07-04 17:13:41,138 - INFO - Результат program_ac_loader.py: SUCCESS за 0.410s
2025-07-04 17:13:41,138 - INFO - Результат status_overhaul_loader.py: SUCCESS за 0.378s
2025-07-04 17:13:41,138 - INFO - Результат dual_loader.py: SUCCESS за 16.455s
2025-07-04 17:13:41,138 - INFO - Результат program_loader.py: SUCCESS за 0.404s
2025-07-04 17:13:41,138 - INFO - Результат dictionary_creator.py: SUCCESS за 0.436s
2025-07-04 17:13:41,139 - INFO - Результат process_location_field.py: SUCCESS за 0.451s
2025-07-04 17:13:41,139 - INFO - Результат enrich_heli_pandas.py: SUCCESS за 1.238s
2025-07-04 17:13:41,139 - INFO - Результат calculate_beyond_repair.py: SUCCESS за 0.434s
2025-07-04 17:13:41,139 - INFO - Пайплайн выполнен успешно
2025-07-04 17:13:41,139 - INFO - Финальный результат пайплайна: УСПЕХ
