2024-12-01 13:28:26,145 - INFO - Начальная дата в OlapCube_VNV: 2024-11-25
2024-12-01 13:28:26,147 - INFO - target_date: 2024-11-26
2024-12-01 13:28:26,148 - INFO - Используемые значения: mi8t_count = 10, mi17_count = 5
2024-12-01 13:28:26,176 - INFO - balance_mi8t: 63 (exploitation_count: 73 - mi8t_count: 10)
2024-12-01 13:28:26,198 - INFO - balance_mi17: 78 (exploitation_count: 83 - mi17_count: 5)
2024-12-01 13:28:26,199 - INFO - balance_total: 141 (balance_mi8t: 63 + balance_mi17: 78)
2024-12-01 13:28:26,215 - INFO - stock_mi8t: 8
2024-12-01 13:28:26,232 - INFO - stock_mi17: 11
2024-12-01 13:28:26,233 - INFO - stock_total: 19 (stock_mi8t: 8 + stock_mi17: 11)
2024-12-01 13:28:26,240 - INFO - Баланс и запасы обновлены для даты 2024-11-26.
2024-12-01 13:35:52,055 - INFO - Initial date in OlapCube_VNV: 2024-11-25
2024-12-01 13:35:52,057 - INFO - Target date: 2024-11-26
2024-12-01 13:35:52,089 - INFO - balance_mi8t: -13.0 (balance_mi8t_count: 73 - mi8t_count: 86.0)
2024-12-01 13:35:52,115 - INFO - balance_mi17: 13.0 (balance_mi17_count: 83 - mi17_count: 70.0)
2024-12-01 13:35:52,117 - INFO - balance_total: 0.0 (balance_mi8t: -13.0 + balance_mi17: 13.0)
2024-12-01 13:35:52,134 - INFO - stock_mi8t: 8
2024-12-01 13:35:52,151 - INFO - stock_mi17: 11
2024-12-01 13:35:52,152 - INFO - stock_total: 19 (stock_mi8t: 8 + stock_mi17: 11)
2024-12-01 13:35:52,159 - INFO - Баланс и запасы успешно обновлены для даты 2024-11-26.
2024-12-01 13:42:20,231 - INFO - Initial date in OlapCube_VNV: 2024-11-25
2024-12-01 13:42:20,232 - INFO - Target date: 2024-11-26
2024-12-01 13:42:20,262 - INFO - balance_mi8t_count: 73
2024-12-01 13:42:20,272 - INFO - balance_mi8t: -13.0 (balance_mi8t_count: 73 - mi8t_count: 86.0)
2024-12-01 13:42:20,298 - INFO - balance_mi17_count: 83
2024-12-01 13:42:20,307 - INFO - balance_mi17: 13.0 (balance_mi17_count: 83 - mi17_count: 70.0)
2024-12-01 13:42:20,309 - INFO - balance_total: 0.0 (balance_mi8t: -13.0 + balance_mi17: 13.0)
2024-12-01 13:42:20,330 - INFO - stock_mi8t: 8
2024-12-01 13:42:20,346 - INFO - stock_mi17: 11
2024-12-01 13:42:20,362 - INFO - stock_empty: 1
2024-12-01 13:42:20,363 - INFO - stock_total: 20 (stock_mi8t: 8 + stock_mi17: 11 + stock_empty: 1)
2024-12-01 13:42:20,370 - INFO - Баланс и запасы успешно обновлены для даты 2024-11-26.
2024-12-01 19:09:02,370 - INFO - Initial date in OlapCube_VNV: 2024-11-25
2024-12-01 19:09:02,372 - INFO - Target date: 2024-11-26
2024-12-01 19:09:02,402 - INFO - balance_mi8t_count: 0
2024-12-01 19:09:02,410 - INFO - balance_mi8t: -86.0 (balance_mi8t_count: 0 - mi8t_count: 86.0)
2024-12-01 19:09:02,435 - INFO - balance_mi17_count: 0
2024-12-01 19:09:02,444 - INFO - balance_mi17: -70.0 (balance_mi17_count: 0 - mi17_count: 70.0)
2024-12-01 19:09:02,444 - INFO - balance_total: -156.0 (balance_mi8t: -86.0 + balance_mi17: -70.0)
2024-12-01 19:09:02,465 - INFO - stock_mi8t: 3
2024-12-01 19:09:02,482 - INFO - stock_mi17: 2
2024-12-01 19:09:02,500 - INFO - stock_empty: 0
2024-12-01 19:09:02,501 - INFO - stock_total: 5 (stock_mi8t: 3 + stock_mi17: 2 + stock_empty: 0)
2024-12-01 19:09:02,508 - INFO - Баланс и запасы успешно обновлены для даты 2024-11-26.
2024-12-02 04:30:59,785 - INFO - Initial date in OlapCube_VNV: 2024-11-25
2024-12-02 04:30:59,787 - INFO - Target date: 2024-11-26
2024-12-02 04:30:59,819 - INFO - balance_mi8t_count: 0
2024-12-02 04:30:59,826 - INFO - balance_mi8t: -86.0 (balance_mi8t_count: 0 - mi8t_count: 86.0)
2024-12-02 04:30:59,860 - INFO - balance_mi17_count: 0
2024-12-02 04:30:59,870 - INFO - balance_mi17: -70.0 (balance_mi17_count: 0 - mi17_count: 70.0)
2024-12-02 04:30:59,871 - INFO - balance_total: -156.0 (balance_mi8t: -86.0 + balance_mi17: -70.0)
2024-12-02 04:30:59,897 - INFO - stock_mi8t: 3
2024-12-02 04:30:59,921 - INFO - stock_mi17: 2
2024-12-02 04:30:59,944 - INFO - stock_empty: 0
2024-12-02 04:30:59,945 - INFO - stock_total: 5 (stock_mi8t: 3 + stock_mi17: 2 + stock_empty: 0)
2024-12-02 04:30:59,952 - INFO - Баланс и запасы успешно обновлены для даты 2024-11-26.
2024-12-02 04:33:08,953 - INFO - Initial date in OlapCube_VNV: 2024-11-25
2024-12-02 04:33:08,955 - INFO - Target date: 2024-11-26
2024-12-02 04:33:08,988 - INFO - balance_mi8t_count: 0
2024-12-02 04:33:08,996 - INFO - balance_mi8t: -86.0 (balance_mi8t_count: 0 - mi8t_count: 86.0)
2024-12-02 04:33:09,025 - INFO - balance_mi17_count: 0
2024-12-02 04:33:09,033 - INFO - balance_mi17: -70.0 (balance_mi17_count: 0 - mi17_count: 70.0)
2024-12-02 04:33:09,034 - INFO - balance_total: -156.0 (balance_mi8t: -86.0 + balance_mi17: -70.0)
2024-12-02 04:33:09,051 - INFO - stock_mi8t: 3
2024-12-02 04:33:09,068 - INFO - stock_mi17: 2
2024-12-02 04:33:09,086 - INFO - stock_empty: 0
2024-12-02 04:33:09,087 - INFO - stock_total: 5 (stock_mi8t: 3 + stock_mi17: 2 + stock_empty: 0)
2024-12-02 04:33:09,093 - INFO - Баланс и запасы успешно обновлены для даты 2024-11-26.
2024-12-02 09:34:26,249 - INFO - Initial date in OlapCube_VNV: 2024-11-25
2024-12-02 09:34:26,250 - INFO - Target date: 2024-11-26
2024-12-02 09:34:26,282 - INFO - balance_mi8t_count: 73
2024-12-02 09:34:26,291 - INFO - balance_mi8t: -13.0 (balance_mi8t_count: 73 - mi8t_count: 86.0)
2024-12-02 09:34:26,316 - INFO - balance_mi17_count: 83
2024-12-02 09:34:26,324 - INFO - balance_mi17: 13.0 (balance_mi17_count: 83 - mi17_count: 70.0)
2024-12-02 09:34:26,325 - INFO - balance_total: 0.0 (balance_mi8t: -13.0 + balance_mi17: 13.0)
2024-12-02 09:34:26,344 - INFO - stock_mi8t: 8
2024-12-02 09:34:26,362 - INFO - stock_mi17: 11
2024-12-02 09:34:26,379 - INFO - stock_empty: 1
2024-12-02 09:34:26,380 - INFO - stock_total: 20 (stock_mi8t: 8 + stock_mi17: 11 + stock_empty: 1)
2024-12-02 09:34:26,387 - INFO - Баланс и запасы успешно обновлены для даты 2024-11-26.
2024-12-02 11:05:26,711 - INFO - Initial date in OlapCube_VNV: 2024-11-25
2024-12-02 11:05:26,712 - INFO - Target date: 2024-11-26
2024-12-02 11:05:26,750 - INFO - balance_mi8t_count: 73
2024-12-02 11:05:26,764 - INFO - balance_mi8t: -13.0 (balance_mi8t_count: 73 - mi8t_count: 86.0)
2024-12-02 11:05:26,798 - INFO - balance_mi17_count: 83
2024-12-02 11:05:26,809 - INFO - balance_mi17: 13.0 (balance_mi17_count: 83 - mi17_count: 70.0)
2024-12-02 11:05:26,810 - INFO - balance_total: 0.0 (balance_mi8t: -13.0 + balance_mi17: 13.0)
2024-12-02 11:05:26,833 - INFO - stock_mi8t: 8
2024-12-02 11:05:26,857 - INFO - stock_mi17: 11
2024-12-02 11:05:26,882 - INFO - stock_empty: 1
2024-12-02 11:05:26,883 - INFO - stock_total: 20 (stock_mi8t: 8 + stock_mi17: 11 + stock_empty: 1)
2024-12-02 11:05:26,890 - INFO - Баланс и запасы успешно обновлены для даты 2024-11-26.
2024-12-03 18:00:17,346 - INFO - Initial date in OlapCube_VNV: 2024-11-25
2024-12-03 18:00:17,348 - INFO - Target date: 2024-11-26
2024-12-03 18:00:17,397 - INFO - balance_mi8t_count: 60
2024-12-03 18:00:17,407 - INFO - balance_mi8t: -26.0 (balance_mi8t_count: 60 - mi8t_count: 86.0)
2024-12-03 18:00:17,451 - INFO - balance_mi17_count: 70
2024-12-03 18:00:17,462 - INFO - balance_mi17: 0.0 (balance_mi17_count: 70 - mi17_count: 70.0)
2024-12-03 18:00:17,463 - INFO - balance_total: -26.0 (balance_mi8t: -26.0 + balance_mi17: 0.0)
2024-12-03 18:00:17,494 - INFO - stock_mi8t: 7
2024-12-03 18:00:17,516 - INFO - stock_mi17: 10
2024-12-03 18:00:17,542 - INFO - stock_empty: 1
2024-12-03 18:00:17,543 - INFO - stock_total: 18 (stock_mi8t: 7 + stock_mi17: 10 + stock_empty: 1)
2024-12-03 18:00:17,551 - INFO - Баланс и запасы успешно обновлены для даты 2024-11-26.
2024-12-03 18:11:32,615 - INFO - Initial date in OlapCube_VNV: 2024-11-25
2024-12-03 18:11:32,616 - INFO - Target date: 2024-11-26
2024-12-03 18:11:32,651 - INFO - balance_mi8t_count: 73
2024-12-03 18:11:32,660 - INFO - balance_mi8t: -13.0 (balance_mi8t_count: 73 - mi8t_count: 86.0)
2024-12-03 18:11:32,686 - INFO - balance_mi17_count: 83
2024-12-03 18:11:32,694 - INFO - balance_mi17: 13.0 (balance_mi17_count: 83 - mi17_count: 70.0)
2024-12-03 18:11:32,695 - INFO - balance_total: 0.0 (balance_mi8t: -13.0 + balance_mi17: 13.0)
2024-12-03 18:11:32,712 - INFO - stock_mi8t: 8
2024-12-03 18:11:32,729 - INFO - stock_mi17: 11
2024-12-03 18:11:32,747 - INFO - stock_empty: 1
2024-12-03 18:11:32,749 - INFO - stock_total: 20 (stock_mi8t: 8 + stock_mi17: 11 + stock_empty: 1)
2024-12-03 18:11:32,755 - INFO - Баланс и запасы успешно обновлены для даты 2024-11-26.
2024-12-03 18:11:51,227 - INFO - Initial date in OlapCube_VNV: 2024-11-25
2024-12-03 18:11:51,229 - INFO - Target date: 2024-11-26
2024-12-03 18:11:51,273 - INFO - balance_mi8t_count: 73
2024-12-03 18:11:51,285 - INFO - balance_mi8t: -13.0 (balance_mi8t_count: 73 - mi8t_count: 86.0)
2024-12-03 18:11:51,326 - INFO - balance_mi17_count: 83
2024-12-03 18:11:51,339 - INFO - balance_mi17: 13.0 (balance_mi17_count: 83 - mi17_count: 70.0)
2024-12-03 18:11:51,341 - INFO - balance_total: 0.0 (balance_mi8t: -13.0 + balance_mi17: 13.0)
2024-12-03 18:11:51,370 - INFO - stock_mi8t: 8
2024-12-03 18:11:51,405 - INFO - stock_mi17: 11
2024-12-03 18:11:51,432 - INFO - stock_empty: 1
2024-12-03 18:11:51,433 - INFO - stock_total: 20 (stock_mi8t: 8 + stock_mi17: 11 + stock_empty: 1)
2024-12-03 18:11:51,443 - INFO - Баланс и запасы успешно обновлены для даты 2024-11-26.
2024-12-04 06:06:20,452 - INFO - Initial date in OlapCube_VNV: 2024-11-25
2024-12-04 06:06:20,454 - INFO - Target date: 2024-11-26
2024-12-04 06:06:20,491 - INFO - balance_mi8t_count: 73
2024-12-04 06:06:20,502 - INFO - balance_mi8t: -13.0 (balance_mi8t_count: 73 - mi8t_count: 86.0)
2024-12-04 06:06:20,536 - INFO - balance_mi17_count: 83
2024-12-04 06:06:20,545 - INFO - balance_mi17: 13.0 (balance_mi17_count: 83 - mi17_count: 70.0)
2024-12-04 06:06:20,547 - INFO - balance_total: 0.0 (balance_mi8t: -13.0 + balance_mi17: 13.0)
2024-12-04 06:06:20,569 - INFO - stock_mi8t: 8
2024-12-04 06:06:20,594 - INFO - stock_mi17: 11
2024-12-04 06:06:20,617 - INFO - stock_empty: 1
2024-12-04 06:06:20,618 - INFO - stock_total: 20 (stock_mi8t: 8 + stock_mi17: 11 + stock_empty: 1)
2024-12-04 06:06:20,628 - INFO - Баланс и запасы успешно обновлены для даты 2024-11-26.
